=============================================
Dataset: cell_mit_batch1_raw_data
Mode:    slef_supervised
=============================================
Data loaded ...
Training started ....

Epoch : 1
Train MSE Loss     : 0.191583	 | 	Train Accuracy     : 0.191583
Valid MSE Loss     : 0.064106	 | 	Valid Accuracy     : 0.064106
Valid MAPE Loss    : 26.209785	 | 	Valid Accuracy     : 0.064106
lr                 : [0.0003]


Epoch : 2
Train MSE Loss     : 0.002943	 | 	Train Accuracy     : 0.002943
Valid MSE Loss     : 0.017820	 | 	Valid Accuracy     : 0.017820
Valid MAPE Loss    : 13.468926	 | 	Valid Accuracy     : 0.017820
lr                 : [0.0003]


Epoch : 3
Train MSE Loss     : 0.001552	 | 	Train Accuracy     : 0.001552
Valid MSE Loss     : 0.005285	 | 	Valid Accuracy     : 0.005285
Valid MAPE Loss    : 6.935316	 | 	Valid Accuracy     : 0.005285
lr                 : [0.0003]


Epoch : 4
Train MSE Loss     : 0.001593	 | 	Train Accuracy     : 0.001593
Valid MSE Loss     : 0.002936	 | 	Valid Accuracy     : 0.002936
Valid MAPE Loss    : 4.960586	 | 	Valid Accuracy     : 0.002936
lr                 : [0.0003]


Epoch : 5
Train MSE Loss     : 0.000915	 | 	Train Accuracy     : 0.000915
Valid MSE Loss     : 0.000910	 | 	Valid Accuracy     : 0.000910
Valid MAPE Loss    : 2.090213	 | 	Valid Accuracy     : 0.000910
lr                 : [0.0003]


Epoch : 6
Train MSE Loss     : 0.000956	 | 	Train Accuracy     : 0.000956
Valid MSE Loss     : 0.001164	 | 	Valid Accuracy     : 0.001164
Valid MAPE Loss    : 2.504245	 | 	Valid Accuracy     : 0.001164
lr                 : [0.0003]


Epoch : 7
Train MSE Loss     : 0.000792	 | 	Train Accuracy     : 0.000792
Valid MSE Loss     : 0.000794	 | 	Valid Accuracy     : 0.000794
Valid MAPE Loss    : 1.734969	 | 	Valid Accuracy     : 0.000794
lr                 : [0.0003]


Epoch : 8
Train MSE Loss     : 0.000778	 | 	Train Accuracy     : 0.000778
Valid MSE Loss     : 0.000623	 | 	Valid Accuracy     : 0.000623
Valid MAPE Loss    : 1.192187	 | 	Valid Accuracy     : 0.000623
lr                 : [0.0003]


Epoch : 9
Train MSE Loss     : 0.000676	 | 	Train Accuracy     : 0.000676
Valid MSE Loss     : 0.001361	 | 	Valid Accuracy     : 0.001361
Valid MAPE Loss    : 2.987271	 | 	Valid Accuracy     : 0.001361
lr                 : [0.0003]


Epoch : 10
Train MSE Loss     : 0.000615	 | 	Train Accuracy     : 0.000615
Valid MSE Loss     : 0.000675	 | 	Valid Accuracy     : 0.000675
Valid MAPE Loss    : 1.563641	 | 	Valid Accuracy     : 0.000675
lr                 : [0.0003]


Epoch : 11
Train MSE Loss     : 0.001251	 | 	Train Accuracy     : 0.001251
Valid MSE Loss     : 0.001346	 | 	Valid Accuracy     : 0.001346
Valid MAPE Loss    : 2.915470	 | 	Valid Accuracy     : 0.001346
lr                 : [0.0003]


Epoch : 12
Train MSE Loss     : 0.000394	 | 	Train Accuracy     : 0.000394
Valid MSE Loss     : 0.001072	 | 	Valid Accuracy     : 0.001072
Valid MAPE Loss    : 2.654500	 | 	Valid Accuracy     : 0.001072
lr                 : [0.0003]


Epoch : 13
Train MSE Loss     : 0.000580	 | 	Train Accuracy     : 0.000580
Valid MSE Loss     : 0.000625	 | 	Valid Accuracy     : 0.000625
Valid MAPE Loss    : 1.470119	 | 	Valid Accuracy     : 0.000625
lr                 : [0.0003]


Epoch : 14
Train MSE Loss     : 0.000501	 | 	Train Accuracy     : 0.000501
Valid MSE Loss     : 0.000461	 | 	Valid Accuracy     : 0.000461
Valid MAPE Loss    : 0.685139	 | 	Valid Accuracy     : 0.000461
lr                 : [0.0003]


Epoch : 15
Train MSE Loss     : 0.000456	 | 	Train Accuracy     : 0.000456
Valid MSE Loss     : 0.000914	 | 	Valid Accuracy     : 0.000914
Valid MAPE Loss    : 1.667631	 | 	Valid Accuracy     : 0.000914
lr                 : [0.0003]


Epoch : 16
Train MSE Loss     : 0.000424	 | 	Train Accuracy     : 0.000424
Valid MSE Loss     : 0.002549	 | 	Valid Accuracy     : 0.002549
Valid MAPE Loss    : 4.697934	 | 	Valid Accuracy     : 0.002549
lr                 : [0.0003]


Epoch : 17
Train MSE Loss     : 0.000448	 | 	Train Accuracy     : 0.000448
Valid MSE Loss     : 0.012875	 | 	Valid Accuracy     : 0.012875
Valid MAPE Loss    : 11.759304	 | 	Valid Accuracy     : 0.012875
lr                 : [0.0003]


Epoch : 18
Train MSE Loss     : 0.000350	 | 	Train Accuracy     : 0.000350
Valid MSE Loss     : 0.001395	 | 	Valid Accuracy     : 0.001395
Valid MAPE Loss    : 3.242638	 | 	Valid Accuracy     : 0.001395
lr                 : [0.0003]


Epoch : 19
Train MSE Loss     : 0.000378	 | 	Train Accuracy     : 0.000378
Valid MSE Loss     : 0.000454	 | 	Valid Accuracy     : 0.000454
Valid MAPE Loss    : 0.633706	 | 	Valid Accuracy     : 0.000454
lr                 : [0.0003]


Epoch : 20
Train MSE Loss     : 0.000456	 | 	Train Accuracy     : 0.000456
Valid MSE Loss     : 0.001204	 | 	Valid Accuracy     : 0.001204
Valid MAPE Loss    : 2.843081	 | 	Valid Accuracy     : 0.001204
lr                 : [0.0003]


Epoch : 21
Train MSE Loss     : 0.000345	 | 	Train Accuracy     : 0.000345
Valid MSE Loss     : 0.000544	 | 	Valid Accuracy     : 0.000544
Valid MAPE Loss    : 1.116867	 | 	Valid Accuracy     : 0.000544
lr                 : [0.0003]


Epoch : 22
Train MSE Loss     : 0.000246	 | 	Train Accuracy     : 0.000246
Valid MSE Loss     : 0.004550	 | 	Valid Accuracy     : 0.004550
Valid MAPE Loss    : 6.705637	 | 	Valid Accuracy     : 0.004550
lr                 : [0.0003]


Epoch : 23
Train MSE Loss     : 0.000332	 | 	Train Accuracy     : 0.000332
Valid MSE Loss     : 0.000673	 | 	Valid Accuracy     : 0.000673
Valid MAPE Loss    : 1.601124	 | 	Valid Accuracy     : 0.000673
lr                 : [0.0003]


Epoch : 24
Train MSE Loss     : 0.000226	 | 	Train Accuracy     : 0.000226
Valid MSE Loss     : 0.000580	 | 	Valid Accuracy     : 0.000580
Valid MAPE Loss    : 1.024112	 | 	Valid Accuracy     : 0.000580
lr                 : [0.0003]


Epoch : 25
Train MSE Loss     : 0.000249	 | 	Train Accuracy     : 0.000249
Valid MSE Loss     : 0.002006	 | 	Valid Accuracy     : 0.002006
Valid MAPE Loss    : 4.168696	 | 	Valid Accuracy     : 0.002006
lr                 : [0.0003]


Epoch : 26
Train MSE Loss     : 0.000236	 | 	Train Accuracy     : 0.000236
Valid MSE Loss     : 0.000554	 | 	Valid Accuracy     : 0.000554
Valid MAPE Loss    : 1.161856	 | 	Valid Accuracy     : 0.000554
lr                 : [0.0003]


Epoch : 27
Train MSE Loss     : 0.000251	 | 	Train Accuracy     : 0.000251
Valid MSE Loss     : 0.000516	 | 	Valid Accuracy     : 0.000516
Valid MAPE Loss    : 0.999694	 | 	Valid Accuracy     : 0.000516
lr                 : [0.0003]


Epoch : 28
Train MSE Loss     : 0.000242	 | 	Train Accuracy     : 0.000242
Valid MSE Loss     : 0.000472	 | 	Valid Accuracy     : 0.000472
Valid MAPE Loss    : 0.705428	 | 	Valid Accuracy     : 0.000472
lr                 : [0.0003]


Epoch : 29
Train MSE Loss     : 0.000176	 | 	Train Accuracy     : 0.000176
Valid MSE Loss     : 0.000773	 | 	Valid Accuracy     : 0.000773
Valid MAPE Loss    : 1.941644	 | 	Valid Accuracy     : 0.000773
lr                 : [0.0003]


Epoch : 30
Train MSE Loss     : 0.000200	 | 	Train Accuracy     : 0.000200
Valid MSE Loss     : 0.000677	 | 	Valid Accuracy     : 0.000677
Valid MAPE Loss    : 1.603934	 | 	Valid Accuracy     : 0.000677
lr                 : [2.9999999999999997e-05]


Epoch : 31
Train MSE Loss     : 0.000064	 | 	Train Accuracy     : 0.000064
Valid MSE Loss     : 0.000455	 | 	Valid Accuracy     : 0.000455
Valid MAPE Loss    : 0.686344	 | 	Valid Accuracy     : 0.000455
lr                 : [2.9999999999999997e-05]


Epoch : 32
Train MSE Loss     : 0.000059	 | 	Train Accuracy     : 0.000059
Valid MSE Loss     : 0.000573	 | 	Valid Accuracy     : 0.000573
Valid MAPE Loss    : 1.279796	 | 	Valid Accuracy     : 0.000573
lr                 : [2.9999999999999997e-05]


Epoch : 33
Train MSE Loss     : 0.000063	 | 	Train Accuracy     : 0.000063
Valid MSE Loss     : 0.000450	 | 	Valid Accuracy     : 0.000450
Valid MAPE Loss    : 0.642474	 | 	Valid Accuracy     : 0.000450
lr                 : [2.9999999999999997e-05]


Epoch : 34
Train MSE Loss     : 0.000062	 | 	Train Accuracy     : 0.000062
Valid MSE Loss     : 0.000440	 | 	Valid Accuracy     : 0.000440
Valid MAPE Loss    : 0.577029	 | 	Valid Accuracy     : 0.000440
lr                 : [2.9999999999999997e-05]


Epoch : 35
Train MSE Loss     : 0.000056	 | 	Train Accuracy     : 0.000056
Valid MSE Loss     : 0.000454	 | 	Valid Accuracy     : 0.000454
Valid MAPE Loss    : 0.680176	 | 	Valid Accuracy     : 0.000454
lr                 : [2.9999999999999997e-05]


Epoch : 36
Train MSE Loss     : 0.000058	 | 	Train Accuracy     : 0.000058
Valid MSE Loss     : 0.000480	 | 	Valid Accuracy     : 0.000480
Valid MAPE Loss    : 0.807913	 | 	Valid Accuracy     : 0.000480
lr                 : [2.9999999999999997e-05]


Epoch : 37
Train MSE Loss     : 0.000057	 | 	Train Accuracy     : 0.000057
Valid MSE Loss     : 0.000449	 | 	Valid Accuracy     : 0.000449
Valid MAPE Loss    : 0.640258	 | 	Valid Accuracy     : 0.000449
lr                 : [2.9999999999999997e-05]


Epoch : 38
Train MSE Loss     : 0.000058	 | 	Train Accuracy     : 0.000058
Valid MSE Loss     : 0.000442	 | 	Valid Accuracy     : 0.000442
Valid MAPE Loss    : 0.606073	 | 	Valid Accuracy     : 0.000442
lr                 : [2.9999999999999997e-05]


Epoch : 39
Train MSE Loss     : 0.000050	 | 	Train Accuracy     : 0.000050
Valid MSE Loss     : 0.000443	 | 	Valid Accuracy     : 0.000443
Valid MAPE Loss    : 0.637932	 | 	Valid Accuracy     : 0.000443
lr                 : [2.9999999999999997e-05]


Epoch : 40
Train MSE Loss     : 0.000054	 | 	Train Accuracy     : 0.000054
Valid MSE Loss     : 0.000611	 | 	Valid Accuracy     : 0.000611
Valid MAPE Loss    : 1.463256	 | 	Valid Accuracy     : 0.000611
lr                 : [2.9999999999999997e-05]


Epoch : 41
Train MSE Loss     : 0.000050	 | 	Train Accuracy     : 0.000050
Valid MSE Loss     : 0.000432	 | 	Valid Accuracy     : 0.000432
Valid MAPE Loss    : 0.534343	 | 	Valid Accuracy     : 0.000432
lr                 : [2.9999999999999997e-05]


Epoch : 42
Train MSE Loss     : 0.000051	 | 	Train Accuracy     : 0.000051
Valid MSE Loss     : 0.000438	 | 	Valid Accuracy     : 0.000438
Valid MAPE Loss    : 0.555108	 | 	Valid Accuracy     : 0.000438
lr                 : [2.9999999999999997e-05]


Epoch : 43
Train MSE Loss     : 0.000054	 | 	Train Accuracy     : 0.000054
Valid MSE Loss     : 0.000435	 | 	Valid Accuracy     : 0.000435
Valid MAPE Loss    : 0.558800	 | 	Valid Accuracy     : 0.000435
lr                 : [2.9999999999999997e-05]


Epoch : 44
Train MSE Loss     : 0.000049	 | 	Train Accuracy     : 0.000049
Valid MSE Loss     : 0.000465	 | 	Valid Accuracy     : 0.000465
Valid MAPE Loss    : 0.746082	 | 	Valid Accuracy     : 0.000465
lr                 : [2.9999999999999997e-05]


Epoch : 45
Train MSE Loss     : 0.000048	 | 	Train Accuracy     : 0.000048
Valid MSE Loss     : 0.000442	 | 	Valid Accuracy     : 0.000442
Valid MAPE Loss    : 0.615847	 | 	Valid Accuracy     : 0.000442
lr                 : [2.9999999999999997e-05]


Epoch : 46
Train MSE Loss     : 0.000047	 | 	Train Accuracy     : 0.000047
Valid MSE Loss     : 0.000573	 | 	Valid Accuracy     : 0.000573
Valid MAPE Loss    : 1.294598	 | 	Valid Accuracy     : 0.000573
lr                 : [2.9999999999999997e-05]


Epoch : 47
Train MSE Loss     : 0.000045	 | 	Train Accuracy     : 0.000045
Valid MSE Loss     : 0.000436	 | 	Valid Accuracy     : 0.000436
Valid MAPE Loss    : 0.557069	 | 	Valid Accuracy     : 0.000436
lr                 : [2.9999999999999997e-05]


Epoch : 48
Train MSE Loss     : 0.000039	 | 	Train Accuracy     : 0.000039
Valid MSE Loss     : 0.000502	 | 	Valid Accuracy     : 0.000502
Valid MAPE Loss    : 0.982919	 | 	Valid Accuracy     : 0.000502
lr                 : [2.9999999999999997e-05]


Epoch : 49
Train MSE Loss     : 0.000046	 | 	Train Accuracy     : 0.000046
Valid MSE Loss     : 0.000444	 | 	Valid Accuracy     : 0.000444
Valid MAPE Loss    : 0.602538	 | 	Valid Accuracy     : 0.000444
lr                 : [2.9999999999999997e-05]


Epoch : 50
Train MSE Loss     : 0.000044	 | 	Train Accuracy     : 0.000044
Valid MSE Loss     : 0.000433	 | 	Valid Accuracy     : 0.000433
Valid MAPE Loss    : 0.520730	 | 	Valid Accuracy     : 0.000433
lr                 : [2.9999999999999997e-05]


Epoch : 51
Train MSE Loss     : 0.000046	 | 	Train Accuracy     : 0.000046
Valid MSE Loss     : 0.000564	 | 	Valid Accuracy     : 0.000564
Valid MAPE Loss    : 1.274782	 | 	Valid Accuracy     : 0.000564
lr                 : [2.9999999999999997e-05]


Epoch : 52
Train MSE Loss     : 0.000042	 | 	Train Accuracy     : 0.000042
Valid MSE Loss     : 0.000536	 | 	Valid Accuracy     : 0.000536
Valid MAPE Loss    : 1.144333	 | 	Valid Accuracy     : 0.000536
lr                 : [2.9999999999999997e-05]


Epoch : 53
Train MSE Loss     : 0.000046	 | 	Train Accuracy     : 0.000046
Valid MSE Loss     : 0.000437	 | 	Valid Accuracy     : 0.000437
Valid MAPE Loss    : 0.570003	 | 	Valid Accuracy     : 0.000437
lr                 : [2.9999999999999997e-05]


Epoch : 54
Train MSE Loss     : 0.000044	 | 	Train Accuracy     : 0.000044
Valid MSE Loss     : 0.000441	 | 	Valid Accuracy     : 0.000441
Valid MAPE Loss    : 0.591572	 | 	Valid Accuracy     : 0.000441
lr                 : [2.9999999999999997e-05]


Epoch : 55
Train MSE Loss     : 0.000042	 | 	Train Accuracy     : 0.000042
Valid MSE Loss     : 0.000443	 | 	Valid Accuracy     : 0.000443
Valid MAPE Loss    : 0.592804	 | 	Valid Accuracy     : 0.000443
lr                 : [2.9999999999999997e-05]


Epoch : 56
Train MSE Loss     : 0.000042	 | 	Train Accuracy     : 0.000042
Valid MSE Loss     : 0.000449	 | 	Valid Accuracy     : 0.000449
Valid MAPE Loss    : 0.623517	 | 	Valid Accuracy     : 0.000449
lr                 : [2.9999999999999997e-05]


Epoch : 57
Train MSE Loss     : 0.000042	 | 	Train Accuracy     : 0.000042
Valid MSE Loss     : 0.000438	 | 	Valid Accuracy     : 0.000438
Valid MAPE Loss    : 0.545272	 | 	Valid Accuracy     : 0.000438
lr                 : [2.9999999999999997e-05]


Epoch : 58
Train MSE Loss     : 0.000039	 | 	Train Accuracy     : 0.000039
Valid MSE Loss     : 0.000707	 | 	Valid Accuracy     : 0.000707
Valid MAPE Loss    : 1.822346	 | 	Valid Accuracy     : 0.000707
lr                 : [2.9999999999999997e-05]


Epoch : 59
Train MSE Loss     : 0.000041	 | 	Train Accuracy     : 0.000041
Valid MSE Loss     : 0.000428	 | 	Valid Accuracy     : 0.000428
Valid MAPE Loss    : 0.511656	 | 	Valid Accuracy     : 0.000428
lr                 : [2.9999999999999997e-05]


Epoch : 60
Train MSE Loss     : 0.000044	 | 	Train Accuracy     : 0.000044
Valid MSE Loss     : 0.000465	 | 	Valid Accuracy     : 0.000465
Valid MAPE Loss    : 0.762329	 | 	Valid Accuracy     : 0.000465
lr                 : [2.9999999999999997e-05]


Epoch : 61
Train MSE Loss     : 0.000039	 | 	Train Accuracy     : 0.000039
Valid MSE Loss     : 0.000448	 | 	Valid Accuracy     : 0.000448
Valid MAPE Loss    : 0.654185	 | 	Valid Accuracy     : 0.000448
lr                 : [2.9999999999999997e-05]


Epoch : 62
Train MSE Loss     : 0.000038	 | 	Train Accuracy     : 0.000038
Valid MSE Loss     : 0.000437	 | 	Valid Accuracy     : 0.000437
Valid MAPE Loss    : 0.578682	 | 	Valid Accuracy     : 0.000437
lr                 : [2.9999999999999997e-05]


Epoch : 63
Train MSE Loss     : 0.000040	 | 	Train Accuracy     : 0.000040
Valid MSE Loss     : 0.000442	 | 	Valid Accuracy     : 0.000442
Valid MAPE Loss    : 0.601004	 | 	Valid Accuracy     : 0.000442
lr                 : [2.9999999999999997e-05]


Epoch : 64
Train MSE Loss     : 0.000039	 | 	Train Accuracy     : 0.000039
Valid MSE Loss     : 0.000426	 | 	Valid Accuracy     : 0.000426
Valid MAPE Loss    : 0.480151	 | 	Valid Accuracy     : 0.000426
lr                 : [2.9999999999999997e-05]


Epoch : 65
Train MSE Loss     : 0.000040	 | 	Train Accuracy     : 0.000040
Valid MSE Loss     : 0.000473	 | 	Valid Accuracy     : 0.000473
Valid MAPE Loss    : 0.828964	 | 	Valid Accuracy     : 0.000473
lr                 : [2.9999999999999997e-05]


Epoch : 66
Train MSE Loss     : 0.000039	 | 	Train Accuracy     : 0.000039
Valid MSE Loss     : 0.000438	 | 	Valid Accuracy     : 0.000438
Valid MAPE Loss    : 0.548040	 | 	Valid Accuracy     : 0.000438
lr                 : [2.9999999999999997e-05]


Epoch : 67
Train MSE Loss     : 0.000040	 | 	Train Accuracy     : 0.000040
Valid MSE Loss     : 0.000450	 | 	Valid Accuracy     : 0.000450
Valid MAPE Loss    : 0.670391	 | 	Valid Accuracy     : 0.000450
lr                 : [2.9999999999999997e-05]


Epoch : 68
Train MSE Loss     : 0.000037	 | 	Train Accuracy     : 0.000037
Valid MSE Loss     : 0.000443	 | 	Valid Accuracy     : 0.000443
Valid MAPE Loss    : 0.583368	 | 	Valid Accuracy     : 0.000443
lr                 : [2.9999999999999997e-05]


Epoch : 69
Train MSE Loss     : 0.000040	 | 	Train Accuracy     : 0.000040
Valid MSE Loss     : 0.000450	 | 	Valid Accuracy     : 0.000450
Valid MAPE Loss    : 0.646554	 | 	Valid Accuracy     : 0.000450
lr                 : [2.9999999999999997e-05]


Epoch : 70
Train MSE Loss     : 0.000038	 | 	Train Accuracy     : 0.000038
Valid MSE Loss     : 0.000426	 | 	Valid Accuracy     : 0.000426
Valid MAPE Loss    : 0.488212	 | 	Valid Accuracy     : 0.000426
lr                 : [2.9999999999999997e-05]


Epoch : 71
Train MSE Loss     : 0.000045	 | 	Train Accuracy     : 0.000045
Valid MSE Loss     : 0.000429	 | 	Valid Accuracy     : 0.000429
Valid MAPE Loss    : 0.486888	 | 	Valid Accuracy     : 0.000429
lr                 : [2.9999999999999997e-05]


Epoch : 72
Train MSE Loss     : 0.000036	 | 	Train Accuracy     : 0.000036
Valid MSE Loss     : 0.000445	 | 	Valid Accuracy     : 0.000445
Valid MAPE Loss    : 0.608149	 | 	Valid Accuracy     : 0.000445
lr                 : [2.9999999999999997e-05]


Epoch : 73
Train MSE Loss     : 0.000039	 | 	Train Accuracy     : 0.000039
Valid MSE Loss     : 0.000430	 | 	Valid Accuracy     : 0.000430
Valid MAPE Loss    : 0.509923	 | 	Valid Accuracy     : 0.000430
lr                 : [2.9999999999999997e-05]


Epoch : 74
Train MSE Loss     : 0.000035	 | 	Train Accuracy     : 0.000035
Valid MSE Loss     : 0.000446	 | 	Valid Accuracy     : 0.000446
Valid MAPE Loss    : 0.637178	 | 	Valid Accuracy     : 0.000446
lr                 : [2.9999999999999997e-05]


Epoch : 75
Train MSE Loss     : 0.000038	 | 	Train Accuracy     : 0.000038
Valid MSE Loss     : 0.000536	 | 	Valid Accuracy     : 0.000536
Valid MAPE Loss    : 1.152493	 | 	Valid Accuracy     : 0.000536
lr                 : [3e-06]


Epoch : 76
Train MSE Loss     : 0.000030	 | 	Train Accuracy     : 0.000030
Valid MSE Loss     : 0.000431	 | 	Valid Accuracy     : 0.000431
Valid MAPE Loss    : 0.498548	 | 	Valid Accuracy     : 0.000431
lr                 : [3e-06]


Epoch : 77
Train MSE Loss     : 0.000030	 | 	Train Accuracy     : 0.000030
Valid MSE Loss     : 0.000444	 | 	Valid Accuracy     : 0.000444
Valid MAPE Loss    : 0.595106	 | 	Valid Accuracy     : 0.000444
lr                 : [3e-06]


Epoch : 78
Train MSE Loss     : 0.000029	 | 	Train Accuracy     : 0.000029
Valid MSE Loss     : 0.000441	 | 	Valid Accuracy     : 0.000441
Valid MAPE Loss    : 0.585387	 | 	Valid Accuracy     : 0.000441
lr                 : [3e-06]


Epoch : 79
Train MSE Loss     : 0.000029	 | 	Train Accuracy     : 0.000029
Valid MSE Loss     : 0.000432	 | 	Valid Accuracy     : 0.000432
Valid MAPE Loss    : 0.521657	 | 	Valid Accuracy     : 0.000432
lr                 : [3e-06]


Epoch : 80
Train MSE Loss     : 0.000029	 | 	Train Accuracy     : 0.000029
Valid MSE Loss     : 0.000440	 | 	Valid Accuracy     : 0.000440
Valid MAPE Loss    : 0.575451	 | 	Valid Accuracy     : 0.000440
lr                 : [3e-06]


Epoch : 81
Train MSE Loss     : 0.000029	 | 	Train Accuracy     : 0.000029
Valid MSE Loss     : 0.000437	 | 	Valid Accuracy     : 0.000437
Valid MAPE Loss    : 0.547152	 | 	Valid Accuracy     : 0.000437
lr                 : [3e-06]


Epoch : 82
Train MSE Loss     : 0.000029	 | 	Train Accuracy     : 0.000029
Valid MSE Loss     : 0.000429	 | 	Valid Accuracy     : 0.000429
Valid MAPE Loss    : 0.493089	 | 	Valid Accuracy     : 0.000429
lr                 : [3e-06]


Epoch : 83
Train MSE Loss     : 0.000029	 | 	Train Accuracy     : 0.000029
Valid MSE Loss     : 0.000428	 | 	Valid Accuracy     : 0.000428
Valid MAPE Loss    : 0.477841	 | 	Valid Accuracy     : 0.000428
lr                 : [3e-06]


Epoch : 84
Train MSE Loss     : 0.000029	 | 	Train Accuracy     : 0.000029
Valid MSE Loss     : 0.000454	 | 	Valid Accuracy     : 0.000454
Valid MAPE Loss    : 0.687652	 | 	Valid Accuracy     : 0.000454
lr                 : [3e-06]


Epoch : 85
Train MSE Loss     : 0.000028	 | 	Train Accuracy     : 0.000028
Valid MSE Loss     : 0.000425	 | 	Valid Accuracy     : 0.000425
Valid MAPE Loss    : 0.465907	 | 	Valid Accuracy     : 0.000425
lr                 : [3e-06]


Epoch : 86
Train MSE Loss     : 0.000029	 | 	Train Accuracy     : 0.000029
Valid MSE Loss     : 0.000432	 | 	Valid Accuracy     : 0.000432
Valid MAPE Loss    : 0.514852	 | 	Valid Accuracy     : 0.000432
lr                 : [3e-06]


Epoch : 87
Train MSE Loss     : 0.000028	 | 	Train Accuracy     : 0.000028
Valid MSE Loss     : 0.000429	 | 	Valid Accuracy     : 0.000429
Valid MAPE Loss    : 0.497245	 | 	Valid Accuracy     : 0.000429
lr                 : [3e-06]


Epoch : 88
Train MSE Loss     : 0.000029	 | 	Train Accuracy     : 0.000029
Valid MSE Loss     : 0.000437	 | 	Valid Accuracy     : 0.000437
Valid MAPE Loss    : 0.539051	 | 	Valid Accuracy     : 0.000437
lr                 : [3e-06]


Epoch : 89
Train MSE Loss     : 0.000028	 | 	Train Accuracy     : 0.000028
Valid MSE Loss     : 0.000434	 | 	Valid Accuracy     : 0.000434
Valid MAPE Loss    : 0.517720	 | 	Valid Accuracy     : 0.000434
lr                 : [3e-06]


Epoch : 90
Train MSE Loss     : 0.000028	 | 	Train Accuracy     : 0.000028
Valid MSE Loss     : 0.000431	 | 	Valid Accuracy     : 0.000431
Valid MAPE Loss    : 0.498708	 | 	Valid Accuracy     : 0.000431
lr                 : [3e-06]


Epoch : 91
Train MSE Loss     : 0.000028	 | 	Train Accuracy     : 0.000028
Valid MSE Loss     : 0.000432	 | 	Valid Accuracy     : 0.000432
Valid MAPE Loss    : 0.496751	 | 	Valid Accuracy     : 0.000432
lr                 : [3e-06]


Epoch : 92
Train MSE Loss     : 0.000028	 | 	Train Accuracy     : 0.000028
Valid MSE Loss     : 0.000440	 | 	Valid Accuracy     : 0.000440
Valid MAPE Loss    : 0.579612	 | 	Valid Accuracy     : 0.000440
lr                 : [3e-06]


Epoch : 93
Train MSE Loss     : 0.000028	 | 	Train Accuracy     : 0.000028
Valid MSE Loss     : 0.000439	 | 	Valid Accuracy     : 0.000439
Valid MAPE Loss    : 0.567114	 | 	Valid Accuracy     : 0.000439
lr                 : [3e-06]


Epoch : 94
Train MSE Loss     : 0.000028	 | 	Train Accuracy     : 0.000028
Valid MSE Loss     : 0.000430	 | 	Valid Accuracy     : 0.000430
Valid MAPE Loss    : 0.484321	 | 	Valid Accuracy     : 0.000430
lr                 : [3e-06]


Epoch : 95
Train MSE Loss     : 0.000028	 | 	Train Accuracy     : 0.000028
Valid MSE Loss     : 0.000440	 | 	Valid Accuracy     : 0.000440
Valid MAPE Loss    : 0.567130	 | 	Valid Accuracy     : 0.000440
lr                 : [3e-06]


Epoch : 96
Train MSE Loss     : 0.000028	 | 	Train Accuracy     : 0.000028
Valid MSE Loss     : 0.000426	 | 	Valid Accuracy     : 0.000426
Valid MAPE Loss    : 0.469045	 | 	Valid Accuracy     : 0.000426
lr                 : [3.0000000000000004e-07]


Epoch : 97
Train MSE Loss     : 0.000027	 | 	Train Accuracy     : 0.000027
Valid MSE Loss     : 0.000434	 | 	Valid Accuracy     : 0.000434
Valid MAPE Loss    : 0.524719	 | 	Valid Accuracy     : 0.000434
lr                 : [3.0000000000000004e-07]


Epoch : 98
Train MSE Loss     : 0.000027	 | 	Train Accuracy     : 0.000027
Valid MSE Loss     : 0.000432	 | 	Valid Accuracy     : 0.000432
Valid MAPE Loss    : 0.509887	 | 	Valid Accuracy     : 0.000432
lr                 : [3.0000000000000004e-07]


Epoch : 99
Train MSE Loss     : 0.000027	 | 	Train Accuracy     : 0.000027
Valid MSE Loss     : 0.000434	 | 	Valid Accuracy     : 0.000434
Valid MAPE Loss    : 0.518466	 | 	Valid Accuracy     : 0.000434
lr                 : [3.0000000000000004e-07]


Epoch : 100
Train MSE Loss     : 0.000027	 | 	Train Accuracy     : 0.000027
Valid MSE Loss     : 0.000433	 | 	Valid Accuracy     : 0.000433
Valid MAPE Loss    : 0.514330	 | 	Valid Accuracy     : 0.000433
lr                 : [3.0000000000000004e-07]


Epoch : 101
Train MSE Loss     : 0.000027	 | 	Train Accuracy     : 0.000027
Valid MSE Loss     : 0.000431	 | 	Valid Accuracy     : 0.000431
Valid MAPE Loss    : 0.500534	 | 	Valid Accuracy     : 0.000431
lr                 : [3.0000000000000004e-07]


Epoch : 102
Train MSE Loss     : 0.000027	 | 	Train Accuracy     : 0.000027
Valid MSE Loss     : 0.000430	 | 	Valid Accuracy     : 0.000430
Valid MAPE Loss    : 0.490080	 | 	Valid Accuracy     : 0.000430
lr                 : [3.0000000000000004e-07]


Epoch : 103
Train MSE Loss     : 0.000027	 | 	Train Accuracy     : 0.000027
Valid MSE Loss     : 0.000434	 | 	Valid Accuracy     : 0.000434
Valid MAPE Loss    : 0.523198	 | 	Valid Accuracy     : 0.000434
lr                 : [3.0000000000000004e-07]


Epoch : 104
Train MSE Loss     : 0.000027	 | 	Train Accuracy     : 0.000027
Valid MSE Loss     : 0.000432	 | 	Valid Accuracy     : 0.000432
Valid MAPE Loss    : 0.509417	 | 	Valid Accuracy     : 0.000432
lr                 : [3.0000000000000004e-07]


Epoch : 105
Train MSE Loss     : 0.000026	 | 	Train Accuracy     : 0.000026
Valid MSE Loss     : 0.000434	 | 	Valid Accuracy     : 0.000434
Valid MAPE Loss    : 0.520902	 | 	Valid Accuracy     : 0.000434
lr                 : [3.0000000000000004e-07]


Epoch : 106
Train MSE Loss     : 0.000027	 | 	Train Accuracy     : 0.000027
Valid MSE Loss     : 0.000435	 | 	Valid Accuracy     : 0.000435
Valid MAPE Loss    : 0.527664	 | 	Valid Accuracy     : 0.000435
lr                 : [3.0000000000000004e-07]


Epoch : 107
Train MSE Loss     : 0.000027	 | 	Train Accuracy     : 0.000027
Valid MSE Loss     : 0.000430	 | 	Valid Accuracy     : 0.000430
Valid MAPE Loss    : 0.492504	 | 	Valid Accuracy     : 0.000430
lr                 : [3.0000000000000004e-08]


Epoch : 108
Train MSE Loss     : 0.000027	 | 	Train Accuracy     : 0.000027
Valid MSE Loss     : 0.000433	 | 	Valid Accuracy     : 0.000433
Valid MAPE Loss    : 0.515781	 | 	Valid Accuracy     : 0.000433
lr                 : [3.0000000000000004e-08]


Epoch : 109
Train MSE Loss     : 0.000027	 | 	Train Accuracy     : 0.000027
Valid MSE Loss     : 0.000432	 | 	Valid Accuracy     : 0.000432
Valid MAPE Loss    : 0.509491	 | 	Valid Accuracy     : 0.000432
lr                 : [3.0000000000000004e-08]


Epoch : 110
Train MSE Loss     : 0.000027	 | 	Train Accuracy     : 0.000027
Valid MSE Loss     : 0.000430	 | 	Valid Accuracy     : 0.000430
Valid MAPE Loss    : 0.493501	 | 	Valid Accuracy     : 0.000430
lr                 : [3.0000000000000004e-08]


Epoch : 111
Train MSE Loss     : 0.000027	 | 	Train Accuracy     : 0.000027
Valid MSE Loss     : 0.000431	 | 	Valid Accuracy     : 0.000431
Valid MAPE Loss    : 0.499428	 | 	Valid Accuracy     : 0.000431
lr                 : [3.0000000000000004e-08]


Epoch : 112
Train MSE Loss     : 0.000027	 | 	Train Accuracy     : 0.000027
Valid MSE Loss     : 0.000433	 | 	Valid Accuracy     : 0.000433
Valid MAPE Loss    : 0.515017	 | 	Valid Accuracy     : 0.000433
lr                 : [3.0000000000000004e-08]


Epoch : 113
Train MSE Loss     : 0.000027	 | 	Train Accuracy     : 0.000027
Valid MSE Loss     : 0.000433	 | 	Valid Accuracy     : 0.000433
Valid MAPE Loss    : 0.512595	 | 	Valid Accuracy     : 0.000433
lr                 : [3.0000000000000004e-08]


Epoch : 114
Train MSE Loss     : 0.000027	 | 	Train Accuracy     : 0.000027
Valid MSE Loss     : 0.000432	 | 	Valid Accuracy     : 0.000432
Valid MAPE Loss    : 0.509254	 | 	Valid Accuracy     : 0.000432
lr                 : [3.0000000000000004e-08]


Epoch : 115
Train MSE Loss     : 0.000027	 | 	Train Accuracy     : 0.000027
Valid MSE Loss     : 0.000433	 | 	Valid Accuracy     : 0.000433
Valid MAPE Loss    : 0.515482	 | 	Valid Accuracy     : 0.000433
lr                 : [3.0000000000000004e-08]


Epoch : 116
Train MSE Loss     : 0.000027	 | 	Train Accuracy     : 0.000027
Valid MSE Loss     : 0.000432	 | 	Valid Accuracy     : 0.000432
Valid MAPE Loss    : 0.510168	 | 	Valid Accuracy     : 0.000432
lr                 : [3.0000000000000004e-08]


Epoch : 117
Train MSE Loss     : 0.000027	 | 	Train Accuracy     : 0.000027
Valid MSE Loss     : 0.000433	 | 	Valid Accuracy     : 0.000433
Valid MAPE Loss    : 0.514146	 | 	Valid Accuracy     : 0.000433
lr                 : [3.0000000000000004e-08]


Epoch : 118
Train MSE Loss     : 0.000027	 | 	Train Accuracy     : 0.000027
Valid MSE Loss     : 0.000432	 | 	Valid Accuracy     : 0.000432
Valid MAPE Loss    : 0.510532	 | 	Valid Accuracy     : 0.000432
lr                 : [3.0000000000000004e-09]


Epoch : 119
Train MSE Loss     : 0.000026	 | 	Train Accuracy     : 0.000026
Valid MSE Loss     : 0.000432	 | 	Valid Accuracy     : 0.000432
Valid MAPE Loss    : 0.507483	 | 	Valid Accuracy     : 0.000432
lr                 : [3.0000000000000004e-09]


Epoch : 120
Train MSE Loss     : 0.000027	 | 	Train Accuracy     : 0.000027
Valid MSE Loss     : 0.000432	 | 	Valid Accuracy     : 0.000432
Valid MAPE Loss    : 0.510765	 | 	Valid Accuracy     : 0.000432
lr                 : [3.0000000000000004e-09]


Epoch : 121
Train MSE Loss     : 0.000027	 | 	Train Accuracy     : 0.000027
Valid MSE Loss     : 0.000433	 | 	Valid Accuracy     : 0.000433
Valid MAPE Loss    : 0.512703	 | 	Valid Accuracy     : 0.000433
lr                 : [3.0000000000000004e-09]


Epoch : 122
Train MSE Loss     : 0.000027	 | 	Train Accuracy     : 0.000027
Valid MSE Loss     : 0.000432	 | 	Valid Accuracy     : 0.000432
Valid MAPE Loss    : 0.508006	 | 	Valid Accuracy     : 0.000432
lr                 : [3.0000000000000004e-09]


Epoch : 123
Train MSE Loss     : 0.000027	 | 	Train Accuracy     : 0.000027
Valid MSE Loss     : 0.000433	 | 	Valid Accuracy     : 0.000433
Valid MAPE Loss    : 0.512355	 | 	Valid Accuracy     : 0.000433
lr                 : [3.0000000000000004e-09]


Epoch : 124
Train MSE Loss     : 0.000027	 | 	Train Accuracy     : 0.000027
Valid MSE Loss     : 0.000431	 | 	Valid Accuracy     : 0.000431
Valid MAPE Loss    : 0.500242	 | 	Valid Accuracy     : 0.000431
lr                 : [3.0000000000000004e-09]


Epoch : 125
Train MSE Loss     : 0.000027	 | 	Train Accuracy     : 0.000027
Valid MSE Loss     : 0.000432	 | 	Valid Accuracy     : 0.000432
Valid MAPE Loss    : 0.503995	 | 	Valid Accuracy     : 0.000432
lr                 : [3.0000000000000004e-09]


Epoch : 126
Train MSE Loss     : 0.000027	 | 	Train Accuracy     : 0.000027
Valid MSE Loss     : 0.000432	 | 	Valid Accuracy     : 0.000432
Valid MAPE Loss    : 0.503011	 | 	Valid Accuracy     : 0.000432
lr                 : [3.0000000000000004e-09]


Epoch : 127
Train MSE Loss     : 0.000026	 | 	Train Accuracy     : 0.000026
Valid MSE Loss     : 0.000434	 | 	Valid Accuracy     : 0.000434
Valid MAPE Loss    : 0.522607	 | 	Valid Accuracy     : 0.000434
lr                 : [3.0000000000000004e-09]


Epoch : 128
Train MSE Loss     : 0.000027	 | 	Train Accuracy     : 0.000027
Valid MSE Loss     : 0.000431	 | 	Valid Accuracy     : 0.000431
Valid MAPE Loss    : 0.501009	 | 	Valid Accuracy     : 0.000431
lr                 : [3.0000000000000004e-09]


Epoch : 129
Train MSE Loss     : 0.000027	 | 	Train Accuracy     : 0.000027
Valid MSE Loss     : 0.000434	 | 	Valid Accuracy     : 0.000434
Valid MAPE Loss    : 0.522533	 | 	Valid Accuracy     : 0.000434
lr                 : [3.0000000000000004e-09]


Epoch : 130
Train MSE Loss     : 0.000027	 | 	Train Accuracy     : 0.000027
Valid MSE Loss     : 0.000433	 | 	Valid Accuracy     : 0.000433
Valid MAPE Loss    : 0.511426	 | 	Valid Accuracy     : 0.000433
lr                 : [3.0000000000000004e-09]


Epoch : 131
Train MSE Loss     : 0.000027	 | 	Train Accuracy     : 0.000027
Valid MSE Loss     : 0.000433	 | 	Valid Accuracy     : 0.000433
Valid MAPE Loss    : 0.512898	 | 	Valid Accuracy     : 0.000433
lr                 : [3.0000000000000004e-09]


Epoch : 132
Train MSE Loss     : 0.000027	 | 	Train Accuracy     : 0.000027
Valid MSE Loss     : 0.000432	 | 	Valid Accuracy     : 0.000432
Valid MAPE Loss    : 0.506903	 | 	Valid Accuracy     : 0.000432
lr                 : [3.0000000000000004e-09]


Epoch : 133
Train MSE Loss     : 0.000027	 | 	Train Accuracy     : 0.000027
Valid MSE Loss     : 0.000433	 | 	Valid Accuracy     : 0.000433
Valid MAPE Loss    : 0.512152	 | 	Valid Accuracy     : 0.000433
lr                 : [3.0000000000000004e-09]


Epoch : 134
Train MSE Loss     : 0.000027	 | 	Train Accuracy     : 0.000027
Valid MSE Loss     : 0.000434	 | 	Valid Accuracy     : 0.000434
Valid MAPE Loss    : 0.522380	 | 	Valid Accuracy     : 0.000434
lr                 : [3.0000000000000004e-09]


Epoch : 135
Train MSE Loss     : 0.000027	 | 	Train Accuracy     : 0.000027
Valid MSE Loss     : 0.000432	 | 	Valid Accuracy     : 0.000432
Valid MAPE Loss    : 0.509813	 | 	Valid Accuracy     : 0.000432
lr                 : [3.0000000000000004e-09]


Epoch : 136
Train MSE Loss     : 0.000026	 | 	Train Accuracy     : 0.000026
Valid MSE Loss     : 0.000432	 | 	Valid Accuracy     : 0.000432
Valid MAPE Loss    : 0.508354	 | 	Valid Accuracy     : 0.000432
lr                 : [3.0000000000000004e-09]


Epoch : 137
Train MSE Loss     : 0.000026	 | 	Train Accuracy     : 0.000026
Valid MSE Loss     : 0.000432	 | 	Valid Accuracy     : 0.000432
Valid MAPE Loss    : 0.506993	 | 	Valid Accuracy     : 0.000432
lr                 : [3.0000000000000004e-09]


Epoch : 138
Train MSE Loss     : 0.000027	 | 	Train Accuracy     : 0.000027
Valid MSE Loss     : 0.000433	 | 	Valid Accuracy     : 0.000433
Valid MAPE Loss    : 0.518688	 | 	Valid Accuracy     : 0.000433
lr                 : [3.0000000000000004e-09]


Epoch : 139
Train MSE Loss     : 0.000027	 | 	Train Accuracy     : 0.000027
Valid MSE Loss     : 0.000431	 | 	Valid Accuracy     : 0.000431
Valid MAPE Loss    : 0.497248	 | 	Valid Accuracy     : 0.000431
lr                 : [3.0000000000000004e-09]


Epoch : 140
Train MSE Loss     : 0.000026	 | 	Train Accuracy     : 0.000026
Valid MSE Loss     : 0.000432	 | 	Valid Accuracy     : 0.000432
Valid MAPE Loss    : 0.504866	 | 	Valid Accuracy     : 0.000432
lr                 : [3.0000000000000004e-09]


Epoch : 141
Train MSE Loss     : 0.000027	 | 	Train Accuracy     : 0.000027
Valid MSE Loss     : 0.000431	 | 	Valid Accuracy     : 0.000431
Valid MAPE Loss    : 0.501492	 | 	Valid Accuracy     : 0.000431
lr                 : [3.0000000000000004e-09]


Epoch : 142
Train MSE Loss     : 0.000027	 | 	Train Accuracy     : 0.000027
Valid MSE Loss     : 0.000432	 | 	Valid Accuracy     : 0.000432
Valid MAPE Loss    : 0.512296	 | 	Valid Accuracy     : 0.000432
lr                 : [3.0000000000000004e-09]


Epoch : 143
Train MSE Loss     : 0.000027	 | 	Train Accuracy     : 0.000027
Valid MSE Loss     : 0.000432	 | 	Valid Accuracy     : 0.000432
Valid MAPE Loss    : 0.510253	 | 	Valid Accuracy     : 0.000432
lr                 : [3.0000000000000004e-09]


Epoch : 144
Train MSE Loss     : 0.000027	 | 	Train Accuracy     : 0.000027
Valid MSE Loss     : 0.000432	 | 	Valid Accuracy     : 0.000432
Valid MAPE Loss    : 0.506549	 | 	Valid Accuracy     : 0.000432
lr                 : [3.0000000000000004e-09]


Epoch : 145
Train MSE Loss     : 0.000027	 | 	Train Accuracy     : 0.000027
Valid MSE Loss     : 0.000435	 | 	Valid Accuracy     : 0.000435
Valid MAPE Loss    : 0.530013	 | 	Valid Accuracy     : 0.000435
lr                 : [3.0000000000000004e-09]


Epoch : 146
Train MSE Loss     : 0.000027	 | 	Train Accuracy     : 0.000027
Valid MSE Loss     : 0.000431	 | 	Valid Accuracy     : 0.000431
Valid MAPE Loss    : 0.501364	 | 	Valid Accuracy     : 0.000431
lr                 : [3.0000000000000004e-09]


Epoch : 147
Train MSE Loss     : 0.000027	 | 	Train Accuracy     : 0.000027
Valid MSE Loss     : 0.000431	 | 	Valid Accuracy     : 0.000431
Valid MAPE Loss    : 0.500870	 | 	Valid Accuracy     : 0.000431
lr                 : [3.0000000000000004e-09]


Epoch : 148
Train MSE Loss     : 0.000027	 | 	Train Accuracy     : 0.000027
Valid MSE Loss     : 0.000432	 | 	Valid Accuracy     : 0.000432
Valid MAPE Loss    : 0.506504	 | 	Valid Accuracy     : 0.000432
lr                 : [3.0000000000000004e-09]


Epoch : 149
Train MSE Loss     : 0.000027	 | 	Train Accuracy     : 0.000027
Valid MSE Loss     : 0.000431	 | 	Valid Accuracy     : 0.000431
Valid MAPE Loss    : 0.503545	 | 	Valid Accuracy     : 0.000431
lr                 : [3.0000000000000004e-09]


Epoch : 150
Train MSE Loss     : 0.000027	 | 	Train Accuracy     : 0.000027
Valid MSE Loss     : 0.000433	 | 	Valid Accuracy     : 0.000433
Valid MAPE Loss    : 0.512022	 | 	Valid Accuracy     : 0.000433
lr                 : [3.0000000000000004e-09]


Evaluate on the Test set:
Test MAPE loss      :0.596097	 | Test MSE loss      : 0.000074

################## Training is Done! #########################
Training time is : 0:08:25.107999
