=============================================
Dataset: cell_mit_batch1_raw_data
Mode:    supervised_with_contrast
=============================================
Data loaded ...
Training started ....

Epoch : 1
Train MSE Loss     : 1.007450	 | 	Train Accuracy     : nan
Valid MSE Loss     : 0.021917	 | 	Valid Accuracy     : 0.021917
Valid MAPE Loss    : 15.361217	 | 	Valid Accuracy     : 0.021917
lr                 : [0.0003]


Epoch : 2
Train MSE Loss     : 1.010574	 | 	Train Accuracy     : nan
Valid MSE Loss     : 0.001007	 | 	Valid Accuracy     : 0.001007
Valid MAPE Loss    : 2.143613	 | 	Valid Accuracy     : 0.001007
lr                 : [0.0003]


Epoch : 3
Train MSE Loss     : 1.004282	 | 	Train Accuracy     : nan
Valid MSE Loss     : 0.001129	 | 	Valid Accuracy     : 0.001129
Valid MAPE Loss    : 2.088267	 | 	Valid Accuracy     : 0.001129
lr                 : [0.0003]


Epoch : 4
Train MSE Loss     : 1.002728	 | 	Train Accuracy     : nan
Valid MSE Loss     : 0.003958	 | 	Valid Accuracy     : 0.003958
Valid MAPE Loss    : 6.247311	 | 	Valid Accuracy     : 0.003958
lr                 : [0.0003]


Epoch : 5
Train MSE Loss     : 1.003666	 | 	Train Accuracy     : nan
Valid MSE Loss     : 0.001107	 | 	Valid Accuracy     : 0.001107
Valid MAPE Loss    : 2.618638	 | 	Valid Accuracy     : 0.001107
lr                 : [0.0003]


Epoch : 6
Train MSE Loss     : 1.002724	 | 	Train Accuracy     : nan
Valid MSE Loss     : 0.002128	 | 	Valid Accuracy     : 0.002128
Valid MAPE Loss    : 4.232243	 | 	Valid Accuracy     : 0.002128
lr                 : [0.0003]


Epoch : 7
Train MSE Loss     : 1.001250	 | 	Train Accuracy     : nan
Valid MSE Loss     : 0.006228	 | 	Valid Accuracy     : 0.006228
Valid MAPE Loss    : 7.928826	 | 	Valid Accuracy     : 0.006228
lr                 : [0.0003]


Epoch : 8
Train MSE Loss     : 1.001215	 | 	Train Accuracy     : nan
Valid MSE Loss     : 0.000577	 | 	Valid Accuracy     : 0.000577
Valid MAPE Loss    : 1.266363	 | 	Valid Accuracy     : 0.000577
lr                 : [0.0003]


Epoch : 9
Train MSE Loss     : 1.001019	 | 	Train Accuracy     : nan
Valid MSE Loss     : 0.000652	 | 	Valid Accuracy     : 0.000652
Valid MAPE Loss    : 1.457843	 | 	Valid Accuracy     : 0.000652
lr                 : [0.0003]


Epoch : 10
Train MSE Loss     : 1.001955	 | 	Train Accuracy     : nan
Valid MSE Loss     : 0.000807	 | 	Valid Accuracy     : 0.000807
Valid MAPE Loss    : 2.071967	 | 	Valid Accuracy     : 0.000807
lr                 : [0.0003]


Epoch : 11
Train MSE Loss     : 1.001252	 | 	Train Accuracy     : nan
Valid MSE Loss     : 0.000459	 | 	Valid Accuracy     : 0.000459
Valid MAPE Loss    : 0.664982	 | 	Valid Accuracy     : 0.000459
lr                 : [0.0003]


Epoch : 12
Train MSE Loss     : 1.000815	 | 	Train Accuracy     : nan
Valid MSE Loss     : 0.000522	 | 	Valid Accuracy     : 0.000522
Valid MAPE Loss    : 1.166402	 | 	Valid Accuracy     : 0.000522
lr                 : [0.0003]


Epoch : 13
Train MSE Loss     : 1.001055	 | 	Train Accuracy     : nan
Valid MSE Loss     : 0.000686	 | 	Valid Accuracy     : 0.000686
Valid MAPE Loss    : 1.785320	 | 	Valid Accuracy     : 0.000686
lr                 : [0.0003]


Epoch : 14
Train MSE Loss     : 1.002074	 | 	Train Accuracy     : nan
Valid MSE Loss     : 0.000603	 | 	Valid Accuracy     : 0.000603
Valid MAPE Loss    : 1.435064	 | 	Valid Accuracy     : 0.000603
lr                 : [0.0003]


Epoch : 15
Train MSE Loss     : 1.000664	 | 	Train Accuracy     : nan
Valid MSE Loss     : 0.000432	 | 	Valid Accuracy     : 0.000432
Valid MAPE Loss    : 0.643305	 | 	Valid Accuracy     : 0.000432
lr                 : [0.0003]


Epoch : 16
Train MSE Loss     : 1.000538	 | 	Train Accuracy     : nan
Valid MSE Loss     : 0.001093	 | 	Valid Accuracy     : 0.001093
Valid MAPE Loss    : 2.796311	 | 	Valid Accuracy     : 0.001093
lr                 : [0.0003]


Epoch : 17
Train MSE Loss     : 1.001008	 | 	Train Accuracy     : nan
Valid MSE Loss     : 0.000417	 | 	Valid Accuracy     : 0.000417
Valid MAPE Loss    : 0.537482	 | 	Valid Accuracy     : 0.000417
lr                 : [0.0003]


Epoch : 18
Train MSE Loss     : 1.001495	 | 	Train Accuracy     : nan
Valid MSE Loss     : 0.001355	 | 	Valid Accuracy     : 0.001355
Valid MAPE Loss    : 3.313826	 | 	Valid Accuracy     : 0.001355
lr                 : [0.0003]


Epoch : 19
Train MSE Loss     : 1.002076	 | 	Train Accuracy     : nan
Valid MSE Loss     : 0.008731	 | 	Valid Accuracy     : 0.008731
Valid MAPE Loss    : 9.599966	 | 	Valid Accuracy     : 0.008731
lr                 : [0.0003]


Epoch : 20
Train MSE Loss     : 1.001065	 | 	Train Accuracy     : nan
Valid MSE Loss     : 0.000823	 | 	Valid Accuracy     : 0.000823
Valid MAPE Loss    : 2.093443	 | 	Valid Accuracy     : 0.000823
lr                 : [0.0003]


Epoch : 21
Train MSE Loss     : 1.002032	 | 	Train Accuracy     : nan
Valid MSE Loss     : 0.000864	 | 	Valid Accuracy     : 0.000864
Valid MAPE Loss    : 2.339250	 | 	Valid Accuracy     : 0.000864
lr                 : [0.0003]


Epoch : 22
Train MSE Loss     : 1.002599	 | 	Train Accuracy     : nan
Valid MSE Loss     : 0.000448	 | 	Valid Accuracy     : 0.000448
Valid MAPE Loss    : 0.791801	 | 	Valid Accuracy     : 0.000448
lr                 : [0.0003]


Epoch : 23
Train MSE Loss     : 1.000878	 | 	Train Accuracy     : nan
Valid MSE Loss     : 0.001628	 | 	Valid Accuracy     : 0.001628
Valid MAPE Loss    : 3.704836	 | 	Valid Accuracy     : 0.001628
lr                 : [0.0003]


Epoch : 24
Train MSE Loss     : 1.001415	 | 	Train Accuracy     : nan
Valid MSE Loss     : 0.001762	 | 	Valid Accuracy     : 0.001762
Valid MAPE Loss    : 3.914990	 | 	Valid Accuracy     : 0.001762
lr                 : [0.0003]


Epoch : 25
Train MSE Loss     : 1.000601	 | 	Train Accuracy     : nan
Valid MSE Loss     : 0.000522	 | 	Valid Accuracy     : 0.000522
Valid MAPE Loss    : 1.067320	 | 	Valid Accuracy     : 0.000522
lr                 : [0.0003]


Epoch : 26
Train MSE Loss     : 1.001334	 | 	Train Accuracy     : nan
Valid MSE Loss     : 0.001080	 | 	Valid Accuracy     : 0.001080
Valid MAPE Loss    : 2.771393	 | 	Valid Accuracy     : 0.001080
lr                 : [0.0003]


Epoch : 27
Train MSE Loss     : 1.000728	 | 	Train Accuracy     : nan
Valid MSE Loss     : 0.000613	 | 	Valid Accuracy     : 0.000613
Valid MAPE Loss    : 1.520223	 | 	Valid Accuracy     : 0.000613
lr                 : [0.0003]


Epoch : 28
Train MSE Loss     : 1.000556	 | 	Train Accuracy     : nan
Valid MSE Loss     : 0.000677	 | 	Valid Accuracy     : 0.000677
Valid MAPE Loss    : 1.839880	 | 	Valid Accuracy     : 0.000677
lr                 : [2.9999999999999997e-05]


Epoch : 29
Train MSE Loss     : 1.000124	 | 	Train Accuracy     : nan
Valid MSE Loss     : 0.000396	 | 	Valid Accuracy     : 0.000396
Valid MAPE Loss    : 0.435965	 | 	Valid Accuracy     : 0.000396
lr                 : [2.9999999999999997e-05]


Epoch : 30
Train MSE Loss     : 1.000035	 | 	Train Accuracy     : nan
Valid MSE Loss     : 0.000383	 | 	Valid Accuracy     : 0.000383
Valid MAPE Loss    : 0.214317	 | 	Valid Accuracy     : 0.000383
lr                 : [2.9999999999999997e-05]


Epoch : 31
Train MSE Loss     : 1.000044	 | 	Train Accuracy     : nan
Valid MSE Loss     : 0.000390	 | 	Valid Accuracy     : 0.000390
Valid MAPE Loss    : 0.359446	 | 	Valid Accuracy     : 0.000390
lr                 : [2.9999999999999997e-05]


Epoch : 32
Train MSE Loss     : 1.000032	 | 	Train Accuracy     : nan
Valid MSE Loss     : 0.000409	 | 	Valid Accuracy     : 0.000409
Valid MAPE Loss    : 0.589505	 | 	Valid Accuracy     : 0.000409
lr                 : [2.9999999999999997e-05]


Epoch : 33
Train MSE Loss     : 1.000029	 | 	Train Accuracy     : nan
Valid MSE Loss     : 0.000451	 | 	Valid Accuracy     : 0.000451
Valid MAPE Loss    : 0.932935	 | 	Valid Accuracy     : 0.000451
lr                 : [2.9999999999999997e-05]


Epoch : 34
Train MSE Loss     : 1.000036	 | 	Train Accuracy     : nan
Valid MSE Loss     : 0.000389	 | 	Valid Accuracy     : 0.000389
Valid MAPE Loss    : 0.383889	 | 	Valid Accuracy     : 0.000389
lr                 : [2.9999999999999997e-05]


Epoch : 35
Train MSE Loss     : 1.000034	 | 	Train Accuracy     : nan
Valid MSE Loss     : 0.000380	 | 	Valid Accuracy     : 0.000380
Valid MAPE Loss    : 0.180860	 | 	Valid Accuracy     : 0.000380
lr                 : [2.9999999999999997e-05]


Epoch : 36
Train MSE Loss     : 1.000033	 | 	Train Accuracy     : nan
Valid MSE Loss     : 0.000456	 | 	Valid Accuracy     : 0.000456
Valid MAPE Loss    : 0.966623	 | 	Valid Accuracy     : 0.000456
lr                 : [2.9999999999999997e-05]


Epoch : 37
Train MSE Loss     : 1.000033	 | 	Train Accuracy     : nan
Valid MSE Loss     : 0.000382	 | 	Valid Accuracy     : 0.000382
Valid MAPE Loss    : 0.218030	 | 	Valid Accuracy     : 0.000382
lr                 : [2.9999999999999997e-05]


Epoch : 38
Train MSE Loss     : 1.000028	 | 	Train Accuracy     : nan
Valid MSE Loss     : 0.000392	 | 	Valid Accuracy     : 0.000392
Valid MAPE Loss    : 0.375521	 | 	Valid Accuracy     : 0.000392
lr                 : [2.9999999999999997e-05]


Epoch : 39
Train MSE Loss     : 1.000030	 | 	Train Accuracy     : nan
Valid MSE Loss     : 0.000511	 | 	Valid Accuracy     : 0.000511
Valid MAPE Loss    : 1.200939	 | 	Valid Accuracy     : 0.000511
lr                 : [2.9999999999999997e-05]


Epoch : 40
Train MSE Loss     : 1.000026	 | 	Train Accuracy     : nan
Valid MSE Loss     : 0.000452	 | 	Valid Accuracy     : 0.000452
Valid MAPE Loss    : 0.945083	 | 	Valid Accuracy     : 0.000452
lr                 : [2.9999999999999997e-05]


Epoch : 41
Train MSE Loss     : 1.000025	 | 	Train Accuracy     : nan
Valid MSE Loss     : 0.000390	 | 	Valid Accuracy     : 0.000390
Valid MAPE Loss    : 0.401353	 | 	Valid Accuracy     : 0.000390
lr                 : [2.9999999999999997e-05]


Epoch : 42
Train MSE Loss     : 1.000033	 | 	Train Accuracy     : nan
Valid MSE Loss     : 0.000385	 | 	Valid Accuracy     : 0.000385
Valid MAPE Loss    : 0.283499	 | 	Valid Accuracy     : 0.000385
lr                 : [2.9999999999999997e-05]


Epoch : 43
Train MSE Loss     : 1.000024	 | 	Train Accuracy     : nan
Valid MSE Loss     : 0.000384	 | 	Valid Accuracy     : 0.000384
Valid MAPE Loss    : 0.263581	 | 	Valid Accuracy     : 0.000384
lr                 : [2.9999999999999997e-05]


Epoch : 44
Train MSE Loss     : 1.000021	 | 	Train Accuracy     : nan
Valid MSE Loss     : 0.000420	 | 	Valid Accuracy     : 0.000420
Valid MAPE Loss    : 0.669838	 | 	Valid Accuracy     : 0.000420
lr                 : [2.9999999999999997e-05]


Epoch : 45
Train MSE Loss     : 1.000032	 | 	Train Accuracy     : nan
Valid MSE Loss     : 0.000404	 | 	Valid Accuracy     : 0.000404
Valid MAPE Loss    : 0.540754	 | 	Valid Accuracy     : 0.000404
lr                 : [2.9999999999999997e-05]


Epoch : 46
Train MSE Loss     : 1.000031	 | 	Train Accuracy     : nan
Valid MSE Loss     : 0.000409	 | 	Valid Accuracy     : 0.000409
Valid MAPE Loss    : 0.610420	 | 	Valid Accuracy     : 0.000409
lr                 : [3e-06]


Epoch : 47
Train MSE Loss     : 1.000016	 | 	Train Accuracy     : nan
Valid MSE Loss     : 0.000379	 | 	Valid Accuracy     : 0.000379
Valid MAPE Loss    : 0.150704	 | 	Valid Accuracy     : 0.000379
lr                 : [3e-06]


Epoch : 48
Train MSE Loss     : 1.000016	 | 	Train Accuracy     : nan
Valid MSE Loss     : 0.000380	 | 	Valid Accuracy     : 0.000380
Valid MAPE Loss    : 0.159600	 | 	Valid Accuracy     : 0.000380
lr                 : [3e-06]


Epoch : 49
Train MSE Loss     : 1.000015	 | 	Train Accuracy     : nan
Valid MSE Loss     : 0.000385	 | 	Valid Accuracy     : 0.000385
Valid MAPE Loss    : 0.314239	 | 	Valid Accuracy     : 0.000385
lr                 : [3e-06]


Epoch : 50
Train MSE Loss     : 1.000015	 | 	Train Accuracy     : nan
Valid MSE Loss     : 0.000380	 | 	Valid Accuracy     : 0.000380
Valid MAPE Loss    : 0.167503	 | 	Valid Accuracy     : 0.000380
lr                 : [3e-06]


Epoch : 51
Train MSE Loss     : 1.000014	 | 	Train Accuracy     : nan
Valid MSE Loss     : 0.000379	 | 	Valid Accuracy     : 0.000379
Valid MAPE Loss    : 0.153395	 | 	Valid Accuracy     : 0.000379
lr                 : [3e-06]


Epoch : 52
Train MSE Loss     : 1.000015	 | 	Train Accuracy     : nan
Valid MSE Loss     : 0.000380	 | 	Valid Accuracy     : 0.000380
Valid MAPE Loss    : 0.169724	 | 	Valid Accuracy     : 0.000380
lr                 : [3e-06]


Epoch : 53
Train MSE Loss     : 1.000015	 | 	Train Accuracy     : nan
Valid MSE Loss     : 0.000381	 | 	Valid Accuracy     : 0.000381
Valid MAPE Loss    : 0.183064	 | 	Valid Accuracy     : 0.000381
lr                 : [3e-06]


Epoch : 54
Train MSE Loss     : 1.000014	 | 	Train Accuracy     : nan
Valid MSE Loss     : 0.000380	 | 	Valid Accuracy     : 0.000380
Valid MAPE Loss    : 0.156177	 | 	Valid Accuracy     : 0.000380
lr                 : [3e-06]


Epoch : 55
Train MSE Loss     : 1.000014	 | 	Train Accuracy     : nan
Valid MSE Loss     : 0.000379	 | 	Valid Accuracy     : 0.000379
Valid MAPE Loss    : 0.150704	 | 	Valid Accuracy     : 0.000379
lr                 : [3e-06]


Epoch : 56
Train MSE Loss     : 1.000014	 | 	Train Accuracy     : nan
Valid MSE Loss     : 0.000380	 | 	Valid Accuracy     : 0.000380
Valid MAPE Loss    : 0.150786	 | 	Valid Accuracy     : 0.000380
lr                 : [3e-06]


Epoch : 57
Train MSE Loss     : 1.000014	 | 	Train Accuracy     : nan
Valid MSE Loss     : 0.000380	 | 	Valid Accuracy     : 0.000380
Valid MAPE Loss    : 0.152940	 | 	Valid Accuracy     : 0.000380
lr                 : [3e-06]


Epoch : 58
Train MSE Loss     : 1.000014	 | 	Train Accuracy     : nan
Valid MSE Loss     : 0.000379	 | 	Valid Accuracy     : 0.000379
Valid MAPE Loss    : 0.144032	 | 	Valid Accuracy     : 0.000379
lr                 : [3e-06]


Epoch : 59
Train MSE Loss     : 1.000014	 | 	Train Accuracy     : nan
Valid MSE Loss     : 0.000380	 | 	Valid Accuracy     : 0.000380
Valid MAPE Loss    : 0.171466	 | 	Valid Accuracy     : 0.000380
lr                 : [3e-06]


Epoch : 60
Train MSE Loss     : 1.000015	 | 	Train Accuracy     : nan
Valid MSE Loss     : 0.000381	 | 	Valid Accuracy     : 0.000381
Valid MAPE Loss    : 0.180885	 | 	Valid Accuracy     : 0.000381
lr                 : [3e-06]


Epoch : 61
Train MSE Loss     : 1.000014	 | 	Train Accuracy     : nan
Valid MSE Loss     : 0.000380	 | 	Valid Accuracy     : 0.000380
Valid MAPE Loss    : 0.151660	 | 	Valid Accuracy     : 0.000380
lr                 : [3e-06]


Epoch : 62
Train MSE Loss     : 1.000014	 | 	Train Accuracy     : nan
Valid MSE Loss     : 0.000380	 | 	Valid Accuracy     : 0.000380
Valid MAPE Loss    : 0.167518	 | 	Valid Accuracy     : 0.000380
lr                 : [3e-06]


Epoch : 63
Train MSE Loss     : 1.000014	 | 	Train Accuracy     : nan
Valid MSE Loss     : 0.000379	 | 	Valid Accuracy     : 0.000379
Valid MAPE Loss    : 0.147035	 | 	Valid Accuracy     : 0.000379
lr                 : [3e-06]


Epoch : 64
Train MSE Loss     : 1.000014	 | 	Train Accuracy     : nan
Valid MSE Loss     : 0.000380	 | 	Valid Accuracy     : 0.000380
Valid MAPE Loss    : 0.156679	 | 	Valid Accuracy     : 0.000380
lr                 : [3e-06]


Epoch : 65
Train MSE Loss     : 1.000014	 | 	Train Accuracy     : nan
Valid MSE Loss     : 0.000380	 | 	Valid Accuracy     : 0.000380
Valid MAPE Loss    : 0.157771	 | 	Valid Accuracy     : 0.000380
lr                 : [3e-06]


Epoch : 66
Train MSE Loss     : 1.000013	 | 	Train Accuracy     : nan
Valid MSE Loss     : 0.000379	 | 	Valid Accuracy     : 0.000379
Valid MAPE Loss    : 0.146524	 | 	Valid Accuracy     : 0.000379
lr                 : [3e-06]


Epoch : 67
Train MSE Loss     : 1.000013	 | 	Train Accuracy     : nan
Valid MSE Loss     : 0.000381	 | 	Valid Accuracy     : 0.000381
Valid MAPE Loss    : 0.175038	 | 	Valid Accuracy     : 0.000381
lr                 : [3e-06]


Epoch : 68
Train MSE Loss     : 1.000015	 | 	Train Accuracy     : nan
Valid MSE Loss     : 0.000380	 | 	Valid Accuracy     : 0.000380
Valid MAPE Loss    : 0.153292	 | 	Valid Accuracy     : 0.000380
lr                 : [3e-06]


Epoch : 69
Train MSE Loss     : 1.000013	 | 	Train Accuracy     : nan
Valid MSE Loss     : 0.000381	 | 	Valid Accuracy     : 0.000381
Valid MAPE Loss    : 0.200915	 | 	Valid Accuracy     : 0.000381
lr                 : [3.0000000000000004e-07]


Epoch : 70
Train MSE Loss     : 1.000013	 | 	Train Accuracy     : nan
Valid MSE Loss     : 0.000379	 | 	Valid Accuracy     : 0.000379
Valid MAPE Loss    : 0.163817	 | 	Valid Accuracy     : 0.000379
lr                 : [3.0000000000000004e-07]


Epoch : 71
Train MSE Loss     : 1.000013	 | 	Train Accuracy     : nan
Valid MSE Loss     : 0.000380	 | 	Valid Accuracy     : 0.000380
Valid MAPE Loss    : 0.148104	 | 	Valid Accuracy     : 0.000380
lr                 : [3.0000000000000004e-07]


Epoch : 72
Train MSE Loss     : 1.000013	 | 	Train Accuracy     : nan
Valid MSE Loss     : 0.000384	 | 	Valid Accuracy     : 0.000384
Valid MAPE Loss    : 0.254931	 | 	Valid Accuracy     : 0.000384
lr                 : [3.0000000000000004e-07]


Epoch : 73
Train MSE Loss     : 1.000013	 | 	Train Accuracy     : nan
Valid MSE Loss     : 0.000380	 | 	Valid Accuracy     : 0.000380
Valid MAPE Loss    : 0.161436	 | 	Valid Accuracy     : 0.000380
lr                 : [3.0000000000000004e-07]


Epoch : 74
Train MSE Loss     : 1.000013	 | 	Train Accuracy     : nan
Valid MSE Loss     : 0.000380	 | 	Valid Accuracy     : 0.000380
Valid MAPE Loss    : 0.151626	 | 	Valid Accuracy     : 0.000380
lr                 : [3.0000000000000004e-07]


Epoch : 75
Train MSE Loss     : 1.000013	 | 	Train Accuracy     : nan
Valid MSE Loss     : 0.000381	 | 	Valid Accuracy     : 0.000381
Valid MAPE Loss    : 0.228173	 | 	Valid Accuracy     : 0.000381
lr                 : [3.0000000000000004e-07]


Epoch : 76
Train MSE Loss     : 1.000013	 | 	Train Accuracy     : nan
Valid MSE Loss     : 0.000380	 | 	Valid Accuracy     : 0.000380
Valid MAPE Loss    : 0.151848	 | 	Valid Accuracy     : 0.000380
lr                 : [3.0000000000000004e-07]


Epoch : 77
Train MSE Loss     : 1.000013	 | 	Train Accuracy     : nan
Valid MSE Loss     : 0.000380	 | 	Valid Accuracy     : 0.000380
Valid MAPE Loss    : 0.151114	 | 	Valid Accuracy     : 0.000380
lr                 : [3.0000000000000004e-07]


Epoch : 78
Train MSE Loss     : 1.000013	 | 	Train Accuracy     : nan
Valid MSE Loss     : 0.000380	 | 	Valid Accuracy     : 0.000380
Valid MAPE Loss    : 0.159162	 | 	Valid Accuracy     : 0.000380
lr                 : [3.0000000000000004e-07]


Epoch : 79
Train MSE Loss     : 1.000013	 | 	Train Accuracy     : nan
Valid MSE Loss     : 0.000380	 | 	Valid Accuracy     : 0.000380
Valid MAPE Loss    : 0.178447	 | 	Valid Accuracy     : 0.000380
lr                 : [3.0000000000000004e-07]


Epoch : 80
Train MSE Loss     : 1.000013	 | 	Train Accuracy     : nan
Valid MSE Loss     : 0.000380	 | 	Valid Accuracy     : 0.000380
Valid MAPE Loss    : 0.182746	 | 	Valid Accuracy     : 0.000380
lr                 : [3.0000000000000004e-08]


Epoch : 81
Train MSE Loss     : 1.000014	 | 	Train Accuracy     : nan
Valid MSE Loss     : 0.000379	 | 	Valid Accuracy     : 0.000379
Valid MAPE Loss    : 0.145439	 | 	Valid Accuracy     : 0.000379
lr                 : [3.0000000000000004e-08]


Epoch : 82
Train MSE Loss     : 1.000013	 | 	Train Accuracy     : nan
Valid MSE Loss     : 0.000380	 | 	Valid Accuracy     : 0.000380
Valid MAPE Loss    : 0.169681	 | 	Valid Accuracy     : 0.000380
lr                 : [3.0000000000000004e-08]


Epoch : 83
Train MSE Loss     : 1.000013	 | 	Train Accuracy     : nan
Valid MSE Loss     : 0.000380	 | 	Valid Accuracy     : 0.000380
Valid MAPE Loss    : 0.156159	 | 	Valid Accuracy     : 0.000380
lr                 : [3.0000000000000004e-08]


Epoch : 84
Train MSE Loss     : 1.000013	 | 	Train Accuracy     : nan
Valid MSE Loss     : 0.000379	 | 	Valid Accuracy     : 0.000379
Valid MAPE Loss    : 0.147015	 | 	Valid Accuracy     : 0.000379
lr                 : [3.0000000000000004e-08]


Epoch : 85
Train MSE Loss     : 1.000013	 | 	Train Accuracy     : nan
Valid MSE Loss     : 0.000382	 | 	Valid Accuracy     : 0.000382
Valid MAPE Loss    : 0.198609	 | 	Valid Accuracy     : 0.000382
lr                 : [3.0000000000000004e-08]


Epoch : 86
Train MSE Loss     : 1.000012	 | 	Train Accuracy     : nan
Valid MSE Loss     : 0.000380	 | 	Valid Accuracy     : 0.000380
Valid MAPE Loss    : 0.176725	 | 	Valid Accuracy     : 0.000380
lr                 : [3.0000000000000004e-08]


Epoch : 87
Train MSE Loss     : 1.000013	 | 	Train Accuracy     : nan
Valid MSE Loss     : 0.000380	 | 	Valid Accuracy     : 0.000380
Valid MAPE Loss    : 0.165822	 | 	Valid Accuracy     : 0.000380
lr                 : [3.0000000000000004e-08]


Epoch : 88
Train MSE Loss     : 1.000013	 | 	Train Accuracy     : nan
Valid MSE Loss     : 0.000380	 | 	Valid Accuracy     : 0.000380
Valid MAPE Loss    : 0.153607	 | 	Valid Accuracy     : 0.000380
lr                 : [3.0000000000000004e-08]


Epoch : 89
Train MSE Loss     : 1.000014	 | 	Train Accuracy     : nan
Valid MSE Loss     : 0.000381	 | 	Valid Accuracy     : 0.000381
Valid MAPE Loss    : 0.187096	 | 	Valid Accuracy     : 0.000381
lr                 : [3.0000000000000004e-08]


Epoch : 90
Train MSE Loss     : 1.000013	 | 	Train Accuracy     : nan
Valid MSE Loss     : 0.000379	 | 	Valid Accuracy     : 0.000379
Valid MAPE Loss    : 0.145976	 | 	Valid Accuracy     : 0.000379
lr                 : [3.0000000000000004e-08]


Epoch : 91
Train MSE Loss     : 1.000013	 | 	Train Accuracy     : nan
Valid MSE Loss     : 0.000380	 | 	Valid Accuracy     : 0.000380
Valid MAPE Loss    : 0.154708	 | 	Valid Accuracy     : 0.000380
lr                 : [3.0000000000000004e-09]


Epoch : 92
Train MSE Loss     : 1.000013	 | 	Train Accuracy     : nan
Valid MSE Loss     : 0.000380	 | 	Valid Accuracy     : 0.000380
Valid MAPE Loss    : 0.156692	 | 	Valid Accuracy     : 0.000380
lr                 : [3.0000000000000004e-09]


Epoch : 93
Train MSE Loss     : 1.000013	 | 	Train Accuracy     : nan
Valid MSE Loss     : 0.000380	 | 	Valid Accuracy     : 0.000380
Valid MAPE Loss    : 0.156504	 | 	Valid Accuracy     : 0.000380
lr                 : [3.0000000000000004e-09]


Epoch : 94
Train MSE Loss     : 1.000013	 | 	Train Accuracy     : nan
Valid MSE Loss     : 0.000381	 | 	Valid Accuracy     : 0.000381
Valid MAPE Loss    : 0.198356	 | 	Valid Accuracy     : 0.000381
lr                 : [3.0000000000000004e-09]


Epoch : 95
Train MSE Loss     : 1.000014	 | 	Train Accuracy     : nan
Valid MSE Loss     : 0.000379	 | 	Valid Accuracy     : 0.000379
Valid MAPE Loss    : 0.146398	 | 	Valid Accuracy     : 0.000379
lr                 : [3.0000000000000004e-09]


Epoch : 96
Train MSE Loss     : 1.000013	 | 	Train Accuracy     : nan
Valid MSE Loss     : 0.000380	 | 	Valid Accuracy     : 0.000380
Valid MAPE Loss    : 0.182166	 | 	Valid Accuracy     : 0.000380
lr                 : [3.0000000000000004e-09]


Epoch : 97
Train MSE Loss     : 1.000013	 | 	Train Accuracy     : nan
Valid MSE Loss     : 0.000380	 | 	Valid Accuracy     : 0.000380
Valid MAPE Loss    : 0.156746	 | 	Valid Accuracy     : 0.000380
lr                 : [3.0000000000000004e-09]


Epoch : 98
Train MSE Loss     : 1.000013	 | 	Train Accuracy     : nan
Valid MSE Loss     : 0.000380	 | 	Valid Accuracy     : 0.000380
Valid MAPE Loss    : 0.172621	 | 	Valid Accuracy     : 0.000380
lr                 : [3.0000000000000004e-09]


Epoch : 99
Train MSE Loss     : 1.000013	 | 	Train Accuracy     : nan
Valid MSE Loss     : 0.000380	 | 	Valid Accuracy     : 0.000380
Valid MAPE Loss    : 0.154768	 | 	Valid Accuracy     : 0.000380
lr                 : [3.0000000000000004e-09]


Epoch : 100
Train MSE Loss     : 1.000013	 | 	Train Accuracy     : nan
Valid MSE Loss     : 0.000380	 | 	Valid Accuracy     : 0.000380
Valid MAPE Loss    : 0.163885	 | 	Valid Accuracy     : 0.000380
lr                 : [3.0000000000000004e-09]


Epoch : 101
Train MSE Loss     : 1.000013	 | 	Train Accuracy     : nan
Valid MSE Loss     : 0.000380	 | 	Valid Accuracy     : 0.000380
Valid MAPE Loss    : 0.155643	 | 	Valid Accuracy     : 0.000380
lr                 : [3.0000000000000004e-09]


Epoch : 102
Train MSE Loss     : 1.000013	 | 	Train Accuracy     : nan
Valid MSE Loss     : 0.000380	 | 	Valid Accuracy     : 0.000380
Valid MAPE Loss    : 0.151625	 | 	Valid Accuracy     : 0.000380
lr                 : [3.0000000000000004e-09]


Epoch : 103
Train MSE Loss     : 1.000013	 | 	Train Accuracy     : nan
Valid MSE Loss     : 0.000380	 | 	Valid Accuracy     : 0.000380
Valid MAPE Loss    : 0.148306	 | 	Valid Accuracy     : 0.000380
lr                 : [3.0000000000000004e-09]


Epoch : 104
Train MSE Loss     : 1.000013	 | 	Train Accuracy     : nan
Valid MSE Loss     : 0.000380	 | 	Valid Accuracy     : 0.000380
Valid MAPE Loss    : 0.180469	 | 	Valid Accuracy     : 0.000380
lr                 : [3.0000000000000004e-09]


Epoch : 105
Train MSE Loss     : 1.000013	 | 	Train Accuracy     : nan
Valid MSE Loss     : 0.000381	 | 	Valid Accuracy     : 0.000381
Valid MAPE Loss    : 0.171894	 | 	Valid Accuracy     : 0.000381
lr                 : [3.0000000000000004e-09]


Epoch : 106
Train MSE Loss     : 1.000013	 | 	Train Accuracy     : nan
Valid MSE Loss     : 0.000380	 | 	Valid Accuracy     : 0.000380
Valid MAPE Loss    : 0.155718	 | 	Valid Accuracy     : 0.000380
lr                 : [3.0000000000000004e-09]


Epoch : 107
Train MSE Loss     : 1.000013	 | 	Train Accuracy     : nan
Valid MSE Loss     : 0.000380	 | 	Valid Accuracy     : 0.000380
Valid MAPE Loss    : 0.165650	 | 	Valid Accuracy     : 0.000380
lr                 : [3.0000000000000004e-09]


Epoch : 108
Train MSE Loss     : 1.000013	 | 	Train Accuracy     : nan
Valid MSE Loss     : 0.000380	 | 	Valid Accuracy     : 0.000380
Valid MAPE Loss    : 0.149247	 | 	Valid Accuracy     : 0.000380
lr                 : [3.0000000000000004e-09]


Epoch : 109
Train MSE Loss     : 1.000014	 | 	Train Accuracy     : nan
Valid MSE Loss     : 0.000380	 | 	Valid Accuracy     : 0.000380
Valid MAPE Loss    : 0.149960	 | 	Valid Accuracy     : 0.000380
lr                 : [3.0000000000000004e-09]


Epoch : 110
Train MSE Loss     : 1.000013	 | 	Train Accuracy     : nan
Valid MSE Loss     : 0.000380	 | 	Valid Accuracy     : 0.000380
Valid MAPE Loss    : 0.169671	 | 	Valid Accuracy     : 0.000380
lr                 : [3.0000000000000004e-09]


Epoch : 111
Train MSE Loss     : 1.000013	 | 	Train Accuracy     : nan
Valid MSE Loss     : 0.000379	 | 	Valid Accuracy     : 0.000379
Valid MAPE Loss    : 0.149243	 | 	Valid Accuracy     : 0.000379
lr                 : [3.0000000000000004e-09]


Epoch : 112
Train MSE Loss     : 1.000013	 | 	Train Accuracy     : nan
Valid MSE Loss     : 0.000379	 | 	Valid Accuracy     : 0.000379
Valid MAPE Loss    : 0.151173	 | 	Valid Accuracy     : 0.000379
lr                 : [3.0000000000000004e-09]


Epoch : 113
Train MSE Loss     : 1.000013	 | 	Train Accuracy     : nan
Valid MSE Loss     : 0.000380	 | 	Valid Accuracy     : 0.000380
Valid MAPE Loss    : 0.180626	 | 	Valid Accuracy     : 0.000380
lr                 : [3.0000000000000004e-09]


Epoch : 114
Train MSE Loss     : 1.000013	 | 	Train Accuracy     : nan
Valid MSE Loss     : 0.000382	 | 	Valid Accuracy     : 0.000382
Valid MAPE Loss    : 0.198029	 | 	Valid Accuracy     : 0.000382
lr                 : [3.0000000000000004e-09]


Epoch : 115
Train MSE Loss     : 1.000013	 | 	Train Accuracy     : nan
Valid MSE Loss     : 0.000380	 | 	Valid Accuracy     : 0.000380
Valid MAPE Loss    : 0.157546	 | 	Valid Accuracy     : 0.000380
lr                 : [3.0000000000000004e-09]


Epoch : 116
Train MSE Loss     : 1.000013	 | 	Train Accuracy     : nan
Valid MSE Loss     : 0.000380	 | 	Valid Accuracy     : 0.000380
Valid MAPE Loss    : 0.157973	 | 	Valid Accuracy     : 0.000380
lr                 : [3.0000000000000004e-09]


Epoch : 117
Train MSE Loss     : 1.000013	 | 	Train Accuracy     : nan
Valid MSE Loss     : 0.000380	 | 	Valid Accuracy     : 0.000380
Valid MAPE Loss    : 0.178318	 | 	Valid Accuracy     : 0.000380
lr                 : [3.0000000000000004e-09]


Epoch : 118
Train MSE Loss     : 1.000013	 | 	Train Accuracy     : nan
Valid MSE Loss     : 0.000380	 | 	Valid Accuracy     : 0.000380
Valid MAPE Loss    : 0.149448	 | 	Valid Accuracy     : 0.000380
lr                 : [3.0000000000000004e-09]


Epoch : 119
Train MSE Loss     : 1.000013	 | 	Train Accuracy     : nan
Valid MSE Loss     : 0.000380	 | 	Valid Accuracy     : 0.000380
Valid MAPE Loss    : 0.148795	 | 	Valid Accuracy     : 0.000380
lr                 : [3.0000000000000004e-09]


Epoch : 120
Train MSE Loss     : 1.000013	 | 	Train Accuracy     : nan
Valid MSE Loss     : 0.000380	 | 	Valid Accuracy     : 0.000380
Valid MAPE Loss    : 0.148168	 | 	Valid Accuracy     : 0.000380
lr                 : [3.0000000000000004e-09]


Epoch : 121
Train MSE Loss     : 1.000013	 | 	Train Accuracy     : nan
Valid MSE Loss     : 0.000380	 | 	Valid Accuracy     : 0.000380
Valid MAPE Loss    : 0.166921	 | 	Valid Accuracy     : 0.000380
lr                 : [3.0000000000000004e-09]


Epoch : 122
Train MSE Loss     : 1.000013	 | 	Train Accuracy     : nan
Valid MSE Loss     : 0.000380	 | 	Valid Accuracy     : 0.000380
Valid MAPE Loss    : 0.149663	 | 	Valid Accuracy     : 0.000380
lr                 : [3.0000000000000004e-09]


Epoch : 123
Train MSE Loss     : 1.000013	 | 	Train Accuracy     : nan
Valid MSE Loss     : 0.000381	 | 	Valid Accuracy     : 0.000381
Valid MAPE Loss    : 0.185652	 | 	Valid Accuracy     : 0.000381
lr                 : [3.0000000000000004e-09]


Epoch : 124
Train MSE Loss     : 1.000013	 | 	Train Accuracy     : nan
Valid MSE Loss     : 0.000380	 | 	Valid Accuracy     : 0.000380
Valid MAPE Loss    : 0.166876	 | 	Valid Accuracy     : 0.000380
lr                 : [3.0000000000000004e-09]


Epoch : 125
Train MSE Loss     : 1.000013	 | 	Train Accuracy     : nan
Valid MSE Loss     : 0.000381	 | 	Valid Accuracy     : 0.000381
Valid MAPE Loss    : 0.163159	 | 	Valid Accuracy     : 0.000381
lr                 : [3.0000000000000004e-09]


Epoch : 126
Train MSE Loss     : 1.000013	 | 	Train Accuracy     : nan
Valid MSE Loss     : 0.000380	 | 	Valid Accuracy     : 0.000380
Valid MAPE Loss    : 0.151699	 | 	Valid Accuracy     : 0.000380
lr                 : [3.0000000000000004e-09]


Epoch : 127
Train MSE Loss     : 1.000013	 | 	Train Accuracy     : nan
Valid MSE Loss     : 0.000380	 | 	Valid Accuracy     : 0.000380
Valid MAPE Loss    : 0.180597	 | 	Valid Accuracy     : 0.000380
lr                 : [3.0000000000000004e-09]


Epoch : 128
Train MSE Loss     : 1.000013	 | 	Train Accuracy     : nan
Valid MSE Loss     : 0.000380	 | 	Valid Accuracy     : 0.000380
Valid MAPE Loss    : 0.172780	 | 	Valid Accuracy     : 0.000380
lr                 : [3.0000000000000004e-09]


Epoch : 129
Train MSE Loss     : 1.000013	 | 	Train Accuracy     : nan
Valid MSE Loss     : 0.000380	 | 	Valid Accuracy     : 0.000380
Valid MAPE Loss    : 0.159512	 | 	Valid Accuracy     : 0.000380
lr                 : [3.0000000000000004e-09]


Epoch : 130
Train MSE Loss     : 1.000013	 | 	Train Accuracy     : nan
Valid MSE Loss     : 0.000380	 | 	Valid Accuracy     : 0.000380
Valid MAPE Loss    : 0.152607	 | 	Valid Accuracy     : 0.000380
lr                 : [3.0000000000000004e-09]


Epoch : 131
Train MSE Loss     : 1.000013	 | 	Train Accuracy     : nan
Valid MSE Loss     : 0.000381	 | 	Valid Accuracy     : 0.000381
Valid MAPE Loss    : 0.173986	 | 	Valid Accuracy     : 0.000381
lr                 : [3.0000000000000004e-09]


Epoch : 132
Train MSE Loss     : 1.000013	 | 	Train Accuracy     : nan
Valid MSE Loss     : 0.000380	 | 	Valid Accuracy     : 0.000380
Valid MAPE Loss    : 0.157448	 | 	Valid Accuracy     : 0.000380
lr                 : [3.0000000000000004e-09]


Epoch : 133
Train MSE Loss     : 1.000013	 | 	Train Accuracy     : nan
Valid MSE Loss     : 0.000380	 | 	Valid Accuracy     : 0.000380
Valid MAPE Loss    : 0.159649	 | 	Valid Accuracy     : 0.000380
lr                 : [3.0000000000000004e-09]


Epoch : 134
Train MSE Loss     : 1.000013	 | 	Train Accuracy     : nan
Valid MSE Loss     : 0.000380	 | 	Valid Accuracy     : 0.000380
Valid MAPE Loss    : 0.159546	 | 	Valid Accuracy     : 0.000380
lr                 : [3.0000000000000004e-09]


Epoch : 135
Train MSE Loss     : 1.000013	 | 	Train Accuracy     : nan
Valid MSE Loss     : 0.000380	 | 	Valid Accuracy     : 0.000380
Valid MAPE Loss    : 0.147603	 | 	Valid Accuracy     : 0.000380
lr                 : [3.0000000000000004e-09]


Epoch : 136
Train MSE Loss     : 1.000013	 | 	Train Accuracy     : nan
Valid MSE Loss     : 0.000379	 | 	Valid Accuracy     : 0.000379
Valid MAPE Loss    : 0.146781	 | 	Valid Accuracy     : 0.000379
lr                 : [3.0000000000000004e-09]


Epoch : 137
Train MSE Loss     : 1.000013	 | 	Train Accuracy     : nan
Valid MSE Loss     : 0.000380	 | 	Valid Accuracy     : 0.000380
Valid MAPE Loss    : 0.146992	 | 	Valid Accuracy     : 0.000380
lr                 : [3.0000000000000004e-09]


Epoch : 138
Train MSE Loss     : 1.000013	 | 	Train Accuracy     : nan
Valid MSE Loss     : 0.000380	 | 	Valid Accuracy     : 0.000380
Valid MAPE Loss    : 0.158661	 | 	Valid Accuracy     : 0.000380
lr                 : [3.0000000000000004e-09]


Epoch : 139
Train MSE Loss     : 1.000013	 | 	Train Accuracy     : nan
Valid MSE Loss     : 0.000380	 | 	Valid Accuracy     : 0.000380
Valid MAPE Loss    : 0.167072	 | 	Valid Accuracy     : 0.000380
lr                 : [3.0000000000000004e-09]


Epoch : 140
Train MSE Loss     : 1.000013	 | 	Train Accuracy     : nan
Valid MSE Loss     : 0.000380	 | 	Valid Accuracy     : 0.000380
Valid MAPE Loss    : 0.152035	 | 	Valid Accuracy     : 0.000380
lr                 : [3.0000000000000004e-09]


Epoch : 141
Train MSE Loss     : 1.000013	 | 	Train Accuracy     : nan
Valid MSE Loss     : 0.000380	 | 	Valid Accuracy     : 0.000380
Valid MAPE Loss    : 0.149603	 | 	Valid Accuracy     : 0.000380
lr                 : [3.0000000000000004e-09]


Epoch : 142
Train MSE Loss     : 1.000013	 | 	Train Accuracy     : nan
Valid MSE Loss     : 0.000380	 | 	Valid Accuracy     : 0.000380
Valid MAPE Loss    : 0.149984	 | 	Valid Accuracy     : 0.000380
lr                 : [3.0000000000000004e-09]


Epoch : 143
Train MSE Loss     : 1.000013	 | 	Train Accuracy     : nan
Valid MSE Loss     : 0.000380	 | 	Valid Accuracy     : 0.000380
Valid MAPE Loss    : 0.167335	 | 	Valid Accuracy     : 0.000380
lr                 : [3.0000000000000004e-09]


Epoch : 144
Train MSE Loss     : 1.000013	 | 	Train Accuracy     : nan
Valid MSE Loss     : 0.000380	 | 	Valid Accuracy     : 0.000380
Valid MAPE Loss    : 0.155215	 | 	Valid Accuracy     : 0.000380
lr                 : [3.0000000000000004e-09]


Epoch : 145
Train MSE Loss     : 1.000013	 | 	Train Accuracy     : nan
Valid MSE Loss     : 0.000380	 | 	Valid Accuracy     : 0.000380
Valid MAPE Loss    : 0.177261	 | 	Valid Accuracy     : 0.000380
lr                 : [3.0000000000000004e-09]


Epoch : 146
Train MSE Loss     : 1.000013	 | 	Train Accuracy     : nan
Valid MSE Loss     : 0.000379	 | 	Valid Accuracy     : 0.000379
Valid MAPE Loss    : 0.146517	 | 	Valid Accuracy     : 0.000379
lr                 : [3.0000000000000004e-09]


Epoch : 147
Train MSE Loss     : 1.000013	 | 	Train Accuracy     : nan
Valid MSE Loss     : 0.000380	 | 	Valid Accuracy     : 0.000380
Valid MAPE Loss    : 0.149380	 | 	Valid Accuracy     : 0.000380
lr                 : [3.0000000000000004e-09]


Epoch : 148
Train MSE Loss     : 1.000013	 | 	Train Accuracy     : nan
Valid MSE Loss     : 0.000380	 | 	Valid Accuracy     : 0.000380
Valid MAPE Loss    : 0.175142	 | 	Valid Accuracy     : 0.000380
lr                 : [3.0000000000000004e-09]


Epoch : 149
Train MSE Loss     : 1.000013	 | 	Train Accuracy     : nan
Valid MSE Loss     : 0.000379	 | 	Valid Accuracy     : 0.000379
Valid MAPE Loss    : 0.146184	 | 	Valid Accuracy     : 0.000379
lr                 : [3.0000000000000004e-09]


Epoch : 150
Train MSE Loss     : 1.000013	 | 	Train Accuracy     : nan
Valid MSE Loss     : 0.000380	 | 	Valid Accuracy     : 0.000380
Valid MAPE Loss    : 0.148441	 | 	Valid Accuracy     : 0.000380
lr                 : [3.0000000000000004e-09]


Evaluate on the Test set:
Test MAPE loss      :0.124965	 | Test MSE loss      : 0.000005

################## Training is Done! #########################
Training time is : 2:31:29.465154
