=============================================
Dataset: cell_XJTU_batch2_prepocess_data
Mode:    supervised_with_contrast
=============================================
Data loaded ...
Training started ....

Epoch : 1
Train MSE Loss     : 1.209174	 | 	Train Accuracy     : nan
Valid MSE Loss     : 0.049648	 | 	Valid Accuracy     : 0.049648
Valid MAPE Loss    : 10.935864	 | 	Valid Accuracy     : 0.049648
lr                 : [0.0003]


Epoch : 2
Train MSE Loss     : 1.011820	 | 	Train Accuracy     : nan
Valid MSE Loss     : 0.007236	 | 	Valid Accuracy     : 0.007236
Valid MAPE Loss    : 4.211335	 | 	Valid Accuracy     : 0.007236
lr                 : [0.0003]


Epoch : 3
Train MSE Loss     : 1.012902	 | 	Train Accuracy     : nan
Valid MSE Loss     : 0.001461	 | 	Valid Accuracy     : 0.001461
Valid MAPE Loss    : 1.455837	 | 	Valid Accuracy     : 0.001461
lr                 : [0.0003]


Epoch : 4
Train MSE Loss     : 1.008548	 | 	Train Accuracy     : nan
Valid MSE Loss     : 0.005310	 | 	Valid Accuracy     : 0.005310
Valid MAPE Loss    : 3.371010	 | 	Valid Accuracy     : 0.005310
lr                 : [0.0003]


Epoch : 5
Train MSE Loss     : 1.004774	 | 	Train Accuracy     : nan
Valid MSE Loss     : 0.002417	 | 	Valid Accuracy     : 0.002417
Valid MAPE Loss    : 2.165082	 | 	Valid Accuracy     : 0.002417
lr                 : [0.0003]


Epoch : 6
Train MSE Loss     : 1.006349	 | 	Train Accuracy     : nan
Valid MSE Loss     : 0.003229	 | 	Valid Accuracy     : 0.003229
Valid MAPE Loss    : 2.294553	 | 	Valid Accuracy     : 0.003229
lr                 : [0.0003]


Epoch : 7
Train MSE Loss     : 1.005062	 | 	Train Accuracy     : nan
Valid MSE Loss     : 0.007112	 | 	Valid Accuracy     : 0.007112
Valid MAPE Loss    : 4.070966	 | 	Valid Accuracy     : 0.007112
lr                 : [0.0003]


Epoch : 8
Train MSE Loss     : 1.004729	 | 	Train Accuracy     : nan
Valid MSE Loss     : 0.002229	 | 	Valid Accuracy     : 0.002229
Valid MAPE Loss    : 2.005131	 | 	Valid Accuracy     : 0.002229
lr                 : [0.0003]


Epoch : 9
Train MSE Loss     : 1.001977	 | 	Train Accuracy     : nan
Valid MSE Loss     : 0.000977	 | 	Valid Accuracy     : 0.000977
Valid MAPE Loss    : 1.198390	 | 	Valid Accuracy     : 0.000977
lr                 : [0.0003]


Epoch : 10
Train MSE Loss     : 1.001853	 | 	Train Accuracy     : nan
Valid MSE Loss     : 0.001275	 | 	Valid Accuracy     : 0.001275
Valid MAPE Loss    : 1.411989	 | 	Valid Accuracy     : 0.001275
lr                 : [0.0003]


Epoch : 11
Train MSE Loss     : 1.009873	 | 	Train Accuracy     : nan
Valid MSE Loss     : 0.006682	 | 	Valid Accuracy     : 0.006682
Valid MAPE Loss    : 4.096678	 | 	Valid Accuracy     : 0.006682
lr                 : [0.0003]


Epoch : 12
Train MSE Loss     : 1.002941	 | 	Train Accuracy     : nan
Valid MSE Loss     : 0.002767	 | 	Valid Accuracy     : 0.002767
Valid MAPE Loss    : 2.453816	 | 	Valid Accuracy     : 0.002767
lr                 : [0.0003]


Epoch : 13
Train MSE Loss     : 1.003291	 | 	Train Accuracy     : nan
Valid MSE Loss     : 0.002004	 | 	Valid Accuracy     : 0.002004
Valid MAPE Loss    : 2.111732	 | 	Valid Accuracy     : 0.002004
lr                 : [0.0003]


Epoch : 14
Train MSE Loss     : 1.003547	 | 	Train Accuracy     : nan
Valid MSE Loss     : 0.003012	 | 	Valid Accuracy     : 0.003012
Valid MAPE Loss    : 2.629350	 | 	Valid Accuracy     : 0.003012
lr                 : [0.0003]


Epoch : 15
Train MSE Loss     : 1.008175	 | 	Train Accuracy     : nan
Valid MSE Loss     : 0.010536	 | 	Valid Accuracy     : 0.010536
Valid MAPE Loss    : 5.259432	 | 	Valid Accuracy     : 0.010536
lr                 : [0.0003]


Epoch : 16
Train MSE Loss     : 1.003784	 | 	Train Accuracy     : nan
Valid MSE Loss     : 0.000737	 | 	Valid Accuracy     : 0.000737
Valid MAPE Loss    : 0.979942	 | 	Valid Accuracy     : 0.000737
lr                 : [0.0003]


Epoch : 17
Train MSE Loss     : 1.001452	 | 	Train Accuracy     : nan
Valid MSE Loss     : 0.003373	 | 	Valid Accuracy     : 0.003373
Valid MAPE Loss    : 2.844218	 | 	Valid Accuracy     : 0.003373
lr                 : [0.0003]


Epoch : 18
Train MSE Loss     : 1.002682	 | 	Train Accuracy     : nan
Valid MSE Loss     : 0.001781	 | 	Valid Accuracy     : 0.001781
Valid MAPE Loss    : 1.657204	 | 	Valid Accuracy     : 0.001781
lr                 : [0.0003]


Epoch : 19
Train MSE Loss     : 1.002792	 | 	Train Accuracy     : nan
Valid MSE Loss     : 0.000757	 | 	Valid Accuracy     : 0.000757
Valid MAPE Loss    : 0.896448	 | 	Valid Accuracy     : 0.000757
lr                 : [0.0003]


Epoch : 20
Train MSE Loss     : 1.002148	 | 	Train Accuracy     : nan
Valid MSE Loss     : 0.001838	 | 	Valid Accuracy     : 0.001838
Valid MAPE Loss    : 1.982246	 | 	Valid Accuracy     : 0.001838
lr                 : [0.0003]


Epoch : 21
Train MSE Loss     : 1.001984	 | 	Train Accuracy     : nan
Valid MSE Loss     : 0.000882	 | 	Valid Accuracy     : 0.000882
Valid MAPE Loss    : 1.038653	 | 	Valid Accuracy     : 0.000882
lr                 : [0.0003]


Epoch : 22
Train MSE Loss     : 1.002234	 | 	Train Accuracy     : nan
Valid MSE Loss     : 0.000786	 | 	Valid Accuracy     : 0.000786
Valid MAPE Loss    : 0.892614	 | 	Valid Accuracy     : 0.000786
lr                 : [0.0003]


Epoch : 23
Train MSE Loss     : 1.001826	 | 	Train Accuracy     : nan
Valid MSE Loss     : 0.005273	 | 	Valid Accuracy     : 0.005273
Valid MAPE Loss    : 3.377251	 | 	Valid Accuracy     : 0.005273
lr                 : [0.0003]


Epoch : 24
Train MSE Loss     : 1.001293	 | 	Train Accuracy     : nan
Valid MSE Loss     : 0.000980	 | 	Valid Accuracy     : 0.000980
Valid MAPE Loss    : 0.991086	 | 	Valid Accuracy     : 0.000980
lr                 : [0.0003]


Epoch : 25
Train MSE Loss     : 1.002297	 | 	Train Accuracy     : nan
Valid MSE Loss     : 0.002883	 | 	Valid Accuracy     : 0.002883
Valid MAPE Loss    : 2.583723	 | 	Valid Accuracy     : 0.002883
lr                 : [0.0003]


Epoch : 26
Train MSE Loss     : 1.001702	 | 	Train Accuracy     : nan
Valid MSE Loss     : 0.007215	 | 	Valid Accuracy     : 0.007215
Valid MAPE Loss    : 4.358108	 | 	Valid Accuracy     : 0.007215
lr                 : [0.0003]


Epoch : 27
Train MSE Loss     : 1.001669	 | 	Train Accuracy     : nan
Valid MSE Loss     : 0.002175	 | 	Valid Accuracy     : 0.002175
Valid MAPE Loss    : 2.146364	 | 	Valid Accuracy     : 0.002175
lr                 : [0.0003]


Epoch : 28
Train MSE Loss     : 1.001663	 | 	Train Accuracy     : nan
Valid MSE Loss     : 0.004197	 | 	Valid Accuracy     : 0.004197
Valid MAPE Loss    : 3.235962	 | 	Valid Accuracy     : 0.004197
lr                 : [0.0003]


Epoch : 29
Train MSE Loss     : 1.008883	 | 	Train Accuracy     : nan
Valid MSE Loss     : 0.007513	 | 	Valid Accuracy     : 0.007513
Valid MAPE Loss    : 4.448524	 | 	Valid Accuracy     : 0.007513
lr                 : [0.0003]


Epoch : 30
Train MSE Loss     : 1.011332	 | 	Train Accuracy     : nan
Valid MSE Loss     : 0.046496	 | 	Valid Accuracy     : 0.046496
Valid MAPE Loss    : 11.302470	 | 	Valid Accuracy     : 0.046496
lr                 : [0.0003]


Epoch : 31
Train MSE Loss     : 1.010528	 | 	Train Accuracy     : nan
Valid MSE Loss     : 0.000710	 | 	Valid Accuracy     : 0.000710
Valid MAPE Loss    : 0.849672	 | 	Valid Accuracy     : 0.000710
lr                 : [0.0003]


Epoch : 32
Train MSE Loss     : 1.001533	 | 	Train Accuracy     : nan
Valid MSE Loss     : 0.000666	 | 	Valid Accuracy     : 0.000666
Valid MAPE Loss    : 0.748828	 | 	Valid Accuracy     : 0.000666
lr                 : [0.0003]


Epoch : 33
Train MSE Loss     : 1.003171	 | 	Train Accuracy     : nan
Valid MSE Loss     : 0.001023	 | 	Valid Accuracy     : 0.001023
Valid MAPE Loss    : 1.224417	 | 	Valid Accuracy     : 0.001023
lr                 : [0.0003]


Epoch : 34
Train MSE Loss     : 1.001363	 | 	Train Accuracy     : nan
Valid MSE Loss     : 0.001211	 | 	Valid Accuracy     : 0.001211
Valid MAPE Loss    : 1.439749	 | 	Valid Accuracy     : 0.001211
lr                 : [0.0003]


Epoch : 35
Train MSE Loss     : 1.001720	 | 	Train Accuracy     : nan
Valid MSE Loss     : 0.008581	 | 	Valid Accuracy     : 0.008581
Valid MAPE Loss    : 4.708432	 | 	Valid Accuracy     : 0.008581
lr                 : [0.0003]


Epoch : 36
Train MSE Loss     : 1.001751	 | 	Train Accuracy     : nan
Valid MSE Loss     : 0.001708	 | 	Valid Accuracy     : 0.001708
Valid MAPE Loss    : 1.872463	 | 	Valid Accuracy     : 0.001708
lr                 : [0.0003]


Epoch : 37
Train MSE Loss     : 1.002503	 | 	Train Accuracy     : nan
Valid MSE Loss     : 0.002243	 | 	Valid Accuracy     : 0.002243
Valid MAPE Loss    : 2.104450	 | 	Valid Accuracy     : 0.002243
lr                 : [0.0003]


Epoch : 38
Train MSE Loss     : 1.002223	 | 	Train Accuracy     : nan
Valid MSE Loss     : 0.003057	 | 	Valid Accuracy     : 0.003057
Valid MAPE Loss    : 2.623174	 | 	Valid Accuracy     : 0.003057
lr                 : [0.0003]


Epoch : 39
Train MSE Loss     : 1.000994	 | 	Train Accuracy     : nan
Valid MSE Loss     : 0.001277	 | 	Valid Accuracy     : 0.001277
Valid MAPE Loss    : 1.483578	 | 	Valid Accuracy     : 0.001277
lr                 : [0.0003]


Epoch : 40
Train MSE Loss     : 1.005433	 | 	Train Accuracy     : nan
Valid MSE Loss     : 0.000725	 | 	Valid Accuracy     : 0.000725
Valid MAPE Loss    : 0.823918	 | 	Valid Accuracy     : 0.000725
lr                 : [0.0003]


Epoch : 41
Train MSE Loss     : 1.002311	 | 	Train Accuracy     : nan
Valid MSE Loss     : 0.004125	 | 	Valid Accuracy     : 0.004125
Valid MAPE Loss    : 3.162158	 | 	Valid Accuracy     : 0.004125
lr                 : [0.0003]


Epoch : 42
Train MSE Loss     : 1.001057	 | 	Train Accuracy     : nan
Valid MSE Loss     : 0.000673	 | 	Valid Accuracy     : 0.000673
Valid MAPE Loss    : 0.816442	 | 	Valid Accuracy     : 0.000673
lr                 : [0.0003]


Epoch : 43
Train MSE Loss     : 1.001927	 | 	Train Accuracy     : nan
Valid MSE Loss     : 0.002070	 | 	Valid Accuracy     : 0.002070
Valid MAPE Loss    : 2.120184	 | 	Valid Accuracy     : 0.002070
lr                 : [2.9999999999999997e-05]


Epoch : 44
Train MSE Loss     : 1.000659	 | 	Train Accuracy     : nan
Valid MSE Loss     : 0.000801	 | 	Valid Accuracy     : 0.000801
Valid MAPE Loss    : 0.982459	 | 	Valid Accuracy     : 0.000801
lr                 : [2.9999999999999997e-05]


Epoch : 45
Train MSE Loss     : 1.000706	 | 	Train Accuracy     : nan
Valid MSE Loss     : 0.000649	 | 	Valid Accuracy     : 0.000649
Valid MAPE Loss    : 0.762475	 | 	Valid Accuracy     : 0.000649
lr                 : [2.9999999999999997e-05]


Epoch : 46
Train MSE Loss     : 1.000734	 | 	Train Accuracy     : nan
Valid MSE Loss     : 0.000526	 | 	Valid Accuracy     : 0.000526
Valid MAPE Loss    : 0.536320	 | 	Valid Accuracy     : 0.000526
lr                 : [2.9999999999999997e-05]


Epoch : 47
Train MSE Loss     : 1.000699	 | 	Train Accuracy     : nan
Valid MSE Loss     : 0.000507	 | 	Valid Accuracy     : 0.000507
Valid MAPE Loss    : 0.545637	 | 	Valid Accuracy     : 0.000507
lr                 : [2.9999999999999997e-05]


Epoch : 48
Train MSE Loss     : 1.000620	 | 	Train Accuracy     : nan
Valid MSE Loss     : 0.000579	 | 	Valid Accuracy     : 0.000579
Valid MAPE Loss    : 0.671353	 | 	Valid Accuracy     : 0.000579
lr                 : [2.9999999999999997e-05]


Epoch : 49
Train MSE Loss     : 1.000746	 | 	Train Accuracy     : nan
Valid MSE Loss     : 0.000887	 | 	Valid Accuracy     : 0.000887
Valid MAPE Loss    : 1.093552	 | 	Valid Accuracy     : 0.000887
lr                 : [2.9999999999999997e-05]


Epoch : 50
Train MSE Loss     : 1.000684	 | 	Train Accuracy     : nan
Valid MSE Loss     : 0.000990	 | 	Valid Accuracy     : 0.000990
Valid MAPE Loss    : 1.200646	 | 	Valid Accuracy     : 0.000990
lr                 : [2.9999999999999997e-05]


Epoch : 51
Train MSE Loss     : 1.000709	 | 	Train Accuracy     : nan
Valid MSE Loss     : 0.000647	 | 	Valid Accuracy     : 0.000647
Valid MAPE Loss    : 0.719162	 | 	Valid Accuracy     : 0.000647
lr                 : [2.9999999999999997e-05]


Epoch : 52
Train MSE Loss     : 1.000621	 | 	Train Accuracy     : nan
Valid MSE Loss     : 0.000925	 | 	Valid Accuracy     : 0.000925
Valid MAPE Loss    : 1.131521	 | 	Valid Accuracy     : 0.000925
lr                 : [2.9999999999999997e-05]


Epoch : 53
Train MSE Loss     : 1.000630	 | 	Train Accuracy     : nan
Valid MSE Loss     : 0.000957	 | 	Valid Accuracy     : 0.000957
Valid MAPE Loss    : 1.176037	 | 	Valid Accuracy     : 0.000957
lr                 : [2.9999999999999997e-05]


Epoch : 54
Train MSE Loss     : 1.000677	 | 	Train Accuracy     : nan
Valid MSE Loss     : 0.000478	 | 	Valid Accuracy     : 0.000478
Valid MAPE Loss    : 0.452275	 | 	Valid Accuracy     : 0.000478
lr                 : [2.9999999999999997e-05]


Epoch : 55
Train MSE Loss     : 1.000668	 | 	Train Accuracy     : nan
Valid MSE Loss     : 0.000768	 | 	Valid Accuracy     : 0.000768
Valid MAPE Loss    : 0.894466	 | 	Valid Accuracy     : 0.000768
lr                 : [2.9999999999999997e-05]


Epoch : 56
Train MSE Loss     : 1.000696	 | 	Train Accuracy     : nan
Valid MSE Loss     : 0.000562	 | 	Valid Accuracy     : 0.000562
Valid MAPE Loss    : 0.617144	 | 	Valid Accuracy     : 0.000562
lr                 : [2.9999999999999997e-05]


Epoch : 57
Train MSE Loss     : 1.000647	 | 	Train Accuracy     : nan
Valid MSE Loss     : 0.000481	 | 	Valid Accuracy     : 0.000481
Valid MAPE Loss    : 0.477020	 | 	Valid Accuracy     : 0.000481
lr                 : [2.9999999999999997e-05]


Epoch : 58
Train MSE Loss     : 1.000651	 | 	Train Accuracy     : nan
Valid MSE Loss     : 0.000515	 | 	Valid Accuracy     : 0.000515
Valid MAPE Loss    : 0.531337	 | 	Valid Accuracy     : 0.000515
lr                 : [2.9999999999999997e-05]


Epoch : 59
Train MSE Loss     : 1.000670	 | 	Train Accuracy     : nan
Valid MSE Loss     : 0.000649	 | 	Valid Accuracy     : 0.000649
Valid MAPE Loss    : 0.743883	 | 	Valid Accuracy     : 0.000649
lr                 : [2.9999999999999997e-05]


Epoch : 60
Train MSE Loss     : 1.000644	 | 	Train Accuracy     : nan
Valid MSE Loss     : 0.000548	 | 	Valid Accuracy     : 0.000548
Valid MAPE Loss    : 0.573262	 | 	Valid Accuracy     : 0.000548
lr                 : [2.9999999999999997e-05]


Epoch : 61
Train MSE Loss     : 1.000653	 | 	Train Accuracy     : nan
Valid MSE Loss     : 0.000478	 | 	Valid Accuracy     : 0.000478
Valid MAPE Loss    : 0.477036	 | 	Valid Accuracy     : 0.000478
lr                 : [2.9999999999999997e-05]


Epoch : 62
Train MSE Loss     : 1.000667	 | 	Train Accuracy     : nan
Valid MSE Loss     : 0.000502	 | 	Valid Accuracy     : 0.000502
Valid MAPE Loss    : 0.518238	 | 	Valid Accuracy     : 0.000502
lr                 : [2.9999999999999997e-05]


Epoch : 63
Train MSE Loss     : 1.000647	 | 	Train Accuracy     : nan
Valid MSE Loss     : 0.000517	 | 	Valid Accuracy     : 0.000517
Valid MAPE Loss    : 0.536005	 | 	Valid Accuracy     : 0.000517
lr                 : [2.9999999999999997e-05]


Epoch : 64
Train MSE Loss     : 1.000652	 | 	Train Accuracy     : nan
Valid MSE Loss     : 0.000758	 | 	Valid Accuracy     : 0.000758
Valid MAPE Loss    : 0.919643	 | 	Valid Accuracy     : 0.000758
lr                 : [2.9999999999999997e-05]


Epoch : 65
Train MSE Loss     : 1.000695	 | 	Train Accuracy     : nan
Valid MSE Loss     : 0.000525	 | 	Valid Accuracy     : 0.000525
Valid MAPE Loss    : 0.556526	 | 	Valid Accuracy     : 0.000525
lr                 : [3e-06]


Epoch : 66
Train MSE Loss     : 1.000636	 | 	Train Accuracy     : nan
Valid MSE Loss     : 0.000534	 | 	Valid Accuracy     : 0.000534
Valid MAPE Loss    : 0.561350	 | 	Valid Accuracy     : 0.000534
lr                 : [3e-06]


Epoch : 67
Train MSE Loss     : 1.000597	 | 	Train Accuracy     : nan
Valid MSE Loss     : 0.000503	 | 	Valid Accuracy     : 0.000503
Valid MAPE Loss    : 0.501076	 | 	Valid Accuracy     : 0.000503
lr                 : [3e-06]


Epoch : 68
Train MSE Loss     : 1.000618	 | 	Train Accuracy     : nan
Valid MSE Loss     : 0.000533	 | 	Valid Accuracy     : 0.000533
Valid MAPE Loss    : 0.561354	 | 	Valid Accuracy     : 0.000533
lr                 : [3e-06]


Epoch : 69
Train MSE Loss     : 1.000595	 | 	Train Accuracy     : nan
Valid MSE Loss     : 0.000496	 | 	Valid Accuracy     : 0.000496
Valid MAPE Loss    : 0.485052	 | 	Valid Accuracy     : 0.000496
lr                 : [3e-06]


Epoch : 70
Train MSE Loss     : 1.000604	 | 	Train Accuracy     : nan
Valid MSE Loss     : 0.000500	 | 	Valid Accuracy     : 0.000500
Valid MAPE Loss    : 0.496397	 | 	Valid Accuracy     : 0.000500
lr                 : [3e-06]


Epoch : 71
Train MSE Loss     : 1.000612	 | 	Train Accuracy     : nan
Valid MSE Loss     : 0.000586	 | 	Valid Accuracy     : 0.000586
Valid MAPE Loss    : 0.657878	 | 	Valid Accuracy     : 0.000586
lr                 : [3e-06]


Epoch : 72
Train MSE Loss     : 1.000618	 | 	Train Accuracy     : nan
Valid MSE Loss     : 0.000634	 | 	Valid Accuracy     : 0.000634
Valid MAPE Loss    : 0.735255	 | 	Valid Accuracy     : 0.000634
lr                 : [3e-06]


Epoch : 73
Train MSE Loss     : 1.000604	 | 	Train Accuracy     : nan
Valid MSE Loss     : 0.000522	 | 	Valid Accuracy     : 0.000522
Valid MAPE Loss    : 0.536591	 | 	Valid Accuracy     : 0.000522
lr                 : [3e-06]


Epoch : 74
Train MSE Loss     : 1.000609	 | 	Train Accuracy     : nan
Valid MSE Loss     : 0.000520	 | 	Valid Accuracy     : 0.000520
Valid MAPE Loss    : 0.529709	 | 	Valid Accuracy     : 0.000520
lr                 : [3e-06]


Epoch : 75
Train MSE Loss     : 1.000591	 | 	Train Accuracy     : nan
Valid MSE Loss     : 0.000521	 | 	Valid Accuracy     : 0.000521
Valid MAPE Loss    : 0.531431	 | 	Valid Accuracy     : 0.000521
lr                 : [3e-06]


Epoch : 76
Train MSE Loss     : 1.000605	 | 	Train Accuracy     : nan
Valid MSE Loss     : 0.000526	 | 	Valid Accuracy     : 0.000526
Valid MAPE Loss    : 0.535234	 | 	Valid Accuracy     : 0.000526
lr                 : [3.0000000000000004e-07]


Epoch : 77
Train MSE Loss     : 1.000603	 | 	Train Accuracy     : nan
Valid MSE Loss     : 0.000514	 | 	Valid Accuracy     : 0.000514
Valid MAPE Loss    : 0.511408	 | 	Valid Accuracy     : 0.000514
lr                 : [3.0000000000000004e-07]


Epoch : 78
Train MSE Loss     : 1.000605	 | 	Train Accuracy     : nan
Valid MSE Loss     : 0.000552	 | 	Valid Accuracy     : 0.000552
Valid MAPE Loss    : 0.595460	 | 	Valid Accuracy     : 0.000552
lr                 : [3.0000000000000004e-07]


Epoch : 79
Train MSE Loss     : 1.000611	 | 	Train Accuracy     : nan
Valid MSE Loss     : 0.000590	 | 	Valid Accuracy     : 0.000590
Valid MAPE Loss    : 0.657550	 | 	Valid Accuracy     : 0.000590
lr                 : [3.0000000000000004e-07]


Epoch : 80
Train MSE Loss     : 1.000599	 | 	Train Accuracy     : nan
Valid MSE Loss     : 0.000608	 | 	Valid Accuracy     : 0.000608
Valid MAPE Loss    : 0.687794	 | 	Valid Accuracy     : 0.000608
lr                 : [3.0000000000000004e-07]


Epoch : 81
Train MSE Loss     : 1.000603	 | 	Train Accuracy     : nan
Valid MSE Loss     : 0.000493	 | 	Valid Accuracy     : 0.000493
Valid MAPE Loss    : 0.474805	 | 	Valid Accuracy     : 0.000493
lr                 : [3.0000000000000004e-07]


Epoch : 82
Train MSE Loss     : 1.000601	 | 	Train Accuracy     : nan
Valid MSE Loss     : 0.000538	 | 	Valid Accuracy     : 0.000538
Valid MAPE Loss    : 0.567107	 | 	Valid Accuracy     : 0.000538
lr                 : [3.0000000000000004e-07]


Epoch : 83
Train MSE Loss     : 1.000591	 | 	Train Accuracy     : nan
Valid MSE Loss     : 0.000507	 | 	Valid Accuracy     : 0.000507
Valid MAPE Loss    : 0.506521	 | 	Valid Accuracy     : 0.000507
lr                 : [3.0000000000000004e-07]


Epoch : 84
Train MSE Loss     : 1.000610	 | 	Train Accuracy     : nan
Valid MSE Loss     : 0.000525	 | 	Valid Accuracy     : 0.000525
Valid MAPE Loss    : 0.537170	 | 	Valid Accuracy     : 0.000525
lr                 : [3.0000000000000004e-07]


Epoch : 85
Train MSE Loss     : 1.000599	 | 	Train Accuracy     : nan
Valid MSE Loss     : 0.000527	 | 	Valid Accuracy     : 0.000527
Valid MAPE Loss    : 0.545061	 | 	Valid Accuracy     : 0.000527
lr                 : [3.0000000000000004e-07]


Epoch : 86
Train MSE Loss     : 1.000588	 | 	Train Accuracy     : nan
Valid MSE Loss     : 0.000497	 | 	Valid Accuracy     : 0.000497
Valid MAPE Loss    : 0.487355	 | 	Valid Accuracy     : 0.000497
lr                 : [3.0000000000000004e-07]


Epoch : 87
Train MSE Loss     : 1.000593	 | 	Train Accuracy     : nan
Valid MSE Loss     : 0.000510	 | 	Valid Accuracy     : 0.000510
Valid MAPE Loss    : 0.506964	 | 	Valid Accuracy     : 0.000510
lr                 : [3.0000000000000004e-08]


Epoch : 88
Train MSE Loss     : 1.000611	 | 	Train Accuracy     : nan
Valid MSE Loss     : 0.000502	 | 	Valid Accuracy     : 0.000502
Valid MAPE Loss    : 0.491880	 | 	Valid Accuracy     : 0.000502
lr                 : [3.0000000000000004e-08]


Epoch : 89
Train MSE Loss     : 1.000608	 | 	Train Accuracy     : nan
Valid MSE Loss     : 0.000512	 | 	Valid Accuracy     : 0.000512
Valid MAPE Loss    : 0.511935	 | 	Valid Accuracy     : 0.000512
lr                 : [3.0000000000000004e-08]


Epoch : 90
Train MSE Loss     : 1.000605	 | 	Train Accuracy     : nan
Valid MSE Loss     : 0.000533	 | 	Valid Accuracy     : 0.000533
Valid MAPE Loss    : 0.561893	 | 	Valid Accuracy     : 0.000533
lr                 : [3.0000000000000004e-08]


Epoch : 91
Train MSE Loss     : 1.000597	 | 	Train Accuracy     : nan
Valid MSE Loss     : 0.000516	 | 	Valid Accuracy     : 0.000516
Valid MAPE Loss    : 0.529099	 | 	Valid Accuracy     : 0.000516
lr                 : [3.0000000000000004e-08]


Epoch : 92
Train MSE Loss     : 1.000607	 | 	Train Accuracy     : nan
Valid MSE Loss     : 0.000512	 | 	Valid Accuracy     : 0.000512
Valid MAPE Loss    : 0.514093	 | 	Valid Accuracy     : 0.000512
lr                 : [3.0000000000000004e-08]


Epoch : 93
Train MSE Loss     : 1.000532	 | 	Train Accuracy     : nan
Valid MSE Loss     : 0.000507	 | 	Valid Accuracy     : 0.000507
Valid MAPE Loss    : 0.506551	 | 	Valid Accuracy     : 0.000507
lr                 : [3.0000000000000004e-08]


Epoch : 94
Train MSE Loss     : 1.000599	 | 	Train Accuracy     : nan
Valid MSE Loss     : 0.000526	 | 	Valid Accuracy     : 0.000526
Valid MAPE Loss    : 0.538875	 | 	Valid Accuracy     : 0.000526
lr                 : [3.0000000000000004e-08]


Epoch : 95
Train MSE Loss     : 1.000550	 | 	Train Accuracy     : nan
Valid MSE Loss     : 0.000523	 | 	Valid Accuracy     : 0.000523
Valid MAPE Loss    : 0.537388	 | 	Valid Accuracy     : 0.000523
lr                 : [3.0000000000000004e-08]


Epoch : 96
Train MSE Loss     : 1.000604	 | 	Train Accuracy     : nan
Valid MSE Loss     : 0.000564	 | 	Valid Accuracy     : 0.000564
Valid MAPE Loss    : 0.624522	 | 	Valid Accuracy     : 0.000564
lr                 : [3.0000000000000004e-08]


Epoch : 97
Train MSE Loss     : 1.000605	 | 	Train Accuracy     : nan
Valid MSE Loss     : 0.000537	 | 	Valid Accuracy     : 0.000537
Valid MAPE Loss    : 0.572745	 | 	Valid Accuracy     : 0.000537
lr                 : [3.0000000000000004e-08]


Epoch : 98
Train MSE Loss     : 1.000607	 | 	Train Accuracy     : nan
Valid MSE Loss     : 0.000525	 | 	Valid Accuracy     : 0.000525
Valid MAPE Loss    : 0.543739	 | 	Valid Accuracy     : 0.000525
lr                 : [3.0000000000000004e-09]


Epoch : 99
Train MSE Loss     : 1.000593	 | 	Train Accuracy     : nan
Valid MSE Loss     : 0.000499	 | 	Valid Accuracy     : 0.000499
Valid MAPE Loss    : 0.489678	 | 	Valid Accuracy     : 0.000499
lr                 : [3.0000000000000004e-09]


Epoch : 100
Train MSE Loss     : 1.000601	 | 	Train Accuracy     : nan
Valid MSE Loss     : 0.000510	 | 	Valid Accuracy     : 0.000510
Valid MAPE Loss    : 0.514458	 | 	Valid Accuracy     : 0.000510
lr                 : [3.0000000000000004e-09]


Epoch : 101
Train MSE Loss     : 1.000604	 | 	Train Accuracy     : nan
Valid MSE Loss     : 0.000514	 | 	Valid Accuracy     : 0.000514
Valid MAPE Loss    : 0.517644	 | 	Valid Accuracy     : 0.000514
lr                 : [3.0000000000000004e-09]


Epoch : 102
Train MSE Loss     : 1.000598	 | 	Train Accuracy     : nan
Valid MSE Loss     : 0.000509	 | 	Valid Accuracy     : 0.000509
Valid MAPE Loss    : 0.511017	 | 	Valid Accuracy     : 0.000509
lr                 : [3.0000000000000004e-09]


Epoch : 103
Train MSE Loss     : 1.000612	 | 	Train Accuracy     : nan
Valid MSE Loss     : 0.000580	 | 	Valid Accuracy     : 0.000580
Valid MAPE Loss    : 0.639239	 | 	Valid Accuracy     : 0.000580
lr                 : [3.0000000000000004e-09]


Epoch : 104
Train MSE Loss     : 1.000599	 | 	Train Accuracy     : nan
Valid MSE Loss     : 0.000522	 | 	Valid Accuracy     : 0.000522
Valid MAPE Loss    : 0.535547	 | 	Valid Accuracy     : 0.000522
lr                 : [3.0000000000000004e-09]


Epoch : 105
Train MSE Loss     : 1.000592	 | 	Train Accuracy     : nan
Valid MSE Loss     : 0.000555	 | 	Valid Accuracy     : 0.000555
Valid MAPE Loss    : 0.606008	 | 	Valid Accuracy     : 0.000555
lr                 : [3.0000000000000004e-09]


Epoch : 106
Train MSE Loss     : 1.000606	 | 	Train Accuracy     : nan
Valid MSE Loss     : 0.000588	 | 	Valid Accuracy     : 0.000588
Valid MAPE Loss    : 0.659347	 | 	Valid Accuracy     : 0.000588
lr                 : [3.0000000000000004e-09]


Epoch : 107
Train MSE Loss     : 1.000609	 | 	Train Accuracy     : nan
Valid MSE Loss     : 0.000563	 | 	Valid Accuracy     : 0.000563
Valid MAPE Loss    : 0.610472	 | 	Valid Accuracy     : 0.000563
lr                 : [3.0000000000000004e-09]


Epoch : 108
Train MSE Loss     : 1.000603	 | 	Train Accuracy     : nan
Valid MSE Loss     : 0.000579	 | 	Valid Accuracy     : 0.000579
Valid MAPE Loss    : 0.639593	 | 	Valid Accuracy     : 0.000579
lr                 : [3.0000000000000004e-09]


Epoch : 109
Train MSE Loss     : 1.000605	 | 	Train Accuracy     : nan
Valid MSE Loss     : 0.000517	 | 	Valid Accuracy     : 0.000517
Valid MAPE Loss    : 0.527218	 | 	Valid Accuracy     : 0.000517
lr                 : [3.0000000000000004e-09]


Epoch : 110
Train MSE Loss     : 1.000596	 | 	Train Accuracy     : nan
Valid MSE Loss     : 0.000502	 | 	Valid Accuracy     : 0.000502
Valid MAPE Loss    : 0.496350	 | 	Valid Accuracy     : 0.000502
lr                 : [3.0000000000000004e-09]


Epoch : 111
Train MSE Loss     : 1.000598	 | 	Train Accuracy     : nan
Valid MSE Loss     : 0.000507	 | 	Valid Accuracy     : 0.000507
Valid MAPE Loss    : 0.508320	 | 	Valid Accuracy     : 0.000507
lr                 : [3.0000000000000004e-09]


Epoch : 112
Train MSE Loss     : 1.000612	 | 	Train Accuracy     : nan
Valid MSE Loss     : 0.000557	 | 	Valid Accuracy     : 0.000557
Valid MAPE Loss    : 0.608879	 | 	Valid Accuracy     : 0.000557
lr                 : [3.0000000000000004e-09]


Epoch : 113
Train MSE Loss     : 1.000595	 | 	Train Accuracy     : nan
Valid MSE Loss     : 0.000562	 | 	Valid Accuracy     : 0.000562
Valid MAPE Loss    : 0.614730	 | 	Valid Accuracy     : 0.000562
lr                 : [3.0000000000000004e-09]


Epoch : 114
Train MSE Loss     : 1.000599	 | 	Train Accuracy     : nan
Valid MSE Loss     : 0.000557	 | 	Valid Accuracy     : 0.000557
Valid MAPE Loss    : 0.602235	 | 	Valid Accuracy     : 0.000557
lr                 : [3.0000000000000004e-09]


Epoch : 115
Train MSE Loss     : 1.000595	 | 	Train Accuracy     : nan
Valid MSE Loss     : 0.000522	 | 	Valid Accuracy     : 0.000522
Valid MAPE Loss    : 0.540292	 | 	Valid Accuracy     : 0.000522
lr                 : [3.0000000000000004e-09]


Epoch : 116
Train MSE Loss     : 1.000600	 | 	Train Accuracy     : nan
Valid MSE Loss     : 0.000536	 | 	Valid Accuracy     : 0.000536
Valid MAPE Loss    : 0.564323	 | 	Valid Accuracy     : 0.000536
lr                 : [3.0000000000000004e-09]


Epoch : 117
Train MSE Loss     : 1.000605	 | 	Train Accuracy     : nan
Valid MSE Loss     : 0.000501	 | 	Valid Accuracy     : 0.000501
Valid MAPE Loss    : 0.492745	 | 	Valid Accuracy     : 0.000501
lr                 : [3.0000000000000004e-09]


Epoch : 118
Train MSE Loss     : 1.000610	 | 	Train Accuracy     : nan
Valid MSE Loss     : 0.000537	 | 	Valid Accuracy     : 0.000537
Valid MAPE Loss    : 0.557998	 | 	Valid Accuracy     : 0.000537
lr                 : [3.0000000000000004e-09]


Epoch : 119
Train MSE Loss     : 1.000597	 | 	Train Accuracy     : nan
Valid MSE Loss     : 0.000528	 | 	Valid Accuracy     : 0.000528
Valid MAPE Loss    : 0.543445	 | 	Valid Accuracy     : 0.000528
lr                 : [3.0000000000000004e-09]


Epoch : 120
Train MSE Loss     : 1.000593	 | 	Train Accuracy     : nan
Valid MSE Loss     : 0.000523	 | 	Valid Accuracy     : 0.000523
Valid MAPE Loss    : 0.538982	 | 	Valid Accuracy     : 0.000523
lr                 : [3.0000000000000004e-09]


Epoch : 121
Train MSE Loss     : 1.000600	 | 	Train Accuracy     : nan
Valid MSE Loss     : 0.000529	 | 	Valid Accuracy     : 0.000529
Valid MAPE Loss    : 0.548972	 | 	Valid Accuracy     : 0.000529
lr                 : [3.0000000000000004e-09]


Epoch : 122
Train MSE Loss     : 1.000612	 | 	Train Accuracy     : nan
Valid MSE Loss     : 0.000638	 | 	Valid Accuracy     : 0.000638
Valid MAPE Loss    : 0.740805	 | 	Valid Accuracy     : 0.000638
lr                 : [3.0000000000000004e-09]


Epoch : 123
Train MSE Loss     : 1.000600	 | 	Train Accuracy     : nan
Valid MSE Loss     : 0.000502	 | 	Valid Accuracy     : 0.000502
Valid MAPE Loss    : 0.485328	 | 	Valid Accuracy     : 0.000502
lr                 : [3.0000000000000004e-09]


Epoch : 124
Train MSE Loss     : 1.000604	 | 	Train Accuracy     : nan
Valid MSE Loss     : 0.000563	 | 	Valid Accuracy     : 0.000563
Valid MAPE Loss    : 0.619647	 | 	Valid Accuracy     : 0.000563
lr                 : [3.0000000000000004e-09]


Epoch : 125
Train MSE Loss     : 1.000609	 | 	Train Accuracy     : nan
Valid MSE Loss     : 0.000528	 | 	Valid Accuracy     : 0.000528
Valid MAPE Loss    : 0.550485	 | 	Valid Accuracy     : 0.000528
lr                 : [3.0000000000000004e-09]


Epoch : 126
Train MSE Loss     : 1.000598	 | 	Train Accuracy     : nan
Valid MSE Loss     : 0.000579	 | 	Valid Accuracy     : 0.000579
Valid MAPE Loss    : 0.640342	 | 	Valid Accuracy     : 0.000579
lr                 : [3.0000000000000004e-09]


Epoch : 127
Train MSE Loss     : 1.000598	 | 	Train Accuracy     : nan
Valid MSE Loss     : 0.000553	 | 	Valid Accuracy     : 0.000553
Valid MAPE Loss    : 0.599434	 | 	Valid Accuracy     : 0.000553
lr                 : [3.0000000000000004e-09]


Epoch : 128
Train MSE Loss     : 1.000551	 | 	Train Accuracy     : nan
Valid MSE Loss     : 0.000549	 | 	Valid Accuracy     : 0.000549
Valid MAPE Loss    : 0.582051	 | 	Valid Accuracy     : 0.000549
lr                 : [3.0000000000000004e-09]


Epoch : 129
Train MSE Loss     : 1.000600	 | 	Train Accuracy     : nan
Valid MSE Loss     : 0.000527	 | 	Valid Accuracy     : 0.000527
Valid MAPE Loss    : 0.541920	 | 	Valid Accuracy     : 0.000527
lr                 : [3.0000000000000004e-09]


Epoch : 130
Train MSE Loss     : 1.000589	 | 	Train Accuracy     : nan
Valid MSE Loss     : 0.000524	 | 	Valid Accuracy     : 0.000524
Valid MAPE Loss    : 0.542542	 | 	Valid Accuracy     : 0.000524
lr                 : [3.0000000000000004e-09]


Epoch : 131
Train MSE Loss     : 1.000600	 | 	Train Accuracy     : nan
Valid MSE Loss     : 0.000495	 | 	Valid Accuracy     : 0.000495
Valid MAPE Loss    : 0.476118	 | 	Valid Accuracy     : 0.000495
lr                 : [3.0000000000000004e-09]


Epoch : 132
Train MSE Loss     : 1.000597	 | 	Train Accuracy     : nan
Valid MSE Loss     : 0.000529	 | 	Valid Accuracy     : 0.000529
Valid MAPE Loss    : 0.554671	 | 	Valid Accuracy     : 0.000529
lr                 : [3.0000000000000004e-09]


Epoch : 133
Train MSE Loss     : 1.000601	 | 	Train Accuracy     : nan
Valid MSE Loss     : 0.000536	 | 	Valid Accuracy     : 0.000536
Valid MAPE Loss    : 0.561797	 | 	Valid Accuracy     : 0.000536
lr                 : [3.0000000000000004e-09]


Epoch : 134
Train MSE Loss     : 1.000595	 | 	Train Accuracy     : nan
Valid MSE Loss     : 0.000517	 | 	Valid Accuracy     : 0.000517
Valid MAPE Loss    : 0.526326	 | 	Valid Accuracy     : 0.000517
lr                 : [3.0000000000000004e-09]


Epoch : 135
Train MSE Loss     : 1.000592	 | 	Train Accuracy     : nan
Valid MSE Loss     : 0.000519	 | 	Valid Accuracy     : 0.000519
Valid MAPE Loss    : 0.529373	 | 	Valid Accuracy     : 0.000519
lr                 : [3.0000000000000004e-09]


Epoch : 136
Train MSE Loss     : 1.000613	 | 	Train Accuracy     : nan
Valid MSE Loss     : 0.000578	 | 	Valid Accuracy     : 0.000578
Valid MAPE Loss    : 0.642792	 | 	Valid Accuracy     : 0.000578
lr                 : [3.0000000000000004e-09]


Epoch : 137
Train MSE Loss     : 1.000602	 | 	Train Accuracy     : nan
Valid MSE Loss     : 0.000491	 | 	Valid Accuracy     : 0.000491
Valid MAPE Loss    : 0.469498	 | 	Valid Accuracy     : 0.000491
lr                 : [3.0000000000000004e-09]


Epoch : 138
Train MSE Loss     : 1.000602	 | 	Train Accuracy     : nan
Valid MSE Loss     : 0.000553	 | 	Valid Accuracy     : 0.000553
Valid MAPE Loss    : 0.589322	 | 	Valid Accuracy     : 0.000553
lr                 : [3.0000000000000004e-09]


Epoch : 139
Train MSE Loss     : 1.000589	 | 	Train Accuracy     : nan
Valid MSE Loss     : 0.000540	 | 	Valid Accuracy     : 0.000540
Valid MAPE Loss    : 0.572251	 | 	Valid Accuracy     : 0.000540
lr                 : [3.0000000000000004e-09]


Epoch : 140
Train MSE Loss     : 1.000591	 | 	Train Accuracy     : nan
Valid MSE Loss     : 0.000533	 | 	Valid Accuracy     : 0.000533
Valid MAPE Loss    : 0.562654	 | 	Valid Accuracy     : 0.000533
lr                 : [3.0000000000000004e-09]


Epoch : 141
Train MSE Loss     : 1.000543	 | 	Train Accuracy     : nan
Valid MSE Loss     : 0.000561	 | 	Valid Accuracy     : 0.000561
Valid MAPE Loss    : 0.606025	 | 	Valid Accuracy     : 0.000561
lr                 : [3.0000000000000004e-09]


Epoch : 142
Train MSE Loss     : 1.000604	 | 	Train Accuracy     : nan
Valid MSE Loss     : 0.000540	 | 	Valid Accuracy     : 0.000540
Valid MAPE Loss    : 0.571384	 | 	Valid Accuracy     : 0.000540
lr                 : [3.0000000000000004e-09]


Epoch : 143
Train MSE Loss     : 1.000597	 | 	Train Accuracy     : nan
Valid MSE Loss     : 0.000523	 | 	Valid Accuracy     : 0.000523
Valid MAPE Loss    : 0.536280	 | 	Valid Accuracy     : 0.000523
lr                 : [3.0000000000000004e-09]


Epoch : 144
Train MSE Loss     : 1.000602	 | 	Train Accuracy     : nan
Valid MSE Loss     : 0.000553	 | 	Valid Accuracy     : 0.000553
Valid MAPE Loss    : 0.599346	 | 	Valid Accuracy     : 0.000553
lr                 : [3.0000000000000004e-09]


Epoch : 145
Train MSE Loss     : 1.000603	 | 	Train Accuracy     : nan
Valid MSE Loss     : 0.000523	 | 	Valid Accuracy     : 0.000523
Valid MAPE Loss    : 0.541184	 | 	Valid Accuracy     : 0.000523
lr                 : [3.0000000000000004e-09]


Epoch : 146
Train MSE Loss     : 1.000606	 | 	Train Accuracy     : nan
Valid MSE Loss     : 0.000538	 | 	Valid Accuracy     : 0.000538
Valid MAPE Loss    : 0.567971	 | 	Valid Accuracy     : 0.000538
lr                 : [3.0000000000000004e-09]


Epoch : 147
Train MSE Loss     : 1.000601	 | 	Train Accuracy     : nan
Valid MSE Loss     : 0.000530	 | 	Valid Accuracy     : 0.000530
Valid MAPE Loss    : 0.559093	 | 	Valid Accuracy     : 0.000530
lr                 : [3.0000000000000004e-09]


Epoch : 148
Train MSE Loss     : 1.000599	 | 	Train Accuracy     : nan
Valid MSE Loss     : 0.000534	 | 	Valid Accuracy     : 0.000534
Valid MAPE Loss    : 0.558932	 | 	Valid Accuracy     : 0.000534
lr                 : [3.0000000000000004e-09]


Epoch : 149
Train MSE Loss     : 1.000615	 | 	Train Accuracy     : nan
Valid MSE Loss     : 0.000515	 | 	Valid Accuracy     : 0.000515
Valid MAPE Loss    : 0.522114	 | 	Valid Accuracy     : 0.000515
lr                 : [3.0000000000000004e-09]


Epoch : 150
Train MSE Loss     : 1.000594	 | 	Train Accuracy     : nan
Valid MSE Loss     : 0.000531	 | 	Valid Accuracy     : 0.000531
Valid MAPE Loss    : 0.559670	 | 	Valid Accuracy     : 0.000531
lr                 : [3.0000000000000004e-09]


Evaluate on the Test set:
Test MAPE loss      :0.595954	  | Test MSE loss      : 0.000800

################## Training is Done! #########################
Training time is : 2:54:11.254094
