=============================================
Dataset: cell_mit_batch3_raw_data
Mode:    supervised
=============================================
Data loaded ...
Training started ....

Epoch : 1
Train MSE Loss     : 0.002210	 | 	Train Accuracy     : 0.002210
Valid MSE Loss     : 0.000772	 | 	Valid Accuracy     : 0.000772
Valid MAPE Loss    : 1.979439	 | 	Valid Accuracy     : 0.000772
lr                 : [0.0003]


Epoch : 2
Train MSE Loss     : 0.000543	 | 	Train Accuracy     : 0.000543
Valid MSE Loss     : 0.003063	 | 	Valid Accuracy     : 0.003063
Valid MAPE Loss    : 4.962539	 | 	Valid Accuracy     : 0.003063
lr                 : [0.0003]


Epoch : 3
Train MSE Loss     : 0.000430	 | 	Train Accuracy     : 0.000430
Valid MSE Loss     : 0.000313	 | 	Valid Accuracy     : 0.000313
Valid MAPE Loss    : 1.147737	 | 	Valid Accuracy     : 0.000313
lr                 : [0.0003]


Epoch : 4
Train MSE Loss     : 0.000218	 | 	Train Accuracy     : 0.000218
Valid MSE Loss     : 0.000274	 | 	Valid Accuracy     : 0.000274
Valid MAPE Loss    : 1.371340	 | 	Valid Accuracy     : 0.000274
lr                 : [0.0003]


Epoch : 5
Train MSE Loss     : 0.000176	 | 	Train Accuracy     : 0.000176
Valid MSE Loss     : 0.001026	 | 	Valid Accuracy     : 0.001026
Valid MAPE Loss    : 2.560490	 | 	Valid Accuracy     : 0.001026
lr                 : [0.0003]


Epoch : 6
Train MSE Loss     : 0.000194	 | 	Train Accuracy     : 0.000194
Valid MSE Loss     : 0.012649	 | 	Valid Accuracy     : 0.012649
Valid MAPE Loss    : 10.793387	 | 	Valid Accuracy     : 0.012649
lr                 : [0.0003]


Epoch : 7
Train MSE Loss     : 0.000157	 | 	Train Accuracy     : 0.000157
Valid MSE Loss     : 0.001318	 | 	Valid Accuracy     : 0.001318
Valid MAPE Loss    : 3.338917	 | 	Valid Accuracy     : 0.001318
lr                 : [0.0003]


Epoch : 8
Train MSE Loss     : 0.000154	 | 	Train Accuracy     : 0.000154
Valid MSE Loss     : 0.001553	 | 	Valid Accuracy     : 0.001553
Valid MAPE Loss    : 3.767826	 | 	Valid Accuracy     : 0.001553
lr                 : [0.0003]


Epoch : 9
Train MSE Loss     : 0.000129	 | 	Train Accuracy     : 0.000129
Valid MSE Loss     : 0.009599	 | 	Valid Accuracy     : 0.009599
Valid MAPE Loss    : 9.532092	 | 	Valid Accuracy     : 0.009599
lr                 : [0.0003]


Epoch : 10
Train MSE Loss     : 0.000117	 | 	Train Accuracy     : 0.000117
Valid MSE Loss     : 0.025432	 | 	Valid Accuracy     : 0.025432
Valid MAPE Loss    : 14.945432	 | 	Valid Accuracy     : 0.025432
lr                 : [0.0003]


Epoch : 11
Train MSE Loss     : 0.000101	 | 	Train Accuracy     : 0.000101
Valid MSE Loss     : 0.006603	 | 	Valid Accuracy     : 0.006603
Valid MAPE Loss    : 7.670639	 | 	Valid Accuracy     : 0.006603
lr                 : [0.0003]


Epoch : 12
Train MSE Loss     : 0.000112	 | 	Train Accuracy     : 0.000112
Valid MSE Loss     : 0.022935	 | 	Valid Accuracy     : 0.022935
Valid MAPE Loss    : 14.656292	 | 	Valid Accuracy     : 0.022935
lr                 : [0.0003]


Epoch : 13
Train MSE Loss     : 0.000084	 | 	Train Accuracy     : 0.000084
Valid MSE Loss     : 0.001091	 | 	Valid Accuracy     : 0.001091
Valid MAPE Loss    : 2.702724	 | 	Valid Accuracy     : 0.001091
lr                 : [0.0003]


Epoch : 14
Train MSE Loss     : 0.000077	 | 	Train Accuracy     : 0.000077
Valid MSE Loss     : 0.001908	 | 	Valid Accuracy     : 0.001908
Valid MAPE Loss    : 3.298539	 | 	Valid Accuracy     : 0.001908
lr                 : [2.9999999999999997e-05]


Epoch : 15
Train MSE Loss     : 0.000033	 | 	Train Accuracy     : 0.000033
Valid MSE Loss     : 0.000140	 | 	Valid Accuracy     : 0.000140
Valid MAPE Loss    : 0.802305	 | 	Valid Accuracy     : 0.000140
lr                 : [2.9999999999999997e-05]


Epoch : 16
Train MSE Loss     : 0.000030	 | 	Train Accuracy     : 0.000030
Valid MSE Loss     : 0.000727	 | 	Valid Accuracy     : 0.000727
Valid MAPE Loss    : 2.486568	 | 	Valid Accuracy     : 0.000727
lr                 : [2.9999999999999997e-05]


Epoch : 17
Train MSE Loss     : 0.000028	 | 	Train Accuracy     : 0.000028
Valid MSE Loss     : 0.000194	 | 	Valid Accuracy     : 0.000194
Valid MAPE Loss    : 1.282724	 | 	Valid Accuracy     : 0.000194
lr                 : [2.9999999999999997e-05]


Epoch : 18
Train MSE Loss     : 0.000030	 | 	Train Accuracy     : 0.000030
Valid MSE Loss     : 0.000031	 | 	Valid Accuracy     : 0.000031
Valid MAPE Loss    : 0.434056	 | 	Valid Accuracy     : 0.000031
lr                 : [2.9999999999999997e-05]


Epoch : 19
Train MSE Loss     : 0.000028	 | 	Train Accuracy     : 0.000028
Valid MSE Loss     : 0.001588	 | 	Valid Accuracy     : 0.001588
Valid MAPE Loss    : 3.784485	 | 	Valid Accuracy     : 0.001588
lr                 : [2.9999999999999997e-05]


Epoch : 20
Train MSE Loss     : 0.000028	 | 	Train Accuracy     : 0.000028
Valid MSE Loss     : 0.000333	 | 	Valid Accuracy     : 0.000333
Valid MAPE Loss    : 1.235761	 | 	Valid Accuracy     : 0.000333
lr                 : [2.9999999999999997e-05]


Epoch : 21
Train MSE Loss     : 0.000032	 | 	Train Accuracy     : 0.000032
Valid MSE Loss     : 0.000324	 | 	Valid Accuracy     : 0.000324
Valid MAPE Loss    : 0.878798	 | 	Valid Accuracy     : 0.000324
lr                 : [2.9999999999999997e-05]


Epoch : 22
Train MSE Loss     : 0.000027	 | 	Train Accuracy     : 0.000027
Valid MSE Loss     : 0.000379	 | 	Valid Accuracy     : 0.000379
Valid MAPE Loss    : 1.837111	 | 	Valid Accuracy     : 0.000379
lr                 : [2.9999999999999997e-05]


Epoch : 23
Train MSE Loss     : 0.000027	 | 	Train Accuracy     : 0.000027
Valid MSE Loss     : 0.000779	 | 	Valid Accuracy     : 0.000779
Valid MAPE Loss    : 2.675760	 | 	Valid Accuracy     : 0.000779
lr                 : [2.9999999999999997e-05]


Epoch : 24
Train MSE Loss     : 0.000027	 | 	Train Accuracy     : 0.000027
Valid MSE Loss     : 0.000120	 | 	Valid Accuracy     : 0.000120
Valid MAPE Loss    : 0.969950	 | 	Valid Accuracy     : 0.000120
lr                 : [2.9999999999999997e-05]


Epoch : 25
Train MSE Loss     : 0.000024	 | 	Train Accuracy     : 0.000024
Valid MSE Loss     : 0.001130	 | 	Valid Accuracy     : 0.001130
Valid MAPE Loss    : 3.135278	 | 	Valid Accuracy     : 0.001130
lr                 : [2.9999999999999997e-05]


Epoch : 26
Train MSE Loss     : 0.000025	 | 	Train Accuracy     : 0.000025
Valid MSE Loss     : 0.000052	 | 	Valid Accuracy     : 0.000052
Valid MAPE Loss    : 0.537893	 | 	Valid Accuracy     : 0.000052
lr                 : [2.9999999999999997e-05]


Epoch : 27
Train MSE Loss     : 0.000024	 | 	Train Accuracy     : 0.000024
Valid MSE Loss     : 0.003834	 | 	Valid Accuracy     : 0.003834
Valid MAPE Loss    : 5.100754	 | 	Valid Accuracy     : 0.003834
lr                 : [2.9999999999999997e-05]


Epoch : 28
Train MSE Loss     : 0.000023	 | 	Train Accuracy     : 0.000023
Valid MSE Loss     : 0.000302	 | 	Valid Accuracy     : 0.000302
Valid MAPE Loss    : 1.566689	 | 	Valid Accuracy     : 0.000302
lr                 : [2.9999999999999997e-05]


Epoch : 29
Train MSE Loss     : 0.000023	 | 	Train Accuracy     : 0.000023
Valid MSE Loss     : 0.000052	 | 	Valid Accuracy     : 0.000052
Valid MAPE Loss    : 0.606173	 | 	Valid Accuracy     : 0.000052
lr                 : [3e-06]


Epoch : 30
Train MSE Loss     : 0.000017	 | 	Train Accuracy     : 0.000017
Valid MSE Loss     : 0.000062	 | 	Valid Accuracy     : 0.000062
Valid MAPE Loss    : 0.656561	 | 	Valid Accuracy     : 0.000062
lr                 : [3e-06]


Epoch : 31
Train MSE Loss     : 0.000017	 | 	Train Accuracy     : 0.000017
Valid MSE Loss     : 0.000126	 | 	Valid Accuracy     : 0.000126
Valid MAPE Loss    : 1.002957	 | 	Valid Accuracy     : 0.000126
lr                 : [3e-06]


Epoch : 32
Train MSE Loss     : 0.000016	 | 	Train Accuracy     : 0.000016
Valid MSE Loss     : 0.000059	 | 	Valid Accuracy     : 0.000059
Valid MAPE Loss    : 0.609394	 | 	Valid Accuracy     : 0.000059
lr                 : [3e-06]


Epoch : 33
Train MSE Loss     : 0.000015	 | 	Train Accuracy     : 0.000015
Valid MSE Loss     : 0.000059	 | 	Valid Accuracy     : 0.000059
Valid MAPE Loss    : 0.462866	 | 	Valid Accuracy     : 0.000059
lr                 : [3e-06]


Epoch : 34
Train MSE Loss     : 0.000015	 | 	Train Accuracy     : 0.000015
Valid MSE Loss     : 0.000031	 | 	Valid Accuracy     : 0.000031
Valid MAPE Loss    : 0.306499	 | 	Valid Accuracy     : 0.000031
lr                 : [3e-06]


Epoch : 35
Train MSE Loss     : 0.000016	 | 	Train Accuracy     : 0.000016
Valid MSE Loss     : 0.000049	 | 	Valid Accuracy     : 0.000049
Valid MAPE Loss    : 0.537514	 | 	Valid Accuracy     : 0.000049
lr                 : [3e-06]


Epoch : 36
Train MSE Loss     : 0.000016	 | 	Train Accuracy     : 0.000016
Valid MSE Loss     : 0.000028	 | 	Valid Accuracy     : 0.000028
Valid MAPE Loss    : 0.286180	 | 	Valid Accuracy     : 0.000028
lr                 : [3e-06]


Epoch : 37
Train MSE Loss     : 0.000015	 | 	Train Accuracy     : 0.000015
Valid MSE Loss     : 0.000038	 | 	Valid Accuracy     : 0.000038
Valid MAPE Loss    : 0.332911	 | 	Valid Accuracy     : 0.000038
lr                 : [3e-06]


Epoch : 38
Train MSE Loss     : 0.000015	 | 	Train Accuracy     : 0.000015
Valid MSE Loss     : 0.000051	 | 	Valid Accuracy     : 0.000051
Valid MAPE Loss    : 0.433952	 | 	Valid Accuracy     : 0.000051
lr                 : [3e-06]


Epoch : 39
Train MSE Loss     : 0.000016	 | 	Train Accuracy     : 0.000016
Valid MSE Loss     : 0.000055	 | 	Valid Accuracy     : 0.000055
Valid MAPE Loss    : 0.539660	 | 	Valid Accuracy     : 0.000055
lr                 : [3e-06]


Epoch : 40
Train MSE Loss     : 0.000015	 | 	Train Accuracy     : 0.000015
Valid MSE Loss     : 0.000031	 | 	Valid Accuracy     : 0.000031
Valid MAPE Loss    : 0.297944	 | 	Valid Accuracy     : 0.000031
lr                 : [3e-06]


Epoch : 41
Train MSE Loss     : 0.000015	 | 	Train Accuracy     : 0.000015
Valid MSE Loss     : 0.000064	 | 	Valid Accuracy     : 0.000064
Valid MAPE Loss    : 0.512039	 | 	Valid Accuracy     : 0.000064
lr                 : [3e-06]


Epoch : 42
Train MSE Loss     : 0.000015	 | 	Train Accuracy     : 0.000015
Valid MSE Loss     : 0.000065	 | 	Valid Accuracy     : 0.000065
Valid MAPE Loss    : 0.577296	 | 	Valid Accuracy     : 0.000065
lr                 : [3e-06]


Epoch : 43
Train MSE Loss     : 0.000015	 | 	Train Accuracy     : 0.000015
Valid MSE Loss     : 0.000044	 | 	Valid Accuracy     : 0.000044
Valid MAPE Loss    : 0.344828	 | 	Valid Accuracy     : 0.000044
lr                 : [3e-06]


Epoch : 44
Train MSE Loss     : 0.000015	 | 	Train Accuracy     : 0.000015
Valid MSE Loss     : 0.000030	 | 	Valid Accuracy     : 0.000030
Valid MAPE Loss    : 0.301778	 | 	Valid Accuracy     : 0.000030
lr                 : [3e-06]


Epoch : 45
Train MSE Loss     : 0.000015	 | 	Train Accuracy     : 0.000015
Valid MSE Loss     : 0.000041	 | 	Valid Accuracy     : 0.000041
Valid MAPE Loss    : 0.328886	 | 	Valid Accuracy     : 0.000041
lr                 : [3e-06]


Epoch : 46
Train MSE Loss     : 0.000015	 | 	Train Accuracy     : 0.000015
Valid MSE Loss     : 0.000030	 | 	Valid Accuracy     : 0.000030
Valid MAPE Loss    : 0.297914	 | 	Valid Accuracy     : 0.000030
lr                 : [3e-06]


Epoch : 47
Train MSE Loss     : 0.000015	 | 	Train Accuracy     : 0.000015
Valid MSE Loss     : 0.000095	 | 	Valid Accuracy     : 0.000095
Valid MAPE Loss    : 0.726934	 | 	Valid Accuracy     : 0.000095
lr                 : [3.0000000000000004e-07]


Epoch : 48
Train MSE Loss     : 0.000015	 | 	Train Accuracy     : 0.000015
Valid MSE Loss     : 0.000037	 | 	Valid Accuracy     : 0.000037
Valid MAPE Loss    : 0.309841	 | 	Valid Accuracy     : 0.000037
lr                 : [3.0000000000000004e-07]


Epoch : 49
Train MSE Loss     : 0.000014	 | 	Train Accuracy     : 0.000014
Valid MSE Loss     : 0.000036	 | 	Valid Accuracy     : 0.000036
Valid MAPE Loss    : 0.317735	 | 	Valid Accuracy     : 0.000036
lr                 : [3.0000000000000004e-07]


Epoch : 50
Train MSE Loss     : 0.000014	 | 	Train Accuracy     : 0.000014
Valid MSE Loss     : 0.000036	 | 	Valid Accuracy     : 0.000036
Valid MAPE Loss    : 0.319657	 | 	Valid Accuracy     : 0.000036
lr                 : [3.0000000000000004e-07]


Epoch : 51
Train MSE Loss     : 0.000014	 | 	Train Accuracy     : 0.000014
Valid MSE Loss     : 0.000037	 | 	Valid Accuracy     : 0.000037
Valid MAPE Loss    : 0.342442	 | 	Valid Accuracy     : 0.000037
lr                 : [3.0000000000000004e-07]


Epoch : 52
Train MSE Loss     : 0.000014	 | 	Train Accuracy     : 0.000014
Valid MSE Loss     : 0.000035	 | 	Valid Accuracy     : 0.000035
Valid MAPE Loss    : 0.317852	 | 	Valid Accuracy     : 0.000035
lr                 : [3.0000000000000004e-07]


Epoch : 53
Train MSE Loss     : 0.000014	 | 	Train Accuracy     : 0.000014
Valid MSE Loss     : 0.000035	 | 	Valid Accuracy     : 0.000035
Valid MAPE Loss    : 0.327552	 | 	Valid Accuracy     : 0.000035
lr                 : [3.0000000000000004e-07]


Epoch : 54
Train MSE Loss     : 0.000015	 | 	Train Accuracy     : 0.000015
Valid MSE Loss     : 0.000037	 | 	Valid Accuracy     : 0.000037
Valid MAPE Loss    : 0.339729	 | 	Valid Accuracy     : 0.000037
lr                 : [3.0000000000000004e-07]


Epoch : 55
Train MSE Loss     : 0.000015	 | 	Train Accuracy     : 0.000015
Valid MSE Loss     : 0.000035	 | 	Valid Accuracy     : 0.000035
Valid MAPE Loss    : 0.320417	 | 	Valid Accuracy     : 0.000035
lr                 : [3.0000000000000004e-07]


Epoch : 56
Train MSE Loss     : 0.000015	 | 	Train Accuracy     : 0.000015
Valid MSE Loss     : 0.000035	 | 	Valid Accuracy     : 0.000035
Valid MAPE Loss    : 0.317858	 | 	Valid Accuracy     : 0.000035
lr                 : [3.0000000000000004e-07]


Epoch : 57
Train MSE Loss     : 0.000015	 | 	Train Accuracy     : 0.000015
Valid MSE Loss     : 0.000035	 | 	Valid Accuracy     : 0.000035
Valid MAPE Loss    : 0.303731	 | 	Valid Accuracy     : 0.000035
lr                 : [3.0000000000000004e-07]


Epoch : 58
Train MSE Loss     : 0.000015	 | 	Train Accuracy     : 0.000015
Valid MSE Loss     : 0.000038	 | 	Valid Accuracy     : 0.000038
Valid MAPE Loss    : 0.367475	 | 	Valid Accuracy     : 0.000038
lr                 : [3.0000000000000004e-08]


Epoch : 59
Train MSE Loss     : 0.000014	 | 	Train Accuracy     : 0.000014
Valid MSE Loss     : 0.000037	 | 	Valid Accuracy     : 0.000037
Valid MAPE Loss    : 0.311754	 | 	Valid Accuracy     : 0.000037
lr                 : [3.0000000000000004e-08]


Epoch : 60
Train MSE Loss     : 0.000014	 | 	Train Accuracy     : 0.000014
Valid MSE Loss     : 0.000041	 | 	Valid Accuracy     : 0.000041
Valid MAPE Loss    : 0.326141	 | 	Valid Accuracy     : 0.000041
lr                 : [3.0000000000000004e-08]


Epoch : 61
Train MSE Loss     : 0.000015	 | 	Train Accuracy     : 0.000015
Valid MSE Loss     : 0.000037	 | 	Valid Accuracy     : 0.000037
Valid MAPE Loss    : 0.318932	 | 	Valid Accuracy     : 0.000037
lr                 : [3.0000000000000004e-08]


Epoch : 62
Train MSE Loss     : 0.000014	 | 	Train Accuracy     : 0.000014
Valid MSE Loss     : 0.000037	 | 	Valid Accuracy     : 0.000037
Valid MAPE Loss    : 0.311866	 | 	Valid Accuracy     : 0.000037
lr                 : [3.0000000000000004e-08]


Epoch : 63
Train MSE Loss     : 0.000014	 | 	Train Accuracy     : 0.000014
Valid MSE Loss     : 0.000035	 | 	Valid Accuracy     : 0.000035
Valid MAPE Loss    : 0.336721	 | 	Valid Accuracy     : 0.000035
lr                 : [3.0000000000000004e-08]


Epoch : 64
Train MSE Loss     : 0.000014	 | 	Train Accuracy     : 0.000014
Valid MSE Loss     : 0.000034	 | 	Valid Accuracy     : 0.000034
Valid MAPE Loss    : 0.305590	 | 	Valid Accuracy     : 0.000034
lr                 : [3.0000000000000004e-08]


Epoch : 65
Train MSE Loss     : 0.000014	 | 	Train Accuracy     : 0.000014
Valid MSE Loss     : 0.000037	 | 	Valid Accuracy     : 0.000037
Valid MAPE Loss    : 0.319579	 | 	Valid Accuracy     : 0.000037
lr                 : [3.0000000000000004e-08]


Epoch : 66
Train MSE Loss     : 0.000014	 | 	Train Accuracy     : 0.000014
Valid MSE Loss     : 0.000038	 | 	Valid Accuracy     : 0.000038
Valid MAPE Loss    : 0.319509	 | 	Valid Accuracy     : 0.000038
lr                 : [3.0000000000000004e-08]


Epoch : 67
Train MSE Loss     : 0.000014	 | 	Train Accuracy     : 0.000014
Valid MSE Loss     : 0.000041	 | 	Valid Accuracy     : 0.000041
Valid MAPE Loss    : 0.328558	 | 	Valid Accuracy     : 0.000041
lr                 : [3.0000000000000004e-08]


Epoch : 68
Train MSE Loss     : 0.000014	 | 	Train Accuracy     : 0.000014
Valid MSE Loss     : 0.000035	 | 	Valid Accuracy     : 0.000035
Valid MAPE Loss    : 0.314983	 | 	Valid Accuracy     : 0.000035
lr                 : [3.0000000000000004e-08]


Epoch : 69
Train MSE Loss     : 0.000014	 | 	Train Accuracy     : 0.000014
Valid MSE Loss     : 0.000035	 | 	Valid Accuracy     : 0.000035
Valid MAPE Loss    : 0.321326	 | 	Valid Accuracy     : 0.000035
lr                 : [3.0000000000000004e-09]


Epoch : 70
Train MSE Loss     : 0.000014	 | 	Train Accuracy     : 0.000014
Valid MSE Loss     : 0.000032	 | 	Valid Accuracy     : 0.000032
Valid MAPE Loss    : 0.309754	 | 	Valid Accuracy     : 0.000032
lr                 : [3.0000000000000004e-09]


Epoch : 71
Train MSE Loss     : 0.000015	 | 	Train Accuracy     : 0.000015
Valid MSE Loss     : 0.000040	 | 	Valid Accuracy     : 0.000040
Valid MAPE Loss    : 0.338964	 | 	Valid Accuracy     : 0.000040
lr                 : [3.0000000000000004e-09]


Epoch : 72
Train MSE Loss     : 0.000014	 | 	Train Accuracy     : 0.000014
Valid MSE Loss     : 0.000037	 | 	Valid Accuracy     : 0.000037
Valid MAPE Loss    : 0.311132	 | 	Valid Accuracy     : 0.000037
lr                 : [3.0000000000000004e-09]


Epoch : 73
Train MSE Loss     : 0.000014	 | 	Train Accuracy     : 0.000014
Valid MSE Loss     : 0.000037	 | 	Valid Accuracy     : 0.000037
Valid MAPE Loss    : 0.312642	 | 	Valid Accuracy     : 0.000037
lr                 : [3.0000000000000004e-09]


Epoch : 74
Train MSE Loss     : 0.000014	 | 	Train Accuracy     : 0.000014
Valid MSE Loss     : 0.000032	 | 	Valid Accuracy     : 0.000032
Valid MAPE Loss    : 0.303658	 | 	Valid Accuracy     : 0.000032
lr                 : [3.0000000000000004e-09]


Epoch : 75
Train MSE Loss     : 0.000015	 | 	Train Accuracy     : 0.000015
Valid MSE Loss     : 0.000033	 | 	Valid Accuracy     : 0.000033
Valid MAPE Loss    : 0.310192	 | 	Valid Accuracy     : 0.000033
lr                 : [3.0000000000000004e-09]


Epoch : 76
Train MSE Loss     : 0.000014	 | 	Train Accuracy     : 0.000014
Valid MSE Loss     : 0.000035	 | 	Valid Accuracy     : 0.000035
Valid MAPE Loss    : 0.318630	 | 	Valid Accuracy     : 0.000035
lr                 : [3.0000000000000004e-09]


Epoch : 77
Train MSE Loss     : 0.000014	 | 	Train Accuracy     : 0.000014
Valid MSE Loss     : 0.000037	 | 	Valid Accuracy     : 0.000037
Valid MAPE Loss    : 0.313602	 | 	Valid Accuracy     : 0.000037
lr                 : [3.0000000000000004e-09]


Epoch : 78
Train MSE Loss     : 0.000014	 | 	Train Accuracy     : 0.000014
Valid MSE Loss     : 0.000033	 | 	Valid Accuracy     : 0.000033
Valid MAPE Loss    : 0.299950	 | 	Valid Accuracy     : 0.000033
lr                 : [3.0000000000000004e-09]


Epoch : 79
Train MSE Loss     : 0.000014	 | 	Train Accuracy     : 0.000014
Valid MSE Loss     : 0.000038	 | 	Valid Accuracy     : 0.000038
Valid MAPE Loss    : 0.340973	 | 	Valid Accuracy     : 0.000038
lr                 : [3.0000000000000004e-09]


Epoch : 80
Train MSE Loss     : 0.000015	 | 	Train Accuracy     : 0.000015
Valid MSE Loss     : 0.000035	 | 	Valid Accuracy     : 0.000035
Valid MAPE Loss    : 0.312663	 | 	Valid Accuracy     : 0.000035
lr                 : [3.0000000000000004e-09]


Epoch : 81
Train MSE Loss     : 0.000014	 | 	Train Accuracy     : 0.000014
Valid MSE Loss     : 0.000036	 | 	Valid Accuracy     : 0.000036
Valid MAPE Loss    : 0.314309	 | 	Valid Accuracy     : 0.000036
lr                 : [3.0000000000000004e-09]


Epoch : 82
Train MSE Loss     : 0.000014	 | 	Train Accuracy     : 0.000014
Valid MSE Loss     : 0.000038	 | 	Valid Accuracy     : 0.000038
Valid MAPE Loss    : 0.324965	 | 	Valid Accuracy     : 0.000038
lr                 : [3.0000000000000004e-09]


Epoch : 83
Train MSE Loss     : 0.000014	 | 	Train Accuracy     : 0.000014
Valid MSE Loss     : 0.000036	 | 	Valid Accuracy     : 0.000036
Valid MAPE Loss    : 0.305642	 | 	Valid Accuracy     : 0.000036
lr                 : [3.0000000000000004e-09]


Epoch : 84
Train MSE Loss     : 0.000014	 | 	Train Accuracy     : 0.000014
Valid MSE Loss     : 0.000035	 | 	Valid Accuracy     : 0.000035
Valid MAPE Loss    : 0.305968	 | 	Valid Accuracy     : 0.000035
lr                 : [3.0000000000000004e-09]


Epoch : 85
Train MSE Loss     : 0.000014	 | 	Train Accuracy     : 0.000014
Valid MSE Loss     : 0.000034	 | 	Valid Accuracy     : 0.000034
Valid MAPE Loss    : 0.303731	 | 	Valid Accuracy     : 0.000034
lr                 : [3.0000000000000004e-09]


Epoch : 86
Train MSE Loss     : 0.000014	 | 	Train Accuracy     : 0.000014
Valid MSE Loss     : 0.000036	 | 	Valid Accuracy     : 0.000036
Valid MAPE Loss    : 0.315975	 | 	Valid Accuracy     : 0.000036
lr                 : [3.0000000000000004e-09]


Epoch : 87
Train MSE Loss     : 0.000014	 | 	Train Accuracy     : 0.000014
Valid MSE Loss     : 0.000035	 | 	Valid Accuracy     : 0.000035
Valid MAPE Loss    : 0.311345	 | 	Valid Accuracy     : 0.000035
lr                 : [3.0000000000000004e-09]


Epoch : 88
Train MSE Loss     : 0.000014	 | 	Train Accuracy     : 0.000014
Valid MSE Loss     : 0.000039	 | 	Valid Accuracy     : 0.000039
Valid MAPE Loss    : 0.349177	 | 	Valid Accuracy     : 0.000039
lr                 : [3.0000000000000004e-09]


Epoch : 89
Train MSE Loss     : 0.000015	 | 	Train Accuracy     : 0.000015
Valid MSE Loss     : 0.000035	 | 	Valid Accuracy     : 0.000035
Valid MAPE Loss    : 0.308126	 | 	Valid Accuracy     : 0.000035
lr                 : [3.0000000000000004e-09]


Epoch : 90
Train MSE Loss     : 0.000014	 | 	Train Accuracy     : 0.000014
Valid MSE Loss     : 0.000033	 | 	Valid Accuracy     : 0.000033
Valid MAPE Loss    : 0.308336	 | 	Valid Accuracy     : 0.000033
lr                 : [3.0000000000000004e-09]


Epoch : 91
Train MSE Loss     : 0.000014	 | 	Train Accuracy     : 0.000014
Valid MSE Loss     : 0.000038	 | 	Valid Accuracy     : 0.000038
Valid MAPE Loss    : 0.325642	 | 	Valid Accuracy     : 0.000038
lr                 : [3.0000000000000004e-09]


Epoch : 92
Train MSE Loss     : 0.000014	 | 	Train Accuracy     : 0.000014
Valid MSE Loss     : 0.000036	 | 	Valid Accuracy     : 0.000036
Valid MAPE Loss    : 0.304935	 | 	Valid Accuracy     : 0.000036
lr                 : [3.0000000000000004e-09]


Epoch : 93
Train MSE Loss     : 0.000014	 | 	Train Accuracy     : 0.000014
Valid MSE Loss     : 0.000036	 | 	Valid Accuracy     : 0.000036
Valid MAPE Loss    : 0.316479	 | 	Valid Accuracy     : 0.000036
lr                 : [3.0000000000000004e-09]


Epoch : 94
Train MSE Loss     : 0.000014	 | 	Train Accuracy     : 0.000014
Valid MSE Loss     : 0.000033	 | 	Valid Accuracy     : 0.000033
Valid MAPE Loss    : 0.306032	 | 	Valid Accuracy     : 0.000033
lr                 : [3.0000000000000004e-09]


Epoch : 95
Train MSE Loss     : 0.000014	 | 	Train Accuracy     : 0.000014
Valid MSE Loss     : 0.000035	 | 	Valid Accuracy     : 0.000035
Valid MAPE Loss    : 0.306569	 | 	Valid Accuracy     : 0.000035
lr                 : [3.0000000000000004e-09]


Epoch : 96
Train MSE Loss     : 0.000014	 | 	Train Accuracy     : 0.000014
Valid MSE Loss     : 0.000035	 | 	Valid Accuracy     : 0.000035
Valid MAPE Loss    : 0.305712	 | 	Valid Accuracy     : 0.000035
lr                 : [3.0000000000000004e-09]


Epoch : 97
Train MSE Loss     : 0.000014	 | 	Train Accuracy     : 0.000014
Valid MSE Loss     : 0.000036	 | 	Valid Accuracy     : 0.000036
Valid MAPE Loss    : 0.306879	 | 	Valid Accuracy     : 0.000036
lr                 : [3.0000000000000004e-09]


Epoch : 98
Train MSE Loss     : 0.000014	 | 	Train Accuracy     : 0.000014
Valid MSE Loss     : 0.000035	 | 	Valid Accuracy     : 0.000035
Valid MAPE Loss    : 0.314834	 | 	Valid Accuracy     : 0.000035
lr                 : [3.0000000000000004e-09]


Epoch : 99
Train MSE Loss     : 0.000015	 | 	Train Accuracy     : 0.000015
Valid MSE Loss     : 0.000035	 | 	Valid Accuracy     : 0.000035
Valid MAPE Loss    : 0.323647	 | 	Valid Accuracy     : 0.000035
lr                 : [3.0000000000000004e-09]


Epoch : 100
Train MSE Loss     : 0.000015	 | 	Train Accuracy     : 0.000015
Valid MSE Loss     : 0.000034	 | 	Valid Accuracy     : 0.000034
Valid MAPE Loss    : 0.304550	 | 	Valid Accuracy     : 0.000034
lr                 : [3.0000000000000004e-09]


Epoch : 101
Train MSE Loss     : 0.000014	 | 	Train Accuracy     : 0.000014
Valid MSE Loss     : 0.000037	 | 	Valid Accuracy     : 0.000037
Valid MAPE Loss    : 0.318186	 | 	Valid Accuracy     : 0.000037
lr                 : [3.0000000000000004e-09]


Epoch : 102
Train MSE Loss     : 0.000015	 | 	Train Accuracy     : 0.000015
Valid MSE Loss     : 0.000036	 | 	Valid Accuracy     : 0.000036
Valid MAPE Loss    : 0.317383	 | 	Valid Accuracy     : 0.000036
lr                 : [3.0000000000000004e-09]


Epoch : 103
Train MSE Loss     : 0.000014	 | 	Train Accuracy     : 0.000014
Valid MSE Loss     : 0.000037	 | 	Valid Accuracy     : 0.000037
Valid MAPE Loss    : 0.308756	 | 	Valid Accuracy     : 0.000037
lr                 : [3.0000000000000004e-09]


Epoch : 104
Train MSE Loss     : 0.000015	 | 	Train Accuracy     : 0.000015
Valid MSE Loss     : 0.000032	 | 	Valid Accuracy     : 0.000032
Valid MAPE Loss    : 0.302947	 | 	Valid Accuracy     : 0.000032
lr                 : [3.0000000000000004e-09]


Epoch : 105
Train MSE Loss     : 0.000014	 | 	Train Accuracy     : 0.000014
Valid MSE Loss     : 0.000035	 | 	Valid Accuracy     : 0.000035
Valid MAPE Loss    : 0.307203	 | 	Valid Accuracy     : 0.000035
lr                 : [3.0000000000000004e-09]


Epoch : 106
Train MSE Loss     : 0.000014	 | 	Train Accuracy     : 0.000014
Valid MSE Loss     : 0.000037	 | 	Valid Accuracy     : 0.000037
Valid MAPE Loss    : 0.324471	 | 	Valid Accuracy     : 0.000037
lr                 : [3.0000000000000004e-09]


Epoch : 107
Train MSE Loss     : 0.000014	 | 	Train Accuracy     : 0.000014
Valid MSE Loss     : 0.000036	 | 	Valid Accuracy     : 0.000036
Valid MAPE Loss    : 0.308954	 | 	Valid Accuracy     : 0.000036
lr                 : [3.0000000000000004e-09]


Epoch : 108
Train MSE Loss     : 0.000014	 | 	Train Accuracy     : 0.000014
Valid MSE Loss     : 0.000036	 | 	Valid Accuracy     : 0.000036
Valid MAPE Loss    : 0.307241	 | 	Valid Accuracy     : 0.000036
lr                 : [3.0000000000000004e-09]


Epoch : 109
Train MSE Loss     : 0.000014	 | 	Train Accuracy     : 0.000014
Valid MSE Loss     : 0.000039	 | 	Valid Accuracy     : 0.000039
Valid MAPE Loss    : 0.334470	 | 	Valid Accuracy     : 0.000039
lr                 : [3.0000000000000004e-09]


Epoch : 110
Train MSE Loss     : 0.000014	 | 	Train Accuracy     : 0.000014
Valid MSE Loss     : 0.000036	 | 	Valid Accuracy     : 0.000036
Valid MAPE Loss    : 0.321718	 | 	Valid Accuracy     : 0.000036
lr                 : [3.0000000000000004e-09]


Epoch : 111
Train MSE Loss     : 0.000014	 | 	Train Accuracy     : 0.000014
Valid MSE Loss     : 0.000037	 | 	Valid Accuracy     : 0.000037
Valid MAPE Loss    : 0.342781	 | 	Valid Accuracy     : 0.000037
lr                 : [3.0000000000000004e-09]


Epoch : 112
Train MSE Loss     : 0.000015	 | 	Train Accuracy     : 0.000015
Valid MSE Loss     : 0.000035	 | 	Valid Accuracy     : 0.000035
Valid MAPE Loss    : 0.302685	 | 	Valid Accuracy     : 0.000035
lr                 : [3.0000000000000004e-09]


Epoch : 113
Train MSE Loss     : 0.000014	 | 	Train Accuracy     : 0.000014
Valid MSE Loss     : 0.000038	 | 	Valid Accuracy     : 0.000038
Valid MAPE Loss    : 0.325618	 | 	Valid Accuracy     : 0.000038
lr                 : [3.0000000000000004e-09]


Epoch : 114
Train MSE Loss     : 0.000014	 | 	Train Accuracy     : 0.000014
Valid MSE Loss     : 0.000034	 | 	Valid Accuracy     : 0.000034
Valid MAPE Loss    : 0.299794	 | 	Valid Accuracy     : 0.000034
lr                 : [3.0000000000000004e-09]


Epoch : 115
Train MSE Loss     : 0.000014	 | 	Train Accuracy     : 0.000014
Valid MSE Loss     : 0.000034	 | 	Valid Accuracy     : 0.000034
Valid MAPE Loss    : 0.302113	 | 	Valid Accuracy     : 0.000034
lr                 : [3.0000000000000004e-09]


Epoch : 116
Train MSE Loss     : 0.000014	 | 	Train Accuracy     : 0.000014
Valid MSE Loss     : 0.000035	 | 	Valid Accuracy     : 0.000035
Valid MAPE Loss    : 0.303198	 | 	Valid Accuracy     : 0.000035
lr                 : [3.0000000000000004e-09]


Epoch : 117
Train MSE Loss     : 0.000014	 | 	Train Accuracy     : 0.000014
Valid MSE Loss     : 0.000036	 | 	Valid Accuracy     : 0.000036
Valid MAPE Loss    : 0.305694	 | 	Valid Accuracy     : 0.000036
lr                 : [3.0000000000000004e-09]


Epoch : 118
Train MSE Loss     : 0.000014	 | 	Train Accuracy     : 0.000014
Valid MSE Loss     : 0.000034	 | 	Valid Accuracy     : 0.000034
Valid MAPE Loss    : 0.319994	 | 	Valid Accuracy     : 0.000034
lr                 : [3.0000000000000004e-09]


Epoch : 119
Train MSE Loss     : 0.000015	 | 	Train Accuracy     : 0.000015
Valid MSE Loss     : 0.000037	 | 	Valid Accuracy     : 0.000037
Valid MAPE Loss    : 0.329217	 | 	Valid Accuracy     : 0.000037
lr                 : [3.0000000000000004e-09]


Epoch : 120
Train MSE Loss     : 0.000014	 | 	Train Accuracy     : 0.000014
Valid MSE Loss     : 0.000035	 | 	Valid Accuracy     : 0.000035
Valid MAPE Loss    : 0.309769	 | 	Valid Accuracy     : 0.000035
lr                 : [3.0000000000000004e-09]


Epoch : 121
Train MSE Loss     : 0.000014	 | 	Train Accuracy     : 0.000014
Valid MSE Loss     : 0.000037	 | 	Valid Accuracy     : 0.000037
Valid MAPE Loss    : 0.349805	 | 	Valid Accuracy     : 0.000037
lr                 : [3.0000000000000004e-09]


Epoch : 122
Train MSE Loss     : 0.000014	 | 	Train Accuracy     : 0.000014
Valid MSE Loss     : 0.000038	 | 	Valid Accuracy     : 0.000038
Valid MAPE Loss    : 0.340636	 | 	Valid Accuracy     : 0.000038
lr                 : [3.0000000000000004e-09]


Epoch : 123
Train MSE Loss     : 0.000015	 | 	Train Accuracy     : 0.000015
Valid MSE Loss     : 0.000034	 | 	Valid Accuracy     : 0.000034
Valid MAPE Loss    : 0.305132	 | 	Valid Accuracy     : 0.000034
lr                 : [3.0000000000000004e-09]


Epoch : 124
Train MSE Loss     : 0.000015	 | 	Train Accuracy     : 0.000015
Valid MSE Loss     : 0.000040	 | 	Valid Accuracy     : 0.000040
Valid MAPE Loss    : 0.338842	 | 	Valid Accuracy     : 0.000040
lr                 : [3.0000000000000004e-09]


Epoch : 125
Train MSE Loss     : 0.000014	 | 	Train Accuracy     : 0.000014
Valid MSE Loss     : 0.000038	 | 	Valid Accuracy     : 0.000038
Valid MAPE Loss    : 0.323383	 | 	Valid Accuracy     : 0.000038
lr                 : [3.0000000000000004e-09]


Epoch : 126
Train MSE Loss     : 0.000014	 | 	Train Accuracy     : 0.000014
Valid MSE Loss     : 0.000037	 | 	Valid Accuracy     : 0.000037
Valid MAPE Loss    : 0.315391	 | 	Valid Accuracy     : 0.000037
lr                 : [3.0000000000000004e-09]


Epoch : 127
Train MSE Loss     : 0.000014	 | 	Train Accuracy     : 0.000014
Valid MSE Loss     : 0.000035	 | 	Valid Accuracy     : 0.000035
Valid MAPE Loss    : 0.303445	 | 	Valid Accuracy     : 0.000035
lr                 : [3.0000000000000004e-09]


Epoch : 128
Train MSE Loss     : 0.000014	 | 	Train Accuracy     : 0.000014
Valid MSE Loss     : 0.000034	 | 	Valid Accuracy     : 0.000034
Valid MAPE Loss    : 0.301224	 | 	Valid Accuracy     : 0.000034
lr                 : [3.0000000000000004e-09]


Epoch : 129
Train MSE Loss     : 0.000014	 | 	Train Accuracy     : 0.000014
Valid MSE Loss     : 0.000036	 | 	Valid Accuracy     : 0.000036
Valid MAPE Loss    : 0.313028	 | 	Valid Accuracy     : 0.000036
lr                 : [3.0000000000000004e-09]


Epoch : 130
Train MSE Loss     : 0.000014	 | 	Train Accuracy     : 0.000014
Valid MSE Loss     : 0.000036	 | 	Valid Accuracy     : 0.000036
Valid MAPE Loss    : 0.308139	 | 	Valid Accuracy     : 0.000036
lr                 : [3.0000000000000004e-09]


Epoch : 131
Train MSE Loss     : 0.000015	 | 	Train Accuracy     : 0.000015
Valid MSE Loss     : 0.000033	 | 	Valid Accuracy     : 0.000033
Valid MAPE Loss    : 0.303502	 | 	Valid Accuracy     : 0.000033
lr                 : [3.0000000000000004e-09]


Epoch : 132
Train MSE Loss     : 0.000014	 | 	Train Accuracy     : 0.000014
Valid MSE Loss     : 0.000035	 | 	Valid Accuracy     : 0.000035
Valid MAPE Loss    : 0.310895	 | 	Valid Accuracy     : 0.000035
lr                 : [3.0000000000000004e-09]


Epoch : 133
Train MSE Loss     : 0.000014	 | 	Train Accuracy     : 0.000014
Valid MSE Loss     : 0.000033	 | 	Valid Accuracy     : 0.000033
Valid MAPE Loss    : 0.307860	 | 	Valid Accuracy     : 0.000033
lr                 : [3.0000000000000004e-09]


Epoch : 134
Train MSE Loss     : 0.000015	 | 	Train Accuracy     : 0.000015
Valid MSE Loss     : 0.000034	 | 	Valid Accuracy     : 0.000034
Valid MAPE Loss    : 0.305137	 | 	Valid Accuracy     : 0.000034
lr                 : [3.0000000000000004e-09]


Epoch : 135
Train MSE Loss     : 0.000014	 | 	Train Accuracy     : 0.000014
Valid MSE Loss     : 0.000037	 | 	Valid Accuracy     : 0.000037
Valid MAPE Loss    : 0.316357	 | 	Valid Accuracy     : 0.000037
lr                 : [3.0000000000000004e-09]


Epoch : 136
Train MSE Loss     : 0.000014	 | 	Train Accuracy     : 0.000014
Valid MSE Loss     : 0.000039	 | 	Valid Accuracy     : 0.000039
Valid MAPE Loss    : 0.323904	 | 	Valid Accuracy     : 0.000039
lr                 : [3.0000000000000004e-09]


Epoch : 137
Train MSE Loss     : 0.000015	 | 	Train Accuracy     : 0.000015
Valid MSE Loss     : 0.000035	 | 	Valid Accuracy     : 0.000035
Valid MAPE Loss    : 0.310993	 | 	Valid Accuracy     : 0.000035
lr                 : [3.0000000000000004e-09]


Epoch : 138
Train MSE Loss     : 0.000014	 | 	Train Accuracy     : 0.000014
Valid MSE Loss     : 0.000034	 | 	Valid Accuracy     : 0.000034
Valid MAPE Loss    : 0.302817	 | 	Valid Accuracy     : 0.000034
lr                 : [3.0000000000000004e-09]


Epoch : 139
Train MSE Loss     : 0.000014	 | 	Train Accuracy     : 0.000014
Valid MSE Loss     : 0.000037	 | 	Valid Accuracy     : 0.000037
Valid MAPE Loss    : 0.324110	 | 	Valid Accuracy     : 0.000037
lr                 : [3.0000000000000004e-09]


Epoch : 140
Train MSE Loss     : 0.000014	 | 	Train Accuracy     : 0.000014
Valid MSE Loss     : 0.000036	 | 	Valid Accuracy     : 0.000036
Valid MAPE Loss    : 0.307734	 | 	Valid Accuracy     : 0.000036
lr                 : [3.0000000000000004e-09]


Epoch : 141
Train MSE Loss     : 0.000014	 | 	Train Accuracy     : 0.000014
Valid MSE Loss     : 0.000036	 | 	Valid Accuracy     : 0.000036
Valid MAPE Loss    : 0.315485	 | 	Valid Accuracy     : 0.000036
lr                 : [3.0000000000000004e-09]


Epoch : 142
Train MSE Loss     : 0.000014	 | 	Train Accuracy     : 0.000014
Valid MSE Loss     : 0.000036	 | 	Valid Accuracy     : 0.000036
Valid MAPE Loss    : 0.323333	 | 	Valid Accuracy     : 0.000036
lr                 : [3.0000000000000004e-09]


Epoch : 143
Train MSE Loss     : 0.000014	 | 	Train Accuracy     : 0.000014
Valid MSE Loss     : 0.000036	 | 	Valid Accuracy     : 0.000036
Valid MAPE Loss    : 0.320896	 | 	Valid Accuracy     : 0.000036
lr                 : [3.0000000000000004e-09]


Epoch : 144
Train MSE Loss     : 0.000014	 | 	Train Accuracy     : 0.000014
Valid MSE Loss     : 0.000033	 | 	Valid Accuracy     : 0.000033
Valid MAPE Loss    : 0.296673	 | 	Valid Accuracy     : 0.000033
lr                 : [3.0000000000000004e-09]


Epoch : 145
Train MSE Loss     : 0.000015	 | 	Train Accuracy     : 0.000015
Valid MSE Loss     : 0.000039	 | 	Valid Accuracy     : 0.000039
Valid MAPE Loss    : 0.317547	 | 	Valid Accuracy     : 0.000039
lr                 : [3.0000000000000004e-09]


Epoch : 146
Train MSE Loss     : 0.000014	 | 	Train Accuracy     : 0.000014
Valid MSE Loss     : 0.000036	 | 	Valid Accuracy     : 0.000036
Valid MAPE Loss    : 0.309916	 | 	Valid Accuracy     : 0.000036
lr                 : [3.0000000000000004e-09]


Epoch : 147
Train MSE Loss     : 0.000014	 | 	Train Accuracy     : 0.000014
Valid MSE Loss     : 0.000037	 | 	Valid Accuracy     : 0.000037
Valid MAPE Loss    : 0.321001	 | 	Valid Accuracy     : 0.000037
lr                 : [3.0000000000000004e-09]


Epoch : 148
Train MSE Loss     : 0.000014	 | 	Train Accuracy     : 0.000014
Valid MSE Loss     : 0.000037	 | 	Valid Accuracy     : 0.000037
Valid MAPE Loss    : 0.312588	 | 	Valid Accuracy     : 0.000037
lr                 : [3.0000000000000004e-09]


Epoch : 149
Train MSE Loss     : 0.000014	 | 	Train Accuracy     : 0.000014
Valid MSE Loss     : 0.000039	 | 	Valid Accuracy     : 0.000039
Valid MAPE Loss    : 0.325434	 | 	Valid Accuracy     : 0.000039
lr                 : [3.0000000000000004e-09]


Epoch : 150
Train MSE Loss     : 0.000014	 | 	Train Accuracy     : 0.000014
Valid MSE Loss     : 0.000036	 | 	Valid Accuracy     : 0.000036
Valid MAPE Loss    : 0.311238	 | 	Valid Accuracy     : 0.000036
lr                 : [3.0000000000000004e-09]


Evaluate on the Test set:
Test MAPE loss      :0.208368	 | Test MSE loss      : 0.000020

################## Training is Done! #########################
Training time is : 0:43:19.239323
