=============================================
Dataset: cell_mit_batch1_raw_data
Mode:    supervised_with_contrast
=============================================
Data loaded ...
Training started ....

Epoch : 1
Train MSE Loss     : 2.000000	 | 	Train Accuracy     : nan
Valid MSE Loss     : 0.002913	 | 	Valid Accuracy     : 0.002913
Valid MAPE Loss    : 4.688337	 | 	Valid Accuracy     : 0.002913
lr                 : [0.0003]


Epoch : 2
Train MSE Loss     : 2.000000	 | 	Train Accuracy     : nan
Valid MSE Loss     : 0.000888	 | 	Valid Accuracy     : 0.000888
Valid MAPE Loss    : 1.885720	 | 	Valid Accuracy     : 0.000888
lr                 : [0.0003]


Epoch : 3
Train MSE Loss     : 2.000000	 | 	Train Accuracy     : nan
Valid MSE Loss     : 0.001016	 | 	Valid Accuracy     : 0.001016
Valid MAPE Loss    : 2.010003	 | 	Valid Accuracy     : 0.001016
lr                 : [0.0003]


Epoch : 4
Train MSE Loss     : 2.000000	 | 	Train Accuracy     : nan
Valid MSE Loss     : 0.001118	 | 	Valid Accuracy     : 0.001118
Valid MAPE Loss    : 2.510786	 | 	Valid Accuracy     : 0.001118
lr                 : [0.0003]


Epoch : 5
Train MSE Loss     : 2.000000	 | 	Train Accuracy     : nan
Valid MSE Loss     : 0.000598	 | 	Valid Accuracy     : 0.000598
Valid MAPE Loss    : 1.232571	 | 	Valid Accuracy     : 0.000598
lr                 : [0.0003]


Epoch : 6
Train MSE Loss     : 2.000000	 | 	Train Accuracy     : nan
Valid MSE Loss     : 0.000968	 | 	Valid Accuracy     : 0.000968
Valid MAPE Loss    : 1.960063	 | 	Valid Accuracy     : 0.000968
lr                 : [0.0003]


Epoch : 7
Train MSE Loss     : 2.000000	 | 	Train Accuracy     : nan
Valid MSE Loss     : 0.000587	 | 	Valid Accuracy     : 0.000587
Valid MAPE Loss    : 1.228893	 | 	Valid Accuracy     : 0.000587
lr                 : [0.0003]


Epoch : 8
Train MSE Loss     : 2.000000	 | 	Train Accuracy     : nan
Valid MSE Loss     : 0.001030	 | 	Valid Accuracy     : 0.001030
Valid MAPE Loss    : 2.485694	 | 	Valid Accuracy     : 0.001030
lr                 : [0.0003]


Epoch : 9
Train MSE Loss     : 2.000000	 | 	Train Accuracy     : nan
Valid MSE Loss     : 0.001860	 | 	Valid Accuracy     : 0.001860
Valid MAPE Loss    : 3.674663	 | 	Valid Accuracy     : 0.001860
lr                 : [0.0003]


Epoch : 10
Train MSE Loss     : 2.000000	 | 	Train Accuracy     : nan
Valid MSE Loss     : 0.001126	 | 	Valid Accuracy     : 0.001126
Valid MAPE Loss    : 2.810187	 | 	Valid Accuracy     : 0.001126
lr                 : [0.0003]


Epoch : 11
Train MSE Loss     : 2.000000	 | 	Train Accuracy     : nan
Valid MSE Loss     : 0.001089	 | 	Valid Accuracy     : 0.001089
Valid MAPE Loss    : 2.120700	 | 	Valid Accuracy     : 0.001089
lr                 : [0.0003]


Epoch : 12
Train MSE Loss     : 2.000000	 | 	Train Accuracy     : nan
Valid MSE Loss     : 0.000590	 | 	Valid Accuracy     : 0.000590
Valid MAPE Loss    : 1.432943	 | 	Valid Accuracy     : 0.000590
lr                 : [0.0003]


Epoch : 13
Train MSE Loss     : 2.000000	 | 	Train Accuracy     : nan
Valid MSE Loss     : 0.001010	 | 	Valid Accuracy     : 0.001010
Valid MAPE Loss    : 2.327519	 | 	Valid Accuracy     : 0.001010
lr                 : [0.0003]


Epoch : 14
Train MSE Loss     : 2.000000	 | 	Train Accuracy     : nan
Valid MSE Loss     : 0.000941	 | 	Valid Accuracy     : 0.000941
Valid MAPE Loss    : 2.310873	 | 	Valid Accuracy     : 0.000941
lr                 : [0.0003]


Epoch : 15
Train MSE Loss     : 2.000000	 | 	Train Accuracy     : nan
Valid MSE Loss     : 0.000463	 | 	Valid Accuracy     : 0.000463
Valid MAPE Loss    : 0.847978	 | 	Valid Accuracy     : 0.000463
lr                 : [0.0003]


Epoch : 16
Train MSE Loss     : 2.000000	 | 	Train Accuracy     : nan
Valid MSE Loss     : 0.001010	 | 	Valid Accuracy     : 0.001010
Valid MAPE Loss    : 2.518407	 | 	Valid Accuracy     : 0.001010
lr                 : [0.0003]


Epoch : 17
Train MSE Loss     : 2.000000	 | 	Train Accuracy     : nan
Valid MSE Loss     : 0.000688	 | 	Valid Accuracy     : 0.000688
Valid MAPE Loss    : 1.728931	 | 	Valid Accuracy     : 0.000688
lr                 : [0.0003]


Epoch : 18
Train MSE Loss     : 2.000000	 | 	Train Accuracy     : nan
Valid MSE Loss     : 0.000537	 | 	Valid Accuracy     : 0.000537
Valid MAPE Loss    : 1.253018	 | 	Valid Accuracy     : 0.000537
lr                 : [0.0003]


Epoch : 19
Train MSE Loss     : 2.000000	 | 	Train Accuracy     : nan
Valid MSE Loss     : 0.002034	 | 	Valid Accuracy     : 0.002034
Valid MAPE Loss    : 4.252716	 | 	Valid Accuracy     : 0.002034
lr                 : [0.0003]


Epoch : 20
Train MSE Loss     : 2.000000	 | 	Train Accuracy     : nan
Valid MSE Loss     : 0.000413	 | 	Valid Accuracy     : 0.000413
Valid MAPE Loss    : 0.470705	 | 	Valid Accuracy     : 0.000413
lr                 : [0.0003]


Epoch : 21
Train MSE Loss     : 2.000000	 | 	Train Accuracy     : nan
Valid MSE Loss     : 0.000522	 | 	Valid Accuracy     : 0.000522
Valid MAPE Loss    : 1.153549	 | 	Valid Accuracy     : 0.000522
lr                 : [0.0003]


Epoch : 22
Train MSE Loss     : 2.000000	 | 	Train Accuracy     : nan
Valid MSE Loss     : 0.000737	 | 	Valid Accuracy     : 0.000737
Valid MAPE Loss    : 1.851697	 | 	Valid Accuracy     : 0.000737
lr                 : [0.0003]


Epoch : 23
Train MSE Loss     : 2.000000	 | 	Train Accuracy     : nan
Valid MSE Loss     : 0.000765	 | 	Valid Accuracy     : 0.000765
Valid MAPE Loss    : 1.975251	 | 	Valid Accuracy     : 0.000765
lr                 : [0.0003]


Epoch : 24
Train MSE Loss     : 2.000000	 | 	Train Accuracy     : nan
Valid MSE Loss     : 0.000628	 | 	Valid Accuracy     : 0.000628
Valid MAPE Loss    : 1.551373	 | 	Valid Accuracy     : 0.000628
lr                 : [0.0003]


Epoch : 25
Train MSE Loss     : 2.000000	 | 	Train Accuracy     : nan
Valid MSE Loss     : 0.000961	 | 	Valid Accuracy     : 0.000961
Valid MAPE Loss    : 2.478148	 | 	Valid Accuracy     : 0.000961
lr                 : [0.0003]


Epoch : 26
Train MSE Loss     : 2.000000	 | 	Train Accuracy     : nan
Valid MSE Loss     : 0.000415	 | 	Valid Accuracy     : 0.000415
Valid MAPE Loss    : 0.465722	 | 	Valid Accuracy     : 0.000415
lr                 : [0.0003]


Epoch : 27
Train MSE Loss     : 2.000000	 | 	Train Accuracy     : nan
Valid MSE Loss     : 0.000430	 | 	Valid Accuracy     : 0.000430
Valid MAPE Loss    : 0.595000	 | 	Valid Accuracy     : 0.000430
lr                 : [0.0003]


Epoch : 28
Train MSE Loss     : 2.000000	 | 	Train Accuracy     : nan
Valid MSE Loss     : 0.000441	 | 	Valid Accuracy     : 0.000441
Valid MAPE Loss    : 0.741147	 | 	Valid Accuracy     : 0.000441
lr                 : [0.0003]


Epoch : 29
Train MSE Loss     : 2.000000	 | 	Train Accuracy     : nan
Valid MSE Loss     : 0.000419	 | 	Valid Accuracy     : 0.000419
Valid MAPE Loss    : 0.564668	 | 	Valid Accuracy     : 0.000419
lr                 : [0.0003]


Epoch : 30
Train MSE Loss     : 2.000000	 | 	Train Accuracy     : nan
Valid MSE Loss     : 0.002288	 | 	Valid Accuracy     : 0.002288
Valid MAPE Loss    : 4.545550	 | 	Valid Accuracy     : 0.002288
lr                 : [0.0003]


Epoch : 31
Train MSE Loss     : 2.000000	 | 	Train Accuracy     : nan
Valid MSE Loss     : 0.002618	 | 	Valid Accuracy     : 0.002618
Valid MAPE Loss    : 4.983977	 | 	Valid Accuracy     : 0.002618
lr                 : [0.0003]


Epoch : 32
Train MSE Loss     : 2.000000	 | 	Train Accuracy     : nan
Valid MSE Loss     : 0.000680	 | 	Valid Accuracy     : 0.000680
Valid MAPE Loss    : 1.589868	 | 	Valid Accuracy     : 0.000680
lr                 : [0.0003]


Epoch : 33
Train MSE Loss     : 2.000000	 | 	Train Accuracy     : nan
Valid MSE Loss     : 0.000628	 | 	Valid Accuracy     : 0.000628
Valid MAPE Loss    : 1.515153	 | 	Valid Accuracy     : 0.000628
lr                 : [0.0003]


Epoch : 34
Train MSE Loss     : 2.000000	 | 	Train Accuracy     : nan
Valid MSE Loss     : 0.000427	 | 	Valid Accuracy     : 0.000427
Valid MAPE Loss    : 0.571168	 | 	Valid Accuracy     : 0.000427
lr                 : [0.0003]


Epoch : 35
Train MSE Loss     : 2.000000	 | 	Train Accuracy     : nan
Valid MSE Loss     : 0.000483	 | 	Valid Accuracy     : 0.000483
Valid MAPE Loss    : 0.885541	 | 	Valid Accuracy     : 0.000483
lr                 : [0.0003]


Epoch : 36
Train MSE Loss     : 2.000000	 | 	Train Accuracy     : nan
Valid MSE Loss     : 0.002013	 | 	Valid Accuracy     : 0.002013
Valid MAPE Loss    : 4.149820	 | 	Valid Accuracy     : 0.002013
lr                 : [0.0003]


Epoch : 37
Train MSE Loss     : 2.000000	 | 	Train Accuracy     : nan
Valid MSE Loss     : 0.001519	 | 	Valid Accuracy     : 0.001519
Valid MAPE Loss    : 3.530825	 | 	Valid Accuracy     : 0.001519
lr                 : [2.9999999999999997e-05]


Epoch : 38
Train MSE Loss     : 2.000000	 | 	Train Accuracy     : nan
Valid MSE Loss     : 0.000473	 | 	Valid Accuracy     : 0.000473
Valid MAPE Loss    : 0.987642	 | 	Valid Accuracy     : 0.000473
lr                 : [2.9999999999999997e-05]


Epoch : 39
Train MSE Loss     : 2.000000	 | 	Train Accuracy     : nan
Valid MSE Loss     : 0.000448	 | 	Valid Accuracy     : 0.000448
Valid MAPE Loss    : 0.866786	 | 	Valid Accuracy     : 0.000448
lr                 : [2.9999999999999997e-05]


Epoch : 40
Train MSE Loss     : 2.000000	 | 	Train Accuracy     : nan
Valid MSE Loss     : 0.000392	 | 	Valid Accuracy     : 0.000392
Valid MAPE Loss    : 0.311770	 | 	Valid Accuracy     : 0.000392
lr                 : [2.9999999999999997e-05]


Epoch : 41
Train MSE Loss     : 2.000000	 | 	Train Accuracy     : nan
Valid MSE Loss     : 0.000387	 | 	Valid Accuracy     : 0.000387
Valid MAPE Loss    : 0.235732	 | 	Valid Accuracy     : 0.000387
lr                 : [2.9999999999999997e-05]


Epoch : 42
Train MSE Loss     : 2.000000	 | 	Train Accuracy     : nan
Valid MSE Loss     : 0.000401	 | 	Valid Accuracy     : 0.000401
Valid MAPE Loss    : 0.455761	 | 	Valid Accuracy     : 0.000401
lr                 : [2.9999999999999997e-05]


Epoch : 43
Train MSE Loss     : 2.000000	 | 	Train Accuracy     : nan
Valid MSE Loss     : 0.000409	 | 	Valid Accuracy     : 0.000409
Valid MAPE Loss    : 0.524138	 | 	Valid Accuracy     : 0.000409
lr                 : [2.9999999999999997e-05]


Epoch : 44
Train MSE Loss     : 2.000000	 | 	Train Accuracy     : nan
Valid MSE Loss     : 0.000410	 | 	Valid Accuracy     : 0.000410
Valid MAPE Loss    : 0.566924	 | 	Valid Accuracy     : 0.000410
lr                 : [2.9999999999999997e-05]


Epoch : 45
Train MSE Loss     : 2.000000	 | 	Train Accuracy     : nan
Valid MSE Loss     : 0.000388	 | 	Valid Accuracy     : 0.000388
Valid MAPE Loss    : 0.238057	 | 	Valid Accuracy     : 0.000388
lr                 : [2.9999999999999997e-05]


Epoch : 46
Train MSE Loss     : 2.000000	 | 	Train Accuracy     : nan
Valid MSE Loss     : 0.000396	 | 	Valid Accuracy     : 0.000396
Valid MAPE Loss    : 0.386182	 | 	Valid Accuracy     : 0.000396
lr                 : [2.9999999999999997e-05]


Epoch : 47
Train MSE Loss     : 2.000000	 | 	Train Accuracy     : nan
Valid MSE Loss     : 0.000436	 | 	Valid Accuracy     : 0.000436
Valid MAPE Loss    : 0.786778	 | 	Valid Accuracy     : 0.000436
lr                 : [2.9999999999999997e-05]


Epoch : 48
Train MSE Loss     : 2.000000	 | 	Train Accuracy     : nan
Valid MSE Loss     : 0.000409	 | 	Valid Accuracy     : 0.000409
Valid MAPE Loss    : 0.548666	 | 	Valid Accuracy     : 0.000409
lr                 : [2.9999999999999997e-05]


Epoch : 49
Train MSE Loss     : 2.000000	 | 	Train Accuracy     : nan
Valid MSE Loss     : 0.000386	 | 	Valid Accuracy     : 0.000386
Valid MAPE Loss    : 0.225012	 | 	Valid Accuracy     : 0.000386
lr                 : [2.9999999999999997e-05]


Epoch : 50
Train MSE Loss     : 2.000000	 | 	Train Accuracy     : nan
Valid MSE Loss     : 0.000401	 | 	Valid Accuracy     : 0.000401
Valid MAPE Loss    : 0.454701	 | 	Valid Accuracy     : 0.000401
lr                 : [2.9999999999999997e-05]


Epoch : 51
Train MSE Loss     : 2.000000	 | 	Train Accuracy     : nan
Valid MSE Loss     : 0.000389	 | 	Valid Accuracy     : 0.000389
Valid MAPE Loss    : 0.283171	 | 	Valid Accuracy     : 0.000389
lr                 : [2.9999999999999997e-05]


Epoch : 52
Train MSE Loss     : 2.000000	 | 	Train Accuracy     : nan
Valid MSE Loss     : 0.000389	 | 	Valid Accuracy     : 0.000389
Valid MAPE Loss    : 0.278833	 | 	Valid Accuracy     : 0.000389
lr                 : [2.9999999999999997e-05]


Epoch : 53
Train MSE Loss     : 2.000000	 | 	Train Accuracy     : nan
Valid MSE Loss     : 0.000387	 | 	Valid Accuracy     : 0.000387
Valid MAPE Loss    : 0.224282	 | 	Valid Accuracy     : 0.000387
lr                 : [2.9999999999999997e-05]


Epoch : 54
Train MSE Loss     : 2.000000	 | 	Train Accuracy     : nan
Valid MSE Loss     : 0.000449	 | 	Valid Accuracy     : 0.000449
Valid MAPE Loss    : 0.883171	 | 	Valid Accuracy     : 0.000449
lr                 : [2.9999999999999997e-05]


Epoch : 55
Train MSE Loss     : 2.000000	 | 	Train Accuracy     : nan
Valid MSE Loss     : 0.000401	 | 	Valid Accuracy     : 0.000401
Valid MAPE Loss    : 0.431297	 | 	Valid Accuracy     : 0.000401
lr                 : [2.9999999999999997e-05]


Epoch : 56
Train MSE Loss     : 2.000000	 | 	Train Accuracy     : nan
Valid MSE Loss     : 0.000421	 | 	Valid Accuracy     : 0.000421
Valid MAPE Loss    : 0.651826	 | 	Valid Accuracy     : 0.000421
lr                 : [2.9999999999999997e-05]


Epoch : 57
Train MSE Loss     : 2.000000	 | 	Train Accuracy     : nan
Valid MSE Loss     : 0.000392	 | 	Valid Accuracy     : 0.000392
Valid MAPE Loss    : 0.352012	 | 	Valid Accuracy     : 0.000392
lr                 : [2.9999999999999997e-05]


Epoch : 58
Train MSE Loss     : 2.000000	 | 	Train Accuracy     : nan
Valid MSE Loss     : 0.000385	 | 	Valid Accuracy     : 0.000385
Valid MAPE Loss    : 0.216952	 | 	Valid Accuracy     : 0.000385
lr                 : [2.9999999999999997e-05]


Epoch : 59
Train MSE Loss     : 2.000000	 | 	Train Accuracy     : nan
Valid MSE Loss     : 0.000399	 | 	Valid Accuracy     : 0.000399
Valid MAPE Loss    : 0.441178	 | 	Valid Accuracy     : 0.000399
lr                 : [2.9999999999999997e-05]


Epoch : 60
Train MSE Loss     : 2.000000	 | 	Train Accuracy     : nan
Valid MSE Loss     : 0.000392	 | 	Valid Accuracy     : 0.000392
Valid MAPE Loss    : 0.302900	 | 	Valid Accuracy     : 0.000392
lr                 : [2.9999999999999997e-05]


Epoch : 61
Train MSE Loss     : 2.000000	 | 	Train Accuracy     : nan
Valid MSE Loss     : 0.000394	 | 	Valid Accuracy     : 0.000394
Valid MAPE Loss    : 0.353579	 | 	Valid Accuracy     : 0.000394
lr                 : [2.9999999999999997e-05]


Epoch : 62
Train MSE Loss     : 2.000000	 | 	Train Accuracy     : nan
Valid MSE Loss     : 0.000389	 | 	Valid Accuracy     : 0.000389
Valid MAPE Loss    : 0.270358	 | 	Valid Accuracy     : 0.000389
lr                 : [2.9999999999999997e-05]


Epoch : 63
Train MSE Loss     : 2.000000	 | 	Train Accuracy     : nan
Valid MSE Loss     : 0.000401	 | 	Valid Accuracy     : 0.000401
Valid MAPE Loss    : 0.484266	 | 	Valid Accuracy     : 0.000401
lr                 : [2.9999999999999997e-05]


Epoch : 64
Train MSE Loss     : 2.000000	 | 	Train Accuracy     : nan
Valid MSE Loss     : 0.000391	 | 	Valid Accuracy     : 0.000391
Valid MAPE Loss    : 0.275714	 | 	Valid Accuracy     : 0.000391
lr                 : [2.9999999999999997e-05]


Epoch : 65
Train MSE Loss     : 2.000000	 | 	Train Accuracy     : nan
Valid MSE Loss     : 0.000410	 | 	Valid Accuracy     : 0.000410
Valid MAPE Loss    : 0.562406	 | 	Valid Accuracy     : 0.000410
lr                 : [2.9999999999999997e-05]


Epoch : 66
Train MSE Loss     : 2.000000	 | 	Train Accuracy     : nan
Valid MSE Loss     : 0.000389	 | 	Valid Accuracy     : 0.000389
Valid MAPE Loss    : 0.232327	 | 	Valid Accuracy     : 0.000389
lr                 : [2.9999999999999997e-05]


Epoch : 67
Train MSE Loss     : 2.000000	 | 	Train Accuracy     : nan
Valid MSE Loss     : 0.000385	 | 	Valid Accuracy     : 0.000385
Valid MAPE Loss    : 0.209320	 | 	Valid Accuracy     : 0.000385
lr                 : [2.9999999999999997e-05]


Epoch : 68
Train MSE Loss     : 2.000000	 | 	Train Accuracy     : nan
Valid MSE Loss     : 0.000389	 | 	Valid Accuracy     : 0.000389
Valid MAPE Loss    : 0.259325	 | 	Valid Accuracy     : 0.000389
lr                 : [2.9999999999999997e-05]


Epoch : 69
Train MSE Loss     : 2.000000	 | 	Train Accuracy     : nan
Valid MSE Loss     : 0.000404	 | 	Valid Accuracy     : 0.000404
Valid MAPE Loss    : 0.516007	 | 	Valid Accuracy     : 0.000404
lr                 : [2.9999999999999997e-05]


Epoch : 70
Train MSE Loss     : 2.000000	 | 	Train Accuracy     : nan
Valid MSE Loss     : 0.000385	 | 	Valid Accuracy     : 0.000385
Valid MAPE Loss    : 0.222349	 | 	Valid Accuracy     : 0.000385
lr                 : [2.9999999999999997e-05]


Epoch : 71
Train MSE Loss     : 2.000000	 | 	Train Accuracy     : nan
Valid MSE Loss     : 0.000395	 | 	Valid Accuracy     : 0.000395
Valid MAPE Loss    : 0.389778	 | 	Valid Accuracy     : 0.000395
lr                 : [2.9999999999999997e-05]


Epoch : 72
Train MSE Loss     : 2.000000	 | 	Train Accuracy     : nan
Valid MSE Loss     : 0.000436	 | 	Valid Accuracy     : 0.000436
Valid MAPE Loss    : 0.769656	 | 	Valid Accuracy     : 0.000436
lr                 : [2.9999999999999997e-05]


Epoch : 73
Train MSE Loss     : 2.000000	 | 	Train Accuracy     : nan
Valid MSE Loss     : 0.000386	 | 	Valid Accuracy     : 0.000386
Valid MAPE Loss    : 0.204405	 | 	Valid Accuracy     : 0.000386
lr                 : [2.9999999999999997e-05]


Epoch : 74
Train MSE Loss     : 2.000000	 | 	Train Accuracy     : nan
Valid MSE Loss     : 0.000386	 | 	Valid Accuracy     : 0.000386
Valid MAPE Loss    : 0.215732	 | 	Valid Accuracy     : 0.000386
lr                 : [2.9999999999999997e-05]


Epoch : 75
Train MSE Loss     : 2.000000	 | 	Train Accuracy     : nan
Valid MSE Loss     : 0.000395	 | 	Valid Accuracy     : 0.000395
Valid MAPE Loss    : 0.389986	 | 	Valid Accuracy     : 0.000395
lr                 : [2.9999999999999997e-05]


Epoch : 76
Train MSE Loss     : 2.000000	 | 	Train Accuracy     : nan
Valid MSE Loss     : 0.000384	 | 	Valid Accuracy     : 0.000384
Valid MAPE Loss    : 0.193501	 | 	Valid Accuracy     : 0.000384
lr                 : [2.9999999999999997e-05]


Epoch : 77
Train MSE Loss     : 2.000000	 | 	Train Accuracy     : nan
Valid MSE Loss     : 0.000384	 | 	Valid Accuracy     : 0.000384
Valid MAPE Loss    : 0.220150	 | 	Valid Accuracy     : 0.000384
lr                 : [2.9999999999999997e-05]


Epoch : 78
Train MSE Loss     : 2.000000	 | 	Train Accuracy     : nan
Valid MSE Loss     : 0.000392	 | 	Valid Accuracy     : 0.000392
Valid MAPE Loss    : 0.362827	 | 	Valid Accuracy     : 0.000392
lr                 : [2.9999999999999997e-05]


Epoch : 79
Train MSE Loss     : 2.000000	 | 	Train Accuracy     : nan
Valid MSE Loss     : 0.000385	 | 	Valid Accuracy     : 0.000385
Valid MAPE Loss    : 0.202286	 | 	Valid Accuracy     : 0.000385
lr                 : [2.9999999999999997e-05]


Epoch : 80
Train MSE Loss     : 2.000000	 | 	Train Accuracy     : nan
Valid MSE Loss     : 0.000386	 | 	Valid Accuracy     : 0.000386
Valid MAPE Loss    : 0.204367	 | 	Valid Accuracy     : 0.000386
lr                 : [2.9999999999999997e-05]


Epoch : 81
Train MSE Loss     : 2.000000	 | 	Train Accuracy     : nan
Valid MSE Loss     : 0.000396	 | 	Valid Accuracy     : 0.000396
Valid MAPE Loss    : 0.402371	 | 	Valid Accuracy     : 0.000396
lr                 : [2.9999999999999997e-05]


Epoch : 82
Train MSE Loss     : 2.000000	 | 	Train Accuracy     : nan
Valid MSE Loss     : 0.000400	 | 	Valid Accuracy     : 0.000400
Valid MAPE Loss    : 0.455290	 | 	Valid Accuracy     : 0.000400
lr                 : [2.9999999999999997e-05]


Epoch : 83
Train MSE Loss     : 2.000000	 | 	Train Accuracy     : nan
Valid MSE Loss     : 0.000393	 | 	Valid Accuracy     : 0.000393
Valid MAPE Loss    : 0.372015	 | 	Valid Accuracy     : 0.000393
lr                 : [2.9999999999999997e-05]


Epoch : 84
Train MSE Loss     : 2.000000	 | 	Train Accuracy     : nan
Valid MSE Loss     : 0.000395	 | 	Valid Accuracy     : 0.000395
Valid MAPE Loss    : 0.405546	 | 	Valid Accuracy     : 0.000395
lr                 : [2.9999999999999997e-05]


Epoch : 85
Train MSE Loss     : 2.000000	 | 	Train Accuracy     : nan
Valid MSE Loss     : 0.000394	 | 	Valid Accuracy     : 0.000394
Valid MAPE Loss    : 0.372357	 | 	Valid Accuracy     : 0.000394
lr                 : [2.9999999999999997e-05]


Epoch : 86
Train MSE Loss     : 2.000000	 | 	Train Accuracy     : nan
Valid MSE Loss     : 0.000384	 | 	Valid Accuracy     : 0.000384
Valid MAPE Loss    : 0.213278	 | 	Valid Accuracy     : 0.000384
lr                 : [2.9999999999999997e-05]


Epoch : 87
Train MSE Loss     : 2.000000	 | 	Train Accuracy     : nan
Valid MSE Loss     : 0.000384	 | 	Valid Accuracy     : 0.000384
Valid MAPE Loss    : 0.190717	 | 	Valid Accuracy     : 0.000384
lr                 : [2.9999999999999997e-05]


Epoch : 88
Train MSE Loss     : 2.000000	 | 	Train Accuracy     : nan
Valid MSE Loss     : 0.000401	 | 	Valid Accuracy     : 0.000401
Valid MAPE Loss    : 0.465166	 | 	Valid Accuracy     : 0.000401
lr                 : [2.9999999999999997e-05]


Epoch : 89
Train MSE Loss     : 2.000000	 | 	Train Accuracy     : nan
Valid MSE Loss     : 0.000390	 | 	Valid Accuracy     : 0.000390
Valid MAPE Loss    : 0.349443	 | 	Valid Accuracy     : 0.000390
lr                 : [2.9999999999999997e-05]


Epoch : 90
Train MSE Loss     : 2.000000	 | 	Train Accuracy     : nan
Valid MSE Loss     : 0.000384	 | 	Valid Accuracy     : 0.000384
Valid MAPE Loss    : 0.189869	 | 	Valid Accuracy     : 0.000384
lr                 : [2.9999999999999997e-05]


Epoch : 91
Train MSE Loss     : 2.000000	 | 	Train Accuracy     : nan
Valid MSE Loss     : 0.000393	 | 	Valid Accuracy     : 0.000393
Valid MAPE Loss    : 0.388939	 | 	Valid Accuracy     : 0.000393
lr                 : [2.9999999999999997e-05]


Epoch : 92
Train MSE Loss     : 2.000000	 | 	Train Accuracy     : nan
Valid MSE Loss     : 0.000386	 | 	Valid Accuracy     : 0.000386
Valid MAPE Loss    : 0.240447	 | 	Valid Accuracy     : 0.000386
lr                 : [2.9999999999999997e-05]


Epoch : 93
Train MSE Loss     : 2.000000	 | 	Train Accuracy     : nan
Valid MSE Loss     : 0.000390	 | 	Valid Accuracy     : 0.000390
Valid MAPE Loss    : 0.298707	 | 	Valid Accuracy     : 0.000390
lr                 : [2.9999999999999997e-05]


Epoch : 94
Train MSE Loss     : 2.000000	 | 	Train Accuracy     : nan
Valid MSE Loss     : 0.000399	 | 	Valid Accuracy     : 0.000399
Valid MAPE Loss    : 0.454595	 | 	Valid Accuracy     : 0.000399
lr                 : [2.9999999999999997e-05]


Epoch : 95
Train MSE Loss     : 2.000000	 | 	Train Accuracy     : nan
Valid MSE Loss     : 0.000430	 | 	Valid Accuracy     : 0.000430
Valid MAPE Loss    : 0.772253	 | 	Valid Accuracy     : 0.000430
lr                 : [2.9999999999999997e-05]


Epoch : 96
Train MSE Loss     : 2.000000	 | 	Train Accuracy     : nan
Valid MSE Loss     : 0.000386	 | 	Valid Accuracy     : 0.000386
Valid MAPE Loss    : 0.261490	 | 	Valid Accuracy     : 0.000386
lr                 : [2.9999999999999997e-05]


Epoch : 97
Train MSE Loss     : 2.000000	 | 	Train Accuracy     : nan
Valid MSE Loss     : 0.000391	 | 	Valid Accuracy     : 0.000391
Valid MAPE Loss    : 0.327128	 | 	Valid Accuracy     : 0.000391
lr                 : [2.9999999999999997e-05]


Epoch : 98
Train MSE Loss     : 2.000000	 | 	Train Accuracy     : nan
Valid MSE Loss     : 0.000385	 | 	Valid Accuracy     : 0.000385
Valid MAPE Loss    : 0.229583	 | 	Valid Accuracy     : 0.000385
lr                 : [2.9999999999999997e-05]


Epoch : 99
Train MSE Loss     : 2.000000	 | 	Train Accuracy     : nan
Valid MSE Loss     : 0.000389	 | 	Valid Accuracy     : 0.000389
Valid MAPE Loss    : 0.330546	 | 	Valid Accuracy     : 0.000389
lr                 : [2.9999999999999997e-05]


Epoch : 100
Train MSE Loss     : 2.000000	 | 	Train Accuracy     : nan
Valid MSE Loss     : 0.000384	 | 	Valid Accuracy     : 0.000384
Valid MAPE Loss    : 0.200895	 | 	Valid Accuracy     : 0.000384
lr                 : [2.9999999999999997e-05]


Epoch : 101
Train MSE Loss     : 2.000000	 | 	Train Accuracy     : nan
Valid MSE Loss     : 0.000398	 | 	Valid Accuracy     : 0.000398
Valid MAPE Loss    : 0.455542	 | 	Valid Accuracy     : 0.000398
lr                 : [3e-06]


Epoch : 102
Train MSE Loss     : 2.000000	 | 	Train Accuracy     : nan
Valid MSE Loss     : 0.000384	 | 	Valid Accuracy     : 0.000384
Valid MAPE Loss    : 0.181931	 | 	Valid Accuracy     : 0.000384
lr                 : [3e-06]


Epoch : 103
Train MSE Loss     : 2.000000	 | 	Train Accuracy     : nan
Valid MSE Loss     : 0.000383	 | 	Valid Accuracy     : 0.000383
Valid MAPE Loss    : 0.179930	 | 	Valid Accuracy     : 0.000383
lr                 : [3e-06]


Epoch : 104
Train MSE Loss     : 2.000000	 | 	Train Accuracy     : nan
Valid MSE Loss     : 0.000382	 | 	Valid Accuracy     : 0.000382
Valid MAPE Loss    : 0.177895	 | 	Valid Accuracy     : 0.000382
lr                 : [3e-06]


Epoch : 105
Train MSE Loss     : 2.000000	 | 	Train Accuracy     : nan
Valid MSE Loss     : 0.000384	 | 	Valid Accuracy     : 0.000384
Valid MAPE Loss    : 0.192949	 | 	Valid Accuracy     : 0.000384
lr                 : [3e-06]


Epoch : 106
Train MSE Loss     : 2.000000	 | 	Train Accuracy     : nan
Valid MSE Loss     : 0.000384	 | 	Valid Accuracy     : 0.000384
Valid MAPE Loss    : 0.183066	 | 	Valid Accuracy     : 0.000384
lr                 : [3e-06]


Epoch : 107
Train MSE Loss     : 2.000000	 | 	Train Accuracy     : nan
Valid MSE Loss     : 0.000384	 | 	Valid Accuracy     : 0.000384
Valid MAPE Loss    : 0.190801	 | 	Valid Accuracy     : 0.000384
lr                 : [3e-06]


Epoch : 108
Train MSE Loss     : 2.000000	 | 	Train Accuracy     : nan
Valid MSE Loss     : 0.000385	 | 	Valid Accuracy     : 0.000385
Valid MAPE Loss    : 0.249528	 | 	Valid Accuracy     : 0.000385
lr                 : [3e-06]


Epoch : 109
Train MSE Loss     : 2.000000	 | 	Train Accuracy     : nan
Valid MSE Loss     : 0.000383	 | 	Valid Accuracy     : 0.000383
Valid MAPE Loss    : 0.177538	 | 	Valid Accuracy     : 0.000383
lr                 : [3e-06]


Epoch : 110
Train MSE Loss     : 2.000000	 | 	Train Accuracy     : nan
Valid MSE Loss     : 0.000383	 | 	Valid Accuracy     : 0.000383
Valid MAPE Loss    : 0.171865	 | 	Valid Accuracy     : 0.000383
lr                 : [3e-06]


Epoch : 111
Train MSE Loss     : 2.000000	 | 	Train Accuracy     : nan
Valid MSE Loss     : 0.000384	 | 	Valid Accuracy     : 0.000384
Valid MAPE Loss    : 0.209351	 | 	Valid Accuracy     : 0.000384
lr                 : [3e-06]


Epoch : 112
Train MSE Loss     : 2.000000	 | 	Train Accuracy     : nan
Valid MSE Loss     : 0.000383	 | 	Valid Accuracy     : 0.000383
Valid MAPE Loss    : 0.171594	 | 	Valid Accuracy     : 0.000383
lr                 : [3e-06]


Epoch : 113
Train MSE Loss     : 2.000000	 | 	Train Accuracy     : nan
Valid MSE Loss     : 0.000383	 | 	Valid Accuracy     : 0.000383
Valid MAPE Loss    : 0.190102	 | 	Valid Accuracy     : 0.000383
lr                 : [3e-06]


Epoch : 114
Train MSE Loss     : 2.000000	 | 	Train Accuracy     : nan
Valid MSE Loss     : 0.000383	 | 	Valid Accuracy     : 0.000383
Valid MAPE Loss    : 0.172346	 | 	Valid Accuracy     : 0.000383
lr                 : [3e-06]


Epoch : 115
Train MSE Loss     : 2.000000	 | 	Train Accuracy     : nan
Valid MSE Loss     : 0.000384	 | 	Valid Accuracy     : 0.000384
Valid MAPE Loss    : 0.210636	 | 	Valid Accuracy     : 0.000384
lr                 : [3e-06]


Epoch : 116
Train MSE Loss     : 2.000000	 | 	Train Accuracy     : nan
Valid MSE Loss     : 0.000385	 | 	Valid Accuracy     : 0.000385
Valid MAPE Loss    : 0.203731	 | 	Valid Accuracy     : 0.000385
lr                 : [3e-06]


Epoch : 117
Train MSE Loss     : 2.000000	 | 	Train Accuracy     : nan
Valid MSE Loss     : 0.000383	 | 	Valid Accuracy     : 0.000383
Valid MAPE Loss    : 0.180524	 | 	Valid Accuracy     : 0.000383
lr                 : [3e-06]


Epoch : 118
Train MSE Loss     : 2.000000	 | 	Train Accuracy     : nan
Valid MSE Loss     : 0.000383	 | 	Valid Accuracy     : 0.000383
Valid MAPE Loss    : 0.187556	 | 	Valid Accuracy     : 0.000383
lr                 : [3e-06]


Epoch : 119
Train MSE Loss     : 2.000000	 | 	Train Accuracy     : nan
Valid MSE Loss     : 0.000383	 | 	Valid Accuracy     : 0.000383
Valid MAPE Loss    : 0.173482	 | 	Valid Accuracy     : 0.000383
lr                 : [3e-06]


Epoch : 120
Train MSE Loss     : 2.000000	 | 	Train Accuracy     : nan
Valid MSE Loss     : 0.000383	 | 	Valid Accuracy     : 0.000383
Valid MAPE Loss    : 0.178071	 | 	Valid Accuracy     : 0.000383
lr                 : [3e-06]


Epoch : 121
Train MSE Loss     : 2.000000	 | 	Train Accuracy     : nan
Valid MSE Loss     : 0.000383	 | 	Valid Accuracy     : 0.000383
Valid MAPE Loss    : 0.181883	 | 	Valid Accuracy     : 0.000383
lr                 : [3e-06]


Epoch : 122
Train MSE Loss     : 2.000000	 | 	Train Accuracy     : nan
Valid MSE Loss     : 0.000385	 | 	Valid Accuracy     : 0.000385
Valid MAPE Loss    : 0.214102	 | 	Valid Accuracy     : 0.000385
lr                 : [3e-06]


Epoch : 123
Train MSE Loss     : 2.000000	 | 	Train Accuracy     : nan
Valid MSE Loss     : 0.000384	 | 	Valid Accuracy     : 0.000384
Valid MAPE Loss    : 0.184961	 | 	Valid Accuracy     : 0.000384
lr                 : [3.0000000000000004e-07]


Epoch : 124
Train MSE Loss     : 2.000000	 | 	Train Accuracy     : nan
Valid MSE Loss     : 0.000383	 | 	Valid Accuracy     : 0.000383
Valid MAPE Loss    : 0.175313	 | 	Valid Accuracy     : 0.000383
lr                 : [3.0000000000000004e-07]


Epoch : 125
Train MSE Loss     : 2.000000	 | 	Train Accuracy     : nan
Valid MSE Loss     : 0.000383	 | 	Valid Accuracy     : 0.000383
Valid MAPE Loss    : 0.174522	 | 	Valid Accuracy     : 0.000383
lr                 : [3.0000000000000004e-07]


Epoch : 126
Train MSE Loss     : 2.000000	 | 	Train Accuracy     : nan
Valid MSE Loss     : 0.000383	 | 	Valid Accuracy     : 0.000383
Valid MAPE Loss    : 0.173071	 | 	Valid Accuracy     : 0.000383
lr                 : [3.0000000000000004e-07]


Epoch : 127
Train MSE Loss     : 2.000000	 | 	Train Accuracy     : nan
Valid MSE Loss     : 0.000383	 | 	Valid Accuracy     : 0.000383
Valid MAPE Loss    : 0.175352	 | 	Valid Accuracy     : 0.000383
lr                 : [3.0000000000000004e-07]


Epoch : 128
Train MSE Loss     : 2.000000	 | 	Train Accuracy     : nan
Valid MSE Loss     : 0.000382	 | 	Valid Accuracy     : 0.000382
Valid MAPE Loss    : 0.167952	 | 	Valid Accuracy     : 0.000382
lr                 : [3.0000000000000004e-07]


Epoch : 129
Train MSE Loss     : 2.000000	 | 	Train Accuracy     : nan
Valid MSE Loss     : 0.000383	 | 	Valid Accuracy     : 0.000383
Valid MAPE Loss    : 0.172327	 | 	Valid Accuracy     : 0.000383
lr                 : [3.0000000000000004e-07]


Epoch : 130
Train MSE Loss     : 2.000000	 | 	Train Accuracy     : nan
Valid MSE Loss     : 0.000383	 | 	Valid Accuracy     : 0.000383
Valid MAPE Loss    : 0.173679	 | 	Valid Accuracy     : 0.000383
lr                 : [3.0000000000000004e-07]


Epoch : 131
Train MSE Loss     : 2.000000	 | 	Train Accuracy     : nan
Valid MSE Loss     : 0.000384	 | 	Valid Accuracy     : 0.000384
Valid MAPE Loss    : 0.198535	 | 	Valid Accuracy     : 0.000384
lr                 : [3.0000000000000004e-07]


Epoch : 132
Train MSE Loss     : 2.000000	 | 	Train Accuracy     : nan
Valid MSE Loss     : 0.000383	 | 	Valid Accuracy     : 0.000383
Valid MAPE Loss    : 0.206366	 | 	Valid Accuracy     : 0.000383
lr                 : [3.0000000000000004e-07]


Epoch : 133
Train MSE Loss     : 2.000000	 | 	Train Accuracy     : nan
Valid MSE Loss     : 0.000384	 | 	Valid Accuracy     : 0.000384
Valid MAPE Loss    : 0.208443	 | 	Valid Accuracy     : 0.000384
lr                 : [3.0000000000000004e-07]


Epoch : 134
Train MSE Loss     : 2.000000	 | 	Train Accuracy     : nan
Valid MSE Loss     : 0.000383	 | 	Valid Accuracy     : 0.000383
Valid MAPE Loss    : 0.172113	 | 	Valid Accuracy     : 0.000383
lr                 : [3.0000000000000004e-07]


Epoch : 135
Train MSE Loss     : 2.000000	 | 	Train Accuracy     : nan
Valid MSE Loss     : 0.000384	 | 	Valid Accuracy     : 0.000384
Valid MAPE Loss    : 0.180218	 | 	Valid Accuracy     : 0.000384
lr                 : [3.0000000000000004e-07]


Epoch : 136
Train MSE Loss     : 2.000000	 | 	Train Accuracy     : nan
Valid MSE Loss     : 0.000384	 | 	Valid Accuracy     : 0.000384
Valid MAPE Loss    : 0.178047	 | 	Valid Accuracy     : 0.000384
lr                 : [3.0000000000000004e-07]


Epoch : 137
Train MSE Loss     : 2.000000	 | 	Train Accuracy     : nan
Valid MSE Loss     : 0.000384	 | 	Valid Accuracy     : 0.000384
Valid MAPE Loss    : 0.206148	 | 	Valid Accuracy     : 0.000384
lr                 : [3.0000000000000004e-07]


Epoch : 138
Train MSE Loss     : 2.000000	 | 	Train Accuracy     : nan
Valid MSE Loss     : 0.000383	 | 	Valid Accuracy     : 0.000383
Valid MAPE Loss    : 0.171723	 | 	Valid Accuracy     : 0.000383
lr                 : [3.0000000000000004e-07]


Epoch : 139
Train MSE Loss     : 2.000000	 | 	Train Accuracy     : nan
Valid MSE Loss     : 0.000384	 | 	Valid Accuracy     : 0.000384
Valid MAPE Loss    : 0.178889	 | 	Valid Accuracy     : 0.000384
lr                 : [3.0000000000000004e-08]


Epoch : 140
Train MSE Loss     : 2.000000	 | 	Train Accuracy     : nan
Valid MSE Loss     : 0.000383	 | 	Valid Accuracy     : 0.000383
Valid MAPE Loss    : 0.172389	 | 	Valid Accuracy     : 0.000383
lr                 : [3.0000000000000004e-08]


Epoch : 141
Train MSE Loss     : 2.000000	 | 	Train Accuracy     : nan
Valid MSE Loss     : 0.000382	 | 	Valid Accuracy     : 0.000382
Valid MAPE Loss    : 0.176023	 | 	Valid Accuracy     : 0.000382
lr                 : [3.0000000000000004e-08]


Epoch : 142
Train MSE Loss     : 2.000000	 | 	Train Accuracy     : nan
Valid MSE Loss     : 0.000383	 | 	Valid Accuracy     : 0.000383
Valid MAPE Loss    : 0.179114	 | 	Valid Accuracy     : 0.000383
lr                 : [3.0000000000000004e-08]


Epoch : 143
Train MSE Loss     : 2.000000	 | 	Train Accuracy     : nan
Valid MSE Loss     : 0.000383	 | 	Valid Accuracy     : 0.000383
Valid MAPE Loss    : 0.184590	 | 	Valid Accuracy     : 0.000383
lr                 : [3.0000000000000004e-08]


Epoch : 144
Train MSE Loss     : 2.000000	 | 	Train Accuracy     : nan
Valid MSE Loss     : 0.000383	 | 	Valid Accuracy     : 0.000383
Valid MAPE Loss    : 0.171725	 | 	Valid Accuracy     : 0.000383
lr                 : [3.0000000000000004e-08]


Epoch : 145
Train MSE Loss     : 2.000000	 | 	Train Accuracy     : nan
Valid MSE Loss     : 0.000383	 | 	Valid Accuracy     : 0.000383
Valid MAPE Loss    : 0.176714	 | 	Valid Accuracy     : 0.000383
lr                 : [3.0000000000000004e-08]


Epoch : 146
Train MSE Loss     : 2.000000	 | 	Train Accuracy     : nan
Valid MSE Loss     : 0.000384	 | 	Valid Accuracy     : 0.000384
Valid MAPE Loss    : 0.185367	 | 	Valid Accuracy     : 0.000384
lr                 : [3.0000000000000004e-08]


Epoch : 147
Train MSE Loss     : 2.000000	 | 	Train Accuracy     : nan
Valid MSE Loss     : 0.000383	 | 	Valid Accuracy     : 0.000383
Valid MAPE Loss    : 0.171776	 | 	Valid Accuracy     : 0.000383
lr                 : [3.0000000000000004e-08]


Epoch : 148
Train MSE Loss     : 2.000000	 | 	Train Accuracy     : nan
Valid MSE Loss     : 0.000384	 | 	Valid Accuracy     : 0.000384
Valid MAPE Loss    : 0.179656	 | 	Valid Accuracy     : 0.000384
lr                 : [3.0000000000000004e-08]


Epoch : 149
Train MSE Loss     : 2.000000	 | 	Train Accuracy     : nan
Valid MSE Loss     : 0.000383	 | 	Valid Accuracy     : 0.000383
Valid MAPE Loss    : 0.188211	 | 	Valid Accuracy     : 0.000383
lr                 : [3.0000000000000004e-08]


Epoch : 150
Train MSE Loss     : 2.000000	 | 	Train Accuracy     : nan
Valid MSE Loss     : 0.000384	 | 	Valid Accuracy     : 0.000384
Valid MAPE Loss    : 0.181608	 | 	Valid Accuracy     : 0.000384
lr                 : [3.0000000000000004e-09]


Evaluate on the Test set:
Test MAPE loss      :0.171128	 | Test MSE loss      : 0.000008

################## Training is Done! #########################
Training time is : 2:04:06.549984
