=============================================
Dataset: cell_mit_batch1_raw_data
Mode:    supervised
=============================================
Data loaded ...
Training started ....

Epoch : 1
Train MSE Loss     : 0.013152	 | 	Train Accuracy     : 0.013152
Valid MSE Loss     : 0.005338	 | 	Valid Accuracy     : 0.005338
Valid MAPE Loss    : 5.972918	 | 	Valid Accuracy     : 0.005338
lr                 : [0.0003]


Epoch : 2
Train MSE Loss     : 0.001803	 | 	Train Accuracy     : 0.001803
Valid MSE Loss     : 0.002609	 | 	Valid Accuracy     : 0.002609
Valid MAPE Loss    : 4.028006	 | 	Valid Accuracy     : 0.002609
lr                 : [0.0003]


Epoch : 3
Train MSE Loss     : 0.000864	 | 	Train Accuracy     : 0.000864
Valid MSE Loss     : 0.001399	 | 	Valid Accuracy     : 0.001399
Valid MAPE Loss    : 2.646922	 | 	Valid Accuracy     : 0.001399
lr                 : [0.0003]


Epoch : 4
Train MSE Loss     : 0.000514	 | 	Train Accuracy     : 0.000514
Valid MSE Loss     : 0.001164	 | 	Valid Accuracy     : 0.001164
Valid MAPE Loss    : 2.145921	 | 	Valid Accuracy     : 0.001164
lr                 : [0.0003]


Epoch : 5
Train MSE Loss     : 0.000346	 | 	Train Accuracy     : 0.000346
Valid MSE Loss     : 0.001106	 | 	Valid Accuracy     : 0.001106
Valid MAPE Loss    : 2.294105	 | 	Valid Accuracy     : 0.001106
lr                 : [0.0003]


Epoch : 6
Train MSE Loss     : 0.000295	 | 	Train Accuracy     : 0.000295
Valid MSE Loss     : 0.000873	 | 	Valid Accuracy     : 0.000873
Valid MAPE Loss    : 1.847217	 | 	Valid Accuracy     : 0.000873
lr                 : [0.0003]


Epoch : 7
Train MSE Loss     : 0.000291	 | 	Train Accuracy     : 0.000291
Valid MSE Loss     : 0.001621	 | 	Valid Accuracy     : 0.001621
Valid MAPE Loss    : 3.333586	 | 	Valid Accuracy     : 0.001621
lr                 : [0.0003]


Epoch : 8
Train MSE Loss     : 0.000232	 | 	Train Accuracy     : 0.000232
Valid MSE Loss     : 0.000937	 | 	Valid Accuracy     : 0.000937
Valid MAPE Loss    : 2.064991	 | 	Valid Accuracy     : 0.000937
lr                 : [0.0003]


Epoch : 9
Train MSE Loss     : 0.000221	 | 	Train Accuracy     : 0.000221
Valid MSE Loss     : 0.001049	 | 	Valid Accuracy     : 0.001049
Valid MAPE Loss    : 2.267534	 | 	Valid Accuracy     : 0.001049
lr                 : [0.0003]


Epoch : 10
Train MSE Loss     : 0.000227	 | 	Train Accuracy     : 0.000227
Valid MSE Loss     : 0.000729	 | 	Valid Accuracy     : 0.000729
Valid MAPE Loss    : 1.562612	 | 	Valid Accuracy     : 0.000729
lr                 : [0.0003]


Epoch : 11
Train MSE Loss     : 0.000198	 | 	Train Accuracy     : 0.000198
Valid MSE Loss     : 0.000853	 | 	Valid Accuracy     : 0.000853
Valid MAPE Loss    : 1.767517	 | 	Valid Accuracy     : 0.000853
lr                 : [0.0003]


Epoch : 12
Train MSE Loss     : 0.000196	 | 	Train Accuracy     : 0.000196
Valid MSE Loss     : 0.001043	 | 	Valid Accuracy     : 0.001043
Valid MAPE Loss    : 2.242661	 | 	Valid Accuracy     : 0.001043
lr                 : [0.0003]


Epoch : 13
Train MSE Loss     : 0.000184	 | 	Train Accuracy     : 0.000184
Valid MSE Loss     : 0.001239	 | 	Valid Accuracy     : 0.001239
Valid MAPE Loss    : 2.746307	 | 	Valid Accuracy     : 0.001239
lr                 : [0.0003]


Epoch : 14
Train MSE Loss     : 0.000194	 | 	Train Accuracy     : 0.000194
Valid MSE Loss     : 0.000863	 | 	Valid Accuracy     : 0.000863
Valid MAPE Loss    : 1.658832	 | 	Valid Accuracy     : 0.000863
lr                 : [0.0003]


Epoch : 15
Train MSE Loss     : 0.000176	 | 	Train Accuracy     : 0.000176
Valid MSE Loss     : 0.000921	 | 	Valid Accuracy     : 0.000921
Valid MAPE Loss    : 1.988060	 | 	Valid Accuracy     : 0.000921
lr                 : [0.0003]


Epoch : 16
Train MSE Loss     : 0.000155	 | 	Train Accuracy     : 0.000155
Valid MSE Loss     : 0.001523	 | 	Valid Accuracy     : 0.001523
Valid MAPE Loss    : 3.248358	 | 	Valid Accuracy     : 0.001523
lr                 : [0.0003]


Epoch : 17
Train MSE Loss     : 0.000155	 | 	Train Accuracy     : 0.000155
Valid MSE Loss     : 0.001013	 | 	Valid Accuracy     : 0.001013
Valid MAPE Loss    : 2.318376	 | 	Valid Accuracy     : 0.001013
lr                 : [0.0003]


Epoch : 18
Train MSE Loss     : 0.000145	 | 	Train Accuracy     : 0.000145
Valid MSE Loss     : 0.001741	 | 	Valid Accuracy     : 0.001741
Valid MAPE Loss    : 3.682989	 | 	Valid Accuracy     : 0.001741
lr                 : [0.0003]


Epoch : 19
Train MSE Loss     : 0.000135	 | 	Train Accuracy     : 0.000135
Valid MSE Loss     : 0.000883	 | 	Valid Accuracy     : 0.000883
Valid MAPE Loss    : 1.959695	 | 	Valid Accuracy     : 0.000883
lr                 : [0.0003]


Epoch : 20
Train MSE Loss     : 0.000133	 | 	Train Accuracy     : 0.000133
Valid MSE Loss     : 0.001439	 | 	Valid Accuracy     : 0.001439
Valid MAPE Loss    : 3.113688	 | 	Valid Accuracy     : 0.001439
lr                 : [0.0003]


Epoch : 21
Train MSE Loss     : 0.000126	 | 	Train Accuracy     : 0.000126
Valid MSE Loss     : 0.000858	 | 	Valid Accuracy     : 0.000858
Valid MAPE Loss    : 1.926733	 | 	Valid Accuracy     : 0.000858
lr                 : [2.9999999999999997e-05]


Epoch : 22
Train MSE Loss     : 0.000068	 | 	Train Accuracy     : 0.000068
Valid MSE Loss     : 0.000589	 | 	Valid Accuracy     : 0.000589
Valid MAPE Loss    : 1.073779	 | 	Valid Accuracy     : 0.000589
lr                 : [2.9999999999999997e-05]


Epoch : 23
Train MSE Loss     : 0.000062	 | 	Train Accuracy     : 0.000062
Valid MSE Loss     : 0.000593	 | 	Valid Accuracy     : 0.000593
Valid MAPE Loss    : 1.070719	 | 	Valid Accuracy     : 0.000593
lr                 : [2.9999999999999997e-05]


Epoch : 24
Train MSE Loss     : 0.000063	 | 	Train Accuracy     : 0.000063
Valid MSE Loss     : 0.000580	 | 	Valid Accuracy     : 0.000580
Valid MAPE Loss    : 1.007888	 | 	Valid Accuracy     : 0.000580
lr                 : [2.9999999999999997e-05]


Epoch : 25
Train MSE Loss     : 0.000061	 | 	Train Accuracy     : 0.000061
Valid MSE Loss     : 0.000584	 | 	Valid Accuracy     : 0.000584
Valid MAPE Loss    : 1.007773	 | 	Valid Accuracy     : 0.000584
lr                 : [2.9999999999999997e-05]


Epoch : 26
Train MSE Loss     : 0.000060	 | 	Train Accuracy     : 0.000060
Valid MSE Loss     : 0.000592	 | 	Valid Accuracy     : 0.000592
Valid MAPE Loss    : 1.029875	 | 	Valid Accuracy     : 0.000592
lr                 : [2.9999999999999997e-05]


Epoch : 27
Train MSE Loss     : 0.000060	 | 	Train Accuracy     : 0.000060
Valid MSE Loss     : 0.000567	 | 	Valid Accuracy     : 0.000567
Valid MAPE Loss    : 0.933689	 | 	Valid Accuracy     : 0.000567
lr                 : [2.9999999999999997e-05]


Epoch : 28
Train MSE Loss     : 0.000059	 | 	Train Accuracy     : 0.000059
Valid MSE Loss     : 0.000563	 | 	Valid Accuracy     : 0.000563
Valid MAPE Loss    : 0.946531	 | 	Valid Accuracy     : 0.000563
lr                 : [2.9999999999999997e-05]


Epoch : 29
Train MSE Loss     : 0.000058	 | 	Train Accuracy     : 0.000058
Valid MSE Loss     : 0.000574	 | 	Valid Accuracy     : 0.000574
Valid MAPE Loss    : 0.949451	 | 	Valid Accuracy     : 0.000574
lr                 : [2.9999999999999997e-05]


Epoch : 30
Train MSE Loss     : 0.000055	 | 	Train Accuracy     : 0.000055
Valid MSE Loss     : 0.000589	 | 	Valid Accuracy     : 0.000589
Valid MAPE Loss    : 1.008880	 | 	Valid Accuracy     : 0.000589
lr                 : [2.9999999999999997e-05]


Epoch : 31
Train MSE Loss     : 0.000055	 | 	Train Accuracy     : 0.000055
Valid MSE Loss     : 0.000592	 | 	Valid Accuracy     : 0.000592
Valid MAPE Loss    : 0.978233	 | 	Valid Accuracy     : 0.000592
lr                 : [2.9999999999999997e-05]


Epoch : 32
Train MSE Loss     : 0.000056	 | 	Train Accuracy     : 0.000056
Valid MSE Loss     : 0.000569	 | 	Valid Accuracy     : 0.000569
Valid MAPE Loss    : 0.928548	 | 	Valid Accuracy     : 0.000569
lr                 : [2.9999999999999997e-05]


Epoch : 33
Train MSE Loss     : 0.000055	 | 	Train Accuracy     : 0.000055
Valid MSE Loss     : 0.000601	 | 	Valid Accuracy     : 0.000601
Valid MAPE Loss    : 1.004562	 | 	Valid Accuracy     : 0.000601
lr                 : [2.9999999999999997e-05]


Epoch : 34
Train MSE Loss     : 0.000053	 | 	Train Accuracy     : 0.000053
Valid MSE Loss     : 0.000577	 | 	Valid Accuracy     : 0.000577
Valid MAPE Loss    : 0.970398	 | 	Valid Accuracy     : 0.000577
lr                 : [2.9999999999999997e-05]


Epoch : 35
Train MSE Loss     : 0.000053	 | 	Train Accuracy     : 0.000053
Valid MSE Loss     : 0.000584	 | 	Valid Accuracy     : 0.000584
Valid MAPE Loss    : 0.988801	 | 	Valid Accuracy     : 0.000584
lr                 : [2.9999999999999997e-05]


Epoch : 36
Train MSE Loss     : 0.000054	 | 	Train Accuracy     : 0.000054
Valid MSE Loss     : 0.000598	 | 	Valid Accuracy     : 0.000598
Valid MAPE Loss    : 1.022113	 | 	Valid Accuracy     : 0.000598
lr                 : [2.9999999999999997e-05]


Epoch : 37
Train MSE Loss     : 0.000051	 | 	Train Accuracy     : 0.000051
Valid MSE Loss     : 0.000579	 | 	Valid Accuracy     : 0.000579
Valid MAPE Loss    : 0.943800	 | 	Valid Accuracy     : 0.000579
lr                 : [2.9999999999999997e-05]


Epoch : 38
Train MSE Loss     : 0.000051	 | 	Train Accuracy     : 0.000051
Valid MSE Loss     : 0.000585	 | 	Valid Accuracy     : 0.000585
Valid MAPE Loss    : 1.002024	 | 	Valid Accuracy     : 0.000585
lr                 : [2.9999999999999997e-05]


Epoch : 39
Train MSE Loss     : 0.000052	 | 	Train Accuracy     : 0.000052
Valid MSE Loss     : 0.000588	 | 	Valid Accuracy     : 0.000588
Valid MAPE Loss    : 1.021789	 | 	Valid Accuracy     : 0.000588
lr                 : [2.9999999999999997e-05]


Epoch : 40
Train MSE Loss     : 0.000051	 | 	Train Accuracy     : 0.000051
Valid MSE Loss     : 0.000583	 | 	Valid Accuracy     : 0.000583
Valid MAPE Loss    : 1.022952	 | 	Valid Accuracy     : 0.000583
lr                 : [2.9999999999999997e-05]


Epoch : 41
Train MSE Loss     : 0.000050	 | 	Train Accuracy     : 0.000050
Valid MSE Loss     : 0.000580	 | 	Valid Accuracy     : 0.000580
Valid MAPE Loss    : 0.976631	 | 	Valid Accuracy     : 0.000580
lr                 : [2.9999999999999997e-05]


Epoch : 42
Train MSE Loss     : 0.000051	 | 	Train Accuracy     : 0.000051
Valid MSE Loss     : 0.000591	 | 	Valid Accuracy     : 0.000591
Valid MAPE Loss    : 1.010247	 | 	Valid Accuracy     : 0.000591
lr                 : [2.9999999999999997e-05]


Epoch : 43
Train MSE Loss     : 0.000052	 | 	Train Accuracy     : 0.000052
Valid MSE Loss     : 0.000591	 | 	Valid Accuracy     : 0.000591
Valid MAPE Loss    : 0.950118	 | 	Valid Accuracy     : 0.000591
lr                 : [3e-06]


Epoch : 44
Train MSE Loss     : 0.000045	 | 	Train Accuracy     : 0.000045
Valid MSE Loss     : 0.000590	 | 	Valid Accuracy     : 0.000590
Valid MAPE Loss    : 0.969696	 | 	Valid Accuracy     : 0.000590
lr                 : [3e-06]


Epoch : 45
Train MSE Loss     : 0.000044	 | 	Train Accuracy     : 0.000044
Valid MSE Loss     : 0.000597	 | 	Valid Accuracy     : 0.000597
Valid MAPE Loss    : 0.994352	 | 	Valid Accuracy     : 0.000597
lr                 : [3e-06]


Epoch : 46
Train MSE Loss     : 0.000044	 | 	Train Accuracy     : 0.000044
Valid MSE Loss     : 0.000591	 | 	Valid Accuracy     : 0.000591
Valid MAPE Loss    : 0.975267	 | 	Valid Accuracy     : 0.000591
lr                 : [3e-06]


Epoch : 47
Train MSE Loss     : 0.000044	 | 	Train Accuracy     : 0.000044
Valid MSE Loss     : 0.000587	 | 	Valid Accuracy     : 0.000587
Valid MAPE Loss    : 0.965291	 | 	Valid Accuracy     : 0.000587
lr                 : [3e-06]


Epoch : 48
Train MSE Loss     : 0.000044	 | 	Train Accuracy     : 0.000044
Valid MSE Loss     : 0.000594	 | 	Valid Accuracy     : 0.000594
Valid MAPE Loss    : 0.994678	 | 	Valid Accuracy     : 0.000594
lr                 : [3e-06]


Epoch : 49
Train MSE Loss     : 0.000044	 | 	Train Accuracy     : 0.000044
Valid MSE Loss     : 0.000592	 | 	Valid Accuracy     : 0.000592
Valid MAPE Loss    : 0.990348	 | 	Valid Accuracy     : 0.000592
lr                 : [3e-06]


Epoch : 50
Train MSE Loss     : 0.000044	 | 	Train Accuracy     : 0.000044
Valid MSE Loss     : 0.000587	 | 	Valid Accuracy     : 0.000587
Valid MAPE Loss    : 0.955411	 | 	Valid Accuracy     : 0.000587
lr                 : [3e-06]


Epoch : 51
Train MSE Loss     : 0.000043	 | 	Train Accuracy     : 0.000043
Valid MSE Loss     : 0.000584	 | 	Valid Accuracy     : 0.000584
Valid MAPE Loss    : 0.946066	 | 	Valid Accuracy     : 0.000584
lr                 : [3e-06]


Epoch : 52
Train MSE Loss     : 0.000044	 | 	Train Accuracy     : 0.000044
Valid MSE Loss     : 0.000587	 | 	Valid Accuracy     : 0.000587
Valid MAPE Loss    : 0.979545	 | 	Valid Accuracy     : 0.000587
lr                 : [3e-06]


Epoch : 53
Train MSE Loss     : 0.000043	 | 	Train Accuracy     : 0.000043
Valid MSE Loss     : 0.000591	 | 	Valid Accuracy     : 0.000591
Valid MAPE Loss    : 0.978877	 | 	Valid Accuracy     : 0.000591
lr                 : [3e-06]


Epoch : 54
Train MSE Loss     : 0.000043	 | 	Train Accuracy     : 0.000043
Valid MSE Loss     : 0.000589	 | 	Valid Accuracy     : 0.000589
Valid MAPE Loss    : 0.964721	 | 	Valid Accuracy     : 0.000589
lr                 : [3.0000000000000004e-07]


Epoch : 55
Train MSE Loss     : 0.000042	 | 	Train Accuracy     : 0.000042
Valid MSE Loss     : 0.000599	 | 	Valid Accuracy     : 0.000599
Valid MAPE Loss    : 1.005811	 | 	Valid Accuracy     : 0.000599
lr                 : [3.0000000000000004e-07]


Epoch : 56
Train MSE Loss     : 0.000043	 | 	Train Accuracy     : 0.000043
Valid MSE Loss     : 0.000595	 | 	Valid Accuracy     : 0.000595
Valid MAPE Loss    : 0.988869	 | 	Valid Accuracy     : 0.000595
lr                 : [3.0000000000000004e-07]


Epoch : 57
Train MSE Loss     : 0.000042	 | 	Train Accuracy     : 0.000042
Valid MSE Loss     : 0.000596	 | 	Valid Accuracy     : 0.000596
Valid MAPE Loss    : 0.993764	 | 	Valid Accuracy     : 0.000596
lr                 : [3.0000000000000004e-07]


Epoch : 58
Train MSE Loss     : 0.000042	 | 	Train Accuracy     : 0.000042
Valid MSE Loss     : 0.000601	 | 	Valid Accuracy     : 0.000601
Valid MAPE Loss    : 1.009044	 | 	Valid Accuracy     : 0.000601
lr                 : [3.0000000000000004e-07]


Epoch : 59
Train MSE Loss     : 0.000042	 | 	Train Accuracy     : 0.000042
Valid MSE Loss     : 0.000596	 | 	Valid Accuracy     : 0.000596
Valid MAPE Loss    : 1.000545	 | 	Valid Accuracy     : 0.000596
lr                 : [3.0000000000000004e-07]


Epoch : 60
Train MSE Loss     : 0.000042	 | 	Train Accuracy     : 0.000042
Valid MSE Loss     : 0.000594	 | 	Valid Accuracy     : 0.000594
Valid MAPE Loss    : 0.990590	 | 	Valid Accuracy     : 0.000594
lr                 : [3.0000000000000004e-07]


Epoch : 61
Train MSE Loss     : 0.000042	 | 	Train Accuracy     : 0.000042
Valid MSE Loss     : 0.000600	 | 	Valid Accuracy     : 0.000600
Valid MAPE Loss    : 1.017098	 | 	Valid Accuracy     : 0.000600
lr                 : [3.0000000000000004e-07]


Epoch : 62
Train MSE Loss     : 0.000042	 | 	Train Accuracy     : 0.000042
Valid MSE Loss     : 0.000602	 | 	Valid Accuracy     : 0.000602
Valid MAPE Loss    : 1.024491	 | 	Valid Accuracy     : 0.000602
lr                 : [3.0000000000000004e-07]


Epoch : 63
Train MSE Loss     : 0.000042	 | 	Train Accuracy     : 0.000042
Valid MSE Loss     : 0.000596	 | 	Valid Accuracy     : 0.000596
Valid MAPE Loss    : 0.996579	 | 	Valid Accuracy     : 0.000596
lr                 : [3.0000000000000004e-07]


Epoch : 64
Train MSE Loss     : 0.000042	 | 	Train Accuracy     : 0.000042
Valid MSE Loss     : 0.000599	 | 	Valid Accuracy     : 0.000599
Valid MAPE Loss    : 1.008451	 | 	Valid Accuracy     : 0.000599
lr                 : [3.0000000000000004e-07]


Epoch : 65
Train MSE Loss     : 0.000042	 | 	Train Accuracy     : 0.000042
Valid MSE Loss     : 0.000601	 | 	Valid Accuracy     : 0.000601
Valid MAPE Loss    : 1.011400	 | 	Valid Accuracy     : 0.000601
lr                 : [3.0000000000000004e-08]


Epoch : 66
Train MSE Loss     : 0.000042	 | 	Train Accuracy     : 0.000042
Valid MSE Loss     : 0.000596	 | 	Valid Accuracy     : 0.000596
Valid MAPE Loss    : 0.996263	 | 	Valid Accuracy     : 0.000596
lr                 : [3.0000000000000004e-08]


Epoch : 67
Train MSE Loss     : 0.000042	 | 	Train Accuracy     : 0.000042
Valid MSE Loss     : 0.000590	 | 	Valid Accuracy     : 0.000590
Valid MAPE Loss    : 0.980538	 | 	Valid Accuracy     : 0.000590
lr                 : [3.0000000000000004e-08]


Epoch : 68
Train MSE Loss     : 0.000042	 | 	Train Accuracy     : 0.000042
Valid MSE Loss     : 0.000598	 | 	Valid Accuracy     : 0.000598
Valid MAPE Loss    : 1.002064	 | 	Valid Accuracy     : 0.000598
lr                 : [3.0000000000000004e-08]


Epoch : 69
Train MSE Loss     : 0.000042	 | 	Train Accuracy     : 0.000042
Valid MSE Loss     : 0.000595	 | 	Valid Accuracy     : 0.000595
Valid MAPE Loss    : 0.995487	 | 	Valid Accuracy     : 0.000595
lr                 : [3.0000000000000004e-08]


Epoch : 70
Train MSE Loss     : 0.000042	 | 	Train Accuracy     : 0.000042
Valid MSE Loss     : 0.000597	 | 	Valid Accuracy     : 0.000597
Valid MAPE Loss    : 1.005706	 | 	Valid Accuracy     : 0.000597
lr                 : [3.0000000000000004e-08]


Epoch : 71
Train MSE Loss     : 0.000042	 | 	Train Accuracy     : 0.000042
Valid MSE Loss     : 0.000596	 | 	Valid Accuracy     : 0.000596
Valid MAPE Loss    : 0.998827	 | 	Valid Accuracy     : 0.000596
lr                 : [3.0000000000000004e-08]


Epoch : 72
Train MSE Loss     : 0.000042	 | 	Train Accuracy     : 0.000042
Valid MSE Loss     : 0.000596	 | 	Valid Accuracy     : 0.000596
Valid MAPE Loss    : 0.999237	 | 	Valid Accuracy     : 0.000596
lr                 : [3.0000000000000004e-08]


Epoch : 73
Train MSE Loss     : 0.000041	 | 	Train Accuracy     : 0.000041
Valid MSE Loss     : 0.000602	 | 	Valid Accuracy     : 0.000602
Valid MAPE Loss    : 1.019448	 | 	Valid Accuracy     : 0.000602
lr                 : [3.0000000000000004e-08]


Epoch : 74
Train MSE Loss     : 0.000042	 | 	Train Accuracy     : 0.000042
Valid MSE Loss     : 0.000594	 | 	Valid Accuracy     : 0.000594
Valid MAPE Loss    : 0.989514	 | 	Valid Accuracy     : 0.000594
lr                 : [3.0000000000000004e-08]


Epoch : 75
Train MSE Loss     : 0.000042	 | 	Train Accuracy     : 0.000042
Valid MSE Loss     : 0.000597	 | 	Valid Accuracy     : 0.000597
Valid MAPE Loss    : 0.999648	 | 	Valid Accuracy     : 0.000597
lr                 : [3.0000000000000004e-08]


Epoch : 76
Train MSE Loss     : 0.000042	 | 	Train Accuracy     : 0.000042
Valid MSE Loss     : 0.000603	 | 	Valid Accuracy     : 0.000603
Valid MAPE Loss    : 1.024002	 | 	Valid Accuracy     : 0.000603
lr                 : [3.0000000000000004e-09]


Epoch : 77
Train MSE Loss     : 0.000042	 | 	Train Accuracy     : 0.000042
Valid MSE Loss     : 0.000600	 | 	Valid Accuracy     : 0.000600
Valid MAPE Loss    : 1.007574	 | 	Valid Accuracy     : 0.000600
lr                 : [3.0000000000000004e-09]


Epoch : 78
Train MSE Loss     : 0.000042	 | 	Train Accuracy     : 0.000042
Valid MSE Loss     : 0.000594	 | 	Valid Accuracy     : 0.000594
Valid MAPE Loss    : 0.989071	 | 	Valid Accuracy     : 0.000594
lr                 : [3.0000000000000004e-09]


Epoch : 79
Train MSE Loss     : 0.000042	 | 	Train Accuracy     : 0.000042
Valid MSE Loss     : 0.000597	 | 	Valid Accuracy     : 0.000597
Valid MAPE Loss    : 0.999273	 | 	Valid Accuracy     : 0.000597
lr                 : [3.0000000000000004e-09]


Epoch : 80
Train MSE Loss     : 0.000042	 | 	Train Accuracy     : 0.000042
Valid MSE Loss     : 0.000596	 | 	Valid Accuracy     : 0.000596
Valid MAPE Loss    : 0.995781	 | 	Valid Accuracy     : 0.000596
lr                 : [3.0000000000000004e-09]


Epoch : 81
Train MSE Loss     : 0.000042	 | 	Train Accuracy     : 0.000042
Valid MSE Loss     : 0.000597	 | 	Valid Accuracy     : 0.000597
Valid MAPE Loss    : 1.003785	 | 	Valid Accuracy     : 0.000597
lr                 : [3.0000000000000004e-09]


Epoch : 82
Train MSE Loss     : 0.000043	 | 	Train Accuracy     : 0.000043
Valid MSE Loss     : 0.000598	 | 	Valid Accuracy     : 0.000598
Valid MAPE Loss    : 1.008166	 | 	Valid Accuracy     : 0.000598
lr                 : [3.0000000000000004e-09]


Epoch : 83
Train MSE Loss     : 0.000042	 | 	Train Accuracy     : 0.000042
Valid MSE Loss     : 0.000594	 | 	Valid Accuracy     : 0.000594
Valid MAPE Loss    : 0.986791	 | 	Valid Accuracy     : 0.000594
lr                 : [3.0000000000000004e-09]


Epoch : 84
Train MSE Loss     : 0.000042	 | 	Train Accuracy     : 0.000042
Valid MSE Loss     : 0.000592	 | 	Valid Accuracy     : 0.000592
Valid MAPE Loss    : 0.984571	 | 	Valid Accuracy     : 0.000592
lr                 : [3.0000000000000004e-09]


Epoch : 85
Train MSE Loss     : 0.000042	 | 	Train Accuracy     : 0.000042
Valid MSE Loss     : 0.000592	 | 	Valid Accuracy     : 0.000592
Valid MAPE Loss    : 0.983864	 | 	Valid Accuracy     : 0.000592
lr                 : [3.0000000000000004e-09]


Epoch : 86
Train MSE Loss     : 0.000042	 | 	Train Accuracy     : 0.000042
Valid MSE Loss     : 0.000597	 | 	Valid Accuracy     : 0.000597
Valid MAPE Loss    : 1.006811	 | 	Valid Accuracy     : 0.000597
lr                 : [3.0000000000000004e-09]


Epoch : 87
Train MSE Loss     : 0.000042	 | 	Train Accuracy     : 0.000042
Valid MSE Loss     : 0.000598	 | 	Valid Accuracy     : 0.000598
Valid MAPE Loss    : 1.000756	 | 	Valid Accuracy     : 0.000598
lr                 : [3.0000000000000004e-09]


Epoch : 88
Train MSE Loss     : 0.000042	 | 	Train Accuracy     : 0.000042
Valid MSE Loss     : 0.000593	 | 	Valid Accuracy     : 0.000593
Valid MAPE Loss    : 0.988737	 | 	Valid Accuracy     : 0.000593
lr                 : [3.0000000000000004e-09]


Epoch : 89
Train MSE Loss     : 0.000042	 | 	Train Accuracy     : 0.000042
Valid MSE Loss     : 0.000596	 | 	Valid Accuracy     : 0.000596
Valid MAPE Loss    : 1.002980	 | 	Valid Accuracy     : 0.000596
lr                 : [3.0000000000000004e-09]


Epoch : 90
Train MSE Loss     : 0.000042	 | 	Train Accuracy     : 0.000042
Valid MSE Loss     : 0.000593	 | 	Valid Accuracy     : 0.000593
Valid MAPE Loss    : 0.993007	 | 	Valid Accuracy     : 0.000593
lr                 : [3.0000000000000004e-09]


Epoch : 91
Train MSE Loss     : 0.000042	 | 	Train Accuracy     : 0.000042
Valid MSE Loss     : 0.000596	 | 	Valid Accuracy     : 0.000596
Valid MAPE Loss    : 0.996410	 | 	Valid Accuracy     : 0.000596
lr                 : [3.0000000000000004e-09]


Epoch : 92
Train MSE Loss     : 0.000042	 | 	Train Accuracy     : 0.000042
Valid MSE Loss     : 0.000599	 | 	Valid Accuracy     : 0.000599
Valid MAPE Loss    : 1.006956	 | 	Valid Accuracy     : 0.000599
lr                 : [3.0000000000000004e-09]


Epoch : 93
Train MSE Loss     : 0.000042	 | 	Train Accuracy     : 0.000042
Valid MSE Loss     : 0.000597	 | 	Valid Accuracy     : 0.000597
Valid MAPE Loss    : 0.998147	 | 	Valid Accuracy     : 0.000597
lr                 : [3.0000000000000004e-09]


Epoch : 94
Train MSE Loss     : 0.000042	 | 	Train Accuracy     : 0.000042
Valid MSE Loss     : 0.000595	 | 	Valid Accuracy     : 0.000595
Valid MAPE Loss    : 1.000177	 | 	Valid Accuracy     : 0.000595
lr                 : [3.0000000000000004e-09]


Epoch : 95
Train MSE Loss     : 0.000043	 | 	Train Accuracy     : 0.000043
Valid MSE Loss     : 0.000596	 | 	Valid Accuracy     : 0.000596
Valid MAPE Loss    : 0.991813	 | 	Valid Accuracy     : 0.000596
lr                 : [3.0000000000000004e-09]


Epoch : 96
Train MSE Loss     : 0.000042	 | 	Train Accuracy     : 0.000042
Valid MSE Loss     : 0.000600	 | 	Valid Accuracy     : 0.000600
Valid MAPE Loss    : 1.011626	 | 	Valid Accuracy     : 0.000600
lr                 : [3.0000000000000004e-09]


Epoch : 97
Train MSE Loss     : 0.000042	 | 	Train Accuracy     : 0.000042
Valid MSE Loss     : 0.000601	 | 	Valid Accuracy     : 0.000601
Valid MAPE Loss    : 1.016917	 | 	Valid Accuracy     : 0.000601
lr                 : [3.0000000000000004e-09]


Epoch : 98
Train MSE Loss     : 0.000042	 | 	Train Accuracy     : 0.000042
Valid MSE Loss     : 0.000598	 | 	Valid Accuracy     : 0.000598
Valid MAPE Loss    : 1.007966	 | 	Valid Accuracy     : 0.000598
lr                 : [3.0000000000000004e-09]


Epoch : 99
Train MSE Loss     : 0.000042	 | 	Train Accuracy     : 0.000042
Valid MSE Loss     : 0.000595	 | 	Valid Accuracy     : 0.000595
Valid MAPE Loss    : 0.996457	 | 	Valid Accuracy     : 0.000595
lr                 : [3.0000000000000004e-09]


Epoch : 100
Train MSE Loss     : 0.000042	 | 	Train Accuracy     : 0.000042
Valid MSE Loss     : 0.000599	 | 	Valid Accuracy     : 0.000599
Valid MAPE Loss    : 1.009467	 | 	Valid Accuracy     : 0.000599
lr                 : [3.0000000000000004e-09]


Epoch : 101
Train MSE Loss     : 0.000042	 | 	Train Accuracy     : 0.000042
Valid MSE Loss     : 0.000597	 | 	Valid Accuracy     : 0.000597
Valid MAPE Loss    : 1.001338	 | 	Valid Accuracy     : 0.000597
lr                 : [3.0000000000000004e-09]


Epoch : 102
Train MSE Loss     : 0.000042	 | 	Train Accuracy     : 0.000042
Valid MSE Loss     : 0.000596	 | 	Valid Accuracy     : 0.000596
Valid MAPE Loss    : 0.998169	 | 	Valid Accuracy     : 0.000596
lr                 : [3.0000000000000004e-09]


Epoch : 103
Train MSE Loss     : 0.000042	 | 	Train Accuracy     : 0.000042
Valid MSE Loss     : 0.000597	 | 	Valid Accuracy     : 0.000597
Valid MAPE Loss    : 1.004100	 | 	Valid Accuracy     : 0.000597
lr                 : [3.0000000000000004e-09]


Epoch : 104
Train MSE Loss     : 0.000042	 | 	Train Accuracy     : 0.000042
Valid MSE Loss     : 0.000600	 | 	Valid Accuracy     : 0.000600
Valid MAPE Loss    : 1.009868	 | 	Valid Accuracy     : 0.000600
lr                 : [3.0000000000000004e-09]


Epoch : 105
Train MSE Loss     : 0.000042	 | 	Train Accuracy     : 0.000042
Valid MSE Loss     : 0.000597	 | 	Valid Accuracy     : 0.000597
Valid MAPE Loss    : 1.002453	 | 	Valid Accuracy     : 0.000597
lr                 : [3.0000000000000004e-09]


Epoch : 106
Train MSE Loss     : 0.000042	 | 	Train Accuracy     : 0.000042
Valid MSE Loss     : 0.000594	 | 	Valid Accuracy     : 0.000594
Valid MAPE Loss    : 0.994299	 | 	Valid Accuracy     : 0.000594
lr                 : [3.0000000000000004e-09]


Epoch : 107
Train MSE Loss     : 0.000042	 | 	Train Accuracy     : 0.000042
Valid MSE Loss     : 0.000596	 | 	Valid Accuracy     : 0.000596
Valid MAPE Loss    : 1.000864	 | 	Valid Accuracy     : 0.000596
lr                 : [3.0000000000000004e-09]


Epoch : 108
Train MSE Loss     : 0.000042	 | 	Train Accuracy     : 0.000042
Valid MSE Loss     : 0.000596	 | 	Valid Accuracy     : 0.000596
Valid MAPE Loss    : 0.995256	 | 	Valid Accuracy     : 0.000596
lr                 : [3.0000000000000004e-09]


Epoch : 109
Train MSE Loss     : 0.000042	 | 	Train Accuracy     : 0.000042
Valid MSE Loss     : 0.000595	 | 	Valid Accuracy     : 0.000595
Valid MAPE Loss    : 0.989370	 | 	Valid Accuracy     : 0.000595
lr                 : [3.0000000000000004e-09]


Epoch : 110
Train MSE Loss     : 0.000042	 | 	Train Accuracy     : 0.000042
Valid MSE Loss     : 0.000600	 | 	Valid Accuracy     : 0.000600
Valid MAPE Loss    : 1.010730	 | 	Valid Accuracy     : 0.000600
lr                 : [3.0000000000000004e-09]


Epoch : 111
Train MSE Loss     : 0.000042	 | 	Train Accuracy     : 0.000042
Valid MSE Loss     : 0.000600	 | 	Valid Accuracy     : 0.000600
Valid MAPE Loss    : 1.011411	 | 	Valid Accuracy     : 0.000600
lr                 : [3.0000000000000004e-09]


Epoch : 112
Train MSE Loss     : 0.000042	 | 	Train Accuracy     : 0.000042
Valid MSE Loss     : 0.000599	 | 	Valid Accuracy     : 0.000599
Valid MAPE Loss    : 1.013427	 | 	Valid Accuracy     : 0.000599
lr                 : [3.0000000000000004e-09]


Epoch : 113
Train MSE Loss     : 0.000042	 | 	Train Accuracy     : 0.000042
Valid MSE Loss     : 0.000595	 | 	Valid Accuracy     : 0.000595
Valid MAPE Loss    : 0.993446	 | 	Valid Accuracy     : 0.000595
lr                 : [3.0000000000000004e-09]


Epoch : 114
Train MSE Loss     : 0.000042	 | 	Train Accuracy     : 0.000042
Valid MSE Loss     : 0.000599	 | 	Valid Accuracy     : 0.000599
Valid MAPE Loss    : 1.014598	 | 	Valid Accuracy     : 0.000599
lr                 : [3.0000000000000004e-09]


Epoch : 115
Train MSE Loss     : 0.000042	 | 	Train Accuracy     : 0.000042
Valid MSE Loss     : 0.000595	 | 	Valid Accuracy     : 0.000595
Valid MAPE Loss    : 0.996320	 | 	Valid Accuracy     : 0.000595
lr                 : [3.0000000000000004e-09]


Epoch : 116
Train MSE Loss     : 0.000042	 | 	Train Accuracy     : 0.000042
Valid MSE Loss     : 0.000596	 | 	Valid Accuracy     : 0.000596
Valid MAPE Loss    : 0.995700	 | 	Valid Accuracy     : 0.000596
lr                 : [3.0000000000000004e-09]


Epoch : 117
Train MSE Loss     : 0.000042	 | 	Train Accuracy     : 0.000042
Valid MSE Loss     : 0.000598	 | 	Valid Accuracy     : 0.000598
Valid MAPE Loss    : 1.002118	 | 	Valid Accuracy     : 0.000598
lr                 : [3.0000000000000004e-09]


Epoch : 118
Train MSE Loss     : 0.000042	 | 	Train Accuracy     : 0.000042
Valid MSE Loss     : 0.000594	 | 	Valid Accuracy     : 0.000594
Valid MAPE Loss    : 0.994598	 | 	Valid Accuracy     : 0.000594
lr                 : [3.0000000000000004e-09]


Epoch : 119
Train MSE Loss     : 0.000042	 | 	Train Accuracy     : 0.000042
Valid MSE Loss     : 0.000596	 | 	Valid Accuracy     : 0.000596
Valid MAPE Loss    : 0.996158	 | 	Valid Accuracy     : 0.000596
lr                 : [3.0000000000000004e-09]


Epoch : 120
Train MSE Loss     : 0.000042	 | 	Train Accuracy     : 0.000042
Valid MSE Loss     : 0.000590	 | 	Valid Accuracy     : 0.000590
Valid MAPE Loss    : 0.975693	 | 	Valid Accuracy     : 0.000590
lr                 : [3.0000000000000004e-09]


Epoch : 121
Train MSE Loss     : 0.000042	 | 	Train Accuracy     : 0.000042
Valid MSE Loss     : 0.000592	 | 	Valid Accuracy     : 0.000592
Valid MAPE Loss    : 0.984577	 | 	Valid Accuracy     : 0.000592
lr                 : [3.0000000000000004e-09]


Epoch : 122
Train MSE Loss     : 0.000042	 | 	Train Accuracy     : 0.000042
Valid MSE Loss     : 0.000595	 | 	Valid Accuracy     : 0.000595
Valid MAPE Loss    : 0.990227	 | 	Valid Accuracy     : 0.000595
lr                 : [3.0000000000000004e-09]


Epoch : 123
Train MSE Loss     : 0.000042	 | 	Train Accuracy     : 0.000042
Valid MSE Loss     : 0.000603	 | 	Valid Accuracy     : 0.000603
Valid MAPE Loss    : 1.020805	 | 	Valid Accuracy     : 0.000603
lr                 : [3.0000000000000004e-09]


Epoch : 124
Train MSE Loss     : 0.000041	 | 	Train Accuracy     : 0.000041
Valid MSE Loss     : 0.000593	 | 	Valid Accuracy     : 0.000593
Valid MAPE Loss    : 0.983589	 | 	Valid Accuracy     : 0.000593
lr                 : [3.0000000000000004e-09]


Epoch : 125
Train MSE Loss     : 0.000042	 | 	Train Accuracy     : 0.000042
Valid MSE Loss     : 0.000594	 | 	Valid Accuracy     : 0.000594
Valid MAPE Loss    : 0.990556	 | 	Valid Accuracy     : 0.000594
lr                 : [3.0000000000000004e-09]


Epoch : 126
Train MSE Loss     : 0.000042	 | 	Train Accuracy     : 0.000042
Valid MSE Loss     : 0.000603	 | 	Valid Accuracy     : 0.000603
Valid MAPE Loss    : 1.018825	 | 	Valid Accuracy     : 0.000603
lr                 : [3.0000000000000004e-09]


Epoch : 127
Train MSE Loss     : 0.000042	 | 	Train Accuracy     : 0.000042
Valid MSE Loss     : 0.000602	 | 	Valid Accuracy     : 0.000602
Valid MAPE Loss    : 1.014824	 | 	Valid Accuracy     : 0.000602
lr                 : [3.0000000000000004e-09]


Epoch : 128
Train MSE Loss     : 0.000042	 | 	Train Accuracy     : 0.000042
Valid MSE Loss     : 0.000597	 | 	Valid Accuracy     : 0.000597
Valid MAPE Loss    : 1.002476	 | 	Valid Accuracy     : 0.000597
lr                 : [3.0000000000000004e-09]


Epoch : 129
Train MSE Loss     : 0.000042	 | 	Train Accuracy     : 0.000042
Valid MSE Loss     : 0.000600	 | 	Valid Accuracy     : 0.000600
Valid MAPE Loss    : 1.012907	 | 	Valid Accuracy     : 0.000600
lr                 : [3.0000000000000004e-09]


Epoch : 130
Train MSE Loss     : 0.000042	 | 	Train Accuracy     : 0.000042
Valid MSE Loss     : 0.000596	 | 	Valid Accuracy     : 0.000596
Valid MAPE Loss    : 1.000016	 | 	Valid Accuracy     : 0.000596
lr                 : [3.0000000000000004e-09]


Epoch : 131
Train MSE Loss     : 0.000042	 | 	Train Accuracy     : 0.000042
Valid MSE Loss     : 0.000597	 | 	Valid Accuracy     : 0.000597
Valid MAPE Loss    : 0.995975	 | 	Valid Accuracy     : 0.000597
lr                 : [3.0000000000000004e-09]


Epoch : 132
Train MSE Loss     : 0.000042	 | 	Train Accuracy     : 0.000042
Valid MSE Loss     : 0.000594	 | 	Valid Accuracy     : 0.000594
Valid MAPE Loss    : 0.988648	 | 	Valid Accuracy     : 0.000594
lr                 : [3.0000000000000004e-09]


Epoch : 133
Train MSE Loss     : 0.000042	 | 	Train Accuracy     : 0.000042
Valid MSE Loss     : 0.000599	 | 	Valid Accuracy     : 0.000599
Valid MAPE Loss    : 0.998128	 | 	Valid Accuracy     : 0.000599
lr                 : [3.0000000000000004e-09]


Epoch : 134
Train MSE Loss     : 0.000042	 | 	Train Accuracy     : 0.000042
Valid MSE Loss     : 0.000601	 | 	Valid Accuracy     : 0.000601
Valid MAPE Loss    : 1.018973	 | 	Valid Accuracy     : 0.000601
lr                 : [3.0000000000000004e-09]


Epoch : 135
Train MSE Loss     : 0.000042	 | 	Train Accuracy     : 0.000042
Valid MSE Loss     : 0.000594	 | 	Valid Accuracy     : 0.000594
Valid MAPE Loss    : 0.990342	 | 	Valid Accuracy     : 0.000594
lr                 : [3.0000000000000004e-09]


Epoch : 136
Train MSE Loss     : 0.000042	 | 	Train Accuracy     : 0.000042
Valid MSE Loss     : 0.000598	 | 	Valid Accuracy     : 0.000598
Valid MAPE Loss    : 1.007175	 | 	Valid Accuracy     : 0.000598
lr                 : [3.0000000000000004e-09]


Epoch : 137
Train MSE Loss     : 0.000042	 | 	Train Accuracy     : 0.000042
Valid MSE Loss     : 0.000596	 | 	Valid Accuracy     : 0.000596
Valid MAPE Loss    : 1.001167	 | 	Valid Accuracy     : 0.000596
lr                 : [3.0000000000000004e-09]


Epoch : 138
Train MSE Loss     : 0.000042	 | 	Train Accuracy     : 0.000042
Valid MSE Loss     : 0.000594	 | 	Valid Accuracy     : 0.000594
Valid MAPE Loss    : 0.990804	 | 	Valid Accuracy     : 0.000594
lr                 : [3.0000000000000004e-09]


Epoch : 139
Train MSE Loss     : 0.000042	 | 	Train Accuracy     : 0.000042
Valid MSE Loss     : 0.000595	 | 	Valid Accuracy     : 0.000595
Valid MAPE Loss    : 0.986203	 | 	Valid Accuracy     : 0.000595
lr                 : [3.0000000000000004e-09]


Epoch : 140
Train MSE Loss     : 0.000042	 | 	Train Accuracy     : 0.000042
Valid MSE Loss     : 0.000596	 | 	Valid Accuracy     : 0.000596
Valid MAPE Loss    : 0.995860	 | 	Valid Accuracy     : 0.000596
lr                 : [3.0000000000000004e-09]


Epoch : 141
Train MSE Loss     : 0.000042	 | 	Train Accuracy     : 0.000042
Valid MSE Loss     : 0.000592	 | 	Valid Accuracy     : 0.000592
Valid MAPE Loss    : 0.989189	 | 	Valid Accuracy     : 0.000592
lr                 : [3.0000000000000004e-09]


Epoch : 142
Train MSE Loss     : 0.000042	 | 	Train Accuracy     : 0.000042
Valid MSE Loss     : 0.000596	 | 	Valid Accuracy     : 0.000596
Valid MAPE Loss    : 0.999916	 | 	Valid Accuracy     : 0.000596
lr                 : [3.0000000000000004e-09]


Epoch : 143
Train MSE Loss     : 0.000041	 | 	Train Accuracy     : 0.000041
Valid MSE Loss     : 0.000595	 | 	Valid Accuracy     : 0.000595
Valid MAPE Loss    : 1.002636	 | 	Valid Accuracy     : 0.000595
lr                 : [3.0000000000000004e-09]


Epoch : 144
Train MSE Loss     : 0.000042	 | 	Train Accuracy     : 0.000042
Valid MSE Loss     : 0.000596	 | 	Valid Accuracy     : 0.000596
Valid MAPE Loss    : 0.992082	 | 	Valid Accuracy     : 0.000596
lr                 : [3.0000000000000004e-09]


Epoch : 145
Train MSE Loss     : 0.000042	 | 	Train Accuracy     : 0.000042
Valid MSE Loss     : 0.000597	 | 	Valid Accuracy     : 0.000597
Valid MAPE Loss    : 0.999573	 | 	Valid Accuracy     : 0.000597
lr                 : [3.0000000000000004e-09]


Epoch : 146
Train MSE Loss     : 0.000042	 | 	Train Accuracy     : 0.000042
Valid MSE Loss     : 0.000593	 | 	Valid Accuracy     : 0.000593
Valid MAPE Loss    : 0.983614	 | 	Valid Accuracy     : 0.000593
lr                 : [3.0000000000000004e-09]


Epoch : 147
Train MSE Loss     : 0.000042	 | 	Train Accuracy     : 0.000042
Valid MSE Loss     : 0.000598	 | 	Valid Accuracy     : 0.000598
Valid MAPE Loss    : 1.009564	 | 	Valid Accuracy     : 0.000598
lr                 : [3.0000000000000004e-09]


Epoch : 148
Train MSE Loss     : 0.000042	 | 	Train Accuracy     : 0.000042
Valid MSE Loss     : 0.000601	 | 	Valid Accuracy     : 0.000601
Valid MAPE Loss    : 1.018648	 | 	Valid Accuracy     : 0.000601
lr                 : [3.0000000000000004e-09]


Epoch : 149
Train MSE Loss     : 0.000042	 | 	Train Accuracy     : 0.000042
Valid MSE Loss     : 0.000590	 | 	Valid Accuracy     : 0.000590
Valid MAPE Loss    : 0.973266	 | 	Valid Accuracy     : 0.000590
lr                 : [3.0000000000000004e-09]


Epoch : 150
Train MSE Loss     : 0.000042	 | 	Train Accuracy     : 0.000042
Valid MSE Loss     : 0.000596	 | 	Valid Accuracy     : 0.000596
Valid MAPE Loss    : 0.996237	 | 	Valid Accuracy     : 0.000596
lr                 : [3.0000000000000004e-09]


Evaluate on the Test set:
Test MAPE loss      :1.053333	 | Test MSE loss      : 0.000262

################## Training is Done! #########################
Training time is : 0:06:08.056309
