=============================================
Dataset: cell_mit_batch1_raw_data
Mode:    supervised
=============================================
Data loaded ...
Training started ....

Epoch : 1
Train MSE Loss     : 0.005988	 | 	Train Accuracy     : 0.005988
Valid MSE Loss     : 0.001222	 | 	Valid Accuracy     : 0.001222
Valid MAPE Loss    : 2.413099	 | 	Valid Accuracy     : 0.001222
lr                 : [0.0003]


Epoch : 2
Train MSE Loss     : 0.000582	 | 	Train Accuracy     : 0.000582
Valid MSE Loss     : 0.000884	 | 	Valid Accuracy     : 0.000884
Valid MAPE Loss    : 1.888419	 | 	Valid Accuracy     : 0.000884
lr                 : [0.0003]


Epoch : 3
Train MSE Loss     : 0.000352	 | 	Train Accuracy     : 0.000352
Valid MSE Loss     : 0.000877	 | 	Valid Accuracy     : 0.000877
Valid MAPE Loss    : 1.933688	 | 	Valid Accuracy     : 0.000877
lr                 : [0.0003]


Epoch : 4
Train MSE Loss     : 0.000274	 | 	Train Accuracy     : 0.000274
Valid MSE Loss     : 0.000648	 | 	Valid Accuracy     : 0.000648
Valid MAPE Loss    : 1.281871	 | 	Valid Accuracy     : 0.000648
lr                 : [0.0003]


Epoch : 5
Train MSE Loss     : 0.000286	 | 	Train Accuracy     : 0.000286
Valid MSE Loss     : 0.000569	 | 	Valid Accuracy     : 0.000569
Valid MAPE Loss    : 1.068415	 | 	Valid Accuracy     : 0.000569
lr                 : [0.0003]


Epoch : 6
Train MSE Loss     : 0.000209	 | 	Train Accuracy     : 0.000209
Valid MSE Loss     : 0.000706	 | 	Valid Accuracy     : 0.000706
Valid MAPE Loss    : 1.520296	 | 	Valid Accuracy     : 0.000706
lr                 : [0.0003]


Epoch : 7
Train MSE Loss     : 0.000184	 | 	Train Accuracy     : 0.000184
Valid MSE Loss     : 0.001559	 | 	Valid Accuracy     : 0.001559
Valid MAPE Loss    : 3.465545	 | 	Valid Accuracy     : 0.001559
lr                 : [0.0003]


Epoch : 8
Train MSE Loss     : 0.000176	 | 	Train Accuracy     : 0.000176
Valid MSE Loss     : 0.000617	 | 	Valid Accuracy     : 0.000617
Valid MAPE Loss    : 1.187769	 | 	Valid Accuracy     : 0.000617
lr                 : [0.0003]


Epoch : 9
Train MSE Loss     : 0.000122	 | 	Train Accuracy     : 0.000122
Valid MSE Loss     : 0.002662	 | 	Valid Accuracy     : 0.002662
Valid MAPE Loss    : 4.104001	 | 	Valid Accuracy     : 0.002662
lr                 : [0.0003]


Epoch : 10
Train MSE Loss     : 0.000137	 | 	Train Accuracy     : 0.000137
Valid MSE Loss     : 0.002022	 | 	Valid Accuracy     : 0.002022
Valid MAPE Loss    : 4.035637	 | 	Valid Accuracy     : 0.002022
lr                 : [0.0003]


Epoch : 11
Train MSE Loss     : 0.000125	 | 	Train Accuracy     : 0.000125
Valid MSE Loss     : 0.006665	 | 	Valid Accuracy     : 0.006665
Valid MAPE Loss    : 7.736819	 | 	Valid Accuracy     : 0.006665
lr                 : [0.0003]


Epoch : 12
Train MSE Loss     : 0.000160	 | 	Train Accuracy     : 0.000160
Valid MSE Loss     : 0.013524	 | 	Valid Accuracy     : 0.013524
Valid MAPE Loss    : 11.768084	 | 	Valid Accuracy     : 0.013524
lr                 : [0.0003]


Epoch : 13
Train MSE Loss     : 0.000136	 | 	Train Accuracy     : 0.000136
Valid MSE Loss     : 0.016792	 | 	Valid Accuracy     : 0.016792
Valid MAPE Loss    : 13.140246	 | 	Valid Accuracy     : 0.016792
lr                 : [0.0003]


Epoch : 14
Train MSE Loss     : 0.000096	 | 	Train Accuracy     : 0.000096
Valid MSE Loss     : 0.001226	 | 	Valid Accuracy     : 0.001226
Valid MAPE Loss    : 2.690803	 | 	Valid Accuracy     : 0.001226
lr                 : [0.0003]


Epoch : 15
Train MSE Loss     : 0.000104	 | 	Train Accuracy     : 0.000104
Valid MSE Loss     : 0.000961	 | 	Valid Accuracy     : 0.000961
Valid MAPE Loss    : 2.391075	 | 	Valid Accuracy     : 0.000961
lr                 : [0.0003]


Epoch : 16
Train MSE Loss     : 0.000105	 | 	Train Accuracy     : 0.000105
Valid MSE Loss     : 0.006281	 | 	Valid Accuracy     : 0.006281
Valid MAPE Loss    : 7.992186	 | 	Valid Accuracy     : 0.006281
lr                 : [2.9999999999999997e-05]


Epoch : 17
Train MSE Loss     : 0.000041	 | 	Train Accuracy     : 0.000041
Valid MSE Loss     : 0.000624	 | 	Valid Accuracy     : 0.000624
Valid MAPE Loss    : 1.565493	 | 	Valid Accuracy     : 0.000624
lr                 : [2.9999999999999997e-05]


Epoch : 18
Train MSE Loss     : 0.000040	 | 	Train Accuracy     : 0.000040
Valid MSE Loss     : 0.000443	 | 	Valid Accuracy     : 0.000443
Valid MAPE Loss    : 0.698699	 | 	Valid Accuracy     : 0.000443
lr                 : [2.9999999999999997e-05]


Epoch : 19
Train MSE Loss     : 0.000043	 | 	Train Accuracy     : 0.000043
Valid MSE Loss     : 0.000838	 | 	Valid Accuracy     : 0.000838
Valid MAPE Loss    : 2.114856	 | 	Valid Accuracy     : 0.000838
lr                 : [2.9999999999999997e-05]


Epoch : 20
Train MSE Loss     : 0.000041	 | 	Train Accuracy     : 0.000041
Valid MSE Loss     : 0.000500	 | 	Valid Accuracy     : 0.000500
Valid MAPE Loss    : 1.084502	 | 	Valid Accuracy     : 0.000500
lr                 : [2.9999999999999997e-05]


Epoch : 21
Train MSE Loss     : 0.000036	 | 	Train Accuracy     : 0.000036
Valid MSE Loss     : 0.000428	 | 	Valid Accuracy     : 0.000428
Valid MAPE Loss    : 0.658228	 | 	Valid Accuracy     : 0.000428
lr                 : [2.9999999999999997e-05]


Epoch : 22
Train MSE Loss     : 0.000041	 | 	Train Accuracy     : 0.000041
Valid MSE Loss     : 0.000595	 | 	Valid Accuracy     : 0.000595
Valid MAPE Loss    : 1.505164	 | 	Valid Accuracy     : 0.000595
lr                 : [2.9999999999999997e-05]


Epoch : 23
Train MSE Loss     : 0.000035	 | 	Train Accuracy     : 0.000035
Valid MSE Loss     : 0.000793	 | 	Valid Accuracy     : 0.000793
Valid MAPE Loss    : 1.953142	 | 	Valid Accuracy     : 0.000793
lr                 : [2.9999999999999997e-05]


Epoch : 24
Train MSE Loss     : 0.000034	 | 	Train Accuracy     : 0.000034
Valid MSE Loss     : 0.000459	 | 	Valid Accuracy     : 0.000459
Valid MAPE Loss    : 0.874416	 | 	Valid Accuracy     : 0.000459
lr                 : [2.9999999999999997e-05]


Epoch : 25
Train MSE Loss     : 0.000031	 | 	Train Accuracy     : 0.000031
Valid MSE Loss     : 0.000399	 | 	Valid Accuracy     : 0.000399
Valid MAPE Loss    : 0.383487	 | 	Valid Accuracy     : 0.000399
lr                 : [2.9999999999999997e-05]


Epoch : 26
Train MSE Loss     : 0.000031	 | 	Train Accuracy     : 0.000031
Valid MSE Loss     : 0.000403	 | 	Valid Accuracy     : 0.000403
Valid MAPE Loss    : 0.384566	 | 	Valid Accuracy     : 0.000403
lr                 : [2.9999999999999997e-05]


Epoch : 27
Train MSE Loss     : 0.000031	 | 	Train Accuracy     : 0.000031
Valid MSE Loss     : 0.000408	 | 	Valid Accuracy     : 0.000408
Valid MAPE Loss    : 0.437868	 | 	Valid Accuracy     : 0.000408
lr                 : [2.9999999999999997e-05]


Epoch : 28
Train MSE Loss     : 0.000030	 | 	Train Accuracy     : 0.000030
Valid MSE Loss     : 0.000395	 | 	Valid Accuracy     : 0.000395
Valid MAPE Loss    : 0.318483	 | 	Valid Accuracy     : 0.000395
lr                 : [2.9999999999999997e-05]


Epoch : 29
Train MSE Loss     : 0.000031	 | 	Train Accuracy     : 0.000031
Valid MSE Loss     : 0.000404	 | 	Valid Accuracy     : 0.000404
Valid MAPE Loss    : 0.389495	 | 	Valid Accuracy     : 0.000404
lr                 : [2.9999999999999997e-05]


Epoch : 30
Train MSE Loss     : 0.000028	 | 	Train Accuracy     : 0.000028
Valid MSE Loss     : 0.000407	 | 	Valid Accuracy     : 0.000407
Valid MAPE Loss    : 0.488691	 | 	Valid Accuracy     : 0.000407
lr                 : [2.9999999999999997e-05]


Epoch : 31
Train MSE Loss     : 0.000027	 | 	Train Accuracy     : 0.000027
Valid MSE Loss     : 0.000484	 | 	Valid Accuracy     : 0.000484
Valid MAPE Loss    : 1.030041	 | 	Valid Accuracy     : 0.000484
lr                 : [2.9999999999999997e-05]


Epoch : 32
Train MSE Loss     : 0.000027	 | 	Train Accuracy     : 0.000027
Valid MSE Loss     : 0.000404	 | 	Valid Accuracy     : 0.000404
Valid MAPE Loss    : 0.412992	 | 	Valid Accuracy     : 0.000404
lr                 : [2.9999999999999997e-05]


Epoch : 33
Train MSE Loss     : 0.000035	 | 	Train Accuracy     : 0.000035
Valid MSE Loss     : 0.001100	 | 	Valid Accuracy     : 0.001100
Valid MAPE Loss    : 2.755928	 | 	Valid Accuracy     : 0.001100
lr                 : [2.9999999999999997e-05]


Epoch : 34
Train MSE Loss     : 0.000026	 | 	Train Accuracy     : 0.000026
Valid MSE Loss     : 0.000463	 | 	Valid Accuracy     : 0.000463
Valid MAPE Loss    : 0.917311	 | 	Valid Accuracy     : 0.000463
lr                 : [2.9999999999999997e-05]


Epoch : 35
Train MSE Loss     : 0.000027	 | 	Train Accuracy     : 0.000027
Valid MSE Loss     : 0.000743	 | 	Valid Accuracy     : 0.000743
Valid MAPE Loss    : 1.941553	 | 	Valid Accuracy     : 0.000743
lr                 : [2.9999999999999997e-05]


Epoch : 36
Train MSE Loss     : 0.000029	 | 	Train Accuracy     : 0.000029
Valid MSE Loss     : 0.000938	 | 	Valid Accuracy     : 0.000938
Valid MAPE Loss    : 2.446903	 | 	Valid Accuracy     : 0.000938
lr                 : [2.9999999999999997e-05]


Epoch : 37
Train MSE Loss     : 0.000028	 | 	Train Accuracy     : 0.000028
Valid MSE Loss     : 0.000438	 | 	Valid Accuracy     : 0.000438
Valid MAPE Loss    : 0.759600	 | 	Valid Accuracy     : 0.000438
lr                 : [2.9999999999999997e-05]


Epoch : 38
Train MSE Loss     : 0.000026	 | 	Train Accuracy     : 0.000026
Valid MSE Loss     : 0.000959	 | 	Valid Accuracy     : 0.000959
Valid MAPE Loss    : 2.497352	 | 	Valid Accuracy     : 0.000959
lr                 : [2.9999999999999997e-05]


Epoch : 39
Train MSE Loss     : 0.000025	 | 	Train Accuracy     : 0.000025
Valid MSE Loss     : 0.000578	 | 	Valid Accuracy     : 0.000578
Valid MAPE Loss    : 1.325062	 | 	Valid Accuracy     : 0.000578
lr                 : [3e-06]


Epoch : 40
Train MSE Loss     : 0.000020	 | 	Train Accuracy     : 0.000020
Valid MSE Loss     : 0.000391	 | 	Valid Accuracy     : 0.000391
Valid MAPE Loss    : 0.260675	 | 	Valid Accuracy     : 0.000391
lr                 : [3e-06]


Epoch : 41
Train MSE Loss     : 0.000018	 | 	Train Accuracy     : 0.000018
Valid MSE Loss     : 0.000402	 | 	Valid Accuracy     : 0.000402
Valid MAPE Loss    : 0.446470	 | 	Valid Accuracy     : 0.000402
lr                 : [3e-06]


Epoch : 42
Train MSE Loss     : 0.000018	 | 	Train Accuracy     : 0.000018
Valid MSE Loss     : 0.000392	 | 	Valid Accuracy     : 0.000392
Valid MAPE Loss    : 0.265789	 | 	Valid Accuracy     : 0.000392
lr                 : [3e-06]


Epoch : 43
Train MSE Loss     : 0.000018	 | 	Train Accuracy     : 0.000018
Valid MSE Loss     : 0.000403	 | 	Valid Accuracy     : 0.000403
Valid MAPE Loss    : 0.427386	 | 	Valid Accuracy     : 0.000403
lr                 : [3e-06]


Epoch : 44
Train MSE Loss     : 0.000018	 | 	Train Accuracy     : 0.000018
Valid MSE Loss     : 0.000392	 | 	Valid Accuracy     : 0.000392
Valid MAPE Loss    : 0.263330	 | 	Valid Accuracy     : 0.000392
lr                 : [3e-06]


Epoch : 45
Train MSE Loss     : 0.000017	 | 	Train Accuracy     : 0.000017
Valid MSE Loss     : 0.000399	 | 	Valid Accuracy     : 0.000399
Valid MAPE Loss    : 0.386751	 | 	Valid Accuracy     : 0.000399
lr                 : [3e-06]


Epoch : 46
Train MSE Loss     : 0.000018	 | 	Train Accuracy     : 0.000018
Valid MSE Loss     : 0.000392	 | 	Valid Accuracy     : 0.000392
Valid MAPE Loss    : 0.252254	 | 	Valid Accuracy     : 0.000392
lr                 : [3e-06]


Epoch : 47
Train MSE Loss     : 0.000018	 | 	Train Accuracy     : 0.000018
Valid MSE Loss     : 0.000433	 | 	Valid Accuracy     : 0.000433
Valid MAPE Loss    : 0.722663	 | 	Valid Accuracy     : 0.000433
lr                 : [3e-06]


Epoch : 48
Train MSE Loss     : 0.000018	 | 	Train Accuracy     : 0.000018
Valid MSE Loss     : 0.000393	 | 	Valid Accuracy     : 0.000393
Valid MAPE Loss    : 0.295699	 | 	Valid Accuracy     : 0.000393
lr                 : [3e-06]


Epoch : 49
Train MSE Loss     : 0.000017	 | 	Train Accuracy     : 0.000017
Valid MSE Loss     : 0.000413	 | 	Valid Accuracy     : 0.000413
Valid MAPE Loss    : 0.563312	 | 	Valid Accuracy     : 0.000413
lr                 : [3e-06]


Epoch : 50
Train MSE Loss     : 0.000018	 | 	Train Accuracy     : 0.000018
Valid MSE Loss     : 0.000399	 | 	Valid Accuracy     : 0.000399
Valid MAPE Loss    : 0.394003	 | 	Valid Accuracy     : 0.000399
lr                 : [3e-06]


Epoch : 51
Train MSE Loss     : 0.000018	 | 	Train Accuracy     : 0.000018
Valid MSE Loss     : 0.000437	 | 	Valid Accuracy     : 0.000437
Valid MAPE Loss    : 0.760853	 | 	Valid Accuracy     : 0.000437
lr                 : [3e-06]


Epoch : 52
Train MSE Loss     : 0.000018	 | 	Train Accuracy     : 0.000018
Valid MSE Loss     : 0.000400	 | 	Valid Accuracy     : 0.000400
Valid MAPE Loss    : 0.423218	 | 	Valid Accuracy     : 0.000400
lr                 : [3e-06]


Epoch : 53
Train MSE Loss     : 0.000017	 | 	Train Accuracy     : 0.000017
Valid MSE Loss     : 0.000394	 | 	Valid Accuracy     : 0.000394
Valid MAPE Loss    : 0.315022	 | 	Valid Accuracy     : 0.000394
lr                 : [3e-06]


Epoch : 54
Train MSE Loss     : 0.000018	 | 	Train Accuracy     : 0.000018
Valid MSE Loss     : 0.000413	 | 	Valid Accuracy     : 0.000413
Valid MAPE Loss    : 0.545053	 | 	Valid Accuracy     : 0.000413
lr                 : [3e-06]


Epoch : 55
Train MSE Loss     : 0.000011	 | 	Train Accuracy     : 0.000011
Valid MSE Loss     : 0.000393	 | 	Valid Accuracy     : 0.000393
Valid MAPE Loss    : 0.257601	 | 	Valid Accuracy     : 0.000393
lr                 : [3e-06]


Epoch : 56
Train MSE Loss     : 0.000017	 | 	Train Accuracy     : 0.000017
Valid MSE Loss     : 0.000488	 | 	Valid Accuracy     : 0.000488
Valid MAPE Loss    : 1.087407	 | 	Valid Accuracy     : 0.000488
lr                 : [3e-06]


Epoch : 57
Train MSE Loss     : 0.000018	 | 	Train Accuracy     : 0.000018
Valid MSE Loss     : 0.000453	 | 	Valid Accuracy     : 0.000453
Valid MAPE Loss    : 0.867965	 | 	Valid Accuracy     : 0.000453
lr                 : [3.0000000000000004e-07]


Epoch : 58
Train MSE Loss     : 0.000017	 | 	Train Accuracy     : 0.000017
Valid MSE Loss     : 0.000392	 | 	Valid Accuracy     : 0.000392
Valid MAPE Loss    : 0.243894	 | 	Valid Accuracy     : 0.000392
lr                 : [3.0000000000000004e-07]


Epoch : 59
Train MSE Loss     : 0.000016	 | 	Train Accuracy     : 0.000016
Valid MSE Loss     : 0.000395	 | 	Valid Accuracy     : 0.000395
Valid MAPE Loss    : 0.317661	 | 	Valid Accuracy     : 0.000395
lr                 : [3.0000000000000004e-07]


Epoch : 60
Train MSE Loss     : 0.000016	 | 	Train Accuracy     : 0.000016
Valid MSE Loss     : 0.000393	 | 	Valid Accuracy     : 0.000393
Valid MAPE Loss    : 0.252980	 | 	Valid Accuracy     : 0.000393
lr                 : [3.0000000000000004e-07]


Epoch : 61
Train MSE Loss     : 0.000017	 | 	Train Accuracy     : 0.000017
Valid MSE Loss     : 0.000393	 | 	Valid Accuracy     : 0.000393
Valid MAPE Loss    : 0.241429	 | 	Valid Accuracy     : 0.000393
lr                 : [3.0000000000000004e-07]


Epoch : 62
Train MSE Loss     : 0.000016	 | 	Train Accuracy     : 0.000016
Valid MSE Loss     : 0.000392	 | 	Valid Accuracy     : 0.000392
Valid MAPE Loss    : 0.245701	 | 	Valid Accuracy     : 0.000392
lr                 : [3.0000000000000004e-07]


Epoch : 63
Train MSE Loss     : 0.000017	 | 	Train Accuracy     : 0.000017
Valid MSE Loss     : 0.000392	 | 	Valid Accuracy     : 0.000392
Valid MAPE Loss    : 0.250490	 | 	Valid Accuracy     : 0.000392
lr                 : [3.0000000000000004e-07]


Epoch : 64
Train MSE Loss     : 0.000016	 | 	Train Accuracy     : 0.000016
Valid MSE Loss     : 0.000392	 | 	Valid Accuracy     : 0.000392
Valid MAPE Loss    : 0.240657	 | 	Valid Accuracy     : 0.000392
lr                 : [3.0000000000000004e-07]


Epoch : 65
Train MSE Loss     : 0.000017	 | 	Train Accuracy     : 0.000017
Valid MSE Loss     : 0.000396	 | 	Valid Accuracy     : 0.000396
Valid MAPE Loss    : 0.310522	 | 	Valid Accuracy     : 0.000396
lr                 : [3.0000000000000004e-07]


Epoch : 66
Train MSE Loss     : 0.000016	 | 	Train Accuracy     : 0.000016
Valid MSE Loss     : 0.000393	 | 	Valid Accuracy     : 0.000393
Valid MAPE Loss    : 0.245868	 | 	Valid Accuracy     : 0.000393
lr                 : [3.0000000000000004e-07]


Epoch : 67
Train MSE Loss     : 0.000016	 | 	Train Accuracy     : 0.000016
Valid MSE Loss     : 0.000393	 | 	Valid Accuracy     : 0.000393
Valid MAPE Loss    : 0.243701	 | 	Valid Accuracy     : 0.000393
lr                 : [3.0000000000000004e-07]


Epoch : 68
Train MSE Loss     : 0.000017	 | 	Train Accuracy     : 0.000017
Valid MSE Loss     : 0.000392	 | 	Valid Accuracy     : 0.000392
Valid MAPE Loss    : 0.241885	 | 	Valid Accuracy     : 0.000392
lr                 : [3.0000000000000004e-07]


Epoch : 69
Train MSE Loss     : 0.000017	 | 	Train Accuracy     : 0.000017
Valid MSE Loss     : 0.000392	 | 	Valid Accuracy     : 0.000392
Valid MAPE Loss    : 0.240720	 | 	Valid Accuracy     : 0.000392
lr                 : [3.0000000000000004e-07]


Epoch : 70
Train MSE Loss     : 0.000017	 | 	Train Accuracy     : 0.000017
Valid MSE Loss     : 0.000392	 | 	Valid Accuracy     : 0.000392
Valid MAPE Loss    : 0.241693	 | 	Valid Accuracy     : 0.000392
lr                 : [3.0000000000000004e-07]


Epoch : 71
Train MSE Loss     : 0.000017	 | 	Train Accuracy     : 0.000017
Valid MSE Loss     : 0.000393	 | 	Valid Accuracy     : 0.000393
Valid MAPE Loss    : 0.243555	 | 	Valid Accuracy     : 0.000393
lr                 : [3.0000000000000004e-07]


Epoch : 72
Train MSE Loss     : 0.000016	 | 	Train Accuracy     : 0.000016
Valid MSE Loss     : 0.000393	 | 	Valid Accuracy     : 0.000393
Valid MAPE Loss    : 0.246713	 | 	Valid Accuracy     : 0.000393
lr                 : [3.0000000000000004e-07]


Epoch : 73
Train MSE Loss     : 0.000016	 | 	Train Accuracy     : 0.000016
Valid MSE Loss     : 0.000394	 | 	Valid Accuracy     : 0.000394
Valid MAPE Loss    : 0.248077	 | 	Valid Accuracy     : 0.000394
lr                 : [3.0000000000000004e-07]


Epoch : 74
Train MSE Loss     : 0.000017	 | 	Train Accuracy     : 0.000017
Valid MSE Loss     : 0.000392	 | 	Valid Accuracy     : 0.000392
Valid MAPE Loss    : 0.247240	 | 	Valid Accuracy     : 0.000392
lr                 : [3.0000000000000004e-07]


Epoch : 75
Train MSE Loss     : 0.000017	 | 	Train Accuracy     : 0.000017
Valid MSE Loss     : 0.000392	 | 	Valid Accuracy     : 0.000392
Valid MAPE Loss    : 0.239408	 | 	Valid Accuracy     : 0.000392
lr                 : [3.0000000000000004e-07]


Epoch : 76
Train MSE Loss     : 0.000017	 | 	Train Accuracy     : 0.000017
Valid MSE Loss     : 0.000393	 | 	Valid Accuracy     : 0.000393
Valid MAPE Loss    : 0.252181	 | 	Valid Accuracy     : 0.000393
lr                 : [3.0000000000000004e-07]


Epoch : 77
Train MSE Loss     : 0.000010	 | 	Train Accuracy     : 0.000010
Valid MSE Loss     : 0.000393	 | 	Valid Accuracy     : 0.000393
Valid MAPE Loss    : 0.241105	 | 	Valid Accuracy     : 0.000393
lr                 : [3.0000000000000004e-07]


Epoch : 78
Train MSE Loss     : 0.000017	 | 	Train Accuracy     : 0.000017
Valid MSE Loss     : 0.000393	 | 	Valid Accuracy     : 0.000393
Valid MAPE Loss    : 0.258289	 | 	Valid Accuracy     : 0.000393
lr                 : [3.0000000000000004e-07]


Epoch : 79
Train MSE Loss     : 0.000017	 | 	Train Accuracy     : 0.000017
Valid MSE Loss     : 0.000393	 | 	Valid Accuracy     : 0.000393
Valid MAPE Loss    : 0.244942	 | 	Valid Accuracy     : 0.000393
lr                 : [3.0000000000000004e-07]


Epoch : 80
Train MSE Loss     : 0.000017	 | 	Train Accuracy     : 0.000017
Valid MSE Loss     : 0.000393	 | 	Valid Accuracy     : 0.000393
Valid MAPE Loss    : 0.239720	 | 	Valid Accuracy     : 0.000393
lr                 : [3.0000000000000004e-07]


Epoch : 81
Train MSE Loss     : 0.000016	 | 	Train Accuracy     : 0.000016
Valid MSE Loss     : 0.000393	 | 	Valid Accuracy     : 0.000393
Valid MAPE Loss    : 0.245330	 | 	Valid Accuracy     : 0.000393
lr                 : [3.0000000000000004e-07]


Epoch : 82
Train MSE Loss     : 0.000017	 | 	Train Accuracy     : 0.000017
Valid MSE Loss     : 0.000393	 | 	Valid Accuracy     : 0.000393
Valid MAPE Loss    : 0.242954	 | 	Valid Accuracy     : 0.000393
lr                 : [3.0000000000000004e-07]


Epoch : 83
Train MSE Loss     : 0.000017	 | 	Train Accuracy     : 0.000017
Valid MSE Loss     : 0.000394	 | 	Valid Accuracy     : 0.000394
Valid MAPE Loss    : 0.260146	 | 	Valid Accuracy     : 0.000394
lr                 : [3.0000000000000004e-07]


Epoch : 84
Train MSE Loss     : 0.000016	 | 	Train Accuracy     : 0.000016
Valid MSE Loss     : 0.000393	 | 	Valid Accuracy     : 0.000393
Valid MAPE Loss    : 0.246647	 | 	Valid Accuracy     : 0.000393
lr                 : [3.0000000000000004e-07]


Epoch : 85
Train MSE Loss     : 0.000016	 | 	Train Accuracy     : 0.000016
Valid MSE Loss     : 0.000393	 | 	Valid Accuracy     : 0.000393
Valid MAPE Loss    : 0.248000	 | 	Valid Accuracy     : 0.000393
lr                 : [3.0000000000000004e-07]


Epoch : 86
Train MSE Loss     : 0.000017	 | 	Train Accuracy     : 0.000017
Valid MSE Loss     : 0.000393	 | 	Valid Accuracy     : 0.000393
Valid MAPE Loss    : 0.241073	 | 	Valid Accuracy     : 0.000393
lr                 : [3.0000000000000004e-08]


Epoch : 87
Train MSE Loss     : 0.000017	 | 	Train Accuracy     : 0.000017
Valid MSE Loss     : 0.000393	 | 	Valid Accuracy     : 0.000393
Valid MAPE Loss    : 0.244381	 | 	Valid Accuracy     : 0.000393
lr                 : [3.0000000000000004e-08]


Epoch : 88
Train MSE Loss     : 0.000017	 | 	Train Accuracy     : 0.000017
Valid MSE Loss     : 0.000393	 | 	Valid Accuracy     : 0.000393
Valid MAPE Loss    : 0.243880	 | 	Valid Accuracy     : 0.000393
lr                 : [3.0000000000000004e-08]


Epoch : 89
Train MSE Loss     : 0.000016	 | 	Train Accuracy     : 0.000016
Valid MSE Loss     : 0.000393	 | 	Valid Accuracy     : 0.000393
Valid MAPE Loss    : 0.242815	 | 	Valid Accuracy     : 0.000393
lr                 : [3.0000000000000004e-08]


Epoch : 90
Train MSE Loss     : 0.000017	 | 	Train Accuracy     : 0.000017
Valid MSE Loss     : 0.000394	 | 	Valid Accuracy     : 0.000394
Valid MAPE Loss    : 0.247032	 | 	Valid Accuracy     : 0.000394
lr                 : [3.0000000000000004e-08]


Epoch : 91
Train MSE Loss     : 0.000016	 | 	Train Accuracy     : 0.000016
Valid MSE Loss     : 0.000393	 | 	Valid Accuracy     : 0.000393
Valid MAPE Loss    : 0.241698	 | 	Valid Accuracy     : 0.000393
lr                 : [3.0000000000000004e-08]


Epoch : 92
Train MSE Loss     : 0.000017	 | 	Train Accuracy     : 0.000017
Valid MSE Loss     : 0.000393	 | 	Valid Accuracy     : 0.000393
Valid MAPE Loss    : 0.255372	 | 	Valid Accuracy     : 0.000393
lr                 : [3.0000000000000004e-08]


Epoch : 93
Train MSE Loss     : 0.000016	 | 	Train Accuracy     : 0.000016
Valid MSE Loss     : 0.000393	 | 	Valid Accuracy     : 0.000393
Valid MAPE Loss    : 0.244611	 | 	Valid Accuracy     : 0.000393
lr                 : [3.0000000000000004e-08]


Epoch : 94
Train MSE Loss     : 0.000017	 | 	Train Accuracy     : 0.000017
Valid MSE Loss     : 0.000393	 | 	Valid Accuracy     : 0.000393
Valid MAPE Loss    : 0.252556	 | 	Valid Accuracy     : 0.000393
lr                 : [3.0000000000000004e-08]


Epoch : 95
Train MSE Loss     : 0.000016	 | 	Train Accuracy     : 0.000016
Valid MSE Loss     : 0.000393	 | 	Valid Accuracy     : 0.000393
Valid MAPE Loss    : 0.238583	 | 	Valid Accuracy     : 0.000393
lr                 : [3.0000000000000004e-08]


Epoch : 96
Train MSE Loss     : 0.000016	 | 	Train Accuracy     : 0.000016
Valid MSE Loss     : 0.000393	 | 	Valid Accuracy     : 0.000393
Valid MAPE Loss    : 0.244646	 | 	Valid Accuracy     : 0.000393
lr                 : [3.0000000000000004e-08]


Epoch : 97
Train MSE Loss     : 0.000016	 | 	Train Accuracy     : 0.000016
Valid MSE Loss     : 0.000393	 | 	Valid Accuracy     : 0.000393
Valid MAPE Loss    : 0.243514	 | 	Valid Accuracy     : 0.000393
lr                 : [3.0000000000000004e-08]


Epoch : 98
Train MSE Loss     : 0.000017	 | 	Train Accuracy     : 0.000017
Valid MSE Loss     : 0.000393	 | 	Valid Accuracy     : 0.000393
Valid MAPE Loss    : 0.244691	 | 	Valid Accuracy     : 0.000393
lr                 : [3.0000000000000004e-08]


Epoch : 99
Train MSE Loss     : 0.000017	 | 	Train Accuracy     : 0.000017
Valid MSE Loss     : 0.000393	 | 	Valid Accuracy     : 0.000393
Valid MAPE Loss    : 0.241010	 | 	Valid Accuracy     : 0.000393
lr                 : [3.0000000000000004e-08]


Epoch : 100
Train MSE Loss     : 0.000017	 | 	Train Accuracy     : 0.000017
Valid MSE Loss     : 0.000393	 | 	Valid Accuracy     : 0.000393
Valid MAPE Loss    : 0.242245	 | 	Valid Accuracy     : 0.000393
lr                 : [3.0000000000000004e-08]


Epoch : 101
Train MSE Loss     : 0.000017	 | 	Train Accuracy     : 0.000017
Valid MSE Loss     : 0.000394	 | 	Valid Accuracy     : 0.000394
Valid MAPE Loss    : 0.247417	 | 	Valid Accuracy     : 0.000394
lr                 : [3.0000000000000004e-08]


Epoch : 102
Train MSE Loss     : 0.000016	 | 	Train Accuracy     : 0.000016
Valid MSE Loss     : 0.000393	 | 	Valid Accuracy     : 0.000393
Valid MAPE Loss    : 0.247026	 | 	Valid Accuracy     : 0.000393
lr                 : [3.0000000000000004e-08]


Epoch : 103
Train MSE Loss     : 0.000017	 | 	Train Accuracy     : 0.000017
Valid MSE Loss     : 0.000393	 | 	Valid Accuracy     : 0.000393
Valid MAPE Loss    : 0.246801	 | 	Valid Accuracy     : 0.000393
lr                 : [3.0000000000000004e-08]


Epoch : 104
Train MSE Loss     : 0.000017	 | 	Train Accuracy     : 0.000017
Valid MSE Loss     : 0.000394	 | 	Valid Accuracy     : 0.000394
Valid MAPE Loss    : 0.268299	 | 	Valid Accuracy     : 0.000394
lr                 : [3.0000000000000004e-08]


Epoch : 105
Train MSE Loss     : 0.000017	 | 	Train Accuracy     : 0.000017
Valid MSE Loss     : 0.000393	 | 	Valid Accuracy     : 0.000393
Valid MAPE Loss    : 0.251029	 | 	Valid Accuracy     : 0.000393
lr                 : [3.0000000000000004e-08]


Epoch : 106
Train MSE Loss     : 0.000016	 | 	Train Accuracy     : 0.000016
Valid MSE Loss     : 0.000393	 | 	Valid Accuracy     : 0.000393
Valid MAPE Loss    : 0.240876	 | 	Valid Accuracy     : 0.000393
lr                 : [3.0000000000000004e-09]


Epoch : 107
Train MSE Loss     : 0.000016	 | 	Train Accuracy     : 0.000016
Valid MSE Loss     : 0.000395	 | 	Valid Accuracy     : 0.000395
Valid MAPE Loss    : 0.272099	 | 	Valid Accuracy     : 0.000395
lr                 : [3.0000000000000004e-09]


Epoch : 108
Train MSE Loss     : 0.000017	 | 	Train Accuracy     : 0.000017
Valid MSE Loss     : 0.000393	 | 	Valid Accuracy     : 0.000393
Valid MAPE Loss    : 0.243436	 | 	Valid Accuracy     : 0.000393
lr                 : [3.0000000000000004e-09]


Epoch : 109
Train MSE Loss     : 0.000016	 | 	Train Accuracy     : 0.000016
Valid MSE Loss     : 0.000393	 | 	Valid Accuracy     : 0.000393
Valid MAPE Loss    : 0.247657	 | 	Valid Accuracy     : 0.000393
lr                 : [3.0000000000000004e-09]


Epoch : 110
Train MSE Loss     : 0.000017	 | 	Train Accuracy     : 0.000017
Valid MSE Loss     : 0.000393	 | 	Valid Accuracy     : 0.000393
Valid MAPE Loss    : 0.243487	 | 	Valid Accuracy     : 0.000393
lr                 : [3.0000000000000004e-09]


Epoch : 111
Train MSE Loss     : 0.000017	 | 	Train Accuracy     : 0.000017
Valid MSE Loss     : 0.000393	 | 	Valid Accuracy     : 0.000393
Valid MAPE Loss    : 0.246861	 | 	Valid Accuracy     : 0.000393
lr                 : [3.0000000000000004e-09]


Epoch : 112
Train MSE Loss     : 0.000016	 | 	Train Accuracy     : 0.000016
Valid MSE Loss     : 0.000393	 | 	Valid Accuracy     : 0.000393
Valid MAPE Loss    : 0.246631	 | 	Valid Accuracy     : 0.000393
lr                 : [3.0000000000000004e-09]


Epoch : 113
Train MSE Loss     : 0.000016	 | 	Train Accuracy     : 0.000016
Valid MSE Loss     : 0.000393	 | 	Valid Accuracy     : 0.000393
Valid MAPE Loss    : 0.258141	 | 	Valid Accuracy     : 0.000393
lr                 : [3.0000000000000004e-09]


Epoch : 114
Train MSE Loss     : 0.000016	 | 	Train Accuracy     : 0.000016
Valid MSE Loss     : 0.000393	 | 	Valid Accuracy     : 0.000393
Valid MAPE Loss    : 0.241882	 | 	Valid Accuracy     : 0.000393
lr                 : [3.0000000000000004e-09]


Epoch : 115
Train MSE Loss     : 0.000017	 | 	Train Accuracy     : 0.000017
Valid MSE Loss     : 0.000393	 | 	Valid Accuracy     : 0.000393
Valid MAPE Loss    : 0.244099	 | 	Valid Accuracy     : 0.000393
lr                 : [3.0000000000000004e-09]


Epoch : 116
Train MSE Loss     : 0.000016	 | 	Train Accuracy     : 0.000016
Valid MSE Loss     : 0.000393	 | 	Valid Accuracy     : 0.000393
Valid MAPE Loss    : 0.240249	 | 	Valid Accuracy     : 0.000393
lr                 : [3.0000000000000004e-09]


Epoch : 117
Train MSE Loss     : 0.000017	 | 	Train Accuracy     : 0.000017
Valid MSE Loss     : 0.000394	 | 	Valid Accuracy     : 0.000394
Valid MAPE Loss    : 0.263865	 | 	Valid Accuracy     : 0.000394
lr                 : [3.0000000000000004e-09]


Epoch : 118
Train MSE Loss     : 0.000016	 | 	Train Accuracy     : 0.000016
Valid MSE Loss     : 0.000393	 | 	Valid Accuracy     : 0.000393
Valid MAPE Loss    : 0.251057	 | 	Valid Accuracy     : 0.000393
lr                 : [3.0000000000000004e-09]


Epoch : 119
Train MSE Loss     : 0.000016	 | 	Train Accuracy     : 0.000016
Valid MSE Loss     : 0.000393	 | 	Valid Accuracy     : 0.000393
Valid MAPE Loss    : 0.244145	 | 	Valid Accuracy     : 0.000393
lr                 : [3.0000000000000004e-09]


Epoch : 120
Train MSE Loss     : 0.000017	 | 	Train Accuracy     : 0.000017
Valid MSE Loss     : 0.000393	 | 	Valid Accuracy     : 0.000393
Valid MAPE Loss    : 0.241282	 | 	Valid Accuracy     : 0.000393
lr                 : [3.0000000000000004e-09]


Epoch : 121
Train MSE Loss     : 0.000016	 | 	Train Accuracy     : 0.000016
Valid MSE Loss     : 0.000393	 | 	Valid Accuracy     : 0.000393
Valid MAPE Loss    : 0.241746	 | 	Valid Accuracy     : 0.000393
lr                 : [3.0000000000000004e-09]


Epoch : 122
Train MSE Loss     : 0.000016	 | 	Train Accuracy     : 0.000016
Valid MSE Loss     : 0.000393	 | 	Valid Accuracy     : 0.000393
Valid MAPE Loss    : 0.243171	 | 	Valid Accuracy     : 0.000393
lr                 : [3.0000000000000004e-09]


Epoch : 123
Train MSE Loss     : 0.000016	 | 	Train Accuracy     : 0.000016
Valid MSE Loss     : 0.000393	 | 	Valid Accuracy     : 0.000393
Valid MAPE Loss    : 0.244305	 | 	Valid Accuracy     : 0.000393
lr                 : [3.0000000000000004e-09]


Epoch : 124
Train MSE Loss     : 0.000017	 | 	Train Accuracy     : 0.000017
Valid MSE Loss     : 0.000393	 | 	Valid Accuracy     : 0.000393
Valid MAPE Loss    : 0.240870	 | 	Valid Accuracy     : 0.000393
lr                 : [3.0000000000000004e-09]


Epoch : 125
Train MSE Loss     : 0.000017	 | 	Train Accuracy     : 0.000017
Valid MSE Loss     : 0.000393	 | 	Valid Accuracy     : 0.000393
Valid MAPE Loss    : 0.239713	 | 	Valid Accuracy     : 0.000393
lr                 : [3.0000000000000004e-09]


Epoch : 126
Train MSE Loss     : 0.000016	 | 	Train Accuracy     : 0.000016
Valid MSE Loss     : 0.000393	 | 	Valid Accuracy     : 0.000393
Valid MAPE Loss    : 0.248310	 | 	Valid Accuracy     : 0.000393
lr                 : [3.0000000000000004e-09]


Epoch : 127
Train MSE Loss     : 0.000016	 | 	Train Accuracy     : 0.000016
Valid MSE Loss     : 0.000393	 | 	Valid Accuracy     : 0.000393
Valid MAPE Loss    : 0.241842	 | 	Valid Accuracy     : 0.000393
lr                 : [3.0000000000000004e-09]


Epoch : 128
Train MSE Loss     : 0.000016	 | 	Train Accuracy     : 0.000016
Valid MSE Loss     : 0.000393	 | 	Valid Accuracy     : 0.000393
Valid MAPE Loss    : 0.239316	 | 	Valid Accuracy     : 0.000393
lr                 : [3.0000000000000004e-09]


Epoch : 129
Train MSE Loss     : 0.000017	 | 	Train Accuracy     : 0.000017
Valid MSE Loss     : 0.000394	 | 	Valid Accuracy     : 0.000394
Valid MAPE Loss    : 0.249627	 | 	Valid Accuracy     : 0.000394
lr                 : [3.0000000000000004e-09]


Epoch : 130
Train MSE Loss     : 0.000017	 | 	Train Accuracy     : 0.000017
Valid MSE Loss     : 0.000393	 | 	Valid Accuracy     : 0.000393
Valid MAPE Loss    : 0.241360	 | 	Valid Accuracy     : 0.000393
lr                 : [3.0000000000000004e-09]


Epoch : 131
Train MSE Loss     : 0.000016	 | 	Train Accuracy     : 0.000016
Valid MSE Loss     : 0.000394	 | 	Valid Accuracy     : 0.000394
Valid MAPE Loss    : 0.261256	 | 	Valid Accuracy     : 0.000394
lr                 : [3.0000000000000004e-09]


Epoch : 132
Train MSE Loss     : 0.000017	 | 	Train Accuracy     : 0.000017
Valid MSE Loss     : 0.000393	 | 	Valid Accuracy     : 0.000393
Valid MAPE Loss    : 0.240177	 | 	Valid Accuracy     : 0.000393
lr                 : [3.0000000000000004e-09]


Epoch : 133
Train MSE Loss     : 0.000017	 | 	Train Accuracy     : 0.000017
Valid MSE Loss     : 0.000393	 | 	Valid Accuracy     : 0.000393
Valid MAPE Loss    : 0.245318	 | 	Valid Accuracy     : 0.000393
lr                 : [3.0000000000000004e-09]


Epoch : 134
Train MSE Loss     : 0.000017	 | 	Train Accuracy     : 0.000017
Valid MSE Loss     : 0.000393	 | 	Valid Accuracy     : 0.000393
Valid MAPE Loss    : 0.241465	 | 	Valid Accuracy     : 0.000393
lr                 : [3.0000000000000004e-09]


Epoch : 135
Train MSE Loss     : 0.000016	 | 	Train Accuracy     : 0.000016
Valid MSE Loss     : 0.000393	 | 	Valid Accuracy     : 0.000393
Valid MAPE Loss    : 0.238055	 | 	Valid Accuracy     : 0.000393
lr                 : [3.0000000000000004e-09]


Epoch : 136
Train MSE Loss     : 0.000017	 | 	Train Accuracy     : 0.000017
Valid MSE Loss     : 0.000393	 | 	Valid Accuracy     : 0.000393
Valid MAPE Loss    : 0.241438	 | 	Valid Accuracy     : 0.000393
lr                 : [3.0000000000000004e-09]


Epoch : 137
Train MSE Loss     : 0.000016	 | 	Train Accuracy     : 0.000016
Valid MSE Loss     : 0.000393	 | 	Valid Accuracy     : 0.000393
Valid MAPE Loss    : 0.240955	 | 	Valid Accuracy     : 0.000393
lr                 : [3.0000000000000004e-09]


Epoch : 138
Train MSE Loss     : 0.000017	 | 	Train Accuracy     : 0.000017
Valid MSE Loss     : 0.000393	 | 	Valid Accuracy     : 0.000393
Valid MAPE Loss    : 0.239976	 | 	Valid Accuracy     : 0.000393
lr                 : [3.0000000000000004e-09]


Epoch : 139
Train MSE Loss     : 0.000017	 | 	Train Accuracy     : 0.000017
Valid MSE Loss     : 0.000394	 | 	Valid Accuracy     : 0.000394
Valid MAPE Loss    : 0.258856	 | 	Valid Accuracy     : 0.000394
lr                 : [3.0000000000000004e-09]


Epoch : 140
Train MSE Loss     : 0.000017	 | 	Train Accuracy     : 0.000017
Valid MSE Loss     : 0.000392	 | 	Valid Accuracy     : 0.000392
Valid MAPE Loss    : 0.238970	 | 	Valid Accuracy     : 0.000392
lr                 : [3.0000000000000004e-09]


Epoch : 141
Train MSE Loss     : 0.000016	 | 	Train Accuracy     : 0.000016
Valid MSE Loss     : 0.000394	 | 	Valid Accuracy     : 0.000394
Valid MAPE Loss    : 0.261429	 | 	Valid Accuracy     : 0.000394
lr                 : [3.0000000000000004e-09]


Epoch : 142
Train MSE Loss     : 0.000016	 | 	Train Accuracy     : 0.000016
Valid MSE Loss     : 0.000393	 | 	Valid Accuracy     : 0.000393
Valid MAPE Loss    : 0.242061	 | 	Valid Accuracy     : 0.000393
lr                 : [3.0000000000000004e-09]


Epoch : 143
Train MSE Loss     : 0.000016	 | 	Train Accuracy     : 0.000016
Valid MSE Loss     : 0.000393	 | 	Valid Accuracy     : 0.000393
Valid MAPE Loss    : 0.245419	 | 	Valid Accuracy     : 0.000393
lr                 : [3.0000000000000004e-09]


Epoch : 144
Train MSE Loss     : 0.000016	 | 	Train Accuracy     : 0.000016
Valid MSE Loss     : 0.000394	 | 	Valid Accuracy     : 0.000394
Valid MAPE Loss    : 0.251038	 | 	Valid Accuracy     : 0.000394
lr                 : [3.0000000000000004e-09]


Epoch : 145
Train MSE Loss     : 0.000017	 | 	Train Accuracy     : 0.000017
Valid MSE Loss     : 0.000393	 | 	Valid Accuracy     : 0.000393
Valid MAPE Loss    : 0.255374	 | 	Valid Accuracy     : 0.000393
lr                 : [3.0000000000000004e-09]


Epoch : 146
Train MSE Loss     : 0.000016	 | 	Train Accuracy     : 0.000016
Valid MSE Loss     : 0.000394	 | 	Valid Accuracy     : 0.000394
Valid MAPE Loss    : 0.250213	 | 	Valid Accuracy     : 0.000394
lr                 : [3.0000000000000004e-09]


Epoch : 147
Train MSE Loss     : 0.000016	 | 	Train Accuracy     : 0.000016
Valid MSE Loss     : 0.000393	 | 	Valid Accuracy     : 0.000393
Valid MAPE Loss    : 0.242837	 | 	Valid Accuracy     : 0.000393
lr                 : [3.0000000000000004e-09]


Epoch : 148
Train MSE Loss     : 0.000016	 | 	Train Accuracy     : 0.000016
Valid MSE Loss     : 0.000393	 | 	Valid Accuracy     : 0.000393
Valid MAPE Loss    : 0.247467	 | 	Valid Accuracy     : 0.000393
lr                 : [3.0000000000000004e-09]


Epoch : 149
Train MSE Loss     : 0.000016	 | 	Train Accuracy     : 0.000016
Valid MSE Loss     : 0.000393	 | 	Valid Accuracy     : 0.000393
Valid MAPE Loss    : 0.242382	 | 	Valid Accuracy     : 0.000393
lr                 : [3.0000000000000004e-09]


Epoch : 150
Train MSE Loss     : 0.000017	 | 	Train Accuracy     : 0.000017
Valid MSE Loss     : 0.000394	 | 	Valid Accuracy     : 0.000394
Valid MAPE Loss    : 0.254508	 | 	Valid Accuracy     : 0.000394
lr                 : [3.0000000000000004e-09]


Evaluate on the Test set:
Test MAPE loss      :0.266515	 | Test MSE loss      : 0.000022

################## Training is Done! #########################
Training time is : 0:24:52.982127
