=============================================
Dataset: cell_mit_batch1_raw_data
Mode:    supervised
=============================================
Data loaded ...
Training started ....

Epoch : 1
Train MSE Loss     : 0.003176	 | 	Train Accuracy     : 0.003176
Valid MSE Loss     : 0.003527	 | 	Valid Accuracy     : 0.003527
Valid MAPE Loss    : 4.911728	 | 	Valid Accuracy     : 0.003527
lr                 : [0.0003]


Epoch : 2
Train MSE Loss     : 0.001131	 | 	Train Accuracy     : 0.001131
Valid MSE Loss     : 0.002394	 | 	Valid Accuracy     : 0.002394
Valid MAPE Loss    : 3.531619	 | 	Valid Accuracy     : 0.002394
lr                 : [0.0003]


Epoch : 3
Train MSE Loss     : 0.000511	 | 	Train Accuracy     : 0.000511
Valid MSE Loss     : 0.001269	 | 	Valid Accuracy     : 0.001269
Valid MAPE Loss    : 2.462384	 | 	Valid Accuracy     : 0.001269
lr                 : [0.0003]


Epoch : 4
Train MSE Loss     : 0.000390	 | 	Train Accuracy     : 0.000390
Valid MSE Loss     : 0.001379	 | 	Valid Accuracy     : 0.001379
Valid MAPE Loss    : 2.743396	 | 	Valid Accuracy     : 0.001379
lr                 : [0.0003]


Epoch : 5
Train MSE Loss     : 0.000284	 | 	Train Accuracy     : 0.000284
Valid MSE Loss     : 0.001391	 | 	Valid Accuracy     : 0.001391
Valid MAPE Loss    : 2.686660	 | 	Valid Accuracy     : 0.001391
lr                 : [0.0003]


Epoch : 6
Train MSE Loss     : 0.000230	 | 	Train Accuracy     : 0.000230
Valid MSE Loss     : 0.005022	 | 	Valid Accuracy     : 0.005022
Valid MAPE Loss    : 5.967922	 | 	Valid Accuracy     : 0.005022
lr                 : [0.0003]


Epoch : 7
Train MSE Loss     : 0.000166	 | 	Train Accuracy     : 0.000166
Valid MSE Loss     : 0.002578	 | 	Valid Accuracy     : 0.002578
Valid MAPE Loss    : 4.066194	 | 	Valid Accuracy     : 0.002578
lr                 : [0.0003]


Epoch : 8
Train MSE Loss     : 0.000188	 | 	Train Accuracy     : 0.000188
Valid MSE Loss     : 0.007858	 | 	Valid Accuracy     : 0.007858
Valid MAPE Loss    : 7.806049	 | 	Valid Accuracy     : 0.007858
lr                 : [0.0003]


Epoch : 9
Train MSE Loss     : 0.000171	 | 	Train Accuracy     : 0.000171
Valid MSE Loss     : 0.013451	 | 	Valid Accuracy     : 0.013451
Valid MAPE Loss    : 11.174200	 | 	Valid Accuracy     : 0.013451
lr                 : [0.0003]


Epoch : 10
Train MSE Loss     : 0.000163	 | 	Train Accuracy     : 0.000163
Valid MSE Loss     : 0.000988	 | 	Valid Accuracy     : 0.000988
Valid MAPE Loss    : 2.380585	 | 	Valid Accuracy     : 0.000988
lr                 : [0.0003]


Epoch : 11
Train MSE Loss     : 0.000145	 | 	Train Accuracy     : 0.000145
Valid MSE Loss     : 0.003915	 | 	Valid Accuracy     : 0.003915
Valid MAPE Loss    : 5.347862	 | 	Valid Accuracy     : 0.003915
lr                 : [0.0003]


Epoch : 12
Train MSE Loss     : 0.000168	 | 	Train Accuracy     : 0.000168
Valid MSE Loss     : 0.001983	 | 	Valid Accuracy     : 0.001983
Valid MAPE Loss    : 4.128878	 | 	Valid Accuracy     : 0.001983
lr                 : [0.0003]


Epoch : 13
Train MSE Loss     : 0.000130	 | 	Train Accuracy     : 0.000130
Valid MSE Loss     : 0.004573	 | 	Valid Accuracy     : 0.004573
Valid MAPE Loss    : 6.447390	 | 	Valid Accuracy     : 0.004573
lr                 : [0.0003]


Epoch : 14
Train MSE Loss     : 0.000160	 | 	Train Accuracy     : 0.000160
Valid MSE Loss     : 0.000849	 | 	Valid Accuracy     : 0.000849
Valid MAPE Loss    : 2.091878	 | 	Valid Accuracy     : 0.000849
lr                 : [0.0003]


Epoch : 15
Train MSE Loss     : 0.000140	 | 	Train Accuracy     : 0.000140
Valid MSE Loss     : 0.001116	 | 	Valid Accuracy     : 0.001116
Valid MAPE Loss    : 2.746818	 | 	Valid Accuracy     : 0.001116
lr                 : [0.0003]


Epoch : 16
Train MSE Loss     : 0.000108	 | 	Train Accuracy     : 0.000108
Valid MSE Loss     : 0.001053	 | 	Valid Accuracy     : 0.001053
Valid MAPE Loss    : 2.263359	 | 	Valid Accuracy     : 0.001053
lr                 : [0.0003]


Epoch : 17
Train MSE Loss     : 0.000136	 | 	Train Accuracy     : 0.000136
Valid MSE Loss     : 0.002361	 | 	Valid Accuracy     : 0.002361
Valid MAPE Loss    : 4.597836	 | 	Valid Accuracy     : 0.002361
lr                 : [0.0003]


Epoch : 18
Train MSE Loss     : 0.000112	 | 	Train Accuracy     : 0.000112
Valid MSE Loss     : 0.001464	 | 	Valid Accuracy     : 0.001464
Valid MAPE Loss    : 2.218493	 | 	Valid Accuracy     : 0.001464
lr                 : [0.0003]


Epoch : 19
Train MSE Loss     : 0.000107	 | 	Train Accuracy     : 0.000107
Valid MSE Loss     : 0.000537	 | 	Valid Accuracy     : 0.000537
Valid MAPE Loss    : 1.136278	 | 	Valid Accuracy     : 0.000537
lr                 : [0.0003]


Epoch : 20
Train MSE Loss     : 0.000102	 | 	Train Accuracy     : 0.000102
Valid MSE Loss     : 0.004922	 | 	Valid Accuracy     : 0.004922
Valid MAPE Loss    : 6.735878	 | 	Valid Accuracy     : 0.004922
lr                 : [0.0003]


Epoch : 21
Train MSE Loss     : 0.000098	 | 	Train Accuracy     : 0.000098
Valid MSE Loss     : 0.001209	 | 	Valid Accuracy     : 0.001209
Valid MAPE Loss    : 2.616681	 | 	Valid Accuracy     : 0.001209
lr                 : [0.0003]


Epoch : 22
Train MSE Loss     : 0.000103	 | 	Train Accuracy     : 0.000103
Valid MSE Loss     : 0.002769	 | 	Valid Accuracy     : 0.002769
Valid MAPE Loss    : 4.977909	 | 	Valid Accuracy     : 0.002769
lr                 : [0.0003]


Epoch : 23
Train MSE Loss     : 0.000088	 | 	Train Accuracy     : 0.000088
Valid MSE Loss     : 0.004808	 | 	Valid Accuracy     : 0.004808
Valid MAPE Loss    : 6.542687	 | 	Valid Accuracy     : 0.004808
lr                 : [0.0003]


Epoch : 24
Train MSE Loss     : 0.000085	 | 	Train Accuracy     : 0.000085
Valid MSE Loss     : 0.001621	 | 	Valid Accuracy     : 0.001621
Valid MAPE Loss    : 2.856915	 | 	Valid Accuracy     : 0.001621
lr                 : [0.0003]


Epoch : 25
Train MSE Loss     : 0.000091	 | 	Train Accuracy     : 0.000091
Valid MSE Loss     : 0.000695	 | 	Valid Accuracy     : 0.000695
Valid MAPE Loss    : 1.729936	 | 	Valid Accuracy     : 0.000695
lr                 : [0.0003]


Epoch : 26
Train MSE Loss     : 0.000086	 | 	Train Accuracy     : 0.000086
Valid MSE Loss     : 0.000433	 | 	Valid Accuracy     : 0.000433
Valid MAPE Loss    : 0.586255	 | 	Valid Accuracy     : 0.000433
lr                 : [0.0003]


Epoch : 27
Train MSE Loss     : 0.000084	 | 	Train Accuracy     : 0.000084
Valid MSE Loss     : 0.000671	 | 	Valid Accuracy     : 0.000671
Valid MAPE Loss    : 1.623563	 | 	Valid Accuracy     : 0.000671
lr                 : [0.0003]


Epoch : 28
Train MSE Loss     : 0.000083	 | 	Train Accuracy     : 0.000083
Valid MSE Loss     : 0.001544	 | 	Valid Accuracy     : 0.001544
Valid MAPE Loss    : 3.427042	 | 	Valid Accuracy     : 0.001544
lr                 : [0.0003]


Epoch : 29
Train MSE Loss     : 0.000090	 | 	Train Accuracy     : 0.000090
Valid MSE Loss     : 0.006498	 | 	Valid Accuracy     : 0.006498
Valid MAPE Loss    : 7.898535	 | 	Valid Accuracy     : 0.006498
lr                 : [0.0003]


Epoch : 30
Train MSE Loss     : 0.000093	 | 	Train Accuracy     : 0.000093
Valid MSE Loss     : 0.003796	 | 	Valid Accuracy     : 0.003796
Valid MAPE Loss    : 5.687774	 | 	Valid Accuracy     : 0.003796
lr                 : [0.0003]


Epoch : 31
Train MSE Loss     : 0.000074	 | 	Train Accuracy     : 0.000074
Valid MSE Loss     : 0.003707	 | 	Valid Accuracy     : 0.003707
Valid MAPE Loss    : 5.363907	 | 	Valid Accuracy     : 0.003707
lr                 : [0.0003]


Epoch : 32
Train MSE Loss     : 0.000075	 | 	Train Accuracy     : 0.000075
Valid MSE Loss     : 0.000514	 | 	Valid Accuracy     : 0.000514
Valid MAPE Loss    : 0.977120	 | 	Valid Accuracy     : 0.000514
lr                 : [0.0003]


Epoch : 33
Train MSE Loss     : 0.000080	 | 	Train Accuracy     : 0.000080
Valid MSE Loss     : 0.025611	 | 	Valid Accuracy     : 0.025611
Valid MAPE Loss    : 16.286083	 | 	Valid Accuracy     : 0.025611
lr                 : [0.0003]


Epoch : 34
Train MSE Loss     : 0.000079	 | 	Train Accuracy     : 0.000079
Valid MSE Loss     : 0.004877	 | 	Valid Accuracy     : 0.004877
Valid MAPE Loss    : 6.905439	 | 	Valid Accuracy     : 0.004877
lr                 : [0.0003]


Epoch : 35
Train MSE Loss     : 0.000080	 | 	Train Accuracy     : 0.000080
Valid MSE Loss     : 0.002397	 | 	Valid Accuracy     : 0.002397
Valid MAPE Loss    : 3.178797	 | 	Valid Accuracy     : 0.002397
lr                 : [0.0003]


Epoch : 36
Train MSE Loss     : 0.000080	 | 	Train Accuracy     : 0.000080
Valid MSE Loss     : 0.001045	 | 	Valid Accuracy     : 0.001045
Valid MAPE Loss    : 2.503169	 | 	Valid Accuracy     : 0.001045
lr                 : [0.0003]


Epoch : 37
Train MSE Loss     : 0.000081	 | 	Train Accuracy     : 0.000081
Valid MSE Loss     : 0.011678	 | 	Valid Accuracy     : 0.011678
Valid MAPE Loss    : 10.661219	 | 	Valid Accuracy     : 0.011678
lr                 : [2.9999999999999997e-05]


Epoch : 38
Train MSE Loss     : 0.000054	 | 	Train Accuracy     : 0.000054
Valid MSE Loss     : 0.000430	 | 	Valid Accuracy     : 0.000430
Valid MAPE Loss    : 0.601792	 | 	Valid Accuracy     : 0.000430
lr                 : [2.9999999999999997e-05]


Epoch : 39
Train MSE Loss     : 0.000052	 | 	Train Accuracy     : 0.000052
Valid MSE Loss     : 0.000485	 | 	Valid Accuracy     : 0.000485
Valid MAPE Loss    : 0.934914	 | 	Valid Accuracy     : 0.000485
lr                 : [2.9999999999999997e-05]


Epoch : 40
Train MSE Loss     : 0.000051	 | 	Train Accuracy     : 0.000051
Valid MSE Loss     : 0.000503	 | 	Valid Accuracy     : 0.000503
Valid MAPE Loss    : 1.047848	 | 	Valid Accuracy     : 0.000503
lr                 : [2.9999999999999997e-05]


Epoch : 41
Train MSE Loss     : 0.000053	 | 	Train Accuracy     : 0.000053
Valid MSE Loss     : 0.000423	 | 	Valid Accuracy     : 0.000423
Valid MAPE Loss    : 0.572737	 | 	Valid Accuracy     : 0.000423
lr                 : [2.9999999999999997e-05]


Epoch : 42
Train MSE Loss     : 0.000053	 | 	Train Accuracy     : 0.000053
Valid MSE Loss     : 0.000435	 | 	Valid Accuracy     : 0.000435
Valid MAPE Loss    : 0.638473	 | 	Valid Accuracy     : 0.000435
lr                 : [2.9999999999999997e-05]


Epoch : 43
Train MSE Loss     : 0.000053	 | 	Train Accuracy     : 0.000053
Valid MSE Loss     : 0.000423	 | 	Valid Accuracy     : 0.000423
Valid MAPE Loss    : 0.566941	 | 	Valid Accuracy     : 0.000423
lr                 : [2.9999999999999997e-05]


Epoch : 44
Train MSE Loss     : 0.000052	 | 	Train Accuracy     : 0.000052
Valid MSE Loss     : 0.000520	 | 	Valid Accuracy     : 0.000520
Valid MAPE Loss    : 1.132884	 | 	Valid Accuracy     : 0.000520
lr                 : [2.9999999999999997e-05]


Epoch : 45
Train MSE Loss     : 0.000050	 | 	Train Accuracy     : 0.000050
Valid MSE Loss     : 0.000493	 | 	Valid Accuracy     : 0.000493
Valid MAPE Loss    : 0.907518	 | 	Valid Accuracy     : 0.000493
lr                 : [2.9999999999999997e-05]


Epoch : 46
Train MSE Loss     : 0.000050	 | 	Train Accuracy     : 0.000050
Valid MSE Loss     : 0.000511	 | 	Valid Accuracy     : 0.000511
Valid MAPE Loss    : 0.973011	 | 	Valid Accuracy     : 0.000511
lr                 : [2.9999999999999997e-05]


Epoch : 47
Train MSE Loss     : 0.000055	 | 	Train Accuracy     : 0.000055
Valid MSE Loss     : 0.000428	 | 	Valid Accuracy     : 0.000428
Valid MAPE Loss    : 0.617883	 | 	Valid Accuracy     : 0.000428
lr                 : [2.9999999999999997e-05]


Epoch : 48
Train MSE Loss     : 0.000052	 | 	Train Accuracy     : 0.000052
Valid MSE Loss     : 0.000450	 | 	Valid Accuracy     : 0.000450
Valid MAPE Loss    : 0.706478	 | 	Valid Accuracy     : 0.000450
lr                 : [2.9999999999999997e-05]


Epoch : 49
Train MSE Loss     : 0.000053	 | 	Train Accuracy     : 0.000053
Valid MSE Loss     : 0.000484	 | 	Valid Accuracy     : 0.000484
Valid MAPE Loss    : 0.962259	 | 	Valid Accuracy     : 0.000484
lr                 : [2.9999999999999997e-05]


Epoch : 50
Train MSE Loss     : 0.000053	 | 	Train Accuracy     : 0.000053
Valid MSE Loss     : 0.000459	 | 	Valid Accuracy     : 0.000459
Valid MAPE Loss    : 0.776946	 | 	Valid Accuracy     : 0.000459
lr                 : [2.9999999999999997e-05]


Epoch : 51
Train MSE Loss     : 0.000054	 | 	Train Accuracy     : 0.000054
Valid MSE Loss     : 0.000464	 | 	Valid Accuracy     : 0.000464
Valid MAPE Loss    : 0.847016	 | 	Valid Accuracy     : 0.000464
lr                 : [2.9999999999999997e-05]


Epoch : 52
Train MSE Loss     : 0.000051	 | 	Train Accuracy     : 0.000051
Valid MSE Loss     : 0.000462	 | 	Valid Accuracy     : 0.000462
Valid MAPE Loss    : 0.782319	 | 	Valid Accuracy     : 0.000462
lr                 : [2.9999999999999997e-05]


Epoch : 53
Train MSE Loss     : 0.000054	 | 	Train Accuracy     : 0.000054
Valid MSE Loss     : 0.000589	 | 	Valid Accuracy     : 0.000589
Valid MAPE Loss    : 1.342209	 | 	Valid Accuracy     : 0.000589
lr                 : [2.9999999999999997e-05]


Epoch : 54
Train MSE Loss     : 0.000055	 | 	Train Accuracy     : 0.000055
Valid MSE Loss     : 0.000463	 | 	Valid Accuracy     : 0.000463
Valid MAPE Loss    : 0.816854	 | 	Valid Accuracy     : 0.000463
lr                 : [3e-06]


Epoch : 55
Train MSE Loss     : 0.000048	 | 	Train Accuracy     : 0.000048
Valid MSE Loss     : 0.000420	 | 	Valid Accuracy     : 0.000420
Valid MAPE Loss    : 0.570815	 | 	Valid Accuracy     : 0.000420
lr                 : [3e-06]


Epoch : 56
Train MSE Loss     : 0.000047	 | 	Train Accuracy     : 0.000047
Valid MSE Loss     : 0.000416	 | 	Valid Accuracy     : 0.000416
Valid MAPE Loss    : 0.536597	 | 	Valid Accuracy     : 0.000416
lr                 : [3e-06]


Epoch : 57
Train MSE Loss     : 0.000048	 | 	Train Accuracy     : 0.000048
Valid MSE Loss     : 0.000431	 | 	Valid Accuracy     : 0.000431
Valid MAPE Loss    : 0.653613	 | 	Valid Accuracy     : 0.000431
lr                 : [3e-06]


Epoch : 58
Train MSE Loss     : 0.000048	 | 	Train Accuracy     : 0.000048
Valid MSE Loss     : 0.000439	 | 	Valid Accuracy     : 0.000439
Valid MAPE Loss    : 0.706185	 | 	Valid Accuracy     : 0.000439
lr                 : [3e-06]


Epoch : 59
Train MSE Loss     : 0.000047	 | 	Train Accuracy     : 0.000047
Valid MSE Loss     : 0.000418	 | 	Valid Accuracy     : 0.000418
Valid MAPE Loss    : 0.540288	 | 	Valid Accuracy     : 0.000418
lr                 : [3e-06]


Epoch : 60
Train MSE Loss     : 0.000048	 | 	Train Accuracy     : 0.000048
Valid MSE Loss     : 0.000418	 | 	Valid Accuracy     : 0.000418
Valid MAPE Loss    : 0.540096	 | 	Valid Accuracy     : 0.000418
lr                 : [3e-06]


Epoch : 61
Train MSE Loss     : 0.000048	 | 	Train Accuracy     : 0.000048
Valid MSE Loss     : 0.000435	 | 	Valid Accuracy     : 0.000435
Valid MAPE Loss    : 0.674788	 | 	Valid Accuracy     : 0.000435
lr                 : [3e-06]


Epoch : 62
Train MSE Loss     : 0.000047	 | 	Train Accuracy     : 0.000047
Valid MSE Loss     : 0.000432	 | 	Valid Accuracy     : 0.000432
Valid MAPE Loss    : 0.650497	 | 	Valid Accuracy     : 0.000432
lr                 : [3e-06]


Epoch : 63
Train MSE Loss     : 0.000048	 | 	Train Accuracy     : 0.000048
Valid MSE Loss     : 0.000416	 | 	Valid Accuracy     : 0.000416
Valid MAPE Loss    : 0.541653	 | 	Valid Accuracy     : 0.000416
lr                 : [3e-06]


Epoch : 64
Train MSE Loss     : 0.000047	 | 	Train Accuracy     : 0.000047
Valid MSE Loss     : 0.000417	 | 	Valid Accuracy     : 0.000417
Valid MAPE Loss    : 0.547649	 | 	Valid Accuracy     : 0.000417
lr                 : [3e-06]


Epoch : 65
Train MSE Loss     : 0.000048	 | 	Train Accuracy     : 0.000048
Valid MSE Loss     : 0.000424	 | 	Valid Accuracy     : 0.000424
Valid MAPE Loss    : 0.593349	 | 	Valid Accuracy     : 0.000424
lr                 : [3e-06]


Epoch : 66
Train MSE Loss     : 0.000048	 | 	Train Accuracy     : 0.000048
Valid MSE Loss     : 0.000424	 | 	Valid Accuracy     : 0.000424
Valid MAPE Loss    : 0.597004	 | 	Valid Accuracy     : 0.000424
lr                 : [3e-06]


Epoch : 67
Train MSE Loss     : 0.000048	 | 	Train Accuracy     : 0.000048
Valid MSE Loss     : 0.000423	 | 	Valid Accuracy     : 0.000423
Valid MAPE Loss    : 0.590643	 | 	Valid Accuracy     : 0.000423
lr                 : [3.0000000000000004e-07]


Epoch : 68
Train MSE Loss     : 0.000049	 | 	Train Accuracy     : 0.000049
Valid MSE Loss     : 0.000417	 | 	Valid Accuracy     : 0.000417
Valid MAPE Loss    : 0.543087	 | 	Valid Accuracy     : 0.000417
lr                 : [3.0000000000000004e-07]


Epoch : 69
Train MSE Loss     : 0.000048	 | 	Train Accuracy     : 0.000048
Valid MSE Loss     : 0.000424	 | 	Valid Accuracy     : 0.000424
Valid MAPE Loss    : 0.595509	 | 	Valid Accuracy     : 0.000424
lr                 : [3.0000000000000004e-07]


Epoch : 70
Train MSE Loss     : 0.000048	 | 	Train Accuracy     : 0.000048
Valid MSE Loss     : 0.000418	 | 	Valid Accuracy     : 0.000418
Valid MAPE Loss    : 0.556270	 | 	Valid Accuracy     : 0.000418
lr                 : [3.0000000000000004e-07]


Epoch : 71
Train MSE Loss     : 0.000049	 | 	Train Accuracy     : 0.000049
Valid MSE Loss     : 0.000422	 | 	Valid Accuracy     : 0.000422
Valid MAPE Loss    : 0.579781	 | 	Valid Accuracy     : 0.000422
lr                 : [3.0000000000000004e-07]


Epoch : 72
Train MSE Loss     : 0.000049	 | 	Train Accuracy     : 0.000049
Valid MSE Loss     : 0.000418	 | 	Valid Accuracy     : 0.000418
Valid MAPE Loss    : 0.554114	 | 	Valid Accuracy     : 0.000418
lr                 : [3.0000000000000004e-07]


Epoch : 73
Train MSE Loss     : 0.000048	 | 	Train Accuracy     : 0.000048
Valid MSE Loss     : 0.000422	 | 	Valid Accuracy     : 0.000422
Valid MAPE Loss    : 0.586547	 | 	Valid Accuracy     : 0.000422
lr                 : [3.0000000000000004e-07]


Epoch : 74
Train MSE Loss     : 0.000048	 | 	Train Accuracy     : 0.000048
Valid MSE Loss     : 0.000418	 | 	Valid Accuracy     : 0.000418
Valid MAPE Loss    : 0.554599	 | 	Valid Accuracy     : 0.000418
lr                 : [3.0000000000000004e-07]


Epoch : 75
Train MSE Loss     : 0.000048	 | 	Train Accuracy     : 0.000048
Valid MSE Loss     : 0.000419	 | 	Valid Accuracy     : 0.000419
Valid MAPE Loss    : 0.563663	 | 	Valid Accuracy     : 0.000419
lr                 : [3.0000000000000004e-07]


Epoch : 76
Train MSE Loss     : 0.000050	 | 	Train Accuracy     : 0.000050
Valid MSE Loss     : 0.000416	 | 	Valid Accuracy     : 0.000416
Valid MAPE Loss    : 0.539140	 | 	Valid Accuracy     : 0.000416
lr                 : [3.0000000000000004e-07]


Epoch : 77
Train MSE Loss     : 0.000049	 | 	Train Accuracy     : 0.000049
Valid MSE Loss     : 0.000421	 | 	Valid Accuracy     : 0.000421
Valid MAPE Loss    : 0.572347	 | 	Valid Accuracy     : 0.000421
lr                 : [3.0000000000000004e-07]


Epoch : 78
Train MSE Loss     : 0.000050	 | 	Train Accuracy     : 0.000050
Valid MSE Loss     : 0.000418	 | 	Valid Accuracy     : 0.000418
Valid MAPE Loss    : 0.549855	 | 	Valid Accuracy     : 0.000418
lr                 : [3.0000000000000004e-08]


Epoch : 79
Train MSE Loss     : 0.000048	 | 	Train Accuracy     : 0.000048
Valid MSE Loss     : 0.000417	 | 	Valid Accuracy     : 0.000417
Valid MAPE Loss    : 0.544244	 | 	Valid Accuracy     : 0.000417
lr                 : [3.0000000000000004e-08]


Epoch : 80
Train MSE Loss     : 0.000048	 | 	Train Accuracy     : 0.000048
Valid MSE Loss     : 0.000423	 | 	Valid Accuracy     : 0.000423
Valid MAPE Loss    : 0.593467	 | 	Valid Accuracy     : 0.000423
lr                 : [3.0000000000000004e-08]


Epoch : 81
Train MSE Loss     : 0.000050	 | 	Train Accuracy     : 0.000050
Valid MSE Loss     : 0.000419	 | 	Valid Accuracy     : 0.000419
Valid MAPE Loss    : 0.562718	 | 	Valid Accuracy     : 0.000419
lr                 : [3.0000000000000004e-08]


Epoch : 82
Train MSE Loss     : 0.000047	 | 	Train Accuracy     : 0.000047
Valid MSE Loss     : 0.000420	 | 	Valid Accuracy     : 0.000420
Valid MAPE Loss    : 0.565414	 | 	Valid Accuracy     : 0.000420
lr                 : [3.0000000000000004e-08]


Epoch : 83
Train MSE Loss     : 0.000047	 | 	Train Accuracy     : 0.000047
Valid MSE Loss     : 0.000417	 | 	Valid Accuracy     : 0.000417
Valid MAPE Loss    : 0.542947	 | 	Valid Accuracy     : 0.000417
lr                 : [3.0000000000000004e-08]


Epoch : 84
Train MSE Loss     : 0.000049	 | 	Train Accuracy     : 0.000049
Valid MSE Loss     : 0.000429	 | 	Valid Accuracy     : 0.000429
Valid MAPE Loss    : 0.633608	 | 	Valid Accuracy     : 0.000429
lr                 : [3.0000000000000004e-08]


Epoch : 85
Train MSE Loss     : 0.000048	 | 	Train Accuracy     : 0.000048
Valid MSE Loss     : 0.000424	 | 	Valid Accuracy     : 0.000424
Valid MAPE Loss    : 0.597742	 | 	Valid Accuracy     : 0.000424
lr                 : [3.0000000000000004e-08]


Epoch : 86
Train MSE Loss     : 0.000047	 | 	Train Accuracy     : 0.000047
Valid MSE Loss     : 0.000421	 | 	Valid Accuracy     : 0.000421
Valid MAPE Loss    : 0.577881	 | 	Valid Accuracy     : 0.000421
lr                 : [3.0000000000000004e-08]


Epoch : 87
Train MSE Loss     : 0.000048	 | 	Train Accuracy     : 0.000048
Valid MSE Loss     : 0.000419	 | 	Valid Accuracy     : 0.000419
Valid MAPE Loss    : 0.560277	 | 	Valid Accuracy     : 0.000419
lr                 : [3.0000000000000004e-08]


Epoch : 88
Train MSE Loss     : 0.000048	 | 	Train Accuracy     : 0.000048
Valid MSE Loss     : 0.000424	 | 	Valid Accuracy     : 0.000424
Valid MAPE Loss    : 0.599818	 | 	Valid Accuracy     : 0.000424
lr                 : [3.0000000000000004e-08]


Epoch : 89
Train MSE Loss     : 0.000046	 | 	Train Accuracy     : 0.000046
Valid MSE Loss     : 0.000419	 | 	Valid Accuracy     : 0.000419
Valid MAPE Loss    : 0.562849	 | 	Valid Accuracy     : 0.000419
lr                 : [3.0000000000000004e-09]


Epoch : 90
Train MSE Loss     : 0.000048	 | 	Train Accuracy     : 0.000048
Valid MSE Loss     : 0.000416	 | 	Valid Accuracy     : 0.000416
Valid MAPE Loss    : 0.539709	 | 	Valid Accuracy     : 0.000416
lr                 : [3.0000000000000004e-09]


Epoch : 91
Train MSE Loss     : 0.000048	 | 	Train Accuracy     : 0.000048
Valid MSE Loss     : 0.000420	 | 	Valid Accuracy     : 0.000420
Valid MAPE Loss    : 0.570800	 | 	Valid Accuracy     : 0.000420
lr                 : [3.0000000000000004e-09]


Epoch : 92
Train MSE Loss     : 0.000049	 | 	Train Accuracy     : 0.000049
Valid MSE Loss     : 0.000416	 | 	Valid Accuracy     : 0.000416
Valid MAPE Loss    : 0.537829	 | 	Valid Accuracy     : 0.000416
lr                 : [3.0000000000000004e-09]


Epoch : 93
Train MSE Loss     : 0.000048	 | 	Train Accuracy     : 0.000048
Valid MSE Loss     : 0.000423	 | 	Valid Accuracy     : 0.000423
Valid MAPE Loss    : 0.587746	 | 	Valid Accuracy     : 0.000423
lr                 : [3.0000000000000004e-09]


Epoch : 94
Train MSE Loss     : 0.000047	 | 	Train Accuracy     : 0.000047
Valid MSE Loss     : 0.000419	 | 	Valid Accuracy     : 0.000419
Valid MAPE Loss    : 0.559077	 | 	Valid Accuracy     : 0.000419
lr                 : [3.0000000000000004e-09]


Epoch : 95
Train MSE Loss     : 0.000048	 | 	Train Accuracy     : 0.000048
Valid MSE Loss     : 0.000416	 | 	Valid Accuracy     : 0.000416
Valid MAPE Loss    : 0.532759	 | 	Valid Accuracy     : 0.000416
lr                 : [3.0000000000000004e-09]


Epoch : 96
Train MSE Loss     : 0.000049	 | 	Train Accuracy     : 0.000049
Valid MSE Loss     : 0.000417	 | 	Valid Accuracy     : 0.000417
Valid MAPE Loss    : 0.541320	 | 	Valid Accuracy     : 0.000417
lr                 : [3.0000000000000004e-09]


Epoch : 97
Train MSE Loss     : 0.000048	 | 	Train Accuracy     : 0.000048
Valid MSE Loss     : 0.000416	 | 	Valid Accuracy     : 0.000416
Valid MAPE Loss    : 0.535859	 | 	Valid Accuracy     : 0.000416
lr                 : [3.0000000000000004e-09]


Epoch : 98
Train MSE Loss     : 0.000047	 | 	Train Accuracy     : 0.000047
Valid MSE Loss     : 0.000419	 | 	Valid Accuracy     : 0.000419
Valid MAPE Loss    : 0.557023	 | 	Valid Accuracy     : 0.000419
lr                 : [3.0000000000000004e-09]


Epoch : 99
Train MSE Loss     : 0.000046	 | 	Train Accuracy     : 0.000046
Valid MSE Loss     : 0.000422	 | 	Valid Accuracy     : 0.000422
Valid MAPE Loss    : 0.580410	 | 	Valid Accuracy     : 0.000422
lr                 : [3.0000000000000004e-09]


Epoch : 100
Train MSE Loss     : 0.000047	 | 	Train Accuracy     : 0.000047
Valid MSE Loss     : 0.000420	 | 	Valid Accuracy     : 0.000420
Valid MAPE Loss    : 0.563969	 | 	Valid Accuracy     : 0.000420
lr                 : [3.0000000000000004e-09]


Epoch : 101
Train MSE Loss     : 0.000048	 | 	Train Accuracy     : 0.000048
Valid MSE Loss     : 0.000419	 | 	Valid Accuracy     : 0.000419
Valid MAPE Loss    : 0.559989	 | 	Valid Accuracy     : 0.000419
lr                 : [3.0000000000000004e-09]


Epoch : 102
Train MSE Loss     : 0.000049	 | 	Train Accuracy     : 0.000049
Valid MSE Loss     : 0.000416	 | 	Valid Accuracy     : 0.000416
Valid MAPE Loss    : 0.537093	 | 	Valid Accuracy     : 0.000416
lr                 : [3.0000000000000004e-09]


Epoch : 103
Train MSE Loss     : 0.000048	 | 	Train Accuracy     : 0.000048
Valid MSE Loss     : 0.000415	 | 	Valid Accuracy     : 0.000415
Valid MAPE Loss    : 0.530216	 | 	Valid Accuracy     : 0.000415
lr                 : [3.0000000000000004e-09]


Epoch : 104
Train MSE Loss     : 0.000048	 | 	Train Accuracy     : 0.000048
Valid MSE Loss     : 0.000421	 | 	Valid Accuracy     : 0.000421
Valid MAPE Loss    : 0.572570	 | 	Valid Accuracy     : 0.000421
lr                 : [3.0000000000000004e-09]


Epoch : 105
Train MSE Loss     : 0.000048	 | 	Train Accuracy     : 0.000048
Valid MSE Loss     : 0.000425	 | 	Valid Accuracy     : 0.000425
Valid MAPE Loss    : 0.601820	 | 	Valid Accuracy     : 0.000425
lr                 : [3.0000000000000004e-09]


Epoch : 106
Train MSE Loss     : 0.000047	 | 	Train Accuracy     : 0.000047
Valid MSE Loss     : 0.000418	 | 	Valid Accuracy     : 0.000418
Valid MAPE Loss    : 0.551556	 | 	Valid Accuracy     : 0.000418
lr                 : [3.0000000000000004e-09]


Epoch : 107
Train MSE Loss     : 0.000048	 | 	Train Accuracy     : 0.000048
Valid MSE Loss     : 0.000424	 | 	Valid Accuracy     : 0.000424
Valid MAPE Loss    : 0.593842	 | 	Valid Accuracy     : 0.000424
lr                 : [3.0000000000000004e-09]


Epoch : 108
Train MSE Loss     : 0.000047	 | 	Train Accuracy     : 0.000047
Valid MSE Loss     : 0.000417	 | 	Valid Accuracy     : 0.000417
Valid MAPE Loss    : 0.541893	 | 	Valid Accuracy     : 0.000417
lr                 : [3.0000000000000004e-09]


Epoch : 109
Train MSE Loss     : 0.000047	 | 	Train Accuracy     : 0.000047
Valid MSE Loss     : 0.000421	 | 	Valid Accuracy     : 0.000421
Valid MAPE Loss    : 0.574714	 | 	Valid Accuracy     : 0.000421
lr                 : [3.0000000000000004e-09]


Epoch : 110
Train MSE Loss     : 0.000048	 | 	Train Accuracy     : 0.000048
Valid MSE Loss     : 0.000417	 | 	Valid Accuracy     : 0.000417
Valid MAPE Loss    : 0.548685	 | 	Valid Accuracy     : 0.000417
lr                 : [3.0000000000000004e-09]


Epoch : 111
Train MSE Loss     : 0.000046	 | 	Train Accuracy     : 0.000046
Valid MSE Loss     : 0.000416	 | 	Valid Accuracy     : 0.000416
Valid MAPE Loss    : 0.535387	 | 	Valid Accuracy     : 0.000416
lr                 : [3.0000000000000004e-09]


Epoch : 112
Train MSE Loss     : 0.000050	 | 	Train Accuracy     : 0.000050
Valid MSE Loss     : 0.000422	 | 	Valid Accuracy     : 0.000422
Valid MAPE Loss    : 0.581134	 | 	Valid Accuracy     : 0.000422
lr                 : [3.0000000000000004e-09]


Epoch : 113
Train MSE Loss     : 0.000047	 | 	Train Accuracy     : 0.000047
Valid MSE Loss     : 0.000417	 | 	Valid Accuracy     : 0.000417
Valid MAPE Loss    : 0.547775	 | 	Valid Accuracy     : 0.000417
lr                 : [3.0000000000000004e-09]


Epoch : 114
Train MSE Loss     : 0.000047	 | 	Train Accuracy     : 0.000047
Valid MSE Loss     : 0.000421	 | 	Valid Accuracy     : 0.000421
Valid MAPE Loss    : 0.573131	 | 	Valid Accuracy     : 0.000421
lr                 : [3.0000000000000004e-09]


Epoch : 115
Train MSE Loss     : 0.000048	 | 	Train Accuracy     : 0.000048
Valid MSE Loss     : 0.000415	 | 	Valid Accuracy     : 0.000415
Valid MAPE Loss    : 0.527465	 | 	Valid Accuracy     : 0.000415
lr                 : [3.0000000000000004e-09]


Epoch : 116
Train MSE Loss     : 0.000043	 | 	Train Accuracy     : 0.000043
Valid MSE Loss     : 0.000419	 | 	Valid Accuracy     : 0.000419
Valid MAPE Loss    : 0.558663	 | 	Valid Accuracy     : 0.000419
lr                 : [3.0000000000000004e-09]


Epoch : 117
Train MSE Loss     : 0.000046	 | 	Train Accuracy     : 0.000046
Valid MSE Loss     : 0.000418	 | 	Valid Accuracy     : 0.000418
Valid MAPE Loss    : 0.550556	 | 	Valid Accuracy     : 0.000418
lr                 : [3.0000000000000004e-09]


Epoch : 118
Train MSE Loss     : 0.000046	 | 	Train Accuracy     : 0.000046
Valid MSE Loss     : 0.000416	 | 	Valid Accuracy     : 0.000416
Valid MAPE Loss    : 0.536555	 | 	Valid Accuracy     : 0.000416
lr                 : [3.0000000000000004e-09]


Epoch : 119
Train MSE Loss     : 0.000047	 | 	Train Accuracy     : 0.000047
Valid MSE Loss     : 0.000419	 | 	Valid Accuracy     : 0.000419
Valid MAPE Loss    : 0.557418	 | 	Valid Accuracy     : 0.000419
lr                 : [3.0000000000000004e-09]


Epoch : 120
Train MSE Loss     : 0.000042	 | 	Train Accuracy     : 0.000042
Valid MSE Loss     : 0.000416	 | 	Valid Accuracy     : 0.000416
Valid MAPE Loss    : 0.535963	 | 	Valid Accuracy     : 0.000416
lr                 : [3.0000000000000004e-09]


Epoch : 121
Train MSE Loss     : 0.000047	 | 	Train Accuracy     : 0.000047
Valid MSE Loss     : 0.000419	 | 	Valid Accuracy     : 0.000419
Valid MAPE Loss    : 0.558617	 | 	Valid Accuracy     : 0.000419
lr                 : [3.0000000000000004e-09]


Epoch : 122
Train MSE Loss     : 0.000049	 | 	Train Accuracy     : 0.000049
Valid MSE Loss     : 0.000418	 | 	Valid Accuracy     : 0.000418
Valid MAPE Loss    : 0.554280	 | 	Valid Accuracy     : 0.000418
lr                 : [3.0000000000000004e-09]


Epoch : 123
Train MSE Loss     : 0.000048	 | 	Train Accuracy     : 0.000048
Valid MSE Loss     : 0.000417	 | 	Valid Accuracy     : 0.000417
Valid MAPE Loss    : 0.545105	 | 	Valid Accuracy     : 0.000417
lr                 : [3.0000000000000004e-09]


Epoch : 124
Train MSE Loss     : 0.000047	 | 	Train Accuracy     : 0.000047
Valid MSE Loss     : 0.000416	 | 	Valid Accuracy     : 0.000416
Valid MAPE Loss    : 0.536332	 | 	Valid Accuracy     : 0.000416
lr                 : [3.0000000000000004e-09]


Epoch : 125
Train MSE Loss     : 0.000049	 | 	Train Accuracy     : 0.000049
Valid MSE Loss     : 0.000416	 | 	Valid Accuracy     : 0.000416
Valid MAPE Loss    : 0.536414	 | 	Valid Accuracy     : 0.000416
lr                 : [3.0000000000000004e-09]


Epoch : 126
Train MSE Loss     : 0.000048	 | 	Train Accuracy     : 0.000048
Valid MSE Loss     : 0.000416	 | 	Valid Accuracy     : 0.000416
Valid MAPE Loss    : 0.540210	 | 	Valid Accuracy     : 0.000416
lr                 : [3.0000000000000004e-09]


Epoch : 127
Train MSE Loss     : 0.000048	 | 	Train Accuracy     : 0.000048
Valid MSE Loss     : 0.000420	 | 	Valid Accuracy     : 0.000420
Valid MAPE Loss    : 0.565294	 | 	Valid Accuracy     : 0.000420
lr                 : [3.0000000000000004e-09]


Epoch : 128
Train MSE Loss     : 0.000047	 | 	Train Accuracy     : 0.000047
Valid MSE Loss     : 0.000418	 | 	Valid Accuracy     : 0.000418
Valid MAPE Loss    : 0.553079	 | 	Valid Accuracy     : 0.000418
lr                 : [3.0000000000000004e-09]


Epoch : 129
Train MSE Loss     : 0.000048	 | 	Train Accuracy     : 0.000048
Valid MSE Loss     : 0.000418	 | 	Valid Accuracy     : 0.000418
Valid MAPE Loss    : 0.556422	 | 	Valid Accuracy     : 0.000418
lr                 : [3.0000000000000004e-09]


Epoch : 130
Train MSE Loss     : 0.000049	 | 	Train Accuracy     : 0.000049
Valid MSE Loss     : 0.000419	 | 	Valid Accuracy     : 0.000419
Valid MAPE Loss    : 0.563736	 | 	Valid Accuracy     : 0.000419
lr                 : [3.0000000000000004e-09]


Epoch : 131
Train MSE Loss     : 0.000048	 | 	Train Accuracy     : 0.000048
Valid MSE Loss     : 0.000418	 | 	Valid Accuracy     : 0.000418
Valid MAPE Loss    : 0.549915	 | 	Valid Accuracy     : 0.000418
lr                 : [3.0000000000000004e-09]


Epoch : 132
Train MSE Loss     : 0.000049	 | 	Train Accuracy     : 0.000049
Valid MSE Loss     : 0.000419	 | 	Valid Accuracy     : 0.000419
Valid MAPE Loss    : 0.556656	 | 	Valid Accuracy     : 0.000419
lr                 : [3.0000000000000004e-09]


Epoch : 133
Train MSE Loss     : 0.000048	 | 	Train Accuracy     : 0.000048
Valid MSE Loss     : 0.000418	 | 	Valid Accuracy     : 0.000418
Valid MAPE Loss    : 0.551983	 | 	Valid Accuracy     : 0.000418
lr                 : [3.0000000000000004e-09]


Epoch : 134
Train MSE Loss     : 0.000048	 | 	Train Accuracy     : 0.000048
Valid MSE Loss     : 0.000424	 | 	Valid Accuracy     : 0.000424
Valid MAPE Loss    : 0.594433	 | 	Valid Accuracy     : 0.000424
lr                 : [3.0000000000000004e-09]


Epoch : 135
Train MSE Loss     : 0.000049	 | 	Train Accuracy     : 0.000049
Valid MSE Loss     : 0.000418	 | 	Valid Accuracy     : 0.000418
Valid MAPE Loss    : 0.551233	 | 	Valid Accuracy     : 0.000418
lr                 : [3.0000000000000004e-09]


Epoch : 136
Train MSE Loss     : 0.000048	 | 	Train Accuracy     : 0.000048
Valid MSE Loss     : 0.000419	 | 	Valid Accuracy     : 0.000419
Valid MAPE Loss    : 0.557963	 | 	Valid Accuracy     : 0.000419
lr                 : [3.0000000000000004e-09]


Epoch : 137
Train MSE Loss     : 0.000048	 | 	Train Accuracy     : 0.000048
Valid MSE Loss     : 0.000417	 | 	Valid Accuracy     : 0.000417
Valid MAPE Loss    : 0.541417	 | 	Valid Accuracy     : 0.000417
lr                 : [3.0000000000000004e-09]


Epoch : 138
Train MSE Loss     : 0.000047	 | 	Train Accuracy     : 0.000047
Valid MSE Loss     : 0.000418	 | 	Valid Accuracy     : 0.000418
Valid MAPE Loss    : 0.553574	 | 	Valid Accuracy     : 0.000418
lr                 : [3.0000000000000004e-09]


Epoch : 139
Train MSE Loss     : 0.000047	 | 	Train Accuracy     : 0.000047
Valid MSE Loss     : 0.000416	 | 	Valid Accuracy     : 0.000416
Valid MAPE Loss    : 0.540545	 | 	Valid Accuracy     : 0.000416
lr                 : [3.0000000000000004e-09]


Epoch : 140
Train MSE Loss     : 0.000049	 | 	Train Accuracy     : 0.000049
Valid MSE Loss     : 0.000417	 | 	Valid Accuracy     : 0.000417
Valid MAPE Loss    : 0.541488	 | 	Valid Accuracy     : 0.000417
lr                 : [3.0000000000000004e-09]


Epoch : 141
Train MSE Loss     : 0.000046	 | 	Train Accuracy     : 0.000046
Valid MSE Loss     : 0.000417	 | 	Valid Accuracy     : 0.000417
Valid MAPE Loss    : 0.547221	 | 	Valid Accuracy     : 0.000417
lr                 : [3.0000000000000004e-09]


Epoch : 142
Train MSE Loss     : 0.000049	 | 	Train Accuracy     : 0.000049
Valid MSE Loss     : 0.000425	 | 	Valid Accuracy     : 0.000425
Valid MAPE Loss    : 0.602977	 | 	Valid Accuracy     : 0.000425
lr                 : [3.0000000000000004e-09]


Epoch : 143
Train MSE Loss     : 0.000048	 | 	Train Accuracy     : 0.000048
Valid MSE Loss     : 0.000417	 | 	Valid Accuracy     : 0.000417
Valid MAPE Loss    : 0.546505	 | 	Valid Accuracy     : 0.000417
lr                 : [3.0000000000000004e-09]


Epoch : 144
Train MSE Loss     : 0.000046	 | 	Train Accuracy     : 0.000046
Valid MSE Loss     : 0.000418	 | 	Valid Accuracy     : 0.000418
Valid MAPE Loss    : 0.553862	 | 	Valid Accuracy     : 0.000418
lr                 : [3.0000000000000004e-09]


Epoch : 145
Train MSE Loss     : 0.000048	 | 	Train Accuracy     : 0.000048
Valid MSE Loss     : 0.000416	 | 	Valid Accuracy     : 0.000416
Valid MAPE Loss    : 0.529119	 | 	Valid Accuracy     : 0.000416
lr                 : [3.0000000000000004e-09]


Epoch : 146
Train MSE Loss     : 0.000047	 | 	Train Accuracy     : 0.000047
Valid MSE Loss     : 0.000419	 | 	Valid Accuracy     : 0.000419
Valid MAPE Loss    : 0.562949	 | 	Valid Accuracy     : 0.000419
lr                 : [3.0000000000000004e-09]


Epoch : 147
Train MSE Loss     : 0.000051	 | 	Train Accuracy     : 0.000051
Valid MSE Loss     : 0.000419	 | 	Valid Accuracy     : 0.000419
Valid MAPE Loss    : 0.565019	 | 	Valid Accuracy     : 0.000419
lr                 : [3.0000000000000004e-09]


Epoch : 148
Train MSE Loss     : 0.000046	 | 	Train Accuracy     : 0.000046
Valid MSE Loss     : 0.000417	 | 	Valid Accuracy     : 0.000417
Valid MAPE Loss    : 0.541103	 | 	Valid Accuracy     : 0.000417
lr                 : [3.0000000000000004e-09]


Epoch : 149
Train MSE Loss     : 0.000047	 | 	Train Accuracy     : 0.000047
Valid MSE Loss     : 0.000417	 | 	Valid Accuracy     : 0.000417
Valid MAPE Loss    : 0.549389	 | 	Valid Accuracy     : 0.000417
lr                 : [3.0000000000000004e-09]


Epoch : 150
Train MSE Loss     : 0.000049	 | 	Train Accuracy     : 0.000049
Valid MSE Loss     : 0.000423	 | 	Valid Accuracy     : 0.000423
Valid MAPE Loss    : 0.593843	 | 	Valid Accuracy     : 0.000423
lr                 : [3.0000000000000004e-09]


Evaluate on the Test set:
Test MAPE loss      :0.607682	 | Test MSE loss      : 0.000064

################## Training is Done! #########################
Training time is : 0:24:17.920296
