=============================================
Dataset: cell_mit_batch1_raw_data
Mode:    supervised
=============================================
Data loaded ...
Training started ....

Epoch : 1
Train MSE Loss     : 0.005899	 | 	Train Accuracy     : 0.005899
Valid MSE Loss     : 0.004161	 | 	Valid Accuracy     : 0.004161
Valid MAPE Loss    : 5.554291	 | 	Valid Accuracy     : 0.004161
lr                 : [0.0003]


Epoch : 2
Train MSE Loss     : 0.000962	 | 	Train Accuracy     : 0.000962
Valid MSE Loss     : 0.001302	 | 	Valid Accuracy     : 0.001302
Valid MAPE Loss    : 2.496232	 | 	Valid Accuracy     : 0.001302
lr                 : [0.0003]


Epoch : 3
Train MSE Loss     : 0.000504	 | 	Train Accuracy     : 0.000504
Valid MSE Loss     : 0.001231	 | 	Valid Accuracy     : 0.001231
Valid MAPE Loss    : 2.503094	 | 	Valid Accuracy     : 0.001231
lr                 : [0.0003]


Epoch : 4
Train MSE Loss     : 0.000358	 | 	Train Accuracy     : 0.000358
Valid MSE Loss     : 0.000799	 | 	Valid Accuracy     : 0.000799
Valid MAPE Loss    : 1.643351	 | 	Valid Accuracy     : 0.000799
lr                 : [0.0003]


Epoch : 5
Train MSE Loss     : 0.000244	 | 	Train Accuracy     : 0.000244
Valid MSE Loss     : 0.000759	 | 	Valid Accuracy     : 0.000759
Valid MAPE Loss    : 1.600653	 | 	Valid Accuracy     : 0.000759
lr                 : [0.0003]


Epoch : 6
Train MSE Loss     : 0.000284	 | 	Train Accuracy     : 0.000284
Valid MSE Loss     : 0.001290	 | 	Valid Accuracy     : 0.001290
Valid MAPE Loss    : 2.544379	 | 	Valid Accuracy     : 0.001290
lr                 : [0.0003]


Epoch : 7
Train MSE Loss     : 0.000201	 | 	Train Accuracy     : 0.000201
Valid MSE Loss     : 0.000954	 | 	Valid Accuracy     : 0.000954
Valid MAPE Loss    : 2.079757	 | 	Valid Accuracy     : 0.000954
lr                 : [0.0003]


Epoch : 8
Train MSE Loss     : 0.000172	 | 	Train Accuracy     : 0.000172
Valid MSE Loss     : 0.000780	 | 	Valid Accuracy     : 0.000780
Valid MAPE Loss    : 1.507345	 | 	Valid Accuracy     : 0.000780
lr                 : [0.0003]


Epoch : 9
Train MSE Loss     : 0.000142	 | 	Train Accuracy     : 0.000142
Valid MSE Loss     : 0.003149	 | 	Valid Accuracy     : 0.003149
Valid MAPE Loss    : 5.143128	 | 	Valid Accuracy     : 0.003149
lr                 : [0.0003]


Epoch : 10
Train MSE Loss     : 0.000138	 | 	Train Accuracy     : 0.000138
Valid MSE Loss     : 0.000806	 | 	Valid Accuracy     : 0.000806
Valid MAPE Loss    : 1.921741	 | 	Valid Accuracy     : 0.000806
lr                 : [0.0003]


Epoch : 11
Train MSE Loss     : 0.000167	 | 	Train Accuracy     : 0.000167
Valid MSE Loss     : 0.002270	 | 	Valid Accuracy     : 0.002270
Valid MAPE Loss    : 4.455405	 | 	Valid Accuracy     : 0.002270
lr                 : [0.0003]


Epoch : 12
Train MSE Loss     : 0.000122	 | 	Train Accuracy     : 0.000122
Valid MSE Loss     : 0.002601	 | 	Valid Accuracy     : 0.002601
Valid MAPE Loss    : 4.668378	 | 	Valid Accuracy     : 0.002601
lr                 : [0.0003]


Epoch : 13
Train MSE Loss     : 0.000137	 | 	Train Accuracy     : 0.000137
Valid MSE Loss     : 0.003653	 | 	Valid Accuracy     : 0.003653
Valid MAPE Loss    : 5.694212	 | 	Valid Accuracy     : 0.003653
lr                 : [0.0003]


Epoch : 14
Train MSE Loss     : 0.000128	 | 	Train Accuracy     : 0.000128
Valid MSE Loss     : 0.003757	 | 	Valid Accuracy     : 0.003757
Valid MAPE Loss    : 6.027279	 | 	Valid Accuracy     : 0.003757
lr                 : [0.0003]


Epoch : 15
Train MSE Loss     : 0.000109	 | 	Train Accuracy     : 0.000109
Valid MSE Loss     : 0.005640	 | 	Valid Accuracy     : 0.005640
Valid MAPE Loss    : 7.564072	 | 	Valid Accuracy     : 0.005640
lr                 : [0.0003]


Epoch : 16
Train MSE Loss     : 0.000096	 | 	Train Accuracy     : 0.000096
Valid MSE Loss     : 0.002257	 | 	Valid Accuracy     : 0.002257
Valid MAPE Loss    : 4.335282	 | 	Valid Accuracy     : 0.002257
lr                 : [0.0003]


Epoch : 17
Train MSE Loss     : 0.000094	 | 	Train Accuracy     : 0.000094
Valid MSE Loss     : 0.008276	 | 	Valid Accuracy     : 0.008276
Valid MAPE Loss    : 9.354815	 | 	Valid Accuracy     : 0.008276
lr                 : [0.0003]


Epoch : 18
Train MSE Loss     : 0.000099	 | 	Train Accuracy     : 0.000099
Valid MSE Loss     : 0.000828	 | 	Valid Accuracy     : 0.000828
Valid MAPE Loss    : 2.093790	 | 	Valid Accuracy     : 0.000828
lr                 : [0.0003]


Epoch : 19
Train MSE Loss     : 0.000100	 | 	Train Accuracy     : 0.000100
Valid MSE Loss     : 0.007643	 | 	Valid Accuracy     : 0.007643
Valid MAPE Loss    : 8.599767	 | 	Valid Accuracy     : 0.007643
lr                 : [2.9999999999999997e-05]


Epoch : 20
Train MSE Loss     : 0.000053	 | 	Train Accuracy     : 0.000053
Valid MSE Loss     : 0.000445	 | 	Valid Accuracy     : 0.000445
Valid MAPE Loss    : 0.630937	 | 	Valid Accuracy     : 0.000445
lr                 : [2.9999999999999997e-05]


Epoch : 21
Train MSE Loss     : 0.000049	 | 	Train Accuracy     : 0.000049
Valid MSE Loss     : 0.000673	 | 	Valid Accuracy     : 0.000673
Valid MAPE Loss    : 1.650649	 | 	Valid Accuracy     : 0.000673
lr                 : [2.9999999999999997e-05]


Epoch : 22
Train MSE Loss     : 0.000052	 | 	Train Accuracy     : 0.000052
Valid MSE Loss     : 0.000453	 | 	Valid Accuracy     : 0.000453
Valid MAPE Loss    : 0.666112	 | 	Valid Accuracy     : 0.000453
lr                 : [2.9999999999999997e-05]


Epoch : 23
Train MSE Loss     : 0.000049	 | 	Train Accuracy     : 0.000049
Valid MSE Loss     : 0.000472	 | 	Valid Accuracy     : 0.000472
Valid MAPE Loss    : 0.808286	 | 	Valid Accuracy     : 0.000472
lr                 : [2.9999999999999997e-05]


Epoch : 24
Train MSE Loss     : 0.000047	 | 	Train Accuracy     : 0.000047
Valid MSE Loss     : 0.000446	 | 	Valid Accuracy     : 0.000446
Valid MAPE Loss    : 0.621370	 | 	Valid Accuracy     : 0.000446
lr                 : [2.9999999999999997e-05]


Epoch : 25
Train MSE Loss     : 0.000047	 | 	Train Accuracy     : 0.000047
Valid MSE Loss     : 0.000473	 | 	Valid Accuracy     : 0.000473
Valid MAPE Loss    : 0.783765	 | 	Valid Accuracy     : 0.000473
lr                 : [2.9999999999999997e-05]


Epoch : 26
Train MSE Loss     : 0.000045	 | 	Train Accuracy     : 0.000045
Valid MSE Loss     : 0.000684	 | 	Valid Accuracy     : 0.000684
Valid MAPE Loss    : 1.650464	 | 	Valid Accuracy     : 0.000684
lr                 : [2.9999999999999997e-05]


Epoch : 27
Train MSE Loss     : 0.000047	 | 	Train Accuracy     : 0.000047
Valid MSE Loss     : 0.000455	 | 	Valid Accuracy     : 0.000455
Valid MAPE Loss    : 0.657143	 | 	Valid Accuracy     : 0.000455
lr                 : [2.9999999999999997e-05]


Epoch : 28
Train MSE Loss     : 0.000046	 | 	Train Accuracy     : 0.000046
Valid MSE Loss     : 0.000451	 | 	Valid Accuracy     : 0.000451
Valid MAPE Loss    : 0.635609	 | 	Valid Accuracy     : 0.000451
lr                 : [2.9999999999999997e-05]


Epoch : 29
Train MSE Loss     : 0.000047	 | 	Train Accuracy     : 0.000047
Valid MSE Loss     : 0.000483	 | 	Valid Accuracy     : 0.000483
Valid MAPE Loss    : 0.809135	 | 	Valid Accuracy     : 0.000483
lr                 : [2.9999999999999997e-05]


Epoch : 30
Train MSE Loss     : 0.000045	 | 	Train Accuracy     : 0.000045
Valid MSE Loss     : 0.000545	 | 	Valid Accuracy     : 0.000545
Valid MAPE Loss    : 1.087090	 | 	Valid Accuracy     : 0.000545
lr                 : [2.9999999999999997e-05]


Epoch : 31
Train MSE Loss     : 0.000045	 | 	Train Accuracy     : 0.000045
Valid MSE Loss     : 0.000576	 | 	Valid Accuracy     : 0.000576
Valid MAPE Loss    : 1.278276	 | 	Valid Accuracy     : 0.000576
lr                 : [2.9999999999999997e-05]


Epoch : 32
Train MSE Loss     : 0.000043	 | 	Train Accuracy     : 0.000043
Valid MSE Loss     : 0.000460	 | 	Valid Accuracy     : 0.000460
Valid MAPE Loss    : 0.666578	 | 	Valid Accuracy     : 0.000460
lr                 : [2.9999999999999997e-05]


Epoch : 33
Train MSE Loss     : 0.000050	 | 	Train Accuracy     : 0.000050
Valid MSE Loss     : 0.000465	 | 	Valid Accuracy     : 0.000465
Valid MAPE Loss    : 0.701682	 | 	Valid Accuracy     : 0.000465
lr                 : [2.9999999999999997e-05]


Epoch : 34
Train MSE Loss     : 0.000047	 | 	Train Accuracy     : 0.000047
Valid MSE Loss     : 0.000475	 | 	Valid Accuracy     : 0.000475
Valid MAPE Loss    : 0.777815	 | 	Valid Accuracy     : 0.000475
lr                 : [2.9999999999999997e-05]


Epoch : 35
Train MSE Loss     : 0.000041	 | 	Train Accuracy     : 0.000041
Valid MSE Loss     : 0.000482	 | 	Valid Accuracy     : 0.000482
Valid MAPE Loss    : 0.782666	 | 	Valid Accuracy     : 0.000482
lr                 : [3e-06]


Epoch : 36
Train MSE Loss     : 0.000036	 | 	Train Accuracy     : 0.000036
Valid MSE Loss     : 0.000447	 | 	Valid Accuracy     : 0.000447
Valid MAPE Loss    : 0.577157	 | 	Valid Accuracy     : 0.000447
lr                 : [3e-06]


Epoch : 37
Train MSE Loss     : 0.000036	 | 	Train Accuracy     : 0.000036
Valid MSE Loss     : 0.000447	 | 	Valid Accuracy     : 0.000447
Valid MAPE Loss    : 0.585037	 | 	Valid Accuracy     : 0.000447
lr                 : [3e-06]


Epoch : 38
Train MSE Loss     : 0.000036	 | 	Train Accuracy     : 0.000036
Valid MSE Loss     : 0.000447	 | 	Valid Accuracy     : 0.000447
Valid MAPE Loss    : 0.582153	 | 	Valid Accuracy     : 0.000447
lr                 : [3e-06]


Epoch : 39
Train MSE Loss     : 0.000036	 | 	Train Accuracy     : 0.000036
Valid MSE Loss     : 0.000454	 | 	Valid Accuracy     : 0.000454
Valid MAPE Loss    : 0.613820	 | 	Valid Accuracy     : 0.000454
lr                 : [3e-06]


Epoch : 40
Train MSE Loss     : 0.000036	 | 	Train Accuracy     : 0.000036
Valid MSE Loss     : 0.000451	 | 	Valid Accuracy     : 0.000451
Valid MAPE Loss    : 0.596426	 | 	Valid Accuracy     : 0.000451
lr                 : [3e-06]


Epoch : 41
Train MSE Loss     : 0.000035	 | 	Train Accuracy     : 0.000035
Valid MSE Loss     : 0.000460	 | 	Valid Accuracy     : 0.000460
Valid MAPE Loss    : 0.693699	 | 	Valid Accuracy     : 0.000460
lr                 : [3e-06]


Epoch : 42
Train MSE Loss     : 0.000035	 | 	Train Accuracy     : 0.000035
Valid MSE Loss     : 0.000458	 | 	Valid Accuracy     : 0.000458
Valid MAPE Loss    : 0.676635	 | 	Valid Accuracy     : 0.000458
lr                 : [3e-06]


Epoch : 43
Train MSE Loss     : 0.000035	 | 	Train Accuracy     : 0.000035
Valid MSE Loss     : 0.000450	 | 	Valid Accuracy     : 0.000450
Valid MAPE Loss    : 0.620969	 | 	Valid Accuracy     : 0.000450
lr                 : [3e-06]


Epoch : 44
Train MSE Loss     : 0.000035	 | 	Train Accuracy     : 0.000035
Valid MSE Loss     : 0.000452	 | 	Valid Accuracy     : 0.000452
Valid MAPE Loss    : 0.632136	 | 	Valid Accuracy     : 0.000452
lr                 : [3e-06]


Epoch : 45
Train MSE Loss     : 0.000035	 | 	Train Accuracy     : 0.000035
Valid MSE Loss     : 0.000453	 | 	Valid Accuracy     : 0.000453
Valid MAPE Loss    : 0.652808	 | 	Valid Accuracy     : 0.000453
lr                 : [3e-06]


Epoch : 46
Train MSE Loss     : 0.000036	 | 	Train Accuracy     : 0.000036
Valid MSE Loss     : 0.000449	 | 	Valid Accuracy     : 0.000449
Valid MAPE Loss    : 0.603260	 | 	Valid Accuracy     : 0.000449
lr                 : [3e-06]


Epoch : 47
Train MSE Loss     : 0.000034	 | 	Train Accuracy     : 0.000034
Valid MSE Loss     : 0.000450	 | 	Valid Accuracy     : 0.000450
Valid MAPE Loss    : 0.618433	 | 	Valid Accuracy     : 0.000450
lr                 : [3.0000000000000004e-07]


Epoch : 48
Train MSE Loss     : 0.000035	 | 	Train Accuracy     : 0.000035
Valid MSE Loss     : 0.000447	 | 	Valid Accuracy     : 0.000447
Valid MAPE Loss    : 0.605650	 | 	Valid Accuracy     : 0.000447
lr                 : [3.0000000000000004e-07]


Epoch : 49
Train MSE Loss     : 0.000033	 | 	Train Accuracy     : 0.000033
Valid MSE Loss     : 0.000448	 | 	Valid Accuracy     : 0.000448
Valid MAPE Loss    : 0.614824	 | 	Valid Accuracy     : 0.000448
lr                 : [3.0000000000000004e-07]


Epoch : 50
Train MSE Loss     : 0.000034	 | 	Train Accuracy     : 0.000034
Valid MSE Loss     : 0.000449	 | 	Valid Accuracy     : 0.000449
Valid MAPE Loss    : 0.622587	 | 	Valid Accuracy     : 0.000449
lr                 : [3.0000000000000004e-07]


Epoch : 51
Train MSE Loss     : 0.000035	 | 	Train Accuracy     : 0.000035
Valid MSE Loss     : 0.000450	 | 	Valid Accuracy     : 0.000450
Valid MAPE Loss    : 0.626761	 | 	Valid Accuracy     : 0.000450
lr                 : [3.0000000000000004e-07]


Epoch : 52
Train MSE Loss     : 0.000034	 | 	Train Accuracy     : 0.000034
Valid MSE Loss     : 0.000451	 | 	Valid Accuracy     : 0.000451
Valid MAPE Loss    : 0.639468	 | 	Valid Accuracy     : 0.000451
lr                 : [3.0000000000000004e-07]


Epoch : 53
Train MSE Loss     : 0.000034	 | 	Train Accuracy     : 0.000034
Valid MSE Loss     : 0.000450	 | 	Valid Accuracy     : 0.000450
Valid MAPE Loss    : 0.629563	 | 	Valid Accuracy     : 0.000450
lr                 : [3.0000000000000004e-07]


Epoch : 54
Train MSE Loss     : 0.000034	 | 	Train Accuracy     : 0.000034
Valid MSE Loss     : 0.000447	 | 	Valid Accuracy     : 0.000447
Valid MAPE Loss    : 0.604500	 | 	Valid Accuracy     : 0.000447
lr                 : [3.0000000000000004e-07]


Epoch : 55
Train MSE Loss     : 0.000027	 | 	Train Accuracy     : 0.000027
Valid MSE Loss     : 0.000448	 | 	Valid Accuracy     : 0.000448
Valid MAPE Loss    : 0.618358	 | 	Valid Accuracy     : 0.000448
lr                 : [3.0000000000000004e-07]


Epoch : 56
Train MSE Loss     : 0.000033	 | 	Train Accuracy     : 0.000033
Valid MSE Loss     : 0.000447	 | 	Valid Accuracy     : 0.000447
Valid MAPE Loss    : 0.601508	 | 	Valid Accuracy     : 0.000447
lr                 : [3.0000000000000004e-07]


Epoch : 57
Train MSE Loss     : 0.000034	 | 	Train Accuracy     : 0.000034
Valid MSE Loss     : 0.000456	 | 	Valid Accuracy     : 0.000456
Valid MAPE Loss    : 0.673923	 | 	Valid Accuracy     : 0.000456
lr                 : [3.0000000000000004e-07]


Epoch : 58
Train MSE Loss     : 0.000034	 | 	Train Accuracy     : 0.000034
Valid MSE Loss     : 0.000447	 | 	Valid Accuracy     : 0.000447
Valid MAPE Loss    : 0.609946	 | 	Valid Accuracy     : 0.000447
lr                 : [3.0000000000000004e-08]


Epoch : 59
Train MSE Loss     : 0.000033	 | 	Train Accuracy     : 0.000033
Valid MSE Loss     : 0.000453	 | 	Valid Accuracy     : 0.000453
Valid MAPE Loss    : 0.652588	 | 	Valid Accuracy     : 0.000453
lr                 : [3.0000000000000004e-08]


Epoch : 60
Train MSE Loss     : 0.000034	 | 	Train Accuracy     : 0.000034
Valid MSE Loss     : 0.000450	 | 	Valid Accuracy     : 0.000450
Valid MAPE Loss    : 0.628025	 | 	Valid Accuracy     : 0.000450
lr                 : [3.0000000000000004e-08]


Epoch : 61
Train MSE Loss     : 0.000033	 | 	Train Accuracy     : 0.000033
Valid MSE Loss     : 0.000447	 | 	Valid Accuracy     : 0.000447
Valid MAPE Loss    : 0.606197	 | 	Valid Accuracy     : 0.000447
lr                 : [3.0000000000000004e-08]


Epoch : 62
Train MSE Loss     : 0.000033	 | 	Train Accuracy     : 0.000033
Valid MSE Loss     : 0.000449	 | 	Valid Accuracy     : 0.000449
Valid MAPE Loss    : 0.624993	 | 	Valid Accuracy     : 0.000449
lr                 : [3.0000000000000004e-08]


Epoch : 63
Train MSE Loss     : 0.000034	 | 	Train Accuracy     : 0.000034
Valid MSE Loss     : 0.000456	 | 	Valid Accuracy     : 0.000456
Valid MAPE Loss    : 0.674178	 | 	Valid Accuracy     : 0.000456
lr                 : [3.0000000000000004e-08]


Epoch : 64
Train MSE Loss     : 0.000034	 | 	Train Accuracy     : 0.000034
Valid MSE Loss     : 0.000451	 | 	Valid Accuracy     : 0.000451
Valid MAPE Loss    : 0.639561	 | 	Valid Accuracy     : 0.000451
lr                 : [3.0000000000000004e-08]


Epoch : 65
Train MSE Loss     : 0.000034	 | 	Train Accuracy     : 0.000034
Valid MSE Loss     : 0.000447	 | 	Valid Accuracy     : 0.000447
Valid MAPE Loss    : 0.606213	 | 	Valid Accuracy     : 0.000447
lr                 : [3.0000000000000004e-08]


Epoch : 66
Train MSE Loss     : 0.000034	 | 	Train Accuracy     : 0.000034
Valid MSE Loss     : 0.000446	 | 	Valid Accuracy     : 0.000446
Valid MAPE Loss    : 0.598611	 | 	Valid Accuracy     : 0.000446
lr                 : [3.0000000000000004e-08]


Epoch : 67
Train MSE Loss     : 0.000033	 | 	Train Accuracy     : 0.000033
Valid MSE Loss     : 0.000448	 | 	Valid Accuracy     : 0.000448
Valid MAPE Loss    : 0.614299	 | 	Valid Accuracy     : 0.000448
lr                 : [3.0000000000000004e-08]


Epoch : 68
Train MSE Loss     : 0.000034	 | 	Train Accuracy     : 0.000034
Valid MSE Loss     : 0.000449	 | 	Valid Accuracy     : 0.000449
Valid MAPE Loss    : 0.624051	 | 	Valid Accuracy     : 0.000449
lr                 : [3.0000000000000004e-08]


Epoch : 69
Train MSE Loss     : 0.000034	 | 	Train Accuracy     : 0.000034
Valid MSE Loss     : 0.000449	 | 	Valid Accuracy     : 0.000449
Valid MAPE Loss    : 0.624905	 | 	Valid Accuracy     : 0.000449
lr                 : [3.0000000000000004e-09]


Epoch : 70
Train MSE Loss     : 0.000035	 | 	Train Accuracy     : 0.000035
Valid MSE Loss     : 0.000452	 | 	Valid Accuracy     : 0.000452
Valid MAPE Loss    : 0.647924	 | 	Valid Accuracy     : 0.000452
lr                 : [3.0000000000000004e-09]


Epoch : 71
Train MSE Loss     : 0.000034	 | 	Train Accuracy     : 0.000034
Valid MSE Loss     : 0.000449	 | 	Valid Accuracy     : 0.000449
Valid MAPE Loss    : 0.624682	 | 	Valid Accuracy     : 0.000449
lr                 : [3.0000000000000004e-09]


Epoch : 72
Train MSE Loss     : 0.000034	 | 	Train Accuracy     : 0.000034
Valid MSE Loss     : 0.000451	 | 	Valid Accuracy     : 0.000451
Valid MAPE Loss    : 0.639160	 | 	Valid Accuracy     : 0.000451
lr                 : [3.0000000000000004e-09]


Epoch : 73
Train MSE Loss     : 0.000033	 | 	Train Accuracy     : 0.000033
Valid MSE Loss     : 0.000446	 | 	Valid Accuracy     : 0.000446
Valid MAPE Loss    : 0.593703	 | 	Valid Accuracy     : 0.000446
lr                 : [3.0000000000000004e-09]


Epoch : 74
Train MSE Loss     : 0.000034	 | 	Train Accuracy     : 0.000034
Valid MSE Loss     : 0.000455	 | 	Valid Accuracy     : 0.000455
Valid MAPE Loss    : 0.671193	 | 	Valid Accuracy     : 0.000455
lr                 : [3.0000000000000004e-09]


Epoch : 75
Train MSE Loss     : 0.000035	 | 	Train Accuracy     : 0.000035
Valid MSE Loss     : 0.000449	 | 	Valid Accuracy     : 0.000449
Valid MAPE Loss    : 0.625244	 | 	Valid Accuracy     : 0.000449
lr                 : [3.0000000000000004e-09]


Epoch : 76
Train MSE Loss     : 0.000034	 | 	Train Accuracy     : 0.000034
Valid MSE Loss     : 0.000451	 | 	Valid Accuracy     : 0.000451
Valid MAPE Loss    : 0.642252	 | 	Valid Accuracy     : 0.000451
lr                 : [3.0000000000000004e-09]


Epoch : 77
Train MSE Loss     : 0.000029	 | 	Train Accuracy     : 0.000029
Valid MSE Loss     : 0.000449	 | 	Valid Accuracy     : 0.000449
Valid MAPE Loss    : 0.619445	 | 	Valid Accuracy     : 0.000449
lr                 : [3.0000000000000004e-09]


Epoch : 78
Train MSE Loss     : 0.000034	 | 	Train Accuracy     : 0.000034
Valid MSE Loss     : 0.000449	 | 	Valid Accuracy     : 0.000449
Valid MAPE Loss    : 0.627269	 | 	Valid Accuracy     : 0.000449
lr                 : [3.0000000000000004e-09]


Epoch : 79
Train MSE Loss     : 0.000034	 | 	Train Accuracy     : 0.000034
Valid MSE Loss     : 0.000447	 | 	Valid Accuracy     : 0.000447
Valid MAPE Loss    : 0.610034	 | 	Valid Accuracy     : 0.000447
lr                 : [3.0000000000000004e-09]


Epoch : 80
Train MSE Loss     : 0.000034	 | 	Train Accuracy     : 0.000034
Valid MSE Loss     : 0.000450	 | 	Valid Accuracy     : 0.000450
Valid MAPE Loss    : 0.626443	 | 	Valid Accuracy     : 0.000450
lr                 : [3.0000000000000004e-09]


Epoch : 81
Train MSE Loss     : 0.000034	 | 	Train Accuracy     : 0.000034
Valid MSE Loss     : 0.000449	 | 	Valid Accuracy     : 0.000449
Valid MAPE Loss    : 0.621419	 | 	Valid Accuracy     : 0.000449
lr                 : [3.0000000000000004e-09]


Epoch : 82
Train MSE Loss     : 0.000033	 | 	Train Accuracy     : 0.000033
Valid MSE Loss     : 0.000450	 | 	Valid Accuracy     : 0.000450
Valid MAPE Loss    : 0.632440	 | 	Valid Accuracy     : 0.000450
lr                 : [3.0000000000000004e-09]


Epoch : 83
Train MSE Loss     : 0.000034	 | 	Train Accuracy     : 0.000034
Valid MSE Loss     : 0.000447	 | 	Valid Accuracy     : 0.000447
Valid MAPE Loss    : 0.608117	 | 	Valid Accuracy     : 0.000447
lr                 : [3.0000000000000004e-09]


Epoch : 84
Train MSE Loss     : 0.000034	 | 	Train Accuracy     : 0.000034
Valid MSE Loss     : 0.000452	 | 	Valid Accuracy     : 0.000452
Valid MAPE Loss    : 0.649679	 | 	Valid Accuracy     : 0.000452
lr                 : [3.0000000000000004e-09]


Epoch : 85
Train MSE Loss     : 0.000033	 | 	Train Accuracy     : 0.000033
Valid MSE Loss     : 0.000451	 | 	Valid Accuracy     : 0.000451
Valid MAPE Loss    : 0.641544	 | 	Valid Accuracy     : 0.000451
lr                 : [3.0000000000000004e-09]


Epoch : 86
Train MSE Loss     : 0.000034	 | 	Train Accuracy     : 0.000034
Valid MSE Loss     : 0.000449	 | 	Valid Accuracy     : 0.000449
Valid MAPE Loss    : 0.619246	 | 	Valid Accuracy     : 0.000449
lr                 : [3.0000000000000004e-09]


Epoch : 87
Train MSE Loss     : 0.000035	 | 	Train Accuracy     : 0.000035
Valid MSE Loss     : 0.000447	 | 	Valid Accuracy     : 0.000447
Valid MAPE Loss    : 0.606790	 | 	Valid Accuracy     : 0.000447
lr                 : [3.0000000000000004e-09]


Epoch : 88
Train MSE Loss     : 0.000035	 | 	Train Accuracy     : 0.000035
Valid MSE Loss     : 0.000453	 | 	Valid Accuracy     : 0.000453
Valid MAPE Loss    : 0.653433	 | 	Valid Accuracy     : 0.000453
lr                 : [3.0000000000000004e-09]


Epoch : 89
Train MSE Loss     : 0.000033	 | 	Train Accuracy     : 0.000033
Valid MSE Loss     : 0.000449	 | 	Valid Accuracy     : 0.000449
Valid MAPE Loss    : 0.618749	 | 	Valid Accuracy     : 0.000449
lr                 : [3.0000000000000004e-09]


Epoch : 90
Train MSE Loss     : 0.000034	 | 	Train Accuracy     : 0.000034
Valid MSE Loss     : 0.000447	 | 	Valid Accuracy     : 0.000447
Valid MAPE Loss    : 0.610525	 | 	Valid Accuracy     : 0.000447
lr                 : [3.0000000000000004e-09]


Epoch : 91
Train MSE Loss     : 0.000033	 | 	Train Accuracy     : 0.000033
Valid MSE Loss     : 0.000450	 | 	Valid Accuracy     : 0.000450
Valid MAPE Loss    : 0.634619	 | 	Valid Accuracy     : 0.000450
lr                 : [3.0000000000000004e-09]


Epoch : 92
Train MSE Loss     : 0.000034	 | 	Train Accuracy     : 0.000034
Valid MSE Loss     : 0.000448	 | 	Valid Accuracy     : 0.000448
Valid MAPE Loss    : 0.615867	 | 	Valid Accuracy     : 0.000448
lr                 : [3.0000000000000004e-09]


Epoch : 93
Train MSE Loss     : 0.000033	 | 	Train Accuracy     : 0.000033
Valid MSE Loss     : 0.000449	 | 	Valid Accuracy     : 0.000449
Valid MAPE Loss    : 0.621257	 | 	Valid Accuracy     : 0.000449
lr                 : [3.0000000000000004e-09]


Epoch : 94
Train MSE Loss     : 0.000034	 | 	Train Accuracy     : 0.000034
Valid MSE Loss     : 0.000448	 | 	Valid Accuracy     : 0.000448
Valid MAPE Loss    : 0.608660	 | 	Valid Accuracy     : 0.000448
lr                 : [3.0000000000000004e-09]


Epoch : 95
Train MSE Loss     : 0.000033	 | 	Train Accuracy     : 0.000033
Valid MSE Loss     : 0.000451	 | 	Valid Accuracy     : 0.000451
Valid MAPE Loss    : 0.633775	 | 	Valid Accuracy     : 0.000451
lr                 : [3.0000000000000004e-09]


Epoch : 96
Train MSE Loss     : 0.000033	 | 	Train Accuracy     : 0.000033
Valid MSE Loss     : 0.000448	 | 	Valid Accuracy     : 0.000448
Valid MAPE Loss    : 0.611827	 | 	Valid Accuracy     : 0.000448
lr                 : [3.0000000000000004e-09]


Epoch : 97
Train MSE Loss     : 0.000033	 | 	Train Accuracy     : 0.000033
Valid MSE Loss     : 0.000448	 | 	Valid Accuracy     : 0.000448
Valid MAPE Loss    : 0.614295	 | 	Valid Accuracy     : 0.000448
lr                 : [3.0000000000000004e-09]


Epoch : 98
Train MSE Loss     : 0.000034	 | 	Train Accuracy     : 0.000034
Valid MSE Loss     : 0.000450	 | 	Valid Accuracy     : 0.000450
Valid MAPE Loss    : 0.631919	 | 	Valid Accuracy     : 0.000450
lr                 : [3.0000000000000004e-09]


Epoch : 99
Train MSE Loss     : 0.000034	 | 	Train Accuracy     : 0.000034
Valid MSE Loss     : 0.000451	 | 	Valid Accuracy     : 0.000451
Valid MAPE Loss    : 0.640235	 | 	Valid Accuracy     : 0.000451
lr                 : [3.0000000000000004e-09]


Epoch : 100
Train MSE Loss     : 0.000034	 | 	Train Accuracy     : 0.000034
Valid MSE Loss     : 0.000449	 | 	Valid Accuracy     : 0.000449
Valid MAPE Loss    : 0.619403	 | 	Valid Accuracy     : 0.000449
lr                 : [3.0000000000000004e-09]


Epoch : 101
Train MSE Loss     : 0.000035	 | 	Train Accuracy     : 0.000035
Valid MSE Loss     : 0.000448	 | 	Valid Accuracy     : 0.000448
Valid MAPE Loss    : 0.622387	 | 	Valid Accuracy     : 0.000448
lr                 : [3.0000000000000004e-09]


Epoch : 102
Train MSE Loss     : 0.000033	 | 	Train Accuracy     : 0.000033
Valid MSE Loss     : 0.000449	 | 	Valid Accuracy     : 0.000449
Valid MAPE Loss    : 0.620055	 | 	Valid Accuracy     : 0.000449
lr                 : [3.0000000000000004e-09]


Epoch : 103
Train MSE Loss     : 0.000034	 | 	Train Accuracy     : 0.000034
Valid MSE Loss     : 0.000449	 | 	Valid Accuracy     : 0.000449
Valid MAPE Loss    : 0.628055	 | 	Valid Accuracy     : 0.000449
lr                 : [3.0000000000000004e-09]


Epoch : 104
Train MSE Loss     : 0.000034	 | 	Train Accuracy     : 0.000034
Valid MSE Loss     : 0.000446	 | 	Valid Accuracy     : 0.000446
Valid MAPE Loss    : 0.597621	 | 	Valid Accuracy     : 0.000446
lr                 : [3.0000000000000004e-09]


Epoch : 105
Train MSE Loss     : 0.000034	 | 	Train Accuracy     : 0.000034
Valid MSE Loss     : 0.000449	 | 	Valid Accuracy     : 0.000449
Valid MAPE Loss    : 0.619317	 | 	Valid Accuracy     : 0.000449
lr                 : [3.0000000000000004e-09]


Epoch : 106
Train MSE Loss     : 0.000033	 | 	Train Accuracy     : 0.000033
Valid MSE Loss     : 0.000454	 | 	Valid Accuracy     : 0.000454
Valid MAPE Loss    : 0.660298	 | 	Valid Accuracy     : 0.000454
lr                 : [3.0000000000000004e-09]


Epoch : 107
Train MSE Loss     : 0.000033	 | 	Train Accuracy     : 0.000033
Valid MSE Loss     : 0.000447	 | 	Valid Accuracy     : 0.000447
Valid MAPE Loss    : 0.602877	 | 	Valid Accuracy     : 0.000447
lr                 : [3.0000000000000004e-09]


Epoch : 108
Train MSE Loss     : 0.000035	 | 	Train Accuracy     : 0.000035
Valid MSE Loss     : 0.000454	 | 	Valid Accuracy     : 0.000454
Valid MAPE Loss    : 0.661444	 | 	Valid Accuracy     : 0.000454
lr                 : [3.0000000000000004e-09]


Epoch : 109
Train MSE Loss     : 0.000034	 | 	Train Accuracy     : 0.000034
Valid MSE Loss     : 0.000448	 | 	Valid Accuracy     : 0.000448
Valid MAPE Loss    : 0.613039	 | 	Valid Accuracy     : 0.000448
lr                 : [3.0000000000000004e-09]


Epoch : 110
Train MSE Loss     : 0.000034	 | 	Train Accuracy     : 0.000034
Valid MSE Loss     : 0.000449	 | 	Valid Accuracy     : 0.000449
Valid MAPE Loss    : 0.624060	 | 	Valid Accuracy     : 0.000449
lr                 : [3.0000000000000004e-09]


Epoch : 111
Train MSE Loss     : 0.000035	 | 	Train Accuracy     : 0.000035
Valid MSE Loss     : 0.000448	 | 	Valid Accuracy     : 0.000448
Valid MAPE Loss    : 0.617387	 | 	Valid Accuracy     : 0.000448
lr                 : [3.0000000000000004e-09]


Epoch : 112
Train MSE Loss     : 0.000034	 | 	Train Accuracy     : 0.000034
Valid MSE Loss     : 0.000452	 | 	Valid Accuracy     : 0.000452
Valid MAPE Loss    : 0.647668	 | 	Valid Accuracy     : 0.000452
lr                 : [3.0000000000000004e-09]


Epoch : 113
Train MSE Loss     : 0.000034	 | 	Train Accuracy     : 0.000034
Valid MSE Loss     : 0.000448	 | 	Valid Accuracy     : 0.000448
Valid MAPE Loss    : 0.609727	 | 	Valid Accuracy     : 0.000448
lr                 : [3.0000000000000004e-09]


Epoch : 114
Train MSE Loss     : 0.000034	 | 	Train Accuracy     : 0.000034
Valid MSE Loss     : 0.000449	 | 	Valid Accuracy     : 0.000449
Valid MAPE Loss    : 0.624949	 | 	Valid Accuracy     : 0.000449
lr                 : [3.0000000000000004e-09]


Epoch : 115
Train MSE Loss     : 0.000035	 | 	Train Accuracy     : 0.000035
Valid MSE Loss     : 0.000448	 | 	Valid Accuracy     : 0.000448
Valid MAPE Loss    : 0.611151	 | 	Valid Accuracy     : 0.000448
lr                 : [3.0000000000000004e-09]


Epoch : 116
Train MSE Loss     : 0.000034	 | 	Train Accuracy     : 0.000034
Valid MSE Loss     : 0.000452	 | 	Valid Accuracy     : 0.000452
Valid MAPE Loss    : 0.648060	 | 	Valid Accuracy     : 0.000452
lr                 : [3.0000000000000004e-09]


Epoch : 117
Train MSE Loss     : 0.000035	 | 	Train Accuracy     : 0.000035
Valid MSE Loss     : 0.000447	 | 	Valid Accuracy     : 0.000447
Valid MAPE Loss    : 0.604405	 | 	Valid Accuracy     : 0.000447
lr                 : [3.0000000000000004e-09]


Epoch : 118
Train MSE Loss     : 0.000034	 | 	Train Accuracy     : 0.000034
Valid MSE Loss     : 0.000448	 | 	Valid Accuracy     : 0.000448
Valid MAPE Loss    : 0.612794	 | 	Valid Accuracy     : 0.000448
lr                 : [3.0000000000000004e-09]


Epoch : 119
Train MSE Loss     : 0.000034	 | 	Train Accuracy     : 0.000034
Valid MSE Loss     : 0.000450	 | 	Valid Accuracy     : 0.000450
Valid MAPE Loss    : 0.629676	 | 	Valid Accuracy     : 0.000450
lr                 : [3.0000000000000004e-09]


Epoch : 120
Train MSE Loss     : 0.000035	 | 	Train Accuracy     : 0.000035
Valid MSE Loss     : 0.000452	 | 	Valid Accuracy     : 0.000452
Valid MAPE Loss    : 0.648741	 | 	Valid Accuracy     : 0.000452
lr                 : [3.0000000000000004e-09]


Epoch : 121
Train MSE Loss     : 0.000033	 | 	Train Accuracy     : 0.000033
Valid MSE Loss     : 0.000449	 | 	Valid Accuracy     : 0.000449
Valid MAPE Loss    : 0.623704	 | 	Valid Accuracy     : 0.000449
lr                 : [3.0000000000000004e-09]


Epoch : 122
Train MSE Loss     : 0.000033	 | 	Train Accuracy     : 0.000033
Valid MSE Loss     : 0.000452	 | 	Valid Accuracy     : 0.000452
Valid MAPE Loss    : 0.645065	 | 	Valid Accuracy     : 0.000452
lr                 : [3.0000000000000004e-09]


Epoch : 123
Train MSE Loss     : 0.000034	 | 	Train Accuracy     : 0.000034
Valid MSE Loss     : 0.000449	 | 	Valid Accuracy     : 0.000449
Valid MAPE Loss    : 0.623956	 | 	Valid Accuracy     : 0.000449
lr                 : [3.0000000000000004e-09]


Epoch : 124
Train MSE Loss     : 0.000034	 | 	Train Accuracy     : 0.000034
Valid MSE Loss     : 0.000450	 | 	Valid Accuracy     : 0.000450
Valid MAPE Loss    : 0.632038	 | 	Valid Accuracy     : 0.000450
lr                 : [3.0000000000000004e-09]


Epoch : 125
Train MSE Loss     : 0.000033	 | 	Train Accuracy     : 0.000033
Valid MSE Loss     : 0.000450	 | 	Valid Accuracy     : 0.000450
Valid MAPE Loss    : 0.628457	 | 	Valid Accuracy     : 0.000450
lr                 : [3.0000000000000004e-09]


Epoch : 126
Train MSE Loss     : 0.000034	 | 	Train Accuracy     : 0.000034
Valid MSE Loss     : 0.000454	 | 	Valid Accuracy     : 0.000454
Valid MAPE Loss    : 0.660205	 | 	Valid Accuracy     : 0.000454
lr                 : [3.0000000000000004e-09]


Epoch : 127
Train MSE Loss     : 0.000034	 | 	Train Accuracy     : 0.000034
Valid MSE Loss     : 0.000449	 | 	Valid Accuracy     : 0.000449
Valid MAPE Loss    : 0.623860	 | 	Valid Accuracy     : 0.000449
lr                 : [3.0000000000000004e-09]


Epoch : 128
Train MSE Loss     : 0.000034	 | 	Train Accuracy     : 0.000034
Valid MSE Loss     : 0.000450	 | 	Valid Accuracy     : 0.000450
Valid MAPE Loss    : 0.632189	 | 	Valid Accuracy     : 0.000450
lr                 : [3.0000000000000004e-09]


Epoch : 129
Train MSE Loss     : 0.000034	 | 	Train Accuracy     : 0.000034
Valid MSE Loss     : 0.000449	 | 	Valid Accuracy     : 0.000449
Valid MAPE Loss    : 0.623692	 | 	Valid Accuracy     : 0.000449
lr                 : [3.0000000000000004e-09]


Epoch : 130
Train MSE Loss     : 0.000034	 | 	Train Accuracy     : 0.000034
Valid MSE Loss     : 0.000448	 | 	Valid Accuracy     : 0.000448
Valid MAPE Loss    : 0.616738	 | 	Valid Accuracy     : 0.000448
lr                 : [3.0000000000000004e-09]


Epoch : 131
Train MSE Loss     : 0.000034	 | 	Train Accuracy     : 0.000034
Valid MSE Loss     : 0.000448	 | 	Valid Accuracy     : 0.000448
Valid MAPE Loss    : 0.613952	 | 	Valid Accuracy     : 0.000448
lr                 : [3.0000000000000004e-09]


Epoch : 132
Train MSE Loss     : 0.000034	 | 	Train Accuracy     : 0.000034
Valid MSE Loss     : 0.000448	 | 	Valid Accuracy     : 0.000448
Valid MAPE Loss    : 0.615249	 | 	Valid Accuracy     : 0.000448
lr                 : [3.0000000000000004e-09]


Epoch : 133
Train MSE Loss     : 0.000034	 | 	Train Accuracy     : 0.000034
Valid MSE Loss     : 0.000450	 | 	Valid Accuracy     : 0.000450
Valid MAPE Loss    : 0.635270	 | 	Valid Accuracy     : 0.000450
lr                 : [3.0000000000000004e-09]


Epoch : 134
Train MSE Loss     : 0.000034	 | 	Train Accuracy     : 0.000034
Valid MSE Loss     : 0.000449	 | 	Valid Accuracy     : 0.000449
Valid MAPE Loss    : 0.624658	 | 	Valid Accuracy     : 0.000449
lr                 : [3.0000000000000004e-09]


Epoch : 135
Train MSE Loss     : 0.000034	 | 	Train Accuracy     : 0.000034
Valid MSE Loss     : 0.000450	 | 	Valid Accuracy     : 0.000450
Valid MAPE Loss    : 0.625493	 | 	Valid Accuracy     : 0.000450
lr                 : [3.0000000000000004e-09]


Epoch : 136
Train MSE Loss     : 0.000034	 | 	Train Accuracy     : 0.000034
Valid MSE Loss     : 0.000451	 | 	Valid Accuracy     : 0.000451
Valid MAPE Loss    : 0.638626	 | 	Valid Accuracy     : 0.000451
lr                 : [3.0000000000000004e-09]


Epoch : 137
Train MSE Loss     : 0.000033	 | 	Train Accuracy     : 0.000033
Valid MSE Loss     : 0.000449	 | 	Valid Accuracy     : 0.000449
Valid MAPE Loss    : 0.621066	 | 	Valid Accuracy     : 0.000449
lr                 : [3.0000000000000004e-09]


Epoch : 138
Train MSE Loss     : 0.000034	 | 	Train Accuracy     : 0.000034
Valid MSE Loss     : 0.000448	 | 	Valid Accuracy     : 0.000448
Valid MAPE Loss    : 0.612795	 | 	Valid Accuracy     : 0.000448
lr                 : [3.0000000000000004e-09]


Epoch : 139
Train MSE Loss     : 0.000034	 | 	Train Accuracy     : 0.000034
Valid MSE Loss     : 0.000447	 | 	Valid Accuracy     : 0.000447
Valid MAPE Loss    : 0.603208	 | 	Valid Accuracy     : 0.000447
lr                 : [3.0000000000000004e-09]


Epoch : 140
Train MSE Loss     : 0.000033	 | 	Train Accuracy     : 0.000033
Valid MSE Loss     : 0.000452	 | 	Valid Accuracy     : 0.000452
Valid MAPE Loss    : 0.645645	 | 	Valid Accuracy     : 0.000452
lr                 : [3.0000000000000004e-09]


Epoch : 141
Train MSE Loss     : 0.000033	 | 	Train Accuracy     : 0.000033
Valid MSE Loss     : 0.000449	 | 	Valid Accuracy     : 0.000449
Valid MAPE Loss    : 0.623114	 | 	Valid Accuracy     : 0.000449
lr                 : [3.0000000000000004e-09]


Epoch : 142
Train MSE Loss     : 0.000033	 | 	Train Accuracy     : 0.000033
Valid MSE Loss     : 0.000447	 | 	Valid Accuracy     : 0.000447
Valid MAPE Loss    : 0.609724	 | 	Valid Accuracy     : 0.000447
lr                 : [3.0000000000000004e-09]


Epoch : 143
Train MSE Loss     : 0.000034	 | 	Train Accuracy     : 0.000034
Valid MSE Loss     : 0.000448	 | 	Valid Accuracy     : 0.000448
Valid MAPE Loss    : 0.613839	 | 	Valid Accuracy     : 0.000448
lr                 : [3.0000000000000004e-09]


Epoch : 144
Train MSE Loss     : 0.000034	 | 	Train Accuracy     : 0.000034
Valid MSE Loss     : 0.000447	 | 	Valid Accuracy     : 0.000447
Valid MAPE Loss    : 0.603176	 | 	Valid Accuracy     : 0.000447
lr                 : [3.0000000000000004e-09]


Epoch : 145
Train MSE Loss     : 0.000035	 | 	Train Accuracy     : 0.000035
Valid MSE Loss     : 0.000450	 | 	Valid Accuracy     : 0.000450
Valid MAPE Loss    : 0.634779	 | 	Valid Accuracy     : 0.000450
lr                 : [3.0000000000000004e-09]


Epoch : 146
Train MSE Loss     : 0.000034	 | 	Train Accuracy     : 0.000034
Valid MSE Loss     : 0.000448	 | 	Valid Accuracy     : 0.000448
Valid MAPE Loss    : 0.614926	 | 	Valid Accuracy     : 0.000448
lr                 : [3.0000000000000004e-09]


Epoch : 147
Train MSE Loss     : 0.000034	 | 	Train Accuracy     : 0.000034
Valid MSE Loss     : 0.000450	 | 	Valid Accuracy     : 0.000450
Valid MAPE Loss    : 0.637121	 | 	Valid Accuracy     : 0.000450
lr                 : [3.0000000000000004e-09]


Epoch : 148
Train MSE Loss     : 0.000033	 | 	Train Accuracy     : 0.000033
Valid MSE Loss     : 0.000450	 | 	Valid Accuracy     : 0.000450
Valid MAPE Loss    : 0.631078	 | 	Valid Accuracy     : 0.000450
lr                 : [3.0000000000000004e-09]


Epoch : 149
Train MSE Loss     : 0.000034	 | 	Train Accuracy     : 0.000034
Valid MSE Loss     : 0.000448	 | 	Valid Accuracy     : 0.000448
Valid MAPE Loss    : 0.618517	 | 	Valid Accuracy     : 0.000448
lr                 : [3.0000000000000004e-09]


Epoch : 150
Train MSE Loss     : 0.000034	 | 	Train Accuracy     : 0.000034
Valid MSE Loss     : 0.000447	 | 	Valid Accuracy     : 0.000447
Valid MAPE Loss    : 0.605573	 | 	Valid Accuracy     : 0.000447
lr                 : [3.0000000000000004e-09]


Evaluate on the Test set:
Test MAPE loss      :0.622256	 | Test MSE loss      : 0.000066

################## Training is Done! #########################
Training time is : 1:14:32.984169
